------------------------------------------------------------------------------------------------------------------------

[2022-03-22 17:25:58 #1 store] 
Database 'C:\Users\Iker\Desktop\proiektua\src\main\resources\bets.temp' is opened by 7152@DESKTOP-8L6O8HK

[2022-03-22 17:25:59 #2 type.registry] 
New type domain.Question

[2022-03-22 17:25:59 #3 type] 
Type domain.Question is not enhanced.

[2022-03-22 17:25:59 #4 type.registry] 
New type domain.Kuota

[2022-03-22 17:25:59 #5 type.registry] 
New type java.util.Vector<domain.Kuota>

[2022-03-22 17:25:59 #6 type.registry] 
New type domain.Event

[2022-03-22 17:25:59 #7 type] 
Type domain.Kuota is not enhanced.

[2022-03-22 17:25:59 #8 type] 
Type domain.Event is not enhanced.

[2022-03-22 17:25:59 #9 type.registry] 
New type java.util.Vector<domain.Question>

[2022-03-22 17:25:59 #10 type.registry] 
New type domain.User

[2022-03-22 17:25:59 #11 type.registry] 
New type domain.Admin

[2022-03-22 17:25:59 #12 type] 
Type domain.User is not enhanced.

[2022-03-22 17:25:59 #13 type.registry] 
New type domain.Mugimendua

[2022-03-22 17:25:59 #14 type.registry] 
New type java.util.Vector<domain.Mugimendua>

[2022-03-22 17:25:59 #15 type] 
Type domain.Admin is not enhanced.

[2022-03-22 17:25:59 #16 type] 
Type domain.Mugimendua is not enhanced.

[2022-03-22 17:25:59 #17 type.registry] 
New type domain.Erabiltzailea

[2022-03-22 17:25:59 #18 type] 
Type domain.Erabiltzailea is not enhanced.

[2022-03-22 17:25:59 #19 type.registry] 
New type java.util.Vector<java.lang.Object>

