------------------------------------------------------------------------------------------------------------------------

[2022-04-02 18:10:42 #1 store] 
Database 'C:\Users\ibaih\OneDrive\Documents\GitHub\Bets21\src\main\resources\bets.temp' is opened by 101824@DESKTOP-1QBPJUI

[2022-04-02 18:10:42 #2 type.registry] 
New type domain.Question

[2022-04-02 18:10:42 #3 type] 
Type domain.Question is not enhanced.

[2022-04-02 18:10:42 #4 type.registry] 
New type domain.ErantzunPosiblea

[2022-04-02 18:10:42 #5 type.registry] 
New type java.util.Vector<domain.ErantzunPosiblea>

[2022-04-02 18:10:42 #6 type.registry] 
New type domain.Event

[2022-04-02 18:10:42 #7 type] 
Type domain.ErantzunPosiblea is not enhanced.

[2022-04-02 18:10:42 #8 type.registry] 
New type domain.Apustua

[2022-04-02 18:10:42 #9 type.registry] 
New type java.util.Vector<domain.Apustua>

[2022-04-02 18:10:42 #10 type] 
Type domain.Event is not enhanced.

[2022-04-02 18:10:42 #11 type.registry] 
New type java.util.Vector<domain.Question>

[2022-04-02 18:10:42 #12 type] 
Type domain.Apustua is not enhanced.

[2022-04-02 18:10:42 #13 type.registry] 
New type domain.User

[2022-04-02 18:10:42 #14 type] 
Type domain.User is not enhanced.

[2022-04-02 18:10:42 #15 type.registry] 
New type domain.Mugimendua

[2022-04-02 18:10:42 #16 type.registry] 
New type java.util.Vector<domain.Mugimendua>

[2022-04-02 18:10:42 #17 type] 
Type domain.Mugimendua is not enhanced.

[2022-04-02 18:10:42 #18 type.registry] 
New type domain.Admin

[2022-04-02 18:10:42 #19 type] 
Type domain.Admin is not enhanced.

[2022-04-02 18:10:42 #20 type.registry] 
New type domain.Erabiltzailea

[2022-04-02 18:10:42 #21 type] 
Type domain.Erabiltzailea is not enhanced.

[2022-04-02 18:10:42 #22 type.registry] 
New type java.util.Vector<java.lang.Object>

------------------------------------------------------------------------------------------------------------------------

[2022-04-02 18:19:06 #1 store] 
Database 'C:\Users\ibaih\OneDrive\Documents\GitHub\Bets21\src\main\resources\bets.temp' is opened by 74756@DESKTOP-1QBPJUI

[2022-04-02 18:19:06 #2 type.registry] 
New type domain.Question

[2022-04-02 18:19:06 #3 type] 
Type domain.Question is not enhanced.

[2022-04-02 18:19:06 #4 type.registry] 
New type domain.ErantzunPosiblea

[2022-04-02 18:19:06 #5 type.registry] 
New type java.util.Vector<domain.ErantzunPosiblea>

[2022-04-02 18:19:06 #6 type.registry] 
New type domain.Event

[2022-04-02 18:19:06 #7 type] 
Type domain.ErantzunPosiblea is not enhanced.

[2022-04-02 18:19:06 #8 type.registry] 
New type domain.Apustua

[2022-04-02 18:19:06 #9 type.registry] 
New type java.util.Vector<domain.Apustua>

[2022-04-02 18:19:06 #10 type] 
Type domain.Event is not enhanced.

[2022-04-02 18:19:06 #11 type.registry] 
New type java.util.Vector<domain.Question>

[2022-04-02 18:19:06 #12 type] 
Type domain.Apustua is not enhanced.

[2022-04-02 18:19:06 #13 type.registry] 
New type domain.User

[2022-04-02 18:19:06 #14 type] 
Type domain.User is not enhanced.

[2022-04-02 18:19:06 #15 type.registry] 
New type domain.Mugimendua

[2022-04-02 18:19:06 #16 type.registry] 
New type java.util.Vector<domain.Mugimendua>

[2022-04-02 18:19:06 #17 type] 
Type domain.Mugimendua is not enhanced.

[2022-04-02 18:19:06 #18 type.registry] 
New type domain.Admin

[2022-04-02 18:19:06 #19 type] 
Type domain.Admin is not enhanced.

[2022-04-02 18:19:06 #20 type.registry] 
New type domain.Erabiltzailea

[2022-04-02 18:19:06 #21 type] 
Type domain.Erabiltzailea is not enhanced.

[2022-04-02 18:19:06 #22 type.registry] 
New type java.util.Vector<java.lang.Object>

------------------------------------------------------------------------------------------------------------------------

[2022-04-02 18:20:14 #1 store] 
Database 'C:\Users\ibaih\OneDrive\Documents\GitHub\Bets21\src\main\resources\bets.temp' is opened by 92152@DESKTOP-1QBPJUI

[2022-04-02 18:20:14 #2 type.registry] 
New type domain.Question

[2022-04-02 18:20:14 #3 type] 
Type domain.Question is not enhanced.

[2022-04-02 18:20:14 #4 type.registry] 
New type domain.ErantzunPosiblea

[2022-04-02 18:20:14 #5 type.registry] 
New type java.util.Vector<domain.ErantzunPosiblea>

[2022-04-02 18:20:14 #6 type.registry] 
New type domain.Event

[2022-04-02 18:20:14 #7 type] 
Type domain.ErantzunPosiblea is not enhanced.

[2022-04-02 18:20:14 #8 type.registry] 
New type domain.Apustua

[2022-04-02 18:20:14 #9 type.registry] 
New type java.util.Vector<domain.Apustua>

[2022-04-02 18:20:14 #10 type] 
Type domain.Event is not enhanced.

[2022-04-02 18:20:14 #11 type.registry] 
New type java.util.Vector<domain.Question>

[2022-04-02 18:20:14 #12 type] 
Type domain.Apustua is not enhanced.

[2022-04-02 18:20:14 #13 type.registry] 
New type domain.User

[2022-04-02 18:20:14 #14 type] 
Type domain.User is not enhanced.

[2022-04-02 18:20:14 #15 type.registry] 
New type domain.Mugimendua

[2022-04-02 18:20:14 #16 type.registry] 
New type java.util.Vector<domain.Mugimendua>

[2022-04-02 18:20:14 #17 type] 
Type domain.Mugimendua is not enhanced.

[2022-04-02 18:20:14 #18 type.registry] 
New type domain.Admin

[2022-04-02 18:20:14 #19 type] 
Type domain.Admin is not enhanced.

[2022-04-02 18:20:14 #20 type.registry] 
New type domain.Erabiltzailea

[2022-04-02 18:20:14 #21 type] 
Type domain.Erabiltzailea is not enhanced.

[2022-04-02 18:20:14 #22 type.registry] 
New type java.util.Vector<java.lang.Object>

------------------------------------------------------------------------------------------------------------------------

[2022-04-02 18:22:54 #1 store] 
Database 'C:\Users\ibaih\OneDrive\Documents\GitHub\Bets21\src\main\resources\bets.temp' is opened by 109680@DESKTOP-1QBPJUI

[2022-04-02 18:22:54 #2 type.registry] 
New type domain.Question

[2022-04-02 18:22:54 #3 type] 
Type domain.Question is not enhanced.

[2022-04-02 18:22:54 #4 type.registry] 
New type domain.ErantzunPosiblea

[2022-04-02 18:22:54 #5 type.registry] 
New type java.util.Vector<domain.ErantzunPosiblea>

[2022-04-02 18:22:54 #6 type.registry] 
New type domain.Event

[2022-04-02 18:22:54 #7 type] 
Type domain.ErantzunPosiblea is not enhanced.

[2022-04-02 18:22:54 #8 type.registry] 
New type domain.Apustua

[2022-04-02 18:22:54 #9 type.registry] 
New type java.util.Vector<domain.Apustua>

[2022-04-02 18:22:54 #10 type] 
Type domain.Event is not enhanced.

[2022-04-02 18:22:54 #11 type.registry] 
New type java.util.Vector<domain.Question>

[2022-04-02 18:22:54 #12 type] 
Type domain.Apustua is not enhanced.

[2022-04-02 18:22:54 #13 type.registry] 
New type domain.User

[2022-04-02 18:22:54 #14 type] 
Type domain.User is not enhanced.

[2022-04-02 18:22:54 #15 type.registry] 
New type domain.Mugimendua

[2022-04-02 18:22:54 #16 type.registry] 
New type java.util.Vector<domain.Mugimendua>

[2022-04-02 18:22:54 #17 type] 
Type domain.Mugimendua is not enhanced.

[2022-04-02 18:22:54 #18 type.registry] 
New type domain.Admin

[2022-04-02 18:22:54 #19 type] 
Type domain.Admin is not enhanced.

[2022-04-02 18:22:54 #20 type.registry] 
New type domain.Erabiltzailea

[2022-04-02 18:22:54 #21 type] 
Type domain.Erabiltzailea is not enhanced.

[2022-04-02 18:22:54 #22 type.registry] 
New type java.util.Vector<java.lang.Object>

------------------------------------------------------------------------------------------------------------------------

[2022-04-02 18:24:04 #1 store] 
Database 'C:\Users\ibaih\OneDrive\Documents\GitHub\Bets21\src\main\resources\bets.temp' is opened by 94948@DESKTOP-1QBPJUI

[2022-04-02 18:24:04 #2 type.registry] 
New type domain.Question

[2022-04-02 18:24:04 #3 type] 
Type domain.Question is not enhanced.

[2022-04-02 18:24:04 #4 type.registry] 
New type domain.ErantzunPosiblea

[2022-04-02 18:24:04 #5 type.registry] 
New type java.util.Vector<domain.ErantzunPosiblea>

[2022-04-02 18:24:04 #6 type.registry] 
New type domain.Event

[2022-04-02 18:24:04 #7 type] 
Type domain.ErantzunPosiblea is not enhanced.

[2022-04-02 18:24:04 #8 type.registry] 
New type domain.Apustua

[2022-04-02 18:24:04 #9 type.registry] 
New type java.util.Vector<domain.Apustua>

[2022-04-02 18:24:04 #10 type] 
Type domain.Event is not enhanced.

[2022-04-02 18:24:04 #11 type.registry] 
New type java.util.Vector<domain.Question>

[2022-04-02 18:24:04 #12 type] 
Type domain.Apustua is not enhanced.

[2022-04-02 18:24:04 #13 type.registry] 
New type domain.User

[2022-04-02 18:24:04 #14 type] 
Type domain.User is not enhanced.

[2022-04-02 18:24:04 #15 type.registry] 
New type domain.Mugimendua

[2022-04-02 18:24:04 #16 type.registry] 
New type java.util.Vector<domain.Mugimendua>

[2022-04-02 18:24:04 #17 type] 
Type domain.Mugimendua is not enhanced.

[2022-04-02 18:24:04 #18 type.registry] 
New type domain.Admin

[2022-04-02 18:24:04 #19 type] 
Type domain.Admin is not enhanced.

[2022-04-02 18:24:04 #20 type.registry] 
New type domain.Erabiltzailea

[2022-04-02 18:24:04 #21 type] 
Type domain.Erabiltzailea is not enhanced.

[2022-04-02 18:24:04 #22 type.registry] 
New type java.util.Vector<java.lang.Object>

------------------------------------------------------------------------------------------------------------------------

[2022-04-02 18:25:31 #1 store] 
Database 'C:\Users\ibaih\OneDrive\Documents\GitHub\Bets21\src\main\resources\bets.temp' is opened by 110548@DESKTOP-1QBPJUI

[2022-04-02 18:25:31 #2 type.registry] 
New type domain.Question

[2022-04-02 18:25:31 #3 type] 
Type domain.Question is not enhanced.

[2022-04-02 18:25:31 #4 type.registry] 
New type domain.ErantzunPosiblea

[2022-04-02 18:25:31 #5 type.registry] 
New type java.util.Vector<domain.ErantzunPosiblea>

[2022-04-02 18:25:31 #6 type.registry] 
New type domain.Event

[2022-04-02 18:25:31 #7 type] 
Type domain.ErantzunPosiblea is not enhanced.

[2022-04-02 18:25:31 #8 type.registry] 
New type domain.Apustua

[2022-04-02 18:25:31 #9 type.registry] 
New type java.util.Vector<domain.Apustua>

[2022-04-02 18:25:31 #10 type] 
Type domain.Event is not enhanced.

[2022-04-02 18:25:31 #11 type.registry] 
New type java.util.Vector<domain.Question>

[2022-04-02 18:25:31 #12 type] 
Type domain.Apustua is not enhanced.

[2022-04-02 18:25:31 #13 type.registry] 
New type domain.User

[2022-04-02 18:25:31 #14 type] 
Type domain.User is not enhanced.

[2022-04-02 18:25:31 #15 type.registry] 
New type domain.Mugimendua

[2022-04-02 18:25:31 #16 type.registry] 
New type java.util.Vector<domain.Mugimendua>

[2022-04-02 18:25:31 #17 type] 
Type domain.Mugimendua is not enhanced.

[2022-04-02 18:25:31 #18 type.registry] 
New type domain.Admin

[2022-04-02 18:25:31 #19 type] 
Type domain.Admin is not enhanced.

[2022-04-02 18:25:31 #20 type.registry] 
New type domain.Erabiltzailea

[2022-04-02 18:25:31 #21 type] 
Type domain.Erabiltzailea is not enhanced.

[2022-04-02 18:25:31 #22 type.registry] 
New type java.util.Vector<java.lang.Object>

------------------------------------------------------------------------------------------------------------------------

[2022-04-02 18:30:12 #1 store] 
Database 'C:\Users\ibaih\OneDrive\Documents\GitHub\Bets21\src\main\resources\bets.temp' is opened by 110732@DESKTOP-1QBPJUI

[2022-04-02 18:30:12 #2 type.registry] 
New type domain.Question

[2022-04-02 18:30:12 #3 type] 
Type domain.Question is not enhanced.

[2022-04-02 18:30:12 #4 type.registry] 
New type domain.ErantzunPosiblea

[2022-04-02 18:30:12 #5 type.registry] 
New type java.util.Vector<domain.ErantzunPosiblea>

[2022-04-02 18:30:12 #6 type.registry] 
New type domain.Event

[2022-04-02 18:30:12 #7 type] 
Type domain.ErantzunPosiblea is not enhanced.

[2022-04-02 18:30:12 #8 type.registry] 
New type domain.Apustua

[2022-04-02 18:30:12 #9 type.registry] 
New type java.util.Vector<domain.Apustua>

[2022-04-02 18:30:12 #10 type] 
Type domain.Event is not enhanced.

[2022-04-02 18:30:12 #11 type.registry] 
New type java.util.Vector<domain.Question>

[2022-04-02 18:30:12 #12 type] 
Type domain.Apustua is not enhanced.

[2022-04-02 18:30:12 #13 type.registry] 
New type domain.User

[2022-04-02 18:30:12 #14 type] 
Type domain.User is not enhanced.

[2022-04-02 18:30:12 #15 type.registry] 
New type domain.Mugimendua

[2022-04-02 18:30:12 #16 type.registry] 
New type java.util.Vector<domain.Mugimendua>

[2022-04-02 18:30:12 #17 type] 
Type domain.Mugimendua is not enhanced.

[2022-04-02 18:30:12 #18 type.registry] 
New type domain.Admin

[2022-04-02 18:30:12 #19 type] 
Type domain.Admin is not enhanced.

[2022-04-02 18:30:12 #20 type.registry] 
New type domain.Erabiltzailea

[2022-04-02 18:30:12 #21 type] 
Type domain.Erabiltzailea is not enhanced.

[2022-04-02 18:30:12 #22 type.registry] 
New type java.util.Vector<java.lang.Object>

------------------------------------------------------------------------------------------------------------------------

[2022-04-02 18:32:33 #1 store] 
Database 'C:\Users\ibaih\OneDrive\Documents\GitHub\Bets21\src\main\resources\bets.temp' is opened by 110104@DESKTOP-1QBPJUI

[2022-04-02 18:32:33 #2 type.registry] 
New type domain.Question

[2022-04-02 18:32:33 #3 type] 
Type domain.Question is not enhanced.

[2022-04-02 18:32:33 #4 type.registry] 
New type domain.ErantzunPosiblea

[2022-04-02 18:32:33 #5 type.registry] 
New type java.util.Vector<domain.ErantzunPosiblea>

[2022-04-02 18:32:33 #6 type.registry] 
New type domain.Event

[2022-04-02 18:32:33 #7 type] 
Type domain.ErantzunPosiblea is not enhanced.

[2022-04-02 18:32:33 #8 type.registry] 
New type domain.Apustua

[2022-04-02 18:32:33 #9 type.registry] 
New type java.util.Vector<domain.Apustua>

[2022-04-02 18:32:33 #10 type] 
Type domain.Event is not enhanced.

[2022-04-02 18:32:33 #11 type.registry] 
New type java.util.Vector<domain.Question>

[2022-04-02 18:32:33 #12 type] 
Type domain.Apustua is not enhanced.

[2022-04-02 18:32:33 #13 type.registry] 
New type domain.User

[2022-04-02 18:32:33 #14 type] 
Type domain.User is not enhanced.

[2022-04-02 18:32:33 #15 type.registry] 
New type domain.Mugimendua

[2022-04-02 18:32:33 #16 type.registry] 
New type java.util.Vector<domain.Mugimendua>

[2022-04-02 18:32:33 #17 type] 
Type domain.Mugimendua is not enhanced.

[2022-04-02 18:32:33 #18 type.registry] 
New type domain.Admin

[2022-04-02 18:32:33 #19 type] 
Type domain.Admin is not enhanced.

[2022-04-02 18:32:33 #20 type.registry] 
New type domain.Erabiltzailea

[2022-04-02 18:32:33 #21 type] 
Type domain.Erabiltzailea is not enhanced.

[2022-04-02 18:32:33 #22 type.registry] 
New type java.util.Vector<java.lang.Object>

------------------------------------------------------------------------------------------------------------------------

[2022-04-02 18:34:18 #1 store] 
Database 'C:\Users\ibaih\OneDrive\Documents\GitHub\Bets21\src\main\resources\bets.temp' is opened by 111776@DESKTOP-1QBPJUI

[2022-04-02 18:34:18 #2 type.registry] 
New type domain.Question

[2022-04-02 18:34:18 #3 type] 
Type domain.Question is not enhanced.

[2022-04-02 18:34:18 #4 type.registry] 
New type domain.ErantzunPosiblea

[2022-04-02 18:34:18 #5 type.registry] 
New type java.util.Vector<domain.ErantzunPosiblea>

[2022-04-02 18:34:18 #6 type.registry] 
New type domain.Event

[2022-04-02 18:34:18 #7 type] 
Type domain.ErantzunPosiblea is not enhanced.

[2022-04-02 18:34:18 #8 type.registry] 
New type domain.Apustua

[2022-04-02 18:34:18 #9 type.registry] 
New type java.util.Vector<domain.Apustua>

[2022-04-02 18:34:18 #10 type] 
Type domain.Event is not enhanced.

[2022-04-02 18:34:18 #11 type.registry] 
New type java.util.Vector<domain.Question>

[2022-04-02 18:34:18 #12 type] 
Type domain.Apustua is not enhanced.

[2022-04-02 18:34:18 #13 type.registry] 
New type domain.User

[2022-04-02 18:34:18 #14 type] 
Type domain.User is not enhanced.

[2022-04-02 18:34:18 #15 type.registry] 
New type domain.Mugimendua

[2022-04-02 18:34:18 #16 type.registry] 
New type java.util.Vector<domain.Mugimendua>

[2022-04-02 18:34:18 #17 type] 
Type domain.Mugimendua is not enhanced.

[2022-04-02 18:34:18 #18 type.registry] 
New type domain.Admin

[2022-04-02 18:34:18 #19 type] 
Type domain.Admin is not enhanced.

[2022-04-02 18:34:18 #20 type.registry] 
New type domain.Erabiltzailea

[2022-04-02 18:34:18 #21 type] 
Type domain.Erabiltzailea is not enhanced.

[2022-04-02 18:34:18 #22 type.registry] 
New type java.util.Vector<java.lang.Object>

------------------------------------------------------------------------------------------------------------------------

[2022-04-02 18:38:46 #1 store] 
Database 'C:\Users\ibaih\OneDrive\Documents\GitHub\Bets21\src\main\resources\bets.temp' is opened by 78988@DESKTOP-1QBPJUI

[2022-04-02 18:38:47 #2 type.registry] 
New type domain.Question

[2022-04-02 18:38:47 #3 type] 
Type domain.Question is not enhanced.

[2022-04-02 18:38:47 #4 type.registry] 
New type domain.ErantzunPosiblea

[2022-04-02 18:38:47 #5 type.registry] 
New type java.util.Vector<domain.ErantzunPosiblea>

[2022-04-02 18:38:47 #6 type.registry] 
New type domain.Event

[2022-04-02 18:38:47 #7 type] 
Type domain.ErantzunPosiblea is not enhanced.

[2022-04-02 18:38:47 #8 type.registry] 
New type domain.Apustua

[2022-04-02 18:38:47 #9 type.registry] 
New type java.util.Vector<domain.Apustua>

[2022-04-02 18:38:47 #10 type] 
Type domain.Event is not enhanced.

[2022-04-02 18:38:47 #11 type.registry] 
New type java.util.Vector<domain.Question>

[2022-04-02 18:38:47 #12 type] 
Type domain.Apustua is not enhanced.

[2022-04-02 18:38:47 #13 type.registry] 
New type domain.User

[2022-04-02 18:38:47 #14 type] 
Type domain.User is not enhanced.

[2022-04-02 18:38:47 #15 type.registry] 
New type domain.Mugimendua

[2022-04-02 18:38:47 #16 type.registry] 
New type java.util.Vector<domain.Mugimendua>

[2022-04-02 18:38:47 #17 type] 
Type domain.Mugimendua is not enhanced.

[2022-04-02 18:38:47 #18 type.registry] 
New type domain.Admin

[2022-04-02 18:38:47 #19 type] 
Type domain.Admin is not enhanced.

[2022-04-02 18:38:47 #20 type.registry] 
New type domain.Erabiltzailea

[2022-04-02 18:38:47 #21 type] 
Type domain.Erabiltzailea is not enhanced.

[2022-04-02 18:38:47 #22 type.registry] 
New type java.util.Vector<java.lang.Object>

------------------------------------------------------------------------------------------------------------------------

[2022-04-02 18:48:11 #1 store] 
Database 'C:\Users\ibaih\OneDrive\Documents\GitHub\Bets21\src\main\resources\bets.temp' is opened by 111788@DESKTOP-1QBPJUI

[2022-04-02 18:48:12 #2 type.registry] 
New type domain.Question

[2022-04-02 18:48:12 #3 type] 
Type domain.Question is not enhanced.

[2022-04-02 18:48:12 #4 type.registry] 
New type domain.ErantzunPosiblea

[2022-04-02 18:48:12 #5 type.registry] 
New type java.util.Vector<domain.ErantzunPosiblea>

[2022-04-02 18:48:12 #6 type.registry] 
New type domain.Event

[2022-04-02 18:48:12 #7 type] 
Type domain.ErantzunPosiblea is not enhanced.

[2022-04-02 18:48:12 #8 type.registry] 
New type domain.Apustua

[2022-04-02 18:48:12 #9 type.registry] 
New type java.util.Vector<domain.Apustua>

[2022-04-02 18:48:12 #10 type] 
Type domain.Event is not enhanced.

[2022-04-02 18:48:12 #11 type.registry] 
New type java.util.Vector<domain.Question>

[2022-04-02 18:48:12 #12 type] 
Type domain.Apustua is not enhanced.

[2022-04-02 18:48:12 #13 type.registry] 
New type domain.User

[2022-04-02 18:48:12 #14 type] 
Type domain.User is not enhanced.

[2022-04-02 18:48:12 #15 type.registry] 
New type domain.Mugimendua

[2022-04-02 18:48:12 #16 type.registry] 
New type java.util.Vector<domain.Mugimendua>

[2022-04-02 18:48:12 #17 type] 
Type domain.Mugimendua is not enhanced.

[2022-04-02 18:48:12 #18 type.registry] 
New type domain.Admin

[2022-04-02 18:48:12 #19 type] 
Type domain.Admin is not enhanced.

[2022-04-02 18:48:12 #20 type.registry] 
New type domain.Erabiltzailea

[2022-04-02 18:48:12 #21 type] 
Type domain.Erabiltzailea is not enhanced.

[2022-04-02 18:48:12 #22 type.registry] 
New type java.util.Vector<java.lang.Object>

------------------------------------------------------------------------------------------------------------------------

[2022-04-02 18:49:14 #1 store] 
Database 'C:\Users\ibaih\OneDrive\Documents\GitHub\Bets21\src\main\resources\bets.temp' is opened by 88956@DESKTOP-1QBPJUI

[2022-04-02 18:49:14 #2 type.registry] 
New type domain.Question

[2022-04-02 18:49:14 #3 type] 
Type domain.Question is not enhanced.

[2022-04-02 18:49:14 #4 type.registry] 
New type domain.ErantzunPosiblea

[2022-04-02 18:49:14 #5 type.registry] 
New type java.util.Vector<domain.ErantzunPosiblea>

[2022-04-02 18:49:14 #6 type.registry] 
New type domain.Event

[2022-04-02 18:49:14 #7 type] 
Type domain.ErantzunPosiblea is not enhanced.

[2022-04-02 18:49:14 #8 type.registry] 
New type domain.Apustua

[2022-04-02 18:49:14 #9 type.registry] 
New type java.util.Vector<domain.Apustua>

[2022-04-02 18:49:14 #10 type] 
Type domain.Event is not enhanced.

[2022-04-02 18:49:14 #11 type.registry] 
New type java.util.Vector<domain.Question>

[2022-04-02 18:49:14 #12 type] 
Type domain.Apustua is not enhanced.

[2022-04-02 18:49:14 #13 type.registry] 
New type domain.User

[2022-04-02 18:49:14 #14 type] 
Type domain.User is not enhanced.

[2022-04-02 18:49:14 #15 type.registry] 
New type domain.Mugimendua

[2022-04-02 18:49:14 #16 type.registry] 
New type java.util.Vector<domain.Mugimendua>

[2022-04-02 18:49:14 #17 type] 
Type domain.Mugimendua is not enhanced.

[2022-04-02 18:49:14 #18 type.registry] 
New type domain.Admin

[2022-04-02 18:49:14 #19 type] 
Type domain.Admin is not enhanced.

[2022-04-02 18:49:14 #20 type.registry] 
New type domain.Erabiltzailea

[2022-04-02 18:49:14 #21 type] 
Type domain.Erabiltzailea is not enhanced.

[2022-04-02 18:49:14 #22 type.registry] 
New type java.util.Vector<java.lang.Object>

------------------------------------------------------------------------------------------------------------------------

[2022-04-02 18:50:47 #1 store] 
Database 'C:\Users\ibaih\OneDrive\Documents\GitHub\Bets21\src\main\resources\bets.temp' is opened by 110496@DESKTOP-1QBPJUI

[2022-04-02 18:50:47 #2 type.registry] 
New type domain.Question

[2022-04-02 18:50:47 #3 type] 
Type domain.Question is not enhanced.

[2022-04-02 18:50:47 #4 type.registry] 
New type domain.ErantzunPosiblea

[2022-04-02 18:50:47 #5 type.registry] 
New type java.util.Vector<domain.ErantzunPosiblea>

[2022-04-02 18:50:47 #6 type.registry] 
New type domain.Event

[2022-04-02 18:50:47 #7 type] 
Type domain.ErantzunPosiblea is not enhanced.

[2022-04-02 18:50:47 #8 type.registry] 
New type domain.Apustua

[2022-04-02 18:50:47 #9 type.registry] 
New type java.util.Vector<domain.Apustua>

[2022-04-02 18:50:47 #10 type] 
Type domain.Event is not enhanced.

[2022-04-02 18:50:47 #11 type.registry] 
New type java.util.Vector<domain.Question>

[2022-04-02 18:50:47 #12 type] 
Type domain.Apustua is not enhanced.

[2022-04-02 18:50:47 #13 type.registry] 
New type domain.User

[2022-04-02 18:50:47 #14 type] 
Type domain.User is not enhanced.

[2022-04-02 18:50:47 #15 type.registry] 
New type domain.Mugimendua

[2022-04-02 18:50:47 #16 type.registry] 
New type java.util.Vector<domain.Mugimendua>

[2022-04-02 18:50:47 #17 type] 
Type domain.Mugimendua is not enhanced.

[2022-04-02 18:50:47 #18 type.registry] 
New type domain.Admin

[2022-04-02 18:50:47 #19 type] 
Type domain.Admin is not enhanced.

[2022-04-02 18:50:47 #20 type.registry] 
New type domain.Erabiltzailea

[2022-04-02 18:50:47 #21 type] 
Type domain.Erabiltzailea is not enhanced.

[2022-04-02 18:50:47 #22 type.registry] 
New type java.util.Vector<java.lang.Object>

------------------------------------------------------------------------------------------------------------------------

[2022-04-02 18:52:18 #1 store] 
Database 'C:\Users\ibaih\OneDrive\Documents\GitHub\Bets21\src\main\resources\bets.temp' is opened by 96840@DESKTOP-1QBPJUI

[2022-04-02 18:52:18 #2 type.registry] 
New type domain.Question

[2022-04-02 18:52:18 #3 type] 
Type domain.Question is not enhanced.

[2022-04-02 18:52:18 #4 type.registry] 
New type domain.ErantzunPosiblea

[2022-04-02 18:52:18 #5 type.registry] 
New type java.util.Vector<domain.ErantzunPosiblea>

[2022-04-02 18:52:18 #6 type.registry] 
New type domain.Event

[2022-04-02 18:52:18 #7 type] 
Type domain.ErantzunPosiblea is not enhanced.

[2022-04-02 18:52:18 #8 type.registry] 
New type domain.Apustua

[2022-04-02 18:52:18 #9 type.registry] 
New type java.util.Vector<domain.Apustua>

[2022-04-02 18:52:18 #10 type] 
Type domain.Event is not enhanced.

[2022-04-02 18:52:18 #11 type.registry] 
New type java.util.Vector<domain.Question>

[2022-04-02 18:52:18 #12 type] 
Type domain.Apustua is not enhanced.

[2022-04-02 18:52:18 #13 type.registry] 
New type domain.User

[2022-04-02 18:52:18 #14 type] 
Type domain.User is not enhanced.

[2022-04-02 18:52:18 #15 type.registry] 
New type domain.Mugimendua

[2022-04-02 18:52:18 #16 type.registry] 
New type java.util.Vector<domain.Mugimendua>

[2022-04-02 18:52:18 #17 type] 
Type domain.Mugimendua is not enhanced.

[2022-04-02 18:52:18 #18 type.registry] 
New type domain.Admin

[2022-04-02 18:52:18 #19 type] 
Type domain.Admin is not enhanced.

[2022-04-02 18:52:18 #20 type.registry] 
New type domain.Erabiltzailea

[2022-04-02 18:52:18 #21 type] 
Type domain.Erabiltzailea is not enhanced.

[2022-04-02 18:52:18 #22 type.registry] 
New type java.util.Vector<java.lang.Object>

------------------------------------------------------------------------------------------------------------------------

[2022-04-02 18:54:43 #1 store] 
Database 'C:\Users\ibaih\OneDrive\Documents\GitHub\Bets21\src\main\resources\bets.temp' is opened by 94852@DESKTOP-1QBPJUI

[2022-04-02 18:54:43 #2 type.registry] 
New type domain.Question

[2022-04-02 18:54:43 #3 type] 
Type domain.Question is not enhanced.

[2022-04-02 18:54:43 #4 type.registry] 
New type domain.ErantzunPosiblea

[2022-04-02 18:54:43 #5 type.registry] 
New type java.util.Vector<domain.ErantzunPosiblea>

[2022-04-02 18:54:43 #6 type.registry] 
New type domain.Event

[2022-04-02 18:54:43 #7 type] 
Type domain.ErantzunPosiblea is not enhanced.

[2022-04-02 18:54:43 #8 type.registry] 
New type domain.Apustua

[2022-04-02 18:54:43 #9 type.registry] 
New type java.util.Vector<domain.Apustua>

[2022-04-02 18:54:43 #10 type] 
Type domain.Event is not enhanced.

[2022-04-02 18:54:43 #11 type.registry] 
New type java.util.Vector<domain.Question>

[2022-04-02 18:54:43 #12 type] 
Type domain.Apustua is not enhanced.

[2022-04-02 18:54:43 #13 type.registry] 
New type domain.User

[2022-04-02 18:54:43 #14 type] 
Type domain.User is not enhanced.

[2022-04-02 18:54:43 #15 type.registry] 
New type domain.Mugimendua

[2022-04-02 18:54:43 #16 type.registry] 
New type java.util.Vector<domain.Mugimendua>

[2022-04-02 18:54:43 #17 type] 
Type domain.Mugimendua is not enhanced.

[2022-04-02 18:54:43 #18 type.registry] 
New type domain.Admin

[2022-04-02 18:54:43 #19 type] 
Type domain.Admin is not enhanced.

[2022-04-02 18:54:43 #20 type.registry] 
New type domain.Erabiltzailea

[2022-04-02 18:54:43 #21 type] 
Type domain.Erabiltzailea is not enhanced.

[2022-04-02 18:54:43 #22 type.registry] 
New type java.util.Vector<java.lang.Object>

------------------------------------------------------------------------------------------------------------------------

[2022-04-02 19:24:54 #1 store] 
Database 'C:\Users\Iker\Desktop\proiektua\src\main\resources\bets.temp' is opened by 10864@DESKTOP-8L6O8HK

[2022-04-02 19:24:54 #2 type.registry] 
New type domain.Question

[2022-04-02 19:24:54 #3 type] 
Type domain.Question is not enhanced.

[2022-04-02 19:24:54 #4 type.registry] 
New type domain.ErantzunPosiblea

[2022-04-02 19:24:54 #5 type.registry] 
New type java.util.Vector<domain.ErantzunPosiblea>

[2022-04-02 19:24:54 #6 type.registry] 
New type domain.Event

[2022-04-02 19:24:54 #7 type] 
Type domain.ErantzunPosiblea is not enhanced.

[2022-04-02 19:24:54 #8 type.registry] 
New type domain.Apustua

[2022-04-02 19:24:54 #9 type.registry] 
New type java.util.Vector<domain.Apustua>

[2022-04-02 19:24:54 #10 type] 
Type domain.Event is not enhanced.

[2022-04-02 19:24:54 #11 type.registry] 
New type java.util.Vector<domain.Question>

[2022-04-02 19:24:54 #12 type] 
Type domain.Apustua is not enhanced.

[2022-04-02 19:24:54 #13 type.registry] 
New type domain.User

[2022-04-02 19:24:54 #14 type] 
Type domain.User is not enhanced.

[2022-04-02 19:24:54 #15 type.registry] 
New type domain.Mugimendua

[2022-04-02 19:24:54 #16 type.registry] 
New type java.util.Vector<domain.Mugimendua>

[2022-04-02 19:24:54 #17 type] 
Type domain.Mugimendua is not enhanced.

[2022-04-02 19:24:54 #18 type.registry] 
New type domain.Admin

[2022-04-02 19:24:54 #19 type] 
Type domain.Admin is not enhanced.

[2022-04-02 19:24:54 #20 type.registry] 
New type domain.Erabiltzailea

[2022-04-02 19:24:54 #21 type] 
Type domain.Erabiltzailea is not enhanced.

[2022-04-02 19:24:54 #22 type.registry] 
New type java.util.Vector<java.lang.Object>

------------------------------------------------------------------------------------------------------------------------

[2022-04-02 19:30:16 #1 store] 
Database 'C:\Users\Iker\Desktop\proiektua\src\main\resources\bets.temp' is opened by 10620@DESKTOP-8L6O8HK

[2022-04-02 19:30:17 #2 type.registry] 
New type domain.Question

[2022-04-02 19:30:17 #3 type] 
Type domain.Question is not enhanced.

[2022-04-02 19:30:17 #4 type.registry] 
New type domain.ErantzunPosiblea

[2022-04-02 19:30:17 #5 type.registry] 
New type java.util.Vector<domain.ErantzunPosiblea>

[2022-04-02 19:30:17 #6 type.registry] 
New type domain.Event

[2022-04-02 19:30:17 #7 type] 
Type domain.ErantzunPosiblea is not enhanced.

[2022-04-02 19:30:17 #8 type.registry] 
New type domain.Apustua

[2022-04-02 19:30:17 #9 type.registry] 
New type java.util.Vector<domain.Apustua>

[2022-04-02 19:30:17 #10 type] 
Type domain.Event is not enhanced.

[2022-04-02 19:30:17 #11 type.registry] 
New type java.util.Vector<domain.Question>

[2022-04-02 19:30:17 #12 type] 
Type domain.Apustua is not enhanced.

[2022-04-02 19:30:17 #13 type.registry] 
New type domain.User

[2022-04-02 19:30:17 #14 type] 
Type domain.User is not enhanced.

[2022-04-02 19:30:17 #15 type.registry] 
New type domain.Mugimendua

[2022-04-02 19:30:17 #16 type.registry] 
New type java.util.Vector<domain.Mugimendua>

[2022-04-02 19:30:17 #17 type] 
Type domain.Mugimendua is not enhanced.

[2022-04-02 19:30:17 #18 type.registry] 
New type domain.Admin

[2022-04-02 19:30:17 #19 type] 
Type domain.Admin is not enhanced.

[2022-04-02 19:30:17 #20 type.registry] 
New type domain.Erabiltzailea

[2022-04-02 19:30:17 #21 type] 
Type domain.Erabiltzailea is not enhanced.

[2022-04-02 19:30:17 #22 type.registry] 
New type java.util.Vector<java.lang.Object>

------------------------------------------------------------------------------------------------------------------------

[2022-04-02 19:35:20 #1 store] 
Database 'C:\Users\Iker\Desktop\proiektua\src\main\resources\bets.temp' is opened by 2596@DESKTOP-8L6O8HK

[2022-04-02 19:35:20 #2 type.registry] 
New type domain.Question

[2022-04-02 19:35:20 #3 type] 
Type domain.Question is not enhanced.

[2022-04-02 19:35:20 #4 type.registry] 
New type domain.ErantzunPosiblea

[2022-04-02 19:35:21 #5 type.registry] 
New type java.util.Vector<domain.ErantzunPosiblea>

[2022-04-02 19:35:21 #6 type.registry] 
New type domain.Event

[2022-04-02 19:35:21 #7 type] 
Type domain.ErantzunPosiblea is not enhanced.

[2022-04-02 19:35:21 #8 type.registry] 
New type domain.Apustua

[2022-04-02 19:35:21 #9 type.registry] 
New type java.util.Vector<domain.Apustua>

[2022-04-02 19:35:21 #10 type] 
Type domain.Event is not enhanced.

[2022-04-02 19:35:21 #11 type.registry] 
New type java.util.Vector<domain.Question>

[2022-04-02 19:35:21 #12 type] 
Type domain.Apustua is not enhanced.

[2022-04-02 19:35:21 #13 type.registry] 
New type domain.User

[2022-04-02 19:35:21 #14 type] 
Type domain.User is not enhanced.

[2022-04-02 19:35:21 #15 type.registry] 
New type domain.Mugimendua

[2022-04-02 19:35:21 #16 type.registry] 
New type java.util.Vector<domain.Mugimendua>

[2022-04-02 19:35:21 #17 type] 
Type domain.Mugimendua is not enhanced.

[2022-04-02 19:35:21 #18 type.registry] 
New type domain.Admin

[2022-04-02 19:35:21 #19 type] 
Type domain.Admin is not enhanced.

[2022-04-02 19:35:21 #20 type.registry] 
New type domain.Erabiltzailea

[2022-04-02 19:35:21 #21 type] 
Type domain.Erabiltzailea is not enhanced.

[2022-04-02 19:35:21 #22 type.registry] 
New type java.util.Vector<java.lang.Object>

