------------------------------------------------------------------------------------------------------------------------

[2022-05-09 16:57:35 #1 store] 
Database 'C:\Users\Iker\Desktop\proiektua\src\main\resources\bets.temp' is opened by 2204@DESKTOP-8L6O8HK

[2022-05-09 16:57:36 #2 type.registry] 
New type domain.Question

[2022-05-09 16:57:36 #3 type] 
Type domain.Question is not enhanced.

[2022-05-09 16:57:36 #4 type.registry] 
New type domain.ErantzunPosiblea

[2022-05-09 16:57:36 #5 type.registry] 
New type java.util.Vector<domain.ErantzunPosiblea>

[2022-05-09 16:57:36 #6 type.registry] 
New type domain.Event

[2022-05-09 16:57:36 #7 type] 
Type domain.ErantzunPosiblea is not enhanced.

[2022-05-09 16:57:36 #8 type.registry] 
New type domain.Apustua

[2022-05-09 16:57:36 #9 type.registry] 
New type java.util.Vector<domain.Apustua>

[2022-05-09 16:57:36 #10 type] 
Type domain.Event is not enhanced.

[2022-05-09 16:57:36 #11 type.registry] 
New type java.util.Vector<domain.Question>

[2022-05-09 16:57:36 #12 type] 
Type domain.Apustua is not enhanced.

[2022-05-09 16:57:36 #13 type.registry] 
New type domain.User

[2022-05-09 16:57:36 #14 type] 
Type domain.User is not enhanced.

[2022-05-09 16:57:36 #15 type.registry] 
New type domain.Jarraipena

[2022-05-09 16:57:36 #16 type.registry] 
New type java.util.Vector<domain.Jarraipena>

[2022-05-09 16:57:36 #17 type.registry] 
New type domain.Mugimendua

[2022-05-09 16:57:36 #18 type.registry] 
New type java.util.Vector<domain.Mugimendua>

[2022-05-09 16:57:36 #19 type] 
Type domain.Jarraipena is not enhanced.

[2022-05-09 16:57:36 #20 type] 
Type domain.Mugimendua is not enhanced.

[2022-05-09 16:57:36 #21 type.registry] 
New type domain.Admin

[2022-05-09 16:57:36 #22 type] 
Type domain.Admin is not enhanced.

[2022-05-09 16:57:36 #23 type.registry] 
New type domain.Erabiltzailea

[2022-05-09 16:57:36 #24 type] 
Type domain.Erabiltzailea is not enhanced.

[2022-05-09 16:57:36 #25 type.registry] 
New type java.util.Vector<java.lang.Object>

------------------------------------------------------------------------------------------------------------------------

[2022-05-09 17:14:21 #1 store] 
Database 'C:\Users\Iker\Desktop\proiektua\src\main\resources\bets.temp' is opened by 9996@DESKTOP-8L6O8HK

[2022-05-09 17:14:22 #2 type.registry] 
New type domain.Question

[2022-05-09 17:14:22 #3 type] 
Type domain.Question is not enhanced.

[2022-05-09 17:14:22 #4 type.registry] 
New type domain.ErantzunPosiblea

[2022-05-09 17:14:22 #5 type.registry] 
New type java.util.Vector<domain.ErantzunPosiblea>

[2022-05-09 17:14:22 #6 type.registry] 
New type domain.Event

[2022-05-09 17:14:22 #7 type] 
Type domain.ErantzunPosiblea is not enhanced.

[2022-05-09 17:14:22 #8 type.registry] 
New type domain.Apustua

[2022-05-09 17:14:22 #9 type.registry] 
New type java.util.Vector<domain.Apustua>

[2022-05-09 17:14:22 #10 type] 
Type domain.Event is not enhanced.

[2022-05-09 17:14:22 #11 type.registry] 
New type java.util.Vector<domain.Question>

[2022-05-09 17:14:22 #12 type] 
Type domain.Apustua is not enhanced.

[2022-05-09 17:14:22 #13 type.registry] 
New type domain.User

[2022-05-09 17:14:22 #14 type] 
Type domain.User is not enhanced.

[2022-05-09 17:14:22 #15 type.registry] 
New type domain.Jarraipena

[2022-05-09 17:14:22 #16 type.registry] 
New type java.util.Vector<domain.Jarraipena>

[2022-05-09 17:14:22 #17 type.registry] 
New type domain.Mugimendua

[2022-05-09 17:14:22 #18 type.registry] 
New type java.util.Vector<domain.Mugimendua>

[2022-05-09 17:14:22 #19 type] 
Type domain.Jarraipena is not enhanced.

[2022-05-09 17:14:22 #20 type] 
Type domain.Mugimendua is not enhanced.

[2022-05-09 17:14:22 #21 type.registry] 
New type domain.Admin

[2022-05-09 17:14:22 #22 type] 
Type domain.Admin is not enhanced.

[2022-05-09 17:14:22 #23 type.registry] 
New type domain.Erabiltzailea

[2022-05-09 17:14:22 #24 type] 
Type domain.Erabiltzailea is not enhanced.

[2022-05-09 17:14:22 #25 type.registry] 
New type java.util.Vector<java.lang.Object>

------------------------------------------------------------------------------------------------------------------------

[2022-05-09 17:15:08 #1 store] 
Database 'C:\Users\Iker\Desktop\proiektua\src\main\resources\bets.temp' is opened by 8060@DESKTOP-8L6O8HK

[2022-05-09 17:15:09 #2 type.registry] 
New type domain.Question

[2022-05-09 17:15:09 #3 type] 
Type domain.Question is not enhanced.

[2022-05-09 17:15:09 #4 type.registry] 
New type domain.ErantzunPosiblea

[2022-05-09 17:15:09 #5 type.registry] 
New type java.util.Vector<domain.ErantzunPosiblea>

[2022-05-09 17:15:09 #6 type.registry] 
New type domain.Event

[2022-05-09 17:15:09 #7 type] 
Type domain.ErantzunPosiblea is not enhanced.

[2022-05-09 17:15:09 #8 type.registry] 
New type domain.Apustua

[2022-05-09 17:15:09 #9 type.registry] 
New type java.util.Vector<domain.Apustua>

[2022-05-09 17:15:09 #10 type] 
Type domain.Event is not enhanced.

[2022-05-09 17:15:09 #11 type.registry] 
New type java.util.Vector<domain.Question>

[2022-05-09 17:15:09 #12 type] 
Type domain.Apustua is not enhanced.

[2022-05-09 17:15:09 #13 type.registry] 
New type domain.User

[2022-05-09 17:15:09 #14 type] 
Type domain.User is not enhanced.

[2022-05-09 17:15:09 #15 type.registry] 
New type domain.Jarraipena

[2022-05-09 17:15:09 #16 type.registry] 
New type java.util.Vector<domain.Jarraipena>

[2022-05-09 17:15:09 #17 type.registry] 
New type domain.Mugimendua

[2022-05-09 17:15:09 #18 type.registry] 
New type java.util.Vector<domain.Mugimendua>

[2022-05-09 17:15:09 #19 type] 
Type domain.Jarraipena is not enhanced.

[2022-05-09 17:15:09 #20 type] 
Type domain.Mugimendua is not enhanced.

[2022-05-09 17:15:09 #21 type.registry] 
New type domain.Admin

[2022-05-09 17:15:09 #22 type] 
Type domain.Admin is not enhanced.

[2022-05-09 17:15:09 #23 type.registry] 
New type domain.Erabiltzailea

[2022-05-09 17:15:09 #24 type] 
Type domain.Erabiltzailea is not enhanced.

[2022-05-09 17:15:09 #25 type.registry] 
New type java.util.Vector<java.lang.Object>

------------------------------------------------------------------------------------------------------------------------

[2022-05-09 17:18:12 #1 store] 
Database 'C:\Users\Iker\Desktop\proiektua\src\main\resources\bets.temp' is opened by 7972@DESKTOP-8L6O8HK

[2022-05-09 17:18:12 #2 type.registry] 
New type domain.Question

[2022-05-09 17:18:12 #3 type] 
Type domain.Question is not enhanced.

[2022-05-09 17:18:12 #4 type.registry] 
New type domain.ErantzunPosiblea

[2022-05-09 17:18:12 #5 type.registry] 
New type java.util.Vector<domain.ErantzunPosiblea>

[2022-05-09 17:18:12 #6 type.registry] 
New type domain.Event

[2022-05-09 17:18:12 #7 type] 
Type domain.ErantzunPosiblea is not enhanced.

[2022-05-09 17:18:12 #8 type.registry] 
New type domain.Apustua

[2022-05-09 17:18:12 #9 type.registry] 
New type java.util.Vector<domain.Apustua>

[2022-05-09 17:18:12 #10 type] 
Type domain.Event is not enhanced.

[2022-05-09 17:18:12 #11 type.registry] 
New type java.util.Vector<domain.Question>

[2022-05-09 17:18:12 #12 type] 
Type domain.Apustua is not enhanced.

[2022-05-09 17:18:12 #13 type.registry] 
New type domain.User

[2022-05-09 17:18:12 #14 type] 
Type domain.User is not enhanced.

[2022-05-09 17:18:12 #15 type.registry] 
New type domain.Jarraipena

[2022-05-09 17:18:12 #16 type.registry] 
New type java.util.Vector<domain.Jarraipena>

[2022-05-09 17:18:12 #17 type.registry] 
New type domain.Mugimendua

[2022-05-09 17:18:12 #18 type.registry] 
New type java.util.Vector<domain.Mugimendua>

[2022-05-09 17:18:12 #19 type] 
Type domain.Jarraipena is not enhanced.

[2022-05-09 17:18:12 #20 type] 
Type domain.Mugimendua is not enhanced.

[2022-05-09 17:18:13 #21 type.registry] 
New type domain.Admin

[2022-05-09 17:18:13 #22 type] 
Type domain.Admin is not enhanced.

[2022-05-09 17:18:13 #23 type.registry] 
New type domain.Erabiltzailea

[2022-05-09 17:18:13 #24 type] 
Type domain.Erabiltzailea is not enhanced.

[2022-05-09 17:18:13 #25 type.registry] 
New type java.util.Vector<java.lang.Object>

------------------------------------------------------------------------------------------------------------------------

[2022-05-09 17:35:52 #1 store] 
Database 'C:\Users\Iker\Desktop\proiektua\src\main\resources\bets.temp' is opened by 5280@DESKTOP-8L6O8HK

[2022-05-09 17:35:53 #2 type.registry] 
New type domain.Question

[2022-05-09 17:35:53 #3 type] 
Type domain.Question is not enhanced.

[2022-05-09 17:35:53 #4 type.registry] 
New type domain.ErantzunPosiblea

[2022-05-09 17:35:53 #5 type.registry] 
New type java.util.Vector<domain.ErantzunPosiblea>

[2022-05-09 17:35:53 #6 type.registry] 
New type domain.Event

[2022-05-09 17:35:53 #7 type] 
Type domain.ErantzunPosiblea is not enhanced.

[2022-05-09 17:35:53 #8 type.registry] 
New type domain.Apustua

[2022-05-09 17:35:53 #9 type.registry] 
New type java.util.Vector<domain.Apustua>

[2022-05-09 17:35:53 #10 type] 
Type domain.Event is not enhanced.

[2022-05-09 17:35:53 #11 type.registry] 
New type java.util.Vector<domain.Question>

[2022-05-09 17:35:53 #12 type] 
Type domain.Apustua is not enhanced.

[2022-05-09 17:35:53 #13 type.registry] 
New type domain.User

[2022-05-09 17:35:53 #14 type] 
Type domain.User is not enhanced.

[2022-05-09 17:35:53 #15 type.registry] 
New type domain.Jarraipena

[2022-05-09 17:35:53 #16 type.registry] 
New type java.util.Vector<domain.Jarraipena>

[2022-05-09 17:35:53 #17 type.registry] 
New type domain.Mugimendua

[2022-05-09 17:35:53 #18 type.registry] 
New type java.util.Vector<domain.Mugimendua>

[2022-05-09 17:35:53 #19 type] 
Type domain.Jarraipena is not enhanced.

[2022-05-09 17:35:53 #20 type] 
Type domain.Mugimendua is not enhanced.

[2022-05-09 17:35:53 #21 type.registry] 
New type domain.Admin

[2022-05-09 17:35:53 #22 type] 
Type domain.Admin is not enhanced.

[2022-05-09 17:35:53 #23 type.registry] 
New type java.util.Vector<java.lang.Object>

------------------------------------------------------------------------------------------------------------------------

[2022-05-09 17:36:49 #1 store] 
Database 'C:\Users\Iker\Desktop\proiektua\src\main\resources\bets.temp' is opened by 9616@DESKTOP-8L6O8HK

[2022-05-09 17:36:50 #2 type.registry] 
New type domain.Question

[2022-05-09 17:36:50 #3 type] 
Type domain.Question is not enhanced.

[2022-05-09 17:36:50 #4 type.registry] 
New type domain.ErantzunPosiblea

[2022-05-09 17:36:50 #5 type.registry] 
New type java.util.Vector<domain.ErantzunPosiblea>

[2022-05-09 17:36:50 #6 type.registry] 
New type domain.Event

[2022-05-09 17:36:50 #7 type] 
Type domain.ErantzunPosiblea is not enhanced.

[2022-05-09 17:36:50 #8 type.registry] 
New type domain.Apustua

[2022-05-09 17:36:50 #9 type.registry] 
New type java.util.Vector<domain.Apustua>

[2022-05-09 17:36:50 #10 type] 
Type domain.Event is not enhanced.

[2022-05-09 17:36:50 #11 type.registry] 
New type java.util.Vector<domain.Question>

[2022-05-09 17:36:50 #12 type] 
Type domain.Apustua is not enhanced.

[2022-05-09 17:36:50 #13 type.registry] 
New type domain.User

[2022-05-09 17:36:50 #14 type] 
Type domain.User is not enhanced.

[2022-05-09 17:36:50 #15 type.registry] 
New type domain.Jarraipena

[2022-05-09 17:36:50 #16 type.registry] 
New type java.util.Vector<domain.Jarraipena>

[2022-05-09 17:36:50 #17 type.registry] 
New type domain.Mugimendua

[2022-05-09 17:36:50 #18 type.registry] 
New type java.util.Vector<domain.Mugimendua>

[2022-05-09 17:36:50 #19 type] 
Type domain.Jarraipena is not enhanced.

[2022-05-09 17:36:50 #20 type] 
Type domain.Mugimendua is not enhanced.

[2022-05-09 17:36:50 #21 type.registry] 
New type domain.Admin

[2022-05-09 17:36:50 #22 type] 
Type domain.Admin is not enhanced.

[2022-05-09 17:36:50 #23 type.registry] 
New type domain.Erabiltzailea

[2022-05-09 17:36:50 #24 type] 
Type domain.Erabiltzailea is not enhanced.

[2022-05-09 17:36:50 #25 type.registry] 
New type java.util.Vector<java.lang.Object>

------------------------------------------------------------------------------------------------------------------------

[2022-05-09 17:39:19 #1 store] 
Database 'C:\Users\Iker\Desktop\proiektua\src\main\resources\bets.temp' is opened by 5584@DESKTOP-8L6O8HK

[2022-05-09 17:39:20 #2 type.registry] 
New type domain.Question

[2022-05-09 17:39:20 #3 type] 
Type domain.Question is not enhanced.

[2022-05-09 17:39:20 #4 type.registry] 
New type domain.ErantzunPosiblea

[2022-05-09 17:39:20 #5 type.registry] 
New type java.util.Vector<domain.ErantzunPosiblea>

[2022-05-09 17:39:20 #6 type.registry] 
New type domain.Event

[2022-05-09 17:39:20 #7 type] 
Type domain.ErantzunPosiblea is not enhanced.

[2022-05-09 17:39:20 #8 type.registry] 
New type domain.Apustua

[2022-05-09 17:39:20 #9 type.registry] 
New type java.util.Vector<domain.Apustua>

[2022-05-09 17:39:20 #10 type] 
Type domain.Event is not enhanced.

[2022-05-09 17:39:20 #11 type.registry] 
New type java.util.Vector<domain.Question>

[2022-05-09 17:39:20 #12 type] 
Type domain.Apustua is not enhanced.

[2022-05-09 17:39:20 #13 type.registry] 
New type domain.User

[2022-05-09 17:39:20 #14 type] 
Type domain.User is not enhanced.

[2022-05-09 17:39:20 #15 type.registry] 
New type domain.Jarraipena

[2022-05-09 17:39:20 #16 type.registry] 
New type java.util.Vector<domain.Jarraipena>

[2022-05-09 17:39:20 #17 type.registry] 
New type domain.Mugimendua

[2022-05-09 17:39:20 #18 type.registry] 
New type java.util.Vector<domain.Mugimendua>

[2022-05-09 17:39:20 #19 type] 
Type domain.Jarraipena is not enhanced.

[2022-05-09 17:39:20 #20 type] 
Type domain.Mugimendua is not enhanced.

[2022-05-09 17:39:20 #21 type.registry] 
New type domain.Admin

[2022-05-09 17:39:20 #22 type] 
Type domain.Admin is not enhanced.

[2022-05-09 17:39:20 #23 type.registry] 
New type domain.Erabiltzailea

[2022-05-09 17:39:20 #24 type] 
Type domain.Erabiltzailea is not enhanced.

[2022-05-09 17:39:20 #25 type.registry] 
New type java.util.Vector<java.lang.Object>

------------------------------------------------------------------------------------------------------------------------

[2022-05-09 17:42:04 #1 store] 
Database 'C:\Users\Iker\Desktop\proiektua\src\main\resources\bets.temp' is opened by 5476@DESKTOP-8L6O8HK

[2022-05-09 17:42:04 #2 type.registry] 
New type domain.Question

[2022-05-09 17:42:04 #3 type] 
Type domain.Question is not enhanced.

[2022-05-09 17:42:04 #4 type.registry] 
New type domain.ErantzunPosiblea

[2022-05-09 17:42:05 #5 type.registry] 
New type java.util.Vector<domain.ErantzunPosiblea>

[2022-05-09 17:42:05 #6 type.registry] 
New type domain.Event

[2022-05-09 17:42:05 #7 type] 
Type domain.ErantzunPosiblea is not enhanced.

[2022-05-09 17:42:05 #8 type.registry] 
New type domain.Apustua

[2022-05-09 17:42:05 #9 type.registry] 
New type java.util.Vector<domain.Apustua>

[2022-05-09 17:42:05 #10 type] 
Type domain.Event is not enhanced.

[2022-05-09 17:42:05 #11 type.registry] 
New type java.util.Vector<domain.Question>

[2022-05-09 17:42:05 #12 type] 
Type domain.Apustua is not enhanced.

[2022-05-09 17:42:05 #13 type.registry] 
New type domain.User

[2022-05-09 17:42:05 #14 type] 
Type domain.User is not enhanced.

[2022-05-09 17:42:05 #15 type.registry] 
New type domain.Jarraipena

[2022-05-09 17:42:05 #16 type.registry] 
New type java.util.Vector<domain.Jarraipena>

[2022-05-09 17:42:05 #17 type.registry] 
New type domain.Mugimendua

[2022-05-09 17:42:05 #18 type.registry] 
New type java.util.Vector<domain.Mugimendua>

[2022-05-09 17:42:05 #19 type] 
Type domain.Jarraipena is not enhanced.

[2022-05-09 17:42:05 #20 type] 
Type domain.Mugimendua is not enhanced.

[2022-05-09 17:42:05 #21 type.registry] 
New type domain.Admin

[2022-05-09 17:42:05 #22 type] 
Type domain.Admin is not enhanced.

[2022-05-09 17:42:05 #23 type.registry] 
New type domain.Erabiltzailea

[2022-05-09 17:42:05 #24 type] 
Type domain.Erabiltzailea is not enhanced.

[2022-05-09 17:42:05 #25 type.registry] 
New type java.util.Vector<java.lang.Object>

------------------------------------------------------------------------------------------------------------------------

[2022-05-09 17:43:30 #1 store] 
Database 'C:\Users\Iker\Desktop\proiektua\src\main\resources\bets.temp' is opened by 1144@DESKTOP-8L6O8HK

[2022-05-09 17:43:31 #2 type.registry] 
New type domain.Question

[2022-05-09 17:43:31 #3 type] 
Type domain.Question is not enhanced.

[2022-05-09 17:43:31 #4 type.registry] 
New type domain.ErantzunPosiblea

[2022-05-09 17:43:31 #5 type.registry] 
New type java.util.Vector<domain.ErantzunPosiblea>

[2022-05-09 17:43:31 #6 type.registry] 
New type domain.Event

[2022-05-09 17:43:31 #7 type] 
Type domain.ErantzunPosiblea is not enhanced.

[2022-05-09 17:43:31 #8 type.registry] 
New type domain.Apustua

[2022-05-09 17:43:31 #9 type.registry] 
New type java.util.Vector<domain.Apustua>

[2022-05-09 17:43:31 #10 type] 
Type domain.Event is not enhanced.

[2022-05-09 17:43:31 #11 type.registry] 
New type java.util.Vector<domain.Question>

[2022-05-09 17:43:31 #12 type] 
Type domain.Apustua is not enhanced.

[2022-05-09 17:43:31 #13 type.registry] 
New type domain.User

[2022-05-09 17:43:31 #14 type] 
Type domain.User is not enhanced.

[2022-05-09 17:43:31 #15 type.registry] 
New type domain.Jarraipena

[2022-05-09 17:43:31 #16 type.registry] 
New type java.util.Vector<domain.Jarraipena>

[2022-05-09 17:43:31 #17 type.registry] 
New type domain.Mugimendua

[2022-05-09 17:43:31 #18 type.registry] 
New type java.util.Vector<domain.Mugimendua>

[2022-05-09 17:43:31 #19 type] 
Type domain.Jarraipena is not enhanced.

[2022-05-09 17:43:31 #20 type] 
Type domain.Mugimendua is not enhanced.

[2022-05-09 17:43:31 #21 type.registry] 
New type domain.Admin

[2022-05-09 17:43:31 #22 type] 
Type domain.Admin is not enhanced.

[2022-05-09 17:43:31 #23 type.registry] 
New type domain.Erabiltzailea

[2022-05-09 17:43:31 #24 type] 
Type domain.Erabiltzailea is not enhanced.

[2022-05-09 17:43:31 #25 type.registry] 
New type java.util.Vector<java.lang.Object>

------------------------------------------------------------------------------------------------------------------------

[2022-05-09 18:17:00 #1 store] 
Database 'C:\Users\Iker\Desktop\proiektua\src\main\resources\bets.temp' is opened by 9396@DESKTOP-8L6O8HK

[2022-05-09 18:17:01 #2 type.registry] 
New type domain.Question

[2022-05-09 18:17:01 #3 type] 
Type domain.Question is not enhanced.

[2022-05-09 18:17:01 #4 type.registry] 
New type domain.ErantzunPosiblea

[2022-05-09 18:17:01 #5 type.registry] 
New type java.util.Vector<domain.ErantzunPosiblea>

[2022-05-09 18:17:01 #6 type.registry] 
New type domain.Event

[2022-05-09 18:17:01 #7 type] 
Type domain.ErantzunPosiblea is not enhanced.

[2022-05-09 18:17:01 #8 type.registry] 
New type domain.Apustua

[2022-05-09 18:17:01 #9 type.registry] 
New type java.util.Vector<domain.Apustua>

[2022-05-09 18:17:01 #10 type] 
Type domain.Event is not enhanced.

[2022-05-09 18:17:01 #11 type.registry] 
New type java.util.Vector<domain.Question>

[2022-05-09 18:17:01 #12 type] 
Type domain.Apustua is not enhanced.

------------------------------------------------------------------------------------------------------------------------

[2022-05-09 18:17:37 #1 store] 
Database 'C:\Users\Iker\Desktop\proiektua\src\main\resources\bets.temp' is opened by 9592@DESKTOP-8L6O8HK

[2022-05-09 18:17:37 #2 type.registry] 
New type domain.Question

[2022-05-09 18:17:37 #3 type] 
Type domain.Question is not enhanced.

[2022-05-09 18:17:37 #4 type.registry] 
New type domain.ErantzunPosiblea

[2022-05-09 18:17:37 #5 type.registry] 
New type java.util.Vector<domain.ErantzunPosiblea>

[2022-05-09 18:17:37 #6 type.registry] 
New type domain.Event

[2022-05-09 18:17:37 #7 type] 
Type domain.ErantzunPosiblea is not enhanced.

[2022-05-09 18:17:37 #8 type.registry] 
New type domain.Apustua

[2022-05-09 18:17:37 #9 type.registry] 
New type java.util.Vector<domain.Apustua>

[2022-05-09 18:17:37 #10 type] 
Type domain.Event is not enhanced.

[2022-05-09 18:17:37 #11 type.registry] 
New type java.util.Vector<domain.Question>

[2022-05-09 18:17:37 #12 type] 
Type domain.Apustua is not enhanced.

[2022-05-09 18:17:37 #13 type.registry] 
New type domain.User

[2022-05-09 18:17:37 #14 type] 
Type domain.User is not enhanced.

[2022-05-09 18:17:37 #15 type.registry] 
New type domain.Jarraipena

[2022-05-09 18:17:37 #16 type.registry] 
New type java.util.Vector<domain.Jarraipena>

[2022-05-09 18:17:37 #17 type.registry] 
New type domain.Mugimendua

[2022-05-09 18:17:37 #18 type.registry] 
New type java.util.Vector<domain.Mugimendua>

[2022-05-09 18:17:37 #19 type] 
Type domain.Jarraipena is not enhanced.

[2022-05-09 18:17:37 #20 type] 
Type domain.Mugimendua is not enhanced.

[2022-05-09 18:17:37 #21 type.registry] 
New type domain.Admin

[2022-05-09 18:17:37 #22 type] 
Type domain.Admin is not enhanced.

[2022-05-09 18:17:37 #23 type.registry] 
New type domain.Erabiltzailea

[2022-05-09 18:17:37 #24 type] 
Type domain.Erabiltzailea is not enhanced.

[2022-05-09 18:17:37 #25 type.registry] 
New type java.util.Vector<java.lang.Object>

------------------------------------------------------------------------------------------------------------------------

[2022-05-09 18:19:07 #1 store] 
Database 'C:\Users\Iker\Desktop\proiektua\src\main\resources\bets.temp' is opened by 8440@DESKTOP-8L6O8HK

[2022-05-09 18:19:08 #2 type.registry] 
New type domain.Question

[2022-05-09 18:19:08 #3 type] 
Type domain.Question is not enhanced.

[2022-05-09 18:19:08 #4 type.registry] 
New type domain.ErantzunPosiblea

[2022-05-09 18:19:08 #5 type.registry] 
New type java.util.Vector<domain.ErantzunPosiblea>

[2022-05-09 18:19:08 #6 type.registry] 
New type domain.Event

[2022-05-09 18:19:08 #7 type] 
Type domain.ErantzunPosiblea is not enhanced.

[2022-05-09 18:19:08 #8 type.registry] 
New type domain.Apustua

[2022-05-09 18:19:08 #9 type.registry] 
New type java.util.Vector<domain.Apustua>

[2022-05-09 18:19:08 #10 type] 
Type domain.Event is not enhanced.

[2022-05-09 18:19:08 #11 type.registry] 
New type java.util.Vector<domain.Question>

[2022-05-09 18:19:08 #12 type] 
Type domain.Apustua is not enhanced.

[2022-05-09 18:19:08 #13 type.registry] 
New type domain.User

[2022-05-09 18:19:08 #14 type] 
Type domain.User is not enhanced.

[2022-05-09 18:19:08 #15 type.registry] 
New type domain.Jarraipena

[2022-05-09 18:19:08 #16 type.registry] 
New type java.util.Vector<domain.Jarraipena>

[2022-05-09 18:19:08 #17 type.registry] 
New type domain.Mugimendua

[2022-05-09 18:19:08 #18 type.registry] 
New type java.util.Vector<domain.Mugimendua>

[2022-05-09 18:19:08 #19 type] 
Type domain.Jarraipena is not enhanced.

[2022-05-09 18:19:08 #20 type] 
Type domain.Mugimendua is not enhanced.

[2022-05-09 18:19:08 #21 type.registry] 
New type domain.Admin

[2022-05-09 18:19:08 #22 type] 
Type domain.Admin is not enhanced.

[2022-05-09 18:19:08 #23 type.registry] 
New type domain.Erabiltzailea

[2022-05-09 18:19:08 #24 type] 
Type domain.Erabiltzailea is not enhanced.

[2022-05-09 18:19:08 #25 type.registry] 
New type java.util.Vector<java.lang.Object>

------------------------------------------------------------------------------------------------------------------------

[2022-05-09 18:20:05 #1 store] 
Database 'C:\Users\Iker\Desktop\proiektua\src\main\resources\bets.temp' is opened by 8028@DESKTOP-8L6O8HK

[2022-05-09 18:20:06 #2 type.registry] 
New type domain.Question

[2022-05-09 18:20:06 #3 type] 
Type domain.Question is not enhanced.

[2022-05-09 18:20:06 #4 type.registry] 
New type domain.ErantzunPosiblea

[2022-05-09 18:20:06 #5 type.registry] 
New type java.util.Vector<domain.ErantzunPosiblea>

[2022-05-09 18:20:06 #6 type.registry] 
New type domain.Event

[2022-05-09 18:20:06 #7 type] 
Type domain.ErantzunPosiblea is not enhanced.

[2022-05-09 18:20:06 #8 type.registry] 
New type domain.Apustua

[2022-05-09 18:20:06 #9 type.registry] 
New type java.util.Vector<domain.Apustua>

[2022-05-09 18:20:06 #10 type] 
Type domain.Event is not enhanced.

[2022-05-09 18:20:06 #11 type.registry] 
New type java.util.Vector<domain.Question>

[2022-05-09 18:20:06 #12 type] 
Type domain.Apustua is not enhanced.

[2022-05-09 18:20:06 #13 type.registry] 
New type domain.User

[2022-05-09 18:20:06 #14 type] 
Type domain.User is not enhanced.

[2022-05-09 18:20:06 #15 type.registry] 
New type domain.Jarraipena

[2022-05-09 18:20:06 #16 type.registry] 
New type java.util.Vector<domain.Jarraipena>

[2022-05-09 18:20:06 #17 type.registry] 
New type domain.Mugimendua

[2022-05-09 18:20:06 #18 type.registry] 
New type java.util.Vector<domain.Mugimendua>

[2022-05-09 18:20:06 #19 type] 
Type domain.Jarraipena is not enhanced.

[2022-05-09 18:20:06 #20 type] 
Type domain.Mugimendua is not enhanced.

[2022-05-09 18:20:06 #21 type.registry] 
New type domain.Admin

[2022-05-09 18:20:06 #22 type] 
Type domain.Admin is not enhanced.

[2022-05-09 18:20:06 #23 type.registry] 
New type domain.Erabiltzailea

[2022-05-09 18:20:06 #24 type] 
Type domain.Erabiltzailea is not enhanced.

[2022-05-09 18:20:06 #25 type.registry] 
New type java.util.Vector<java.lang.Object>

------------------------------------------------------------------------------------------------------------------------

[2022-05-09 18:22:39 #1 store] 
Database 'C:\Users\Iker\Desktop\proiektua\src\main\resources\bets.temp' is opened by 8440@DESKTOP-8L6O8HK

[2022-05-09 18:22:39 #2 type.registry] 
New type domain.Question

[2022-05-09 18:22:39 #3 type] 
Type domain.Question is not enhanced.

[2022-05-09 18:22:39 #4 type.registry] 
New type domain.ErantzunPosiblea

[2022-05-09 18:22:39 #5 type.registry] 
New type java.util.Vector<domain.ErantzunPosiblea>

[2022-05-09 18:22:39 #6 type.registry] 
New type domain.Event

[2022-05-09 18:22:39 #7 type] 
Type domain.ErantzunPosiblea is not enhanced.

[2022-05-09 18:22:39 #8 type.registry] 
New type domain.Apustua

[2022-05-09 18:22:39 #9 type.registry] 
New type java.util.Vector<domain.Apustua>

[2022-05-09 18:22:39 #10 type] 
Type domain.Event is not enhanced.

[2022-05-09 18:22:39 #11 type.registry] 
New type java.util.Vector<domain.Question>

[2022-05-09 18:22:39 #12 type] 
Type domain.Apustua is not enhanced.

[2022-05-09 18:22:39 #13 type.registry] 
New type domain.User

[2022-05-09 18:22:39 #14 type] 
Type domain.User is not enhanced.

[2022-05-09 18:22:39 #15 type.registry] 
New type domain.Jarraipena

[2022-05-09 18:22:39 #16 type.registry] 
New type java.util.Vector<domain.Jarraipena>

[2022-05-09 18:22:39 #17 type.registry] 
New type domain.Mugimendua

[2022-05-09 18:22:39 #18 type.registry] 
New type java.util.Vector<domain.Mugimendua>

[2022-05-09 18:22:39 #19 type] 
Type domain.Jarraipena is not enhanced.

[2022-05-09 18:22:39 #20 type] 
Type domain.Mugimendua is not enhanced.

[2022-05-09 18:22:39 #21 type.registry] 
New type domain.Admin

[2022-05-09 18:22:39 #22 type] 
Type domain.Admin is not enhanced.

[2022-05-09 18:22:39 #23 type.registry] 
New type domain.Erabiltzailea

[2022-05-09 18:22:39 #24 type] 
Type domain.Erabiltzailea is not enhanced.

[2022-05-09 18:22:39 #25 type.registry] 
New type java.util.Vector<java.lang.Object>

------------------------------------------------------------------------------------------------------------------------

[2022-05-09 18:25:23 #1 store] 
Database 'C:\Users\Iker\Desktop\proiektua\src\main\resources\bets.temp' is opened by 3676@DESKTOP-8L6O8HK

[2022-05-09 18:25:24 #2 type.registry] 
New type domain.Question

[2022-05-09 18:25:24 #3 type] 
Type domain.Question is not enhanced.

[2022-05-09 18:25:24 #4 type.registry] 
New type domain.ErantzunPosiblea

[2022-05-09 18:25:24 #5 type.registry] 
New type java.util.Vector<domain.ErantzunPosiblea>

[2022-05-09 18:25:24 #6 type.registry] 
New type domain.Event

[2022-05-09 18:25:24 #7 type] 
Type domain.ErantzunPosiblea is not enhanced.

[2022-05-09 18:25:24 #8 type.registry] 
New type domain.Apustua

[2022-05-09 18:25:24 #9 type.registry] 
New type java.util.Vector<domain.Apustua>

[2022-05-09 18:25:24 #10 type] 
Type domain.Event is not enhanced.

[2022-05-09 18:25:24 #11 type.registry] 
New type java.util.Vector<domain.Question>

[2022-05-09 18:25:24 #12 type] 
Type domain.Apustua is not enhanced.

[2022-05-09 18:25:24 #13 type.registry] 
New type domain.User

[2022-05-09 18:25:24 #14 type] 
Type domain.User is not enhanced.

[2022-05-09 18:25:24 #15 type.registry] 
New type domain.Jarraipena

[2022-05-09 18:25:24 #16 type.registry] 
New type java.util.Vector<domain.Jarraipena>

[2022-05-09 18:25:24 #17 type.registry] 
New type domain.Mugimendua

[2022-05-09 18:25:24 #18 type.registry] 
New type java.util.Vector<domain.Mugimendua>

[2022-05-09 18:25:24 #19 type] 
Type domain.Jarraipena is not enhanced.

[2022-05-09 18:25:24 #20 type] 
Type domain.Mugimendua is not enhanced.

[2022-05-09 18:25:24 #21 type.registry] 
New type domain.Admin

[2022-05-09 18:25:24 #22 type] 
Type domain.Admin is not enhanced.

[2022-05-09 18:25:24 #23 type.registry] 
New type domain.Erabiltzailea

[2022-05-09 18:25:24 #24 type] 
Type domain.Erabiltzailea is not enhanced.

[2022-05-09 18:25:24 #25 type.registry] 
New type java.util.Vector<java.lang.Object>

------------------------------------------------------------------------------------------------------------------------

[2022-05-09 18:27:09 #1 store] 
Database 'C:\Users\Iker\Desktop\proiektua\src\main\resources\bets.temp' is opened by 9364@DESKTOP-8L6O8HK

[2022-05-09 18:27:11 #2 type.registry] 
New type domain.Question

[2022-05-09 18:27:11 #3 type] 
Type domain.Question is not enhanced.

[2022-05-09 18:27:11 #4 type.registry] 
New type domain.ErantzunPosiblea

[2022-05-09 18:27:11 #5 type.registry] 
New type java.util.Vector<domain.ErantzunPosiblea>

[2022-05-09 18:27:11 #6 type.registry] 
New type domain.Event

[2022-05-09 18:27:11 #7 type] 
Type domain.ErantzunPosiblea is not enhanced.

[2022-05-09 18:27:11 #8 type.registry] 
New type domain.Apustua

[2022-05-09 18:27:11 #9 type.registry] 
New type java.util.Vector<domain.Apustua>

[2022-05-09 18:27:11 #10 type] 
Type domain.Event is not enhanced.

[2022-05-09 18:27:11 #11 type.registry] 
New type java.util.Vector<domain.Question>

[2022-05-09 18:27:11 #12 type] 
Type domain.Apustua is not enhanced.

[2022-05-09 18:27:11 #13 type.registry] 
New type domain.User

[2022-05-09 18:27:11 #14 type] 
Type domain.User is not enhanced.

[2022-05-09 18:27:11 #15 type.registry] 
New type domain.Jarraipena

[2022-05-09 18:27:11 #16 type.registry] 
New type java.util.Vector<domain.Jarraipena>

[2022-05-09 18:27:11 #17 type.registry] 
New type domain.Mugimendua

[2022-05-09 18:27:11 #18 type.registry] 
New type java.util.Vector<domain.Mugimendua>

[2022-05-09 18:27:11 #19 type] 
Type domain.Jarraipena is not enhanced.

[2022-05-09 18:27:11 #20 type] 
Type domain.Mugimendua is not enhanced.

[2022-05-09 18:27:11 #21 type.registry] 
New type domain.Admin

[2022-05-09 18:27:11 #22 type] 
Type domain.Admin is not enhanced.

[2022-05-09 18:27:11 #23 type.registry] 
New type domain.Erabiltzailea

[2022-05-09 18:27:11 #24 type] 
Type domain.Erabiltzailea is not enhanced.

[2022-05-09 18:27:11 #25 type.registry] 
New type java.util.Vector<java.lang.Object>

------------------------------------------------------------------------------------------------------------------------

[2022-05-09 18:28:58 #1 store] 
Database 'C:\Users\Iker\Desktop\proiektua\src\main\resources\bets.temp' is opened by 9948@DESKTOP-8L6O8HK

[2022-05-09 18:28:59 #2 type.registry] 
New type domain.Question

[2022-05-09 18:28:59 #3 type] 
Type domain.Question is not enhanced.

[2022-05-09 18:28:59 #4 type.registry] 
New type domain.ErantzunPosiblea

[2022-05-09 18:28:59 #5 type.registry] 
New type java.util.Vector<domain.ErantzunPosiblea>

[2022-05-09 18:28:59 #6 type.registry] 
New type domain.Event

[2022-05-09 18:28:59 #7 type] 
Type domain.ErantzunPosiblea is not enhanced.

[2022-05-09 18:28:59 #8 type.registry] 
New type domain.Apustua

[2022-05-09 18:28:59 #9 type.registry] 
New type java.util.Vector<domain.Apustua>

[2022-05-09 18:28:59 #10 type] 
Type domain.Event is not enhanced.

[2022-05-09 18:28:59 #11 type.registry] 
New type java.util.Vector<domain.Question>

[2022-05-09 18:28:59 #12 type] 
Type domain.Apustua is not enhanced.

[2022-05-09 18:28:59 #13 type.registry] 
New type domain.User

[2022-05-09 18:28:59 #14 type] 
Type domain.User is not enhanced.

[2022-05-09 18:28:59 #15 type.registry] 
New type domain.Jarraipena

[2022-05-09 18:28:59 #16 type.registry] 
New type java.util.Vector<domain.Jarraipena>

[2022-05-09 18:28:59 #17 type.registry] 
New type domain.Mugimendua

[2022-05-09 18:28:59 #18 type.registry] 
New type java.util.Vector<domain.Mugimendua>

[2022-05-09 18:28:59 #19 type] 
Type domain.Jarraipena is not enhanced.

[2022-05-09 18:28:59 #20 type] 
Type domain.Mugimendua is not enhanced.

[2022-05-09 18:28:59 #21 type.registry] 
New type domain.Admin

[2022-05-09 18:28:59 #22 type] 
Type domain.Admin is not enhanced.

[2022-05-09 18:28:59 #23 type.registry] 
New type domain.Erabiltzailea

[2022-05-09 18:28:59 #24 type] 
Type domain.Erabiltzailea is not enhanced.

[2022-05-09 18:28:59 #25 type.registry] 
New type java.util.Vector<java.lang.Object>

------------------------------------------------------------------------------------------------------------------------

[2022-05-09 18:29:46 #1 store] 
Database 'C:\Users\Iker\Desktop\proiektua\src\main\resources\bets.temp' is opened by 9436@DESKTOP-8L6O8HK

[2022-05-09 18:29:47 #2 type.registry] 
New type domain.Question

[2022-05-09 18:29:47 #3 type] 
Type domain.Question is not enhanced.

[2022-05-09 18:29:47 #4 type.registry] 
New type domain.ErantzunPosiblea

[2022-05-09 18:29:47 #5 type.registry] 
New type java.util.Vector<domain.ErantzunPosiblea>

[2022-05-09 18:29:47 #6 type.registry] 
New type domain.Event

[2022-05-09 18:29:47 #7 type] 
Type domain.ErantzunPosiblea is not enhanced.

[2022-05-09 18:29:47 #8 type.registry] 
New type domain.Apustua

[2022-05-09 18:29:47 #9 type.registry] 
New type java.util.Vector<domain.Apustua>

[2022-05-09 18:29:47 #10 type] 
Type domain.Event is not enhanced.

[2022-05-09 18:29:47 #11 type.registry] 
New type java.util.Vector<domain.Question>

[2022-05-09 18:29:47 #12 type] 
Type domain.Apustua is not enhanced.

[2022-05-09 18:29:47 #13 type.registry] 
New type domain.User

[2022-05-09 18:29:47 #14 type] 
Type domain.User is not enhanced.

[2022-05-09 18:29:47 #15 type.registry] 
New type domain.Jarraipena

[2022-05-09 18:29:47 #16 type.registry] 
New type java.util.Vector<domain.Jarraipena>

[2022-05-09 18:29:47 #17 type.registry] 
New type domain.Mugimendua

[2022-05-09 18:29:47 #18 type.registry] 
New type java.util.Vector<domain.Mugimendua>

[2022-05-09 18:29:47 #19 type] 
Type domain.Jarraipena is not enhanced.

[2022-05-09 18:29:47 #20 type] 
Type domain.Mugimendua is not enhanced.

[2022-05-09 18:29:47 #21 type.registry] 
New type domain.Admin

[2022-05-09 18:29:47 #22 type] 
Type domain.Admin is not enhanced.

[2022-05-09 18:29:47 #23 type.registry] 
New type domain.Erabiltzailea

[2022-05-09 18:29:47 #24 type] 
Type domain.Erabiltzailea is not enhanced.

[2022-05-09 18:29:47 #25 type.registry] 
New type java.util.Vector<java.lang.Object>

------------------------------------------------------------------------------------------------------------------------

[2022-05-09 18:34:58 #1 store] 
Database 'C:\Users\Iker\Desktop\proiektua\src\main\resources\bets.temp' is opened by 9656@DESKTOP-8L6O8HK

[2022-05-09 18:34:58 #2 type.registry] 
New type domain.Question

[2022-05-09 18:34:58 #3 type] 
Type domain.Question is not enhanced.

[2022-05-09 18:34:58 #4 type.registry] 
New type domain.ErantzunPosiblea

[2022-05-09 18:34:59 #5 type.registry] 
New type java.util.Vector<domain.ErantzunPosiblea>

[2022-05-09 18:34:59 #6 type.registry] 
New type domain.Event

[2022-05-09 18:34:59 #7 type] 
Type domain.ErantzunPosiblea is not enhanced.

[2022-05-09 18:34:59 #8 type.registry] 
New type domain.Apustua

[2022-05-09 18:34:59 #9 type.registry] 
New type java.util.Vector<domain.Apustua>

[2022-05-09 18:34:59 #10 type] 
Type domain.Event is not enhanced.

[2022-05-09 18:34:59 #11 type.registry] 
New type java.util.Vector<domain.Question>

[2022-05-09 18:34:59 #12 type] 
Type domain.Apustua is not enhanced.

[2022-05-09 18:34:59 #13 type.registry] 
New type domain.User

[2022-05-09 18:34:59 #14 type] 
Type domain.User is not enhanced.

[2022-05-09 18:34:59 #15 type.registry] 
New type domain.Jarraipena

[2022-05-09 18:34:59 #16 type.registry] 
New type java.util.Vector<domain.Jarraipena>

[2022-05-09 18:34:59 #17 type.registry] 
New type domain.Mugimendua

[2022-05-09 18:34:59 #18 type.registry] 
New type java.util.Vector<domain.Mugimendua>

[2022-05-09 18:34:59 #19 type] 
Type domain.Jarraipena is not enhanced.

[2022-05-09 18:34:59 #20 type] 
Type domain.Mugimendua is not enhanced.

[2022-05-09 18:34:59 #21 type.registry] 
New type domain.Admin

[2022-05-09 18:34:59 #22 type] 
Type domain.Admin is not enhanced.

[2022-05-09 18:34:59 #23 type.registry] 
New type domain.Erabiltzailea

[2022-05-09 18:34:59 #24 type] 
Type domain.Erabiltzailea is not enhanced.

[2022-05-09 18:34:59 #25 type.registry] 
New type java.util.Vector<java.lang.Object>

------------------------------------------------------------------------------------------------------------------------

[2022-05-09 18:41:25 #1 store] 
Database 'C:\Users\Iker\Desktop\proiektua\src\main\resources\bets.temp' is opened by 1824@DESKTOP-8L6O8HK

[2022-05-09 18:41:25 #2 type.registry] 
New type domain.Question

[2022-05-09 18:41:25 #3 type] 
Type domain.Question is not enhanced.

[2022-05-09 18:41:25 #4 type.registry] 
New type domain.ErantzunPosiblea

[2022-05-09 18:41:25 #5 type.registry] 
New type java.util.Vector<domain.ErantzunPosiblea>

[2022-05-09 18:41:26 #6 type.registry] 
New type domain.Event

[2022-05-09 18:41:26 #7 type] 
Type domain.ErantzunPosiblea is not enhanced.

[2022-05-09 18:41:26 #8 type.registry] 
New type domain.Apustua

[2022-05-09 18:41:26 #9 type.registry] 
New type java.util.Vector<domain.Apustua>

[2022-05-09 18:41:26 #10 type] 
Type domain.Event is not enhanced.

[2022-05-09 18:41:26 #11 type.registry] 
New type java.util.Vector<domain.Question>

[2022-05-09 18:41:26 #12 type] 
Type domain.Apustua is not enhanced.

[2022-05-09 18:41:26 #13 type.registry] 
New type domain.User

[2022-05-09 18:41:26 #14 type] 
Type domain.User is not enhanced.

[2022-05-09 18:41:26 #15 type.registry] 
New type domain.Jarraipena

[2022-05-09 18:41:26 #16 type.registry] 
New type java.util.Vector<domain.Jarraipena>

[2022-05-09 18:41:26 #17 type.registry] 
New type domain.Mugimendua

[2022-05-09 18:41:26 #18 type.registry] 
New type java.util.Vector<domain.Mugimendua>

[2022-05-09 18:41:26 #19 type] 
Type domain.Jarraipena is not enhanced.

[2022-05-09 18:41:26 #20 type] 
Type domain.Mugimendua is not enhanced.

[2022-05-09 18:41:26 #21 type.registry] 
New type domain.Admin

[2022-05-09 18:41:26 #22 type] 
Type domain.Admin is not enhanced.

[2022-05-09 18:41:26 #23 type.registry] 
New type domain.Erabiltzailea

[2022-05-09 18:41:26 #24 type] 
Type domain.Erabiltzailea is not enhanced.

[2022-05-09 18:41:26 #25 type.registry] 
New type java.util.Vector<java.lang.Object>

------------------------------------------------------------------------------------------------------------------------

[2022-05-09 18:44:22 #1 store] 
Database 'C:\Users\Iker\Desktop\proiektua\src\main\resources\bets.temp' is opened by 2204@DESKTOP-8L6O8HK

[2022-05-09 18:44:23 #2 type.registry] 
New type domain.Question

[2022-05-09 18:44:23 #3 type] 
Type domain.Question is not enhanced.

[2022-05-09 18:44:23 #4 type.registry] 
New type domain.ErantzunPosiblea

[2022-05-09 18:44:23 #5 type.registry] 
New type java.util.Vector<domain.ErantzunPosiblea>

[2022-05-09 18:44:23 #6 type.registry] 
New type domain.Event

[2022-05-09 18:44:23 #7 type] 
Type domain.ErantzunPosiblea is not enhanced.

[2022-05-09 18:44:23 #8 type.registry] 
New type domain.Apustua

[2022-05-09 18:44:23 #9 type.registry] 
New type java.util.Vector<domain.Apustua>

[2022-05-09 18:44:23 #10 type] 
Type domain.Event is not enhanced.

[2022-05-09 18:44:23 #11 type.registry] 
New type java.util.Vector<domain.Question>

[2022-05-09 18:44:23 #12 type] 
Type domain.Apustua is not enhanced.

[2022-05-09 18:44:23 #13 type.registry] 
New type domain.User

[2022-05-09 18:44:23 #14 type] 
Type domain.User is not enhanced.

[2022-05-09 18:44:23 #15 type.registry] 
New type domain.Jarraipena

[2022-05-09 18:44:23 #16 type.registry] 
New type java.util.Vector<domain.Jarraipena>

[2022-05-09 18:44:23 #17 type.registry] 
New type domain.Mugimendua

[2022-05-09 18:44:23 #18 type.registry] 
New type java.util.Vector<domain.Mugimendua>

[2022-05-09 18:44:23 #19 type] 
Type domain.Jarraipena is not enhanced.

[2022-05-09 18:44:23 #20 type] 
Type domain.Mugimendua is not enhanced.

[2022-05-09 18:44:23 #21 type.registry] 
New type domain.Admin

[2022-05-09 18:44:23 #22 type] 
Type domain.Admin is not enhanced.

[2022-05-09 18:44:23 #23 type.registry] 
New type domain.Erabiltzailea

[2022-05-09 18:44:23 #24 type] 
Type domain.Erabiltzailea is not enhanced.

[2022-05-09 18:44:23 #25 type.registry] 
New type java.util.Vector<java.lang.Object>

------------------------------------------------------------------------------------------------------------------------

[2022-05-09 18:46:54 #1 store] 
Database 'C:\Users\Iker\Desktop\proiektua\src\main\resources\bets.temp' is opened by 6432@DESKTOP-8L6O8HK

[2022-05-09 18:46:55 #2 type.registry] 
New type domain.Question

[2022-05-09 18:46:55 #3 type] 
Type domain.Question is not enhanced.

[2022-05-09 18:46:55 #4 type.registry] 
New type domain.ErantzunPosiblea

[2022-05-09 18:46:55 #5 type.registry] 
New type java.util.Vector<domain.ErantzunPosiblea>

[2022-05-09 18:46:55 #6 type.registry] 
New type domain.Event

[2022-05-09 18:46:55 #7 type] 
Type domain.ErantzunPosiblea is not enhanced.

[2022-05-09 18:46:55 #8 type.registry] 
New type domain.Apustua

[2022-05-09 18:46:55 #9 type.registry] 
New type java.util.Vector<domain.Apustua>

[2022-05-09 18:46:55 #10 type] 
Type domain.Event is not enhanced.

[2022-05-09 18:46:55 #11 type.registry] 
New type java.util.Vector<domain.Question>

[2022-05-09 18:46:55 #12 type] 
Type domain.Apustua is not enhanced.

[2022-05-09 18:46:55 #13 type.registry] 
New type domain.User

[2022-05-09 18:46:55 #14 type] 
Type domain.User is not enhanced.

[2022-05-09 18:46:55 #15 type.registry] 
New type domain.Jarraipena

[2022-05-09 18:46:55 #16 type.registry] 
New type java.util.Vector<domain.Jarraipena>

[2022-05-09 18:46:55 #17 type.registry] 
New type domain.Mugimendua

[2022-05-09 18:46:55 #18 type.registry] 
New type java.util.Vector<domain.Mugimendua>

[2022-05-09 18:46:55 #19 type] 
Type domain.Jarraipena is not enhanced.

[2022-05-09 18:46:55 #20 type] 
Type domain.Mugimendua is not enhanced.

[2022-05-09 18:46:55 #21 type.registry] 
New type domain.Admin

[2022-05-09 18:46:55 #22 type] 
Type domain.Admin is not enhanced.

[2022-05-09 18:46:55 #23 type.registry] 
New type domain.Erabiltzailea

[2022-05-09 18:46:55 #24 type] 
Type domain.Erabiltzailea is not enhanced.

[2022-05-09 18:46:55 #25 type.registry] 
New type java.util.Vector<java.lang.Object>

------------------------------------------------------------------------------------------------------------------------

[2022-05-09 18:49:19 #1 store] 
Database 'C:\Users\Iker\Desktop\proiektua\src\main\resources\bets.temp' is opened by 5960@DESKTOP-8L6O8HK

[2022-05-09 18:49:20 #2 type.registry] 
New type domain.Question

[2022-05-09 18:49:20 #3 type] 
Type domain.Question is not enhanced.

[2022-05-09 18:49:20 #4 type.registry] 
New type domain.ErantzunPosiblea

[2022-05-09 18:49:20 #5 type.registry] 
New type java.util.Vector<domain.ErantzunPosiblea>

[2022-05-09 18:49:20 #6 type.registry] 
New type domain.Event

[2022-05-09 18:49:20 #7 type] 
Type domain.ErantzunPosiblea is not enhanced.

[2022-05-09 18:49:20 #8 type.registry] 
New type domain.Apustua

[2022-05-09 18:49:20 #9 type.registry] 
New type java.util.Vector<domain.Apustua>

[2022-05-09 18:49:20 #10 type] 
Type domain.Event is not enhanced.

[2022-05-09 18:49:20 #11 type.registry] 
New type java.util.Vector<domain.Question>

[2022-05-09 18:49:20 #12 type] 
Type domain.Apustua is not enhanced.

[2022-05-09 18:49:20 #13 type.registry] 
New type domain.User

[2022-05-09 18:49:20 #14 type] 
Type domain.User is not enhanced.

[2022-05-09 18:49:20 #15 type.registry] 
New type domain.Jarraipena

[2022-05-09 18:49:20 #16 type.registry] 
New type java.util.Vector<domain.Jarraipena>

[2022-05-09 18:49:20 #17 type.registry] 
New type domain.Mugimendua

[2022-05-09 18:49:20 #18 type.registry] 
New type java.util.Vector<domain.Mugimendua>

[2022-05-09 18:49:20 #19 type] 
Type domain.Jarraipena is not enhanced.

[2022-05-09 18:49:20 #20 type] 
Type domain.Mugimendua is not enhanced.

[2022-05-09 18:49:20 #21 type.registry] 
New type domain.Admin

[2022-05-09 18:49:20 #22 type] 
Type domain.Admin is not enhanced.

[2022-05-09 18:49:20 #23 type.registry] 
New type domain.Erabiltzailea

[2022-05-09 18:49:20 #24 type] 
Type domain.Erabiltzailea is not enhanced.

[2022-05-09 18:49:20 #25 type.registry] 
New type java.util.Vector<java.lang.Object>

------------------------------------------------------------------------------------------------------------------------

[2022-05-09 18:50:33 #1 store] 
Database 'C:\Users\Iker\Desktop\proiektua\src\main\resources\bets.temp' is opened by 6348@DESKTOP-8L6O8HK

[2022-05-09 18:50:33 #2 type.registry] 
New type domain.Question

[2022-05-09 18:50:33 #3 type] 
Type domain.Question is not enhanced.

[2022-05-09 18:50:33 #4 type.registry] 
New type domain.ErantzunPosiblea

[2022-05-09 18:50:33 #5 type.registry] 
New type java.util.Vector<domain.ErantzunPosiblea>

[2022-05-09 18:50:33 #6 type.registry] 
New type domain.Event

[2022-05-09 18:50:33 #7 type] 
Type domain.ErantzunPosiblea is not enhanced.

[2022-05-09 18:50:33 #8 type.registry] 
New type domain.Apustua

[2022-05-09 18:50:33 #9 type.registry] 
New type java.util.Vector<domain.Apustua>

[2022-05-09 18:50:33 #10 type] 
Type domain.Event is not enhanced.

[2022-05-09 18:50:33 #11 type.registry] 
New type java.util.Vector<domain.Question>

[2022-05-09 18:50:33 #12 type] 
Type domain.Apustua is not enhanced.

[2022-05-09 18:50:33 #13 type.registry] 
New type domain.User

[2022-05-09 18:50:33 #14 type] 
Type domain.User is not enhanced.

[2022-05-09 18:50:33 #15 type.registry] 
New type domain.Jarraipena

[2022-05-09 18:50:33 #16 type.registry] 
New type java.util.Vector<domain.Jarraipena>

[2022-05-09 18:50:33 #17 type.registry] 
New type domain.Mugimendua

[2022-05-09 18:50:33 #18 type.registry] 
New type java.util.Vector<domain.Mugimendua>

[2022-05-09 18:50:33 #19 type] 
Type domain.Jarraipena is not enhanced.

[2022-05-09 18:50:33 #20 type] 
Type domain.Mugimendua is not enhanced.

[2022-05-09 18:50:33 #21 type.registry] 
New type domain.Admin

[2022-05-09 18:50:33 #22 type] 
Type domain.Admin is not enhanced.

[2022-05-09 18:50:34 #23 type.registry] 
New type domain.Erabiltzailea

[2022-05-09 18:50:34 #24 type] 
Type domain.Erabiltzailea is not enhanced.

[2022-05-09 18:50:34 #25 type.registry] 
New type java.util.Vector<java.lang.Object>

