------------------------------------------------------------------------------------------------------------------------

[2022-05-14 11:30:15 #1 store] 
Database 'C:\Users\Iker\Desktop\proiektua\src\main\resources\bets.temp' is opened by 6976@DESKTOP-8L6O8HK

[2022-05-14 11:30:16 #2 type.registry] 
New type domain.Question

[2022-05-14 11:30:16 #3 type] 
Type domain.Question is not enhanced.

[2022-05-14 11:30:16 #4 type.registry] 
New type domain.ErantzunPosiblea

[2022-05-14 11:30:16 #5 type.registry] 
New type java.util.Vector<domain.ErantzunPosiblea>

[2022-05-14 11:30:16 #6 type.registry] 
New type domain.Event

[2022-05-14 11:30:16 #7 type] 
Type domain.ErantzunPosiblea is not enhanced.

[2022-05-14 11:30:16 #8 type.registry] 
New type domain.Apustua

[2022-05-14 11:30:16 #9 type.registry] 
New type java.util.Vector<domain.Apustua>

[2022-05-14 11:30:16 #10 type] 
Type domain.Event is not enhanced.

[2022-05-14 11:30:16 #11 type.registry] 
New type java.util.Vector<domain.Question>

[2022-05-14 11:30:16 #12 type] 
Type domain.Apustua is not enhanced.

[2022-05-14 11:30:16 #13 type.registry] 
New type domain.User

[2022-05-14 11:30:16 #14 type] 
Type domain.User is not enhanced.

[2022-05-14 11:30:16 #15 type.registry] 
New type domain.Elkarrizketa

[2022-05-14 11:30:16 #16 type.registry] 
New type java.util.Vector<domain.Elkarrizketa>

[2022-05-14 11:30:16 #17 type.registry] 
New type domain.Jarraipena

[2022-05-14 11:30:16 #18 type.registry] 
New type java.util.Vector<domain.Jarraipena>

[2022-05-14 11:30:16 #19 type.registry] 
New type domain.Mugimendua

[2022-05-14 11:30:16 #20 type.registry] 
New type java.util.Vector<domain.Mugimendua>

[2022-05-14 11:30:16 #21 type] 
Type domain.Elkarrizketa is not enhanced.

[2022-05-14 11:30:16 #22 type.registry] 
New type domain.Mezua

[2022-05-14 11:30:16 #23 type.registry] 
New type java.util.Vector<domain.Mezua>

[2022-05-14 11:30:16 #24 type] 
Type domain.Jarraipena is not enhanced.

[2022-05-14 11:30:16 #25 type] 
Type domain.Mugimendua is not enhanced.

[2022-05-14 11:30:16 #26 type] 
Type domain.Mezua is not enhanced.

[2022-05-14 11:30:16 #27 type.registry] 
New type domain.Admin

[2022-05-14 11:30:16 #28 type] 
Type domain.Admin is not enhanced.

[2022-05-14 11:30:16 #29 type.registry] 
New type domain.Erabiltzailea

[2022-05-14 11:30:16 #30 type] 
Type domain.Erabiltzailea is not enhanced.

[2022-05-14 11:30:16 #31 type.registry] 
New type java.util.Vector<java.lang.Object>

------------------------------------------------------------------------------------------------------------------------

[2022-05-14 11:31:55 #1 store] 
Database 'C:\Users\Iker\Desktop\proiektua\src\main\resources\bets.temp' is opened by 7856@DESKTOP-8L6O8HK

[2022-05-14 11:31:56 #2 type.registry] 
New type domain.Question

[2022-05-14 11:31:56 #3 type] 
Type domain.Question is not enhanced.

[2022-05-14 11:31:56 #4 type.registry] 
New type domain.ErantzunPosiblea

[2022-05-14 11:31:56 #5 type.registry] 
New type java.util.Vector<domain.ErantzunPosiblea>

[2022-05-14 11:31:56 #6 type.registry] 
New type domain.Event

[2022-05-14 11:31:56 #7 type] 
Type domain.ErantzunPosiblea is not enhanced.

[2022-05-14 11:31:56 #8 type.registry] 
New type domain.Apustua

[2022-05-14 11:31:56 #9 type.registry] 
New type java.util.Vector<domain.Apustua>

[2022-05-14 11:31:56 #10 type] 
Type domain.Event is not enhanced.

[2022-05-14 11:31:56 #11 type.registry] 
New type java.util.Vector<domain.Question>

[2022-05-14 11:31:56 #12 type] 
Type domain.Apustua is not enhanced.

[2022-05-14 11:31:56 #13 type.registry] 
New type domain.User

[2022-05-14 11:31:56 #14 type] 
Type domain.User is not enhanced.

[2022-05-14 11:31:56 #15 type.registry] 
New type domain.Elkarrizketa

[2022-05-14 11:31:56 #16 type.registry] 
New type java.util.Vector<domain.Elkarrizketa>

[2022-05-14 11:31:56 #17 type.registry] 
New type domain.Jarraipena

[2022-05-14 11:31:56 #18 type.registry] 
New type java.util.Vector<domain.Jarraipena>

[2022-05-14 11:31:56 #19 type.registry] 
New type domain.Mugimendua

[2022-05-14 11:31:56 #20 type.registry] 
New type java.util.Vector<domain.Mugimendua>

[2022-05-14 11:31:56 #21 type] 
Type domain.Elkarrizketa is not enhanced.

[2022-05-14 11:31:56 #22 type.registry] 
New type domain.Mezua

[2022-05-14 11:31:56 #23 type.registry] 
New type java.util.Vector<domain.Mezua>

[2022-05-14 11:31:56 #24 type] 
Type domain.Jarraipena is not enhanced.

[2022-05-14 11:31:56 #25 type] 
Type domain.Mugimendua is not enhanced.

[2022-05-14 11:31:56 #26 type] 
Type domain.Mezua is not enhanced.

[2022-05-14 11:31:56 #27 type.registry] 
New type domain.Admin

[2022-05-14 11:31:56 #28 type] 
Type domain.Admin is not enhanced.

[2022-05-14 11:31:56 #29 type.registry] 
New type domain.Erabiltzailea

[2022-05-14 11:31:56 #30 type] 
Type domain.Erabiltzailea is not enhanced.

[2022-05-14 11:31:56 #31 type.registry] 
New type java.util.Vector<java.lang.Object>

------------------------------------------------------------------------------------------------------------------------

[2022-05-14 11:33:33 #1 store] 
Database 'C:\Users\Iker\Desktop\proiektua\src\main\resources\bets.temp' is opened by 2328@DESKTOP-8L6O8HK

[2022-05-14 11:33:33 #2 type.registry] 
New type domain.Question

[2022-05-14 11:33:33 #3 type] 
Type domain.Question is not enhanced.

[2022-05-14 11:33:33 #4 type.registry] 
New type domain.ErantzunPosiblea

[2022-05-14 11:33:33 #5 type.registry] 
New type java.util.Vector<domain.ErantzunPosiblea>

[2022-05-14 11:33:33 #6 type.registry] 
New type domain.Event

[2022-05-14 11:33:33 #7 type] 
Type domain.ErantzunPosiblea is not enhanced.

[2022-05-14 11:33:33 #8 type.registry] 
New type domain.Apustua

[2022-05-14 11:33:33 #9 type.registry] 
New type java.util.Vector<domain.Apustua>

[2022-05-14 11:33:33 #10 type] 
Type domain.Event is not enhanced.

[2022-05-14 11:33:33 #11 type.registry] 
New type java.util.Vector<domain.Question>

[2022-05-14 11:33:33 #12 type] 
Type domain.Apustua is not enhanced.

[2022-05-14 11:33:33 #13 type.registry] 
New type domain.User

[2022-05-14 11:33:33 #14 type] 
Type domain.User is not enhanced.

[2022-05-14 11:33:33 #15 type.registry] 
New type domain.Elkarrizketa

[2022-05-14 11:33:33 #16 type.registry] 
New type java.util.Vector<domain.Elkarrizketa>

[2022-05-14 11:33:33 #17 type.registry] 
New type domain.Jarraipena

[2022-05-14 11:33:33 #18 type.registry] 
New type java.util.Vector<domain.Jarraipena>

[2022-05-14 11:33:33 #19 type.registry] 
New type domain.Mugimendua

[2022-05-14 11:33:33 #20 type.registry] 
New type java.util.Vector<domain.Mugimendua>

[2022-05-14 11:33:33 #21 type] 
Type domain.Elkarrizketa is not enhanced.

[2022-05-14 11:33:33 #22 type.registry] 
New type domain.Mezua

[2022-05-14 11:33:33 #23 type.registry] 
New type java.util.Vector<domain.Mezua>

[2022-05-14 11:33:33 #24 type] 
Type domain.Jarraipena is not enhanced.

[2022-05-14 11:33:33 #25 type] 
Type domain.Mugimendua is not enhanced.

[2022-05-14 11:33:33 #26 type] 
Type domain.Mezua is not enhanced.

[2022-05-14 11:33:33 #27 type.registry] 
New type domain.Admin

[2022-05-14 11:33:33 #28 type] 
Type domain.Admin is not enhanced.

[2022-05-14 11:33:33 #29 type.registry] 
New type domain.Erabiltzailea

[2022-05-14 11:33:33 #30 type] 
Type domain.Erabiltzailea is not enhanced.

[2022-05-14 11:33:33 #31 type.registry] 
New type java.util.Vector<java.lang.Object>

