------------------------------------------------------------------------------------------------------------------------

[2022-03-08 10:16:52 #1 store] 
Database 'C:\Users\Iker\Desktop\proiektua\src\main\resources\bets.temp' is opened by 9152@DESKTOP-8L6O8HK

[2022-03-08 10:16:53 #2 type.registry] 
New type domain.Question

[2022-03-08 10:16:53 #3 type] 
Type domain.Question is not enhanced.

[2022-03-08 10:16:53 #4 type.registry] 
New type domain.Event

[2022-03-08 10:16:53 #5 type] 
Type domain.Event is not enhanced.

[2022-03-08 10:16:53 #6 type.registry] 
New type java.util.Vector<domain.Question>

[2022-03-08 10:16:53 #7 type.registry] 
New type domain.User

[2022-03-08 10:16:53 #8 type.registry] 
New type domain.Admin

[2022-03-08 10:16:53 #9 type] 
Type domain.User is not enhanced.

[2022-03-08 10:16:53 #10 type] 
Type domain.Admin is not enhanced.

[2022-03-08 10:16:53 #11 type.registry] 
New type domain.Erabiltzailea

[2022-03-08 10:16:53 #12 type] 
Type domain.Erabiltzailea is not enhanced.

[2022-03-08 10:16:53 #13 type.registry] 
New type java.util.Vector<java.lang.Object>

------------------------------------------------------------------------------------------------------------------------

[2022-03-08 10:18:31 #1 store] 
Database 'C:\Users\Iker\Desktop\proiektua\src\main\resources\bets.temp' is opened by 3552@DESKTOP-8L6O8HK

[2022-03-08 10:18:31 #2 type.registry] 
New type domain.Question

[2022-03-08 10:18:31 #3 type] 
Type domain.Question is not enhanced.

[2022-03-08 10:18:31 #4 type.registry] 
New type domain.Event

[2022-03-08 10:18:31 #5 type] 
Type domain.Event is not enhanced.

[2022-03-08 10:18:31 #6 type.registry] 
New type java.util.Vector<domain.Question>

[2022-03-08 10:18:31 #7 type.registry] 
New type domain.User

[2022-03-08 10:18:31 #8 type.registry] 
New type domain.Admin

[2022-03-08 10:18:31 #9 type] 
Type domain.User is not enhanced.

[2022-03-08 10:18:31 #10 type] 
Type domain.Admin is not enhanced.

[2022-03-08 10:18:31 #11 type.registry] 
New type domain.Erabiltzailea

[2022-03-08 10:18:31 #12 type] 
Type domain.Erabiltzailea is not enhanced.

[2022-03-08 10:18:31 #13 type.registry] 
New type java.util.Vector<java.lang.Object>

------------------------------------------------------------------------------------------------------------------------

[2022-03-08 10:20:13 #1 store] 
Database 'C:\Users\Iker\Desktop\proiektua\src\main\resources\bets.temp' is opened by 5136@DESKTOP-8L6O8HK

[2022-03-08 10:20:13 #2 type.registry] 
New type domain.Question

[2022-03-08 10:20:13 #3 type] 
Type domain.Question is not enhanced.

[2022-03-08 10:20:13 #4 type.registry] 
New type domain.Event

[2022-03-08 10:20:13 #5 type] 
Type domain.Event is not enhanced.

[2022-03-08 10:20:13 #6 type.registry] 
New type java.util.Vector<domain.Question>

[2022-03-08 10:20:13 #7 type.registry] 
New type domain.User

[2022-03-08 10:20:13 #8 type.registry] 
New type domain.Admin

[2022-03-08 10:20:13 #9 type] 
Type domain.User is not enhanced.

[2022-03-08 10:20:13 #10 type] 
Type domain.Admin is not enhanced.

[2022-03-08 10:20:13 #11 type.registry] 
New type domain.Erabiltzailea

[2022-03-08 10:20:13 #12 type] 
Type domain.Erabiltzailea is not enhanced.

[2022-03-08 10:20:13 #13 type.registry] 
New type java.util.Vector<java.lang.Object>

------------------------------------------------------------------------------------------------------------------------

[2022-03-08 10:23:37 #1 store] 
Database 'C:\Users\Iker\Desktop\proiektua\src\main\resources\bets.temp' is opened by 6408@DESKTOP-8L6O8HK

[2022-03-08 10:23:37 #2 type.registry] 
New type domain.Question

[2022-03-08 10:23:37 #3 type] 
Type domain.Question is not enhanced.

[2022-03-08 10:23:37 #4 type.registry] 
New type domain.Event

[2022-03-08 10:23:37 #5 type] 
Type domain.Event is not enhanced.

[2022-03-08 10:23:37 #6 type.registry] 
New type java.util.Vector<domain.Question>

[2022-03-08 10:23:37 #7 type.registry] 
New type domain.User

[2022-03-08 10:23:37 #8 type.registry] 
New type domain.Admin

[2022-03-08 10:23:37 #9 type] 
Type domain.User is not enhanced.

[2022-03-08 10:23:37 #10 type] 
Type domain.Admin is not enhanced.

[2022-03-08 10:23:37 #11 type.registry] 
New type domain.Erabiltzailea

[2022-03-08 10:23:37 #12 type] 
Type domain.Erabiltzailea is not enhanced.

[2022-03-08 10:23:37 #13 type.registry] 
New type java.util.Vector<java.lang.Object>

------------------------------------------------------------------------------------------------------------------------

[2022-03-08 10:25:58 #1 store] 
Database 'C:\Users\Iker\Desktop\proiektua\src\main\resources\bets.temp' is opened by 4632@DESKTOP-8L6O8HK

[2022-03-08 10:25:58 #2 type.registry] 
New type domain.Question

[2022-03-08 10:25:58 #3 type] 
Type domain.Question is not enhanced.

[2022-03-08 10:25:59 #4 type.registry] 
New type domain.Event

[2022-03-08 10:25:59 #5 type] 
Type domain.Event is not enhanced.

[2022-03-08 10:25:59 #6 type.registry] 
New type java.util.Vector<domain.Question>

[2022-03-08 10:25:59 #7 type.registry] 
New type domain.User

[2022-03-08 10:25:59 #8 type.registry] 
New type domain.Admin

[2022-03-08 10:25:59 #9 type] 
Type domain.User is not enhanced.

[2022-03-08 10:25:59 #10 type] 
Type domain.Admin is not enhanced.

[2022-03-08 10:25:59 #11 type.registry] 
New type domain.Erabiltzailea

[2022-03-08 10:25:59 #12 type] 
Type domain.Erabiltzailea is not enhanced.

[2022-03-08 10:25:59 #13 type.registry] 
New type java.util.Vector<java.lang.Object>

------------------------------------------------------------------------------------------------------------------------

[2022-03-08 10:27:31 #1 store] 
Database 'C:\Users\Iker\Desktop\proiektua\src\main\resources\bets.temp' is opened by 4656@DESKTOP-8L6O8HK

[2022-03-08 10:27:32 #2 type.registry] 
New type domain.Question

[2022-03-08 10:27:32 #3 type] 
Type domain.Question is not enhanced.

[2022-03-08 10:27:32 #4 type.registry] 
New type domain.Event

[2022-03-08 10:27:32 #5 type] 
Type domain.Event is not enhanced.

[2022-03-08 10:27:32 #6 type.registry] 
New type java.util.Vector<domain.Question>

[2022-03-08 10:27:32 #7 type.registry] 
New type domain.User

[2022-03-08 10:27:32 #8 type.registry] 
New type domain.Admin

[2022-03-08 10:27:32 #9 type] 
Type domain.User is not enhanced.

[2022-03-08 10:27:32 #10 type] 
Type domain.Admin is not enhanced.

[2022-03-08 10:27:32 #11 type.registry] 
New type domain.Erabiltzailea

[2022-03-08 10:27:32 #12 type] 
Type domain.Erabiltzailea is not enhanced.

[2022-03-08 10:27:32 #13 type.registry] 
New type java.util.Vector<java.lang.Object>

------------------------------------------------------------------------------------------------------------------------

[2022-03-08 10:42:39 #1 store] 
Database 'C:\Users\Iker\Desktop\proiektua\src\main\resources\bets.temp' is opened by 9772@DESKTOP-8L6O8HK

[2022-03-08 10:42:40 #2 type.registry] 
New type domain.Question

[2022-03-08 10:42:40 #3 type] 
Type domain.Question is not enhanced.

[2022-03-08 10:42:40 #4 type.registry] 
New type domain.Event

[2022-03-08 10:42:40 #5 type] 
Type domain.Event is not enhanced.

[2022-03-08 10:42:40 #6 type.registry] 
New type java.util.Vector<domain.Question>

[2022-03-08 10:42:40 #7 type.registry] 
New type domain.User

[2022-03-08 10:42:40 #8 type.registry] 
New type domain.Admin

[2022-03-08 10:42:40 #9 type] 
Type domain.User is not enhanced.

[2022-03-08 10:42:40 #10 type] 
Type domain.Admin is not enhanced.

[2022-03-08 10:42:40 #11 type.registry] 
New type domain.Erabiltzailea

[2022-03-08 10:42:40 #12 type] 
Type domain.Erabiltzailea is not enhanced.

[2022-03-08 10:42:40 #13 type.registry] 
New type java.util.Vector<java.lang.Object>

------------------------------------------------------------------------------------------------------------------------

[2022-03-08 10:44:03 #1 store] 
Database 'C:\Users\Iker\Desktop\proiektua\src\main\resources\bets.temp' is opened by 9812@DESKTOP-8L6O8HK

[2022-03-08 10:44:04 #2 type.registry] 
New type domain.Question

[2022-03-08 10:44:04 #3 type] 
Type domain.Question is not enhanced.

[2022-03-08 10:44:04 #4 type.registry] 
New type domain.Event

[2022-03-08 10:44:04 #5 type] 
Type domain.Event is not enhanced.

[2022-03-08 10:44:04 #6 type.registry] 
New type java.util.Vector<domain.Question>

[2022-03-08 10:44:04 #7 type.registry] 
New type domain.User

[2022-03-08 10:44:04 #8 type.registry] 
New type domain.Admin

[2022-03-08 10:44:04 #9 type] 
Type domain.User is not enhanced.

[2022-03-08 10:44:04 #10 type] 
Type domain.Admin is not enhanced.

[2022-03-08 10:44:04 #11 type.registry] 
New type domain.Erabiltzailea

[2022-03-08 10:44:04 #12 type] 
Type domain.Erabiltzailea is not enhanced.

[2022-03-08 10:44:04 #13 type.registry] 
New type java.util.Vector<java.lang.Object>

------------------------------------------------------------------------------------------------------------------------

[2022-03-08 10:46:14 #1 store] 
Database 'C:\Users\Iker\Desktop\proiektua\src\main\resources\bets.temp' is opened by 8768@DESKTOP-8L6O8HK

[2022-03-08 10:46:14 #2 type.registry] 
New type domain.Question

[2022-03-08 10:46:14 #3 type] 
Type domain.Question is not enhanced.

[2022-03-08 10:46:14 #4 type.registry] 
New type domain.Event

[2022-03-08 10:46:14 #5 type] 
Type domain.Event is not enhanced.

[2022-03-08 10:46:15 #6 type.registry] 
New type java.util.Vector<domain.Question>

[2022-03-08 10:46:15 #7 type.registry] 
New type domain.User

[2022-03-08 10:46:15 #8 type.registry] 
New type domain.Admin

[2022-03-08 10:46:15 #9 type] 
Type domain.User is not enhanced.

[2022-03-08 10:46:15 #10 type] 
Type domain.Admin is not enhanced.

[2022-03-08 10:46:15 #11 type.registry] 
New type domain.Erabiltzailea

[2022-03-08 10:46:15 #12 type] 
Type domain.Erabiltzailea is not enhanced.

[2022-03-08 10:46:15 #13 type.registry] 
New type java.util.Vector<java.lang.Object>

------------------------------------------------------------------------------------------------------------------------

[2022-03-08 10:46:57 #1 store] 
Database 'C:\Users\Iker\Desktop\proiektua\src\main\resources\bets.temp' is opened by 10220@DESKTOP-8L6O8HK

[2022-03-08 10:46:58 #2 type.registry] 
New type domain.Question

[2022-03-08 10:46:58 #3 type] 
Type domain.Question is not enhanced.

[2022-03-08 10:46:58 #4 type.registry] 
New type domain.Event

[2022-03-08 10:46:58 #5 type] 
Type domain.Event is not enhanced.

[2022-03-08 10:46:58 #6 type.registry] 
New type java.util.Vector<domain.Question>

[2022-03-08 10:46:58 #7 type.registry] 
New type domain.User

[2022-03-08 10:46:58 #8 type.registry] 
New type domain.Admin

[2022-03-08 10:46:58 #9 type] 
Type domain.User is not enhanced.

[2022-03-08 10:46:58 #10 type] 
Type domain.Admin is not enhanced.

[2022-03-08 10:46:58 #11 type.registry] 
New type domain.Erabiltzailea

[2022-03-08 10:46:58 #12 type] 
Type domain.Erabiltzailea is not enhanced.

[2022-03-08 10:46:58 #13 type.registry] 
New type java.util.Vector<java.lang.Object>

------------------------------------------------------------------------------------------------------------------------

[2022-03-08 11:21:25 #1 store] 
Database 'C:\Users\Iker\Desktop\proiektua\src\main\resources\bets.temp' is opened by 9708@DESKTOP-8L6O8HK

[2022-03-08 11:21:25 #2 type.registry] 
New type domain.Question

[2022-03-08 11:21:25 #3 type] 
Type domain.Question is not enhanced.

[2022-03-08 11:21:25 #4 type.registry] 
New type domain.Kuota

[2022-03-08 11:21:25 #5 type.registry] 
New type java.util.Vector<domain.Kuota>

[2022-03-08 11:21:25 #6 type.registry] 
New type domain.Event

[2022-03-08 11:21:25 #7 type] 
Type domain.Event is not enhanced.

[2022-03-08 11:21:25 #8 type.registry] 
New type java.util.Vector<domain.Question>

[2022-03-08 11:21:25 #9 type.registry] 
New type domain.User

[2022-03-08 11:21:25 #10 type.registry] 
New type domain.Admin

[2022-03-08 11:21:25 #11 type] 
Type domain.User is not enhanced.

[2022-03-08 11:21:25 #12 type] 
Type domain.Admin is not enhanced.

[2022-03-08 11:21:25 #13 type.registry] 
New type domain.Erabiltzailea

[2022-03-08 11:21:25 #14 type] 
Type domain.Erabiltzailea is not enhanced.

[2022-03-08 11:21:25 #15 type.registry] 
New type java.util.Vector<java.lang.Object>

------------------------------------------------------------------------------------------------------------------------

[2022-03-08 11:21:45 #1 store] 
Database 'C:\Users\Iker\Desktop\proiektua\src\main\resources\bets.temp' is opened by 3764@DESKTOP-8L6O8HK

[2022-03-08 11:21:46 #2 type.registry] 
New type domain.Question

[2022-03-08 11:21:46 #3 type] 
Type domain.Question is not enhanced.

[2022-03-08 11:21:46 #4 type.registry] 
New type domain.Kuota

[2022-03-08 11:21:46 #5 type.registry] 
New type java.util.Vector<domain.Kuota>

[2022-03-08 11:21:46 #6 type.registry] 
New type domain.Event

[2022-03-08 11:21:46 #7 type] 
Type domain.Event is not enhanced.

[2022-03-08 11:21:46 #8 type.registry] 
New type java.util.Vector<domain.Question>

[2022-03-08 11:21:46 #9 type.registry] 
New type domain.User

[2022-03-08 11:21:46 #10 type.registry] 
New type domain.Admin

[2022-03-08 11:21:46 #11 type] 
Type domain.User is not enhanced.

[2022-03-08 11:21:46 #12 type] 
Type domain.Admin is not enhanced.

[2022-03-08 11:21:46 #13 type.registry] 
New type domain.Erabiltzailea

[2022-03-08 11:21:46 #14 type] 
Type domain.Erabiltzailea is not enhanced.

[2022-03-08 11:21:46 #15 type.registry] 
New type java.util.Vector<java.lang.Object>

------------------------------------------------------------------------------------------------------------------------

[2022-03-08 11:23:09 #1 store] 
Database 'C:\Users\Iker\Desktop\proiektua\src\main\resources\bets.temp' is opened by 9956@DESKTOP-8L6O8HK

[2022-03-08 11:23:10 #2 type.registry] 
New type domain.Question

[2022-03-08 11:23:10 #3 type] 
Type domain.Question is not enhanced.

[2022-03-08 11:23:10 #4 type.registry] 
New type domain.Kuota

[2022-03-08 11:23:10 #5 type.registry] 
New type java.util.Vector<domain.Kuota>

[2022-03-08 11:23:10 #6 type.registry] 
New type domain.Event

[2022-03-08 11:23:10 #7 type] 
Type domain.Event is not enhanced.

[2022-03-08 11:23:10 #8 type.registry] 
New type java.util.Vector<domain.Question>

[2022-03-08 11:23:10 #9 type.registry] 
New type domain.User

[2022-03-08 11:23:10 #10 type.registry] 
New type domain.Admin

[2022-03-08 11:23:10 #11 type] 
Type domain.User is not enhanced.

[2022-03-08 11:23:10 #12 type] 
Type domain.Admin is not enhanced.

[2022-03-08 11:23:10 #13 type.registry] 
New type domain.Erabiltzailea

[2022-03-08 11:23:10 #14 type] 
Type domain.Erabiltzailea is not enhanced.

[2022-03-08 11:23:10 #15 type.registry] 
New type java.util.Vector<java.lang.Object>

------------------------------------------------------------------------------------------------------------------------

[2022-03-08 11:27:09 #1 store] 
Database 'C:\Users\Iker\Desktop\proiektua\src\main\resources\bets.temp' is opened by 9660@DESKTOP-8L6O8HK

[2022-03-08 11:27:10 #2 type.registry] 
New type domain.Question

[2022-03-08 11:27:10 #3 type] 
Type domain.Question is not enhanced.

[2022-03-08 11:27:10 #4 type.registry] 
New type domain.Kuota

[2022-03-08 11:27:10 #5 type.registry] 
New type java.util.Vector<domain.Kuota>

[2022-03-08 11:27:10 #6 type.registry] 
New type domain.Event

[2022-03-08 11:27:10 #7 type] 
Type domain.Event is not enhanced.

[2022-03-08 11:27:10 #8 type.registry] 
New type java.util.Vector<domain.Question>

[2022-03-08 11:27:10 #9 type.registry] 
New type domain.User

[2022-03-08 11:27:10 #10 type.registry] 
New type domain.Admin

[2022-03-08 11:27:10 #11 type] 
Type domain.User is not enhanced.

[2022-03-08 11:27:10 #12 type] 
Type domain.Admin is not enhanced.

[2022-03-08 11:27:10 #13 type.registry] 
New type domain.Erabiltzailea

[2022-03-08 11:27:10 #14 type] 
Type domain.Erabiltzailea is not enhanced.

[2022-03-08 11:27:10 #15 type.registry] 
New type java.util.Vector<java.lang.Object>

------------------------------------------------------------------------------------------------------------------------

[2022-03-08 11:31:04 #1 store] 
Database 'C:\Users\Iker\Desktop\proiektua\src\main\resources\bets.temp' is opened by 1808@DESKTOP-8L6O8HK

[2022-03-08 11:31:04 #2 type.registry] 
New type domain.Question

[2022-03-08 11:31:04 #3 type] 
Type domain.Question is not enhanced.

[2022-03-08 11:31:04 #4 type.registry] 
New type domain.Kuota

[2022-03-08 11:31:04 #5 type.registry] 
New type java.util.Vector<domain.Kuota>

[2022-03-08 11:31:04 #6 type.registry] 
New type domain.Event

[2022-03-08 11:31:04 #7 type] 
Type domain.Event is not enhanced.

[2022-03-08 11:31:04 #8 type.registry] 
New type java.util.Vector<domain.Question>

[2022-03-08 11:31:04 #9 type.registry] 
New type domain.User

[2022-03-08 11:31:04 #10 type.registry] 
New type domain.Admin

[2022-03-08 11:31:04 #11 type] 
Type domain.User is not enhanced.

[2022-03-08 11:31:04 #12 type] 
Type domain.Admin is not enhanced.

[2022-03-08 11:31:04 #13 type.registry] 
New type domain.Erabiltzailea

[2022-03-08 11:31:04 #14 type] 
Type domain.Erabiltzailea is not enhanced.

[2022-03-08 11:31:05 #15 type.registry] 
New type java.util.Vector<java.lang.Object>

------------------------------------------------------------------------------------------------------------------------

[2022-03-08 11:34:05 #1 store] 
Database 'C:\Users\Iker\Desktop\proiektua\src\main\resources\bets.temp' is opened by 3836@DESKTOP-8L6O8HK

[2022-03-08 11:34:05 #2 type.registry] 
New type domain.Question

[2022-03-08 11:34:05 #3 type] 
Type domain.Question is not enhanced.

[2022-03-08 11:34:05 #4 type.registry] 
New type domain.Kuota

[2022-03-08 11:34:05 #5 type.registry] 
New type java.util.Vector<domain.Kuota>

[2022-03-08 11:34:05 #6 type.registry] 
New type domain.Event

[2022-03-08 11:34:05 #7 type] 
Type domain.Event is not enhanced.

[2022-03-08 11:34:05 #8 type.registry] 
New type java.util.Vector<domain.Question>

[2022-03-08 11:34:05 #9 type.registry] 
New type domain.User

[2022-03-08 11:34:05 #10 type.registry] 
New type domain.Admin

[2022-03-08 11:34:05 #11 type] 
Type domain.User is not enhanced.

[2022-03-08 11:34:05 #12 type] 
Type domain.Admin is not enhanced.

[2022-03-08 11:34:05 #13 type.registry] 
New type domain.Erabiltzailea

[2022-03-08 11:34:05 #14 type] 
Type domain.Erabiltzailea is not enhanced.

[2022-03-08 11:34:05 #15 type.registry] 
New type java.util.Vector<java.lang.Object>

