------------------------------------------------------------------------------------------------------------------------

[2022-03-07 16:54:04 #1 store] 
Database 'C:\Users\Iker\Desktop\proiektua\src\main\resources\bets.temp' is opened by 5076@DESKTOP-8L6O8HK

[2022-03-07 16:54:04 #2 type.registry] 
New type domain.Question

[2022-03-07 16:54:04 #3 type] 
Type domain.Question is not enhanced.

[2022-03-07 16:54:04 #4 type.registry] 
New type domain.Event

[2022-03-07 16:54:04 #5 type] 
Type domain.Event is not enhanced.

[2022-03-07 16:54:04 #6 type.registry] 
New type java.util.Vector<domain.Question>

[2022-03-07 16:54:04 #7 type.registry] 
New type domain.User

[2022-03-07 16:54:04 #8 type.registry] 
New type domain.Admin

[2022-03-07 16:54:04 #9 type] 
Type domain.User is not enhanced.

[2022-03-07 16:54:04 #10 type] 
Type domain.Admin is not enhanced.

[2022-03-07 16:54:04 #11 type.registry] 
New type domain.Erabiltzailea

[2022-03-07 16:54:04 #12 type] 
Type domain.Erabiltzailea is not enhanced.

[2022-03-07 16:54:04 #13 type.registry] 
New type java.util.Vector<java.lang.Object>

------------------------------------------------------------------------------------------------------------------------

[2022-03-07 16:55:13 #1 store] 
Database 'C:\Users\Iker\Desktop\proiektua\src\main\resources\bets.temp' is opened by 4292@DESKTOP-8L6O8HK

[2022-03-07 16:55:13 #2 type.registry] 
New type domain.Question

[2022-03-07 16:55:13 #3 type] 
Type domain.Question is not enhanced.

[2022-03-07 16:55:13 #4 type.registry] 
New type domain.Event

[2022-03-07 16:55:13 #5 type] 
Type domain.Event is not enhanced.

[2022-03-07 16:55:13 #6 type.registry] 
New type java.util.Vector<domain.Question>

[2022-03-07 16:55:13 #7 type.registry] 
New type domain.User

[2022-03-07 16:55:13 #8 type.registry] 
New type domain.Admin

[2022-03-07 16:55:13 #9 type] 
Type domain.User is not enhanced.

[2022-03-07 16:55:13 #10 type] 
Type domain.Admin is not enhanced.

[2022-03-07 16:55:13 #11 type.registry] 
New type domain.Erabiltzailea

[2022-03-07 16:55:13 #12 type] 
Type domain.Erabiltzailea is not enhanced.

[2022-03-07 16:55:13 #13 type.registry] 
New type java.util.Vector<java.lang.Object>

------------------------------------------------------------------------------------------------------------------------

[2022-03-07 16:56:03 #1 store] 
Database 'C:\Users\Iker\Desktop\proiektua\src\main\resources\bets.temp' is opened by 6456@DESKTOP-8L6O8HK

[2022-03-07 16:56:03 #2 type.registry] 
New type domain.Question

[2022-03-07 16:56:03 #3 type] 
Type domain.Question is not enhanced.

[2022-03-07 16:56:03 #4 type.registry] 
New type domain.Event

[2022-03-07 16:56:03 #5 type] 
Type domain.Event is not enhanced.

[2022-03-07 16:56:03 #6 type.registry] 
New type java.util.Vector<domain.Question>

[2022-03-07 16:56:03 #7 type.registry] 
New type domain.User

[2022-03-07 16:56:03 #8 type.registry] 
New type domain.Admin

[2022-03-07 16:56:03 #9 type] 
Type domain.User is not enhanced.

[2022-03-07 16:56:03 #10 type] 
Type domain.Admin is not enhanced.

[2022-03-07 16:56:03 #11 type.registry] 
New type domain.Erabiltzailea

[2022-03-07 16:56:03 #12 type] 
Type domain.Erabiltzailea is not enhanced.

[2022-03-07 16:56:03 #13 type.registry] 
New type java.util.Vector<java.lang.Object>

------------------------------------------------------------------------------------------------------------------------

[2022-03-07 16:56:18 #1 store] 
Database 'C:\Users\Iker\Desktop\proiektua\src\main\resources\bets.temp' is opened by 10620@DESKTOP-8L6O8HK

[2022-03-07 16:56:19 #2 type.registry] 
New type domain.Question

[2022-03-07 16:56:19 #3 type] 
Type domain.Question is not enhanced.

[2022-03-07 16:56:19 #4 type.registry] 
New type domain.Event

[2022-03-07 16:56:19 #5 type] 
Type domain.Event is not enhanced.

[2022-03-07 16:56:19 #6 type.registry] 
New type java.util.Vector<domain.Question>

[2022-03-07 16:56:19 #7 type.registry] 
New type domain.User

[2022-03-07 16:56:19 #8 type.registry] 
New type domain.Admin

[2022-03-07 16:56:19 #9 type] 
Type domain.User is not enhanced.

[2022-03-07 16:56:19 #10 type] 
Type domain.Admin is not enhanced.

[2022-03-07 16:56:19 #11 type.registry] 
New type domain.Erabiltzailea

[2022-03-07 16:56:19 #12 type] 
Type domain.Erabiltzailea is not enhanced.

[2022-03-07 16:56:19 #13 type.registry] 
New type java.util.Vector<java.lang.Object>

------------------------------------------------------------------------------------------------------------------------

[2022-03-07 17:03:37 #1 store] 
Database 'C:\Users\Iker\Desktop\proiektua\src\main\resources\bets.temp' is opened by 8944@DESKTOP-8L6O8HK

[2022-03-07 17:03:38 #2 type.registry] 
New type domain.Question

[2022-03-07 17:03:38 #3 type] 
Type domain.Question is not enhanced.

[2022-03-07 17:03:38 #4 type.registry] 
New type domain.Event

[2022-03-07 17:03:38 #5 type] 
Type domain.Event is not enhanced.

[2022-03-07 17:03:38 #6 type.registry] 
New type java.util.Vector<domain.Question>

[2022-03-07 17:03:38 #7 type.registry] 
New type domain.User

[2022-03-07 17:03:38 #8 type.registry] 
New type domain.Admin

[2022-03-07 17:03:38 #9 type] 
Type domain.User is not enhanced.

[2022-03-07 17:03:38 #10 type] 
Type domain.Admin is not enhanced.

[2022-03-07 17:03:38 #11 type.registry] 
New type domain.Erabiltzailea

[2022-03-07 17:03:38 #12 type] 
Type domain.Erabiltzailea is not enhanced.

[2022-03-07 17:03:38 #13 type.registry] 
New type java.util.Vector<java.lang.Object>

------------------------------------------------------------------------------------------------------------------------

[2022-03-07 17:45:14 #1 store] 
Database 'C:\Users\Iker\Desktop\proiektua\src\main\resources\bets.temp' is opened by 7220@DESKTOP-8L6O8HK

[2022-03-07 17:45:14 #2 type.registry] 
New type domain.Question

[2022-03-07 17:45:14 #3 type] 
Type domain.Question is not enhanced.

[2022-03-07 17:45:14 #4 type.registry] 
New type domain.Event

[2022-03-07 17:45:14 #5 type] 
Type domain.Event is not enhanced.

[2022-03-07 17:45:14 #6 type.registry] 
New type java.util.Vector<domain.Question>

[2022-03-07 17:45:14 #7 type.registry] 
New type domain.User

[2022-03-07 17:45:14 #8 type.registry] 
New type domain.Admin

[2022-03-07 17:45:14 #9 type] 
Type domain.User is not enhanced.

[2022-03-07 17:45:14 #10 type] 
Type domain.Admin is not enhanced.

[2022-03-07 17:45:14 #11 type.registry] 
New type domain.Erabiltzailea

[2022-03-07 17:45:14 #12 type] 
Type domain.Erabiltzailea is not enhanced.

[2022-03-07 17:45:14 #13 type.registry] 
New type java.util.Vector<java.lang.Object>

------------------------------------------------------------------------------------------------------------------------

[2022-03-07 17:46:22 #1 store] 
Database 'C:\Users\Iker\Desktop\proiektua\src\main\resources\bets.temp' is opened by 12124@DESKTOP-8L6O8HK

[2022-03-07 17:46:22 #2 type.registry] 
New type domain.Question

[2022-03-07 17:46:22 #3 type] 
Type domain.Question is not enhanced.

[2022-03-07 17:46:22 #4 type.registry] 
New type domain.Event

[2022-03-07 17:46:22 #5 type] 
Type domain.Event is not enhanced.

[2022-03-07 17:46:22 #6 type.registry] 
New type java.util.Vector<domain.Question>

[2022-03-07 17:46:22 #7 type.registry] 
New type domain.User

[2022-03-07 17:46:22 #8 type.registry] 
New type domain.Admin

[2022-03-07 17:46:22 #9 type] 
Type domain.User is not enhanced.

[2022-03-07 17:46:22 #10 type] 
Type domain.Admin is not enhanced.

[2022-03-07 17:46:22 #11 type.registry] 
New type domain.Erabiltzailea

[2022-03-07 17:46:22 #12 type] 
Type domain.Erabiltzailea is not enhanced.

[2022-03-07 17:46:22 #13 type.registry] 
New type java.util.Vector<java.lang.Object>

------------------------------------------------------------------------------------------------------------------------

[2022-03-07 17:49:47 #1 store] 
Database 'C:\Users\Iker\Desktop\proiektua\src\main\resources\bets.temp' is opened by 224@DESKTOP-8L6O8HK

[2022-03-07 17:49:47 #2 type.registry] 
New type domain.Question

[2022-03-07 17:49:47 #3 type] 
Type domain.Question is not enhanced.

[2022-03-07 17:49:47 #4 type.registry] 
New type domain.Event

[2022-03-07 17:49:47 #5 type] 
Type domain.Event is not enhanced.

[2022-03-07 17:49:47 #6 type.registry] 
New type java.util.Vector<domain.Question>

[2022-03-07 17:49:47 #7 type.registry] 
New type domain.User

[2022-03-07 17:49:47 #8 type.registry] 
New type domain.Admin

[2022-03-07 17:49:47 #9 type] 
Type domain.User is not enhanced.

[2022-03-07 17:49:47 #10 type] 
Type domain.Admin is not enhanced.

[2022-03-07 17:49:47 #11 type.registry] 
New type domain.Erabiltzailea

[2022-03-07 17:49:47 #12 type] 
Type domain.Erabiltzailea is not enhanced.

[2022-03-07 17:49:47 #13 type.registry] 
New type java.util.Vector<java.lang.Object>

------------------------------------------------------------------------------------------------------------------------

[2022-03-07 17:52:50 #1 store] 
Database 'C:\Users\Iker\Desktop\proiektua\src\main\resources\bets.temp' is opened by 9308@DESKTOP-8L6O8HK

[2022-03-07 17:52:51 #2 type.registry] 
New type domain.Question

[2022-03-07 17:52:51 #3 type] 
Type domain.Question is not enhanced.

[2022-03-07 17:52:51 #4 type.registry] 
New type domain.Event

[2022-03-07 17:52:51 #5 type] 
Type domain.Event is not enhanced.

[2022-03-07 17:52:51 #6 type.registry] 
New type java.util.Vector<domain.Question>

[2022-03-07 17:52:51 #7 type.registry] 
New type domain.User

[2022-03-07 17:52:51 #8 type.registry] 
New type domain.Admin

[2022-03-07 17:52:51 #9 type] 
Type domain.User is not enhanced.

[2022-03-07 17:52:51 #10 type] 
Type domain.Admin is not enhanced.

[2022-03-07 17:52:51 #11 type.registry] 
New type domain.Erabiltzailea

[2022-03-07 17:52:51 #12 type] 
Type domain.Erabiltzailea is not enhanced.

[2022-03-07 17:52:51 #13 type.registry] 
New type java.util.Vector<java.lang.Object>

------------------------------------------------------------------------------------------------------------------------

[2022-03-07 17:53:12 #1 store] 
Database 'C:\Users\Iker\Desktop\proiektua\src\main\resources\bets.temp' is opened by 10664@DESKTOP-8L6O8HK

[2022-03-07 17:53:13 #2 type.registry] 
New type domain.Question

[2022-03-07 17:53:13 #3 type] 
Type domain.Question is not enhanced.

[2022-03-07 17:53:13 #4 type.registry] 
New type domain.Event

[2022-03-07 17:53:13 #5 type] 
Type domain.Event is not enhanced.

[2022-03-07 17:53:13 #6 type.registry] 
New type java.util.Vector<domain.Question>

[2022-03-07 17:53:13 #7 type.registry] 
New type domain.User

[2022-03-07 17:53:13 #8 type.registry] 
New type domain.Admin

[2022-03-07 17:53:13 #9 type] 
Type domain.User is not enhanced.

[2022-03-07 17:53:13 #10 type] 
Type domain.Admin is not enhanced.

[2022-03-07 17:53:13 #11 type.registry] 
New type domain.Erabiltzailea

[2022-03-07 17:53:13 #12 type] 
Type domain.Erabiltzailea is not enhanced.

[2022-03-07 17:53:13 #13 type.registry] 
New type java.util.Vector<java.lang.Object>

------------------------------------------------------------------------------------------------------------------------

[2022-03-07 17:56:08 #1 store] 
Database 'C:\Users\Iker\Desktop\proiektua\src\main\resources\bets.temp' is opened by 10368@DESKTOP-8L6O8HK

[2022-03-07 17:56:09 #2 type.registry] 
New type domain.Question

[2022-03-07 17:56:09 #3 type] 
Type domain.Question is not enhanced.

[2022-03-07 17:56:09 #4 type.registry] 
New type domain.Event

[2022-03-07 17:56:09 #5 type] 
Type domain.Event is not enhanced.

[2022-03-07 17:56:09 #6 type.registry] 
New type java.util.Vector<domain.Question>

[2022-03-07 17:56:09 #7 type.registry] 
New type domain.User

[2022-03-07 17:56:09 #8 type.registry] 
New type domain.Admin

[2022-03-07 17:56:09 #9 type] 
Type domain.User is not enhanced.

[2022-03-07 17:56:09 #10 type] 
Type domain.Admin is not enhanced.

[2022-03-07 17:56:09 #11 type.registry] 
New type domain.Erabiltzailea

[2022-03-07 17:56:09 #12 type] 
Type domain.Erabiltzailea is not enhanced.

[2022-03-07 17:56:09 #13 type.registry] 
New type java.util.Vector<java.lang.Object>

------------------------------------------------------------------------------------------------------------------------

[2022-03-07 17:56:49 #1 store] 
Database 'C:\Users\Iker\Desktop\proiektua\src\main\resources\bets.temp' is opened by 4048@DESKTOP-8L6O8HK

[2022-03-07 17:56:50 #2 type.registry] 
New type domain.Question

[2022-03-07 17:56:50 #3 type] 
Type domain.Question is not enhanced.

[2022-03-07 17:56:50 #4 type.registry] 
New type domain.Event

[2022-03-07 17:56:50 #5 type] 
Type domain.Event is not enhanced.

[2022-03-07 17:56:50 #6 type.registry] 
New type java.util.Vector<domain.Question>

[2022-03-07 17:56:50 #7 type.registry] 
New type domain.User

[2022-03-07 17:56:50 #8 type.registry] 
New type domain.Admin

[2022-03-07 17:56:50 #9 type] 
Type domain.User is not enhanced.

[2022-03-07 17:56:50 #10 type] 
Type domain.Admin is not enhanced.

[2022-03-07 17:56:50 #11 type.registry] 
New type domain.Erabiltzailea

[2022-03-07 17:56:50 #12 type] 
Type domain.Erabiltzailea is not enhanced.

[2022-03-07 17:56:50 #13 type.registry] 
New type java.util.Vector<java.lang.Object>

------------------------------------------------------------------------------------------------------------------------

[2022-03-07 18:10:05 #1 store] 
Database 'C:\Users\Iker\Desktop\proiektua\src\main\resources\bets.temp' is opened by 1476@DESKTOP-8L6O8HK

[2022-03-07 18:10:06 #2 type.registry] 
New type domain.Question

[2022-03-07 18:10:06 #3 type] 
Type domain.Question is not enhanced.

[2022-03-07 18:10:06 #4 type.registry] 
New type domain.Event

[2022-03-07 18:10:06 #5 type] 
Type domain.Event is not enhanced.

[2022-03-07 18:10:06 #6 type.registry] 
New type java.util.Vector<domain.Question>

[2022-03-07 18:10:06 #7 type.registry] 
New type domain.User

[2022-03-07 18:10:06 #8 type.registry] 
New type domain.Admin

[2022-03-07 18:10:06 #9 type] 
Type domain.User is not enhanced.

[2022-03-07 18:10:06 #10 type] 
Type domain.Admin is not enhanced.

[2022-03-07 18:10:06 #11 type.registry] 
New type domain.Erabiltzailea

[2022-03-07 18:10:06 #12 type] 
Type domain.Erabiltzailea is not enhanced.

[2022-03-07 18:10:06 #13 type.registry] 
New type java.util.Vector<java.lang.Object>

------------------------------------------------------------------------------------------------------------------------

[2022-03-07 18:41:02 #1 store] 
Database 'C:\Users\Iker\Desktop\proiektua\src\main\resources\bets.temp' is opened by 10236@DESKTOP-8L6O8HK

[2022-03-07 18:41:02 #2 type.registry] 
New type domain.Question

[2022-03-07 18:41:02 #3 type] 
Type domain.Question is not enhanced.

[2022-03-07 18:41:02 #4 type.registry] 
New type domain.Event

[2022-03-07 18:41:02 #5 type] 
Type domain.Event is not enhanced.

[2022-03-07 18:41:02 #6 type.registry] 
New type java.util.Vector<domain.Question>

[2022-03-07 18:41:02 #7 type.registry] 
New type domain.User

[2022-03-07 18:41:02 #8 type.registry] 
New type domain.Admin

[2022-03-07 18:41:02 #9 type] 
Type domain.User is not enhanced.

[2022-03-07 18:41:02 #10 type] 
Type domain.Admin is not enhanced.

[2022-03-07 18:41:02 #11 type.registry] 
New type domain.Erabiltzailea

[2022-03-07 18:41:02 #12 type] 
Type domain.Erabiltzailea is not enhanced.

[2022-03-07 18:41:02 #13 type.registry] 
New type java.util.Vector<java.lang.Object>

------------------------------------------------------------------------------------------------------------------------

[2022-03-07 18:41:34 #1 store] 
Database 'C:\Users\Iker\Desktop\proiektua\src\main\resources\bets.temp' is opened by 11996@DESKTOP-8L6O8HK

[2022-03-07 18:41:34 #2 type.registry] 
New type domain.Question

[2022-03-07 18:41:34 #3 type] 
Type domain.Question is not enhanced.

[2022-03-07 18:41:34 #4 type.registry] 
New type domain.Event

[2022-03-07 18:41:34 #5 type] 
Type domain.Event is not enhanced.

[2022-03-07 18:41:34 #6 type.registry] 
New type java.util.Vector<domain.Question>

[2022-03-07 18:41:34 #7 type.registry] 
New type domain.User

[2022-03-07 18:41:34 #8 type.registry] 
New type domain.Admin

[2022-03-07 18:41:34 #9 type] 
Type domain.User is not enhanced.

[2022-03-07 18:41:34 #10 type] 
Type domain.Admin is not enhanced.

[2022-03-07 18:41:34 #11 type.registry] 
New type domain.Erabiltzailea

[2022-03-07 18:41:34 #12 type] 
Type domain.Erabiltzailea is not enhanced.

[2022-03-07 18:41:34 #13 type.registry] 
New type java.util.Vector<java.lang.Object>

------------------------------------------------------------------------------------------------------------------------

[2022-03-07 18:45:06 #1 store] 
Database 'C:\Users\Iker\Desktop\proiektua\src\main\resources\bets.temp' is opened by 2824@DESKTOP-8L6O8HK

[2022-03-07 18:45:06 #2 type.registry] 
New type domain.Question

[2022-03-07 18:45:06 #3 type] 
Type domain.Question is not enhanced.

[2022-03-07 18:45:06 #4 type.registry] 
New type domain.Event

[2022-03-07 18:45:06 #5 type] 
Type domain.Event is not enhanced.

[2022-03-07 18:45:06 #6 type.registry] 
New type java.util.Vector<domain.Question>

[2022-03-07 18:45:06 #7 type.registry] 
New type domain.User

[2022-03-07 18:45:06 #8 type.registry] 
New type domain.Admin

[2022-03-07 18:45:06 #9 type] 
Type domain.User is not enhanced.

[2022-03-07 18:45:06 #10 type] 
Type domain.Admin is not enhanced.

[2022-03-07 18:45:06 #11 type.registry] 
New type domain.Erabiltzailea

[2022-03-07 18:45:06 #12 type] 
Type domain.Erabiltzailea is not enhanced.

[2022-03-07 18:45:06 #13 type.registry] 
New type java.util.Vector<java.lang.Object>

------------------------------------------------------------------------------------------------------------------------

[2022-03-07 19:01:21 #1 store] 
Database 'C:\Users\Iker\Desktop\proiektua\src\main\resources\bets.temp' is opened by 1028@DESKTOP-8L6O8HK

[2022-03-07 19:01:21 #2 type.registry] 
New type domain.Question

[2022-03-07 19:01:21 #3 type] 
Type domain.Question is not enhanced.

[2022-03-07 19:01:21 #4 type.registry] 
New type domain.Event

[2022-03-07 19:01:21 #5 type] 
Type domain.Event is not enhanced.

[2022-03-07 19:01:21 #6 type.registry] 
New type java.util.Vector<domain.Question>

[2022-03-07 19:01:21 #7 type.registry] 
New type domain.User

[2022-03-07 19:01:21 #8 type.registry] 
New type domain.Admin

[2022-03-07 19:01:21 #9 type] 
Type domain.User is not enhanced.

[2022-03-07 19:01:21 #10 type] 
Type domain.Admin is not enhanced.

[2022-03-07 19:01:21 #11 type.registry] 
New type domain.Erabiltzailea

[2022-03-07 19:01:21 #12 type] 
Type domain.Erabiltzailea is not enhanced.

[2022-03-07 19:01:21 #13 type.registry] 
New type java.util.Vector<java.lang.Object>

------------------------------------------------------------------------------------------------------------------------

[2022-03-07 19:13:14 #1 store] 
Database 'C:\Users\Iker\Desktop\proiektua\src\main\resources\bets.temp' is opened by 10316@DESKTOP-8L6O8HK

[2022-03-07 19:13:14 #2 type.registry] 
New type domain.Question

[2022-03-07 19:13:14 #3 type] 
Type domain.Question is not enhanced.

[2022-03-07 19:13:14 #4 type.registry] 
New type domain.Event

[2022-03-07 19:13:14 #5 type] 
Type domain.Event is not enhanced.

[2022-03-07 19:13:14 #6 type.registry] 
New type java.util.Vector<domain.Question>

[2022-03-07 19:13:14 #7 type.registry] 
New type domain.User

[2022-03-07 19:13:14 #8 type.registry] 
New type domain.Admin

[2022-03-07 19:13:14 #9 type] 
Type domain.User is not enhanced.

[2022-03-07 19:13:14 #10 type] 
Type domain.Admin is not enhanced.

[2022-03-07 19:13:14 #11 type.registry] 
New type domain.Erabiltzailea

[2022-03-07 19:13:14 #12 type] 
Type domain.Erabiltzailea is not enhanced.

[2022-03-07 19:13:14 #13 type.registry] 
New type java.util.Vector<java.lang.Object>

------------------------------------------------------------------------------------------------------------------------

[2022-03-07 19:38:31 #1 store] 
Database 'C:\Users\Iker\Desktop\proiektua\src\main\resources\bets.temp' is opened by 3820@DESKTOP-8L6O8HK

[2022-03-07 19:38:31 #2 type.registry] 
New type domain.Question

[2022-03-07 19:38:31 #3 type] 
Type domain.Question is not enhanced.

[2022-03-07 19:38:31 #4 type.registry] 
New type domain.Event

[2022-03-07 19:38:31 #5 type] 
Type domain.Event is not enhanced.

[2022-03-07 19:38:32 #6 type.registry] 
New type java.util.Vector<domain.Question>

[2022-03-07 19:38:32 #7 type.registry] 
New type domain.User

[2022-03-07 19:38:32 #8 type.registry] 
New type domain.Admin

[2022-03-07 19:38:32 #9 type] 
Type domain.User is not enhanced.

[2022-03-07 19:38:32 #10 type] 
Type domain.Admin is not enhanced.

[2022-03-07 19:38:32 #11 type.registry] 
New type domain.Erabiltzailea

[2022-03-07 19:38:32 #12 type] 
Type domain.Erabiltzailea is not enhanced.

[2022-03-07 19:38:32 #13 type.registry] 
New type java.util.Vector<java.lang.Object>

------------------------------------------------------------------------------------------------------------------------

[2022-03-07 19:42:10 #1 store] 
Database 'C:\Users\Iker\Desktop\proiektua\src\main\resources\bets.temp' is opened by 11436@DESKTOP-8L6O8HK

[2022-03-07 19:42:10 #2 type.registry] 
New type domain.Question

[2022-03-07 19:42:10 #3 type] 
Type domain.Question is not enhanced.

[2022-03-07 19:42:10 #4 type.registry] 
New type domain.Event

[2022-03-07 19:42:10 #5 type] 
Type domain.Event is not enhanced.

[2022-03-07 19:42:10 #6 type.registry] 
New type java.util.Vector<domain.Question>

[2022-03-07 19:42:10 #7 type.registry] 
New type domain.User

[2022-03-07 19:42:10 #8 type.registry] 
New type domain.Admin

[2022-03-07 19:42:10 #9 type] 
Type domain.User is not enhanced.

[2022-03-07 19:42:10 #10 type] 
Type domain.Admin is not enhanced.

[2022-03-07 19:42:10 #11 type.registry] 
New type domain.Erabiltzailea

[2022-03-07 19:42:10 #12 type] 
Type domain.Erabiltzailea is not enhanced.

[2022-03-07 19:42:10 #13 type.registry] 
New type java.util.Vector<java.lang.Object>

------------------------------------------------------------------------------------------------------------------------

[2022-03-07 19:46:31 #1 store] 
Database 'C:\Users\Iker\Desktop\proiektua\src\main\resources\bets.temp' is opened by 7416@DESKTOP-8L6O8HK

[2022-03-07 19:46:31 #2 type.registry] 
New type domain.Question

[2022-03-07 19:46:31 #3 type] 
Type domain.Question is not enhanced.

[2022-03-07 19:46:31 #4 type.registry] 
New type domain.Event

[2022-03-07 19:46:31 #5 type] 
Type domain.Event is not enhanced.

[2022-03-07 19:46:32 #6 type.registry] 
New type java.util.Vector<domain.Question>

[2022-03-07 19:46:32 #7 type.registry] 
New type domain.User

[2022-03-07 19:46:32 #8 type.registry] 
New type domain.Admin

[2022-03-07 19:46:32 #9 type] 
Type domain.User is not enhanced.

[2022-03-07 19:46:32 #10 type] 
Type domain.Admin is not enhanced.

[2022-03-07 19:46:32 #11 type.registry] 
New type domain.Erabiltzailea

[2022-03-07 19:46:32 #12 type] 
Type domain.Erabiltzailea is not enhanced.

[2022-03-07 19:46:32 #13 type.registry] 
New type java.util.Vector<java.lang.Object>

------------------------------------------------------------------------------------------------------------------------

[2022-03-07 19:48:37 #1 store] 
Database 'C:\Users\Iker\Desktop\proiektua\src\main\resources\bets.temp' is opened by 10524@DESKTOP-8L6O8HK

[2022-03-07 19:48:38 #2 type.registry] 
New type domain.Question

[2022-03-07 19:48:38 #3 type] 
Type domain.Question is not enhanced.

[2022-03-07 19:48:38 #4 type.registry] 
New type domain.Event

[2022-03-07 19:48:38 #5 type] 
Type domain.Event is not enhanced.

[2022-03-07 19:48:38 #6 type.registry] 
New type java.util.Vector<domain.Question>

[2022-03-07 19:48:38 #7 type.registry] 
New type domain.User

[2022-03-07 19:48:38 #8 type.registry] 
New type domain.Admin

[2022-03-07 19:48:38 #9 type] 
Type domain.User is not enhanced.

[2022-03-07 19:48:38 #10 type] 
Type domain.Admin is not enhanced.

[2022-03-07 19:48:38 #11 type.registry] 
New type domain.Erabiltzailea

[2022-03-07 19:48:38 #12 type] 
Type domain.Erabiltzailea is not enhanced.

[2022-03-07 19:48:38 #13 type.registry] 
New type java.util.Vector<java.lang.Object>

