------------------------------------------------------------------------------------------------------------------------

[2022-03-06 17:57:22 #1 store] 
Database 'C:\Users\emman\OneDrive\Documents\GitHub\Bets21\src\main\resources\bets.temp' is opened by 16208@LAPTOP-TF23AETS

[2022-03-06 17:57:22 #2 type.registry] 
New type domain.Question

[2022-03-06 17:57:22 #3 type] 
Type domain.Question is not enhanced.

[2022-03-06 17:57:22 #4 type.registry] 
New type domain.Event

[2022-03-06 17:57:22 #5 type] 
Type domain.Event is not enhanced.

[2022-03-06 17:57:22 #6 type.registry] 
New type java.util.Vector<domain.Question>

[2022-03-06 17:57:22 #7 type.registry] 
New type domain.User

[2022-03-06 17:57:22 #8 type.registry] 
New type domain.Erabiltzailea

[2022-03-06 17:57:22 #9 type] 
Type domain.User is not enhanced.

[2022-03-06 17:57:22 #10 type] 
Type domain.Erabiltzailea is not enhanced.

[2022-03-06 17:57:22 #11 type.registry] 
New type java.util.Vector<java.lang.Object>

------------------------------------------------------------------------------------------------------------------------

[2022-03-06 18:21:53 #1 store] 
Database 'C:\Users\emman\OneDrive\Documents\GitHub\Bets21\src\main\resources\bets.temp' is opened by 27960@LAPTOP-TF23AETS

[2022-03-06 18:21:53 #2 type.registry] 
New type domain.Question

[2022-03-06 18:21:53 #3 type] 
Type domain.Question is not enhanced.

[2022-03-06 18:21:53 #4 type.registry] 
New type domain.Event

[2022-03-06 18:21:53 #5 type] 
Type domain.Event is not enhanced.

[2022-03-06 18:21:53 #6 type.registry] 
New type java.util.Vector<domain.Question>

[2022-03-06 18:21:53 #7 type.registry] 
New type domain.User

[2022-03-06 18:21:53 #8 type.registry] 
New type domain.Admin

[2022-03-06 18:21:53 #9 type] 
Type domain.User is not enhanced.

[2022-03-06 18:21:53 #10 type] 
Type domain.Admin is not enhanced.

[2022-03-06 18:21:53 #11 type.registry] 
New type domain.Erabiltzailea

[2022-03-06 18:21:53 #12 type] 
Type domain.Erabiltzailea is not enhanced.

[2022-03-06 18:21:53 #13 type.registry] 
New type java.util.Vector<java.lang.Object>

------------------------------------------------------------------------------------------------------------------------

[2022-03-06 18:35:19 #1 store] 
Database 'C:\Users\emman\OneDrive\Documents\GitHub\Bets21\src\main\resources\bets.temp' is opened by 29048@LAPTOP-TF23AETS

[2022-03-06 18:35:19 #2 type.registry] 
New type domain.Question

[2022-03-06 18:35:19 #3 type] 
Type domain.Question is not enhanced.

[2022-03-06 18:35:19 #4 type.registry] 
New type domain.Event

[2022-03-06 18:35:19 #5 type] 
Type domain.Event is not enhanced.

[2022-03-06 18:35:19 #6 type.registry] 
New type java.util.Vector<domain.Question>

[2022-03-06 18:35:19 #7 type.registry] 
New type domain.User

[2022-03-06 18:35:19 #8 type.registry] 
New type domain.Admin

[2022-03-06 18:35:19 #9 type] 
Type domain.User is not enhanced.

[2022-03-06 18:35:19 #10 type] 
Type domain.Admin is not enhanced.

[2022-03-06 18:35:19 #11 type.registry] 
New type domain.Erabiltzailea

[2022-03-06 18:35:19 #12 type] 
Type domain.Erabiltzailea is not enhanced.

[2022-03-06 18:35:19 #13 type.registry] 
New type java.util.Vector<java.lang.Object>

------------------------------------------------------------------------------------------------------------------------

[2022-03-06 18:51:18 #1 store] 
Database 'C:\Users\emman\OneDrive\Documents\GitHub\Bets21\src\main\resources\bets.temp' is opened by 28816@LAPTOP-TF23AETS

[2022-03-06 18:51:18 #2 type.registry] 
New type domain.Question

[2022-03-06 18:51:18 #3 type] 
Type domain.Question is not enhanced.

[2022-03-06 18:51:18 #4 type.registry] 
New type domain.Event

[2022-03-06 18:51:18 #5 type] 
Type domain.Event is not enhanced.

[2022-03-06 18:51:18 #6 type.registry] 
New type java.util.Vector<domain.Question>

[2022-03-06 18:51:18 #7 type.registry] 
New type domain.User

[2022-03-06 18:51:18 #8 type.registry] 
New type domain.Admin

[2022-03-06 18:51:18 #9 type] 
Type domain.User is not enhanced.

[2022-03-06 18:51:18 #10 type] 
Type domain.Admin is not enhanced.

[2022-03-06 18:51:18 #11 type.registry] 
New type domain.Erabiltzailea

[2022-03-06 18:51:18 #12 type] 
Type domain.Erabiltzailea is not enhanced.

[2022-03-06 18:51:18 #13 type.registry] 
New type java.util.Vector<java.lang.Object>

