------------------------------------------------------------------------------------------------------------------------

[2022-05-08 18:27:11 #1 store] 
Database 'C:\Users\Iker\Desktop\proiektua\src\main\resources\bets.temp' is opened by 9668@DESKTOP-8L6O8HK

[2022-05-08 18:27:12 #2 type.registry] 
New type domain.Question

[2022-05-08 18:27:12 #3 type] 
Type domain.Question is not enhanced.

[2022-05-08 18:27:12 #4 type.registry] 
New type domain.ErantzunPosiblea

[2022-05-08 18:27:12 #5 type.registry] 
New type java.util.Vector<domain.ErantzunPosiblea>

[2022-05-08 18:27:12 #6 type.registry] 
New type domain.Event

[2022-05-08 18:27:12 #7 type] 
Type domain.ErantzunPosiblea is not enhanced.

[2022-05-08 18:27:12 #8 type.registry] 
New type domain.Apustua

[2022-05-08 18:27:12 #9 type.registry] 
New type java.util.Vector<domain.Apustua>

[2022-05-08 18:27:12 #10 type] 
Type domain.Event is not enhanced.

[2022-05-08 18:27:12 #11 type.registry] 
New type java.util.Vector<domain.Question>

[2022-05-08 18:27:12 #12 type] 
Type domain.Apustua is not enhanced.

[2022-05-08 18:27:12 #13 type.registry] 
New type domain.User

[2022-05-08 18:27:12 #14 type] 
Type domain.User is not enhanced.

[2022-05-08 18:27:12 #15 type.registry] 
New type domain.Mugimendua

[2022-05-08 18:27:12 #16 type.registry] 
New type java.util.Vector<domain.Mugimendua>

[2022-05-08 18:27:12 #17 type] 
Type domain.Mugimendua is not enhanced.

[2022-05-08 18:27:12 #18 type.registry] 
New type domain.Admin

[2022-05-08 18:27:12 #19 type] 
Type domain.Admin is not enhanced.

[2022-05-08 18:27:12 #20 type.registry] 
New type domain.Erabiltzailea

[2022-05-08 18:27:12 #21 type] 
Type domain.Erabiltzailea is not enhanced.

[2022-05-08 18:27:12 #22 type.registry] 
New type java.util.Vector<java.lang.Object>

------------------------------------------------------------------------------------------------------------------------

[2022-05-08 18:30:08 #1 store] 
Database 'C:\Users\Iker\Desktop\proiektua\src\main\resources\bets.temp' is opened by 4924@DESKTOP-8L6O8HK

[2022-05-08 18:30:09 #2 type.registry] 
New type domain.Question

[2022-05-08 18:30:09 #3 type] 
Type domain.Question is not enhanced.

[2022-05-08 18:30:09 #4 type.registry] 
New type domain.ErantzunPosiblea

[2022-05-08 18:30:09 #5 type.registry] 
New type java.util.Vector<domain.ErantzunPosiblea>

[2022-05-08 18:30:09 #6 type.registry] 
New type domain.Event

[2022-05-08 18:30:09 #7 type] 
Type domain.ErantzunPosiblea is not enhanced.

[2022-05-08 18:30:09 #8 type.registry] 
New type domain.Apustua

[2022-05-08 18:30:09 #9 type.registry] 
New type java.util.Vector<domain.Apustua>

[2022-05-08 18:30:09 #10 type] 
Type domain.Event is not enhanced.

[2022-05-08 18:30:09 #11 type.registry] 
New type java.util.Vector<domain.Question>

[2022-05-08 18:30:09 #12 type] 
Type domain.Apustua is not enhanced.

[2022-05-08 18:30:09 #13 type.registry] 
New type domain.User

[2022-05-08 18:30:09 #14 type] 
Type domain.User is not enhanced.

[2022-05-08 18:30:09 #15 type.registry] 
New type domain.Mugimendua

[2022-05-08 18:30:09 #16 type.registry] 
New type java.util.Vector<domain.Mugimendua>

[2022-05-08 18:30:09 #17 type] 
Type domain.Mugimendua is not enhanced.

[2022-05-08 18:30:09 #18 type.registry] 
New type domain.Admin

[2022-05-08 18:30:09 #19 type] 
Type domain.Admin is not enhanced.

[2022-05-08 18:30:09 #20 type.registry] 
New type domain.Erabiltzailea

[2022-05-08 18:30:09 #21 type] 
Type domain.Erabiltzailea is not enhanced.

[2022-05-08 18:30:09 #22 type.registry] 
New type java.util.Vector<java.lang.Object>

------------------------------------------------------------------------------------------------------------------------

[2022-05-08 18:31:38 #1 store] 
Database 'C:\Users\Iker\Desktop\proiektua\src\main\resources\bets.temp' is opened by 5164@DESKTOP-8L6O8HK

[2022-05-08 18:31:38 #2 type.registry] 
New type domain.Question

[2022-05-08 18:31:38 #3 type] 
Type domain.Question is not enhanced.

[2022-05-08 18:31:38 #4 type.registry] 
New type domain.ErantzunPosiblea

[2022-05-08 18:31:38 #5 type.registry] 
New type java.util.Vector<domain.ErantzunPosiblea>

[2022-05-08 18:31:38 #6 type.registry] 
New type domain.Event

[2022-05-08 18:31:38 #7 type] 
Type domain.ErantzunPosiblea is not enhanced.

[2022-05-08 18:31:38 #8 type.registry] 
New type domain.Apustua

[2022-05-08 18:31:38 #9 type.registry] 
New type java.util.Vector<domain.Apustua>

[2022-05-08 18:31:39 #10 type] 
Type domain.Event is not enhanced.

[2022-05-08 18:31:39 #11 type.registry] 
New type java.util.Vector<domain.Question>

[2022-05-08 18:31:39 #12 type] 
Type domain.Apustua is not enhanced.

[2022-05-08 18:31:39 #13 type.registry] 
New type domain.User

[2022-05-08 18:31:39 #14 type] 
Type domain.User is not enhanced.

[2022-05-08 18:31:39 #15 type.registry] 
New type domain.Mugimendua

[2022-05-08 18:31:39 #16 type.registry] 
New type java.util.Vector<domain.Mugimendua>

[2022-05-08 18:31:39 #17 type] 
Type domain.Mugimendua is not enhanced.

[2022-05-08 18:31:39 #18 type.registry] 
New type domain.Admin

[2022-05-08 18:31:39 #19 type] 
Type domain.Admin is not enhanced.

[2022-05-08 18:31:39 #20 type.registry] 
New type domain.Erabiltzailea

[2022-05-08 18:31:39 #21 type] 
Type domain.Erabiltzailea is not enhanced.

[2022-05-08 18:31:39 #22 type.registry] 
New type java.util.Vector<java.lang.Object>

------------------------------------------------------------------------------------------------------------------------

[2022-05-08 18:32:24 #1 store] 
Database 'C:\Users\Iker\Desktop\proiektua\src\main\resources\bets.temp' is opened by 4644@DESKTOP-8L6O8HK

[2022-05-08 18:32:24 #2 type.registry] 
New type domain.Question

[2022-05-08 18:32:24 #3 type] 
Type domain.Question is not enhanced.

[2022-05-08 18:32:24 #4 type.registry] 
New type domain.ErantzunPosiblea

[2022-05-08 18:32:25 #5 type.registry] 
New type java.util.Vector<domain.ErantzunPosiblea>

[2022-05-08 18:32:25 #6 type.registry] 
New type domain.Event

[2022-05-08 18:32:25 #7 type] 
Type domain.ErantzunPosiblea is not enhanced.

[2022-05-08 18:32:25 #8 type.registry] 
New type domain.Apustua

[2022-05-08 18:32:25 #9 type.registry] 
New type java.util.Vector<domain.Apustua>

[2022-05-08 18:32:25 #10 type] 
Type domain.Event is not enhanced.

[2022-05-08 18:32:25 #11 type.registry] 
New type java.util.Vector<domain.Question>

[2022-05-08 18:32:25 #12 type] 
Type domain.Apustua is not enhanced.

[2022-05-08 18:32:25 #13 type.registry] 
New type domain.User

[2022-05-08 18:32:25 #14 type] 
Type domain.User is not enhanced.

[2022-05-08 18:32:25 #15 type.registry] 
New type domain.Mugimendua

[2022-05-08 18:32:25 #16 type.registry] 
New type java.util.Vector<domain.Mugimendua>

[2022-05-08 18:32:25 #17 type] 
Type domain.Mugimendua is not enhanced.

[2022-05-08 18:32:25 #18 type.registry] 
New type domain.Admin

[2022-05-08 18:32:25 #19 type] 
Type domain.Admin is not enhanced.

[2022-05-08 18:32:25 #20 type.registry] 
New type domain.Erabiltzailea

[2022-05-08 18:32:25 #21 type] 
Type domain.Erabiltzailea is not enhanced.

[2022-05-08 18:32:25 #22 type.registry] 
New type java.util.Vector<java.lang.Object>

------------------------------------------------------------------------------------------------------------------------

[2022-05-08 18:33:53 #1 store] 
Database 'C:\Users\Iker\Desktop\proiektua\src\main\resources\bets.temp' is opened by 7024@DESKTOP-8L6O8HK

[2022-05-08 18:33:53 #2 type.registry] 
New type domain.Question

[2022-05-08 18:33:53 #3 type] 
Type domain.Question is not enhanced.

[2022-05-08 18:33:53 #4 type.registry] 
New type domain.ErantzunPosiblea

[2022-05-08 18:33:53 #5 type.registry] 
New type java.util.Vector<domain.ErantzunPosiblea>

[2022-05-08 18:33:53 #6 type.registry] 
New type domain.Event

[2022-05-08 18:33:53 #7 type] 
Type domain.ErantzunPosiblea is not enhanced.

[2022-05-08 18:33:53 #8 type.registry] 
New type domain.Apustua

[2022-05-08 18:33:53 #9 type.registry] 
New type java.util.Vector<domain.Apustua>

[2022-05-08 18:33:53 #10 type] 
Type domain.Event is not enhanced.

[2022-05-08 18:33:53 #11 type.registry] 
New type java.util.Vector<domain.Question>

[2022-05-08 18:33:53 #12 type] 
Type domain.Apustua is not enhanced.

[2022-05-08 18:33:53 #13 type.registry] 
New type domain.User

[2022-05-08 18:33:53 #14 type] 
Type domain.User is not enhanced.

[2022-05-08 18:33:53 #15 type.registry] 
New type domain.Mugimendua

[2022-05-08 18:33:53 #16 type.registry] 
New type java.util.Vector<domain.Mugimendua>

[2022-05-08 18:33:53 #17 type] 
Type domain.Mugimendua is not enhanced.

[2022-05-08 18:33:53 #18 type.registry] 
New type domain.Admin

[2022-05-08 18:33:53 #19 type] 
Type domain.Admin is not enhanced.

[2022-05-08 18:33:53 #20 type.registry] 
New type domain.Erabiltzailea

[2022-05-08 18:33:53 #21 type] 
Type domain.Erabiltzailea is not enhanced.

[2022-05-08 18:33:54 #22 type.registry] 
New type java.util.Vector<java.lang.Object>

------------------------------------------------------------------------------------------------------------------------

[2022-05-08 18:35:01 #1 store] 
Database 'C:\Users\Iker\Desktop\proiektua\src\main\resources\bets.temp' is opened by 1816@DESKTOP-8L6O8HK

[2022-05-08 18:35:02 #2 type.registry] 
New type domain.Question

[2022-05-08 18:35:02 #3 type] 
Type domain.Question is not enhanced.

[2022-05-08 18:35:02 #4 type.registry] 
New type domain.ErantzunPosiblea

[2022-05-08 18:35:02 #5 type.registry] 
New type java.util.Vector<domain.ErantzunPosiblea>

[2022-05-08 18:35:02 #6 type.registry] 
New type domain.Event

[2022-05-08 18:35:02 #7 type] 
Type domain.ErantzunPosiblea is not enhanced.

[2022-05-08 18:35:02 #8 type.registry] 
New type domain.Apustua

[2022-05-08 18:35:02 #9 type.registry] 
New type java.util.Vector<domain.Apustua>

[2022-05-08 18:35:02 #10 type] 
Type domain.Event is not enhanced.

[2022-05-08 18:35:02 #11 type.registry] 
New type java.util.Vector<domain.Question>

[2022-05-08 18:35:02 #12 type] 
Type domain.Apustua is not enhanced.

[2022-05-08 18:35:02 #13 type.registry] 
New type domain.User

[2022-05-08 18:35:02 #14 type] 
Type domain.User is not enhanced.

[2022-05-08 18:35:02 #15 type.registry] 
New type domain.Mugimendua

[2022-05-08 18:35:02 #16 type.registry] 
New type java.util.Vector<domain.Mugimendua>

[2022-05-08 18:35:02 #17 type] 
Type domain.Mugimendua is not enhanced.

[2022-05-08 18:35:02 #18 type.registry] 
New type domain.Admin

[2022-05-08 18:35:02 #19 type] 
Type domain.Admin is not enhanced.

[2022-05-08 18:35:02 #20 type.registry] 
New type domain.Erabiltzailea

[2022-05-08 18:35:02 #21 type] 
Type domain.Erabiltzailea is not enhanced.

[2022-05-08 18:35:02 #22 type.registry] 
New type java.util.Vector<java.lang.Object>

------------------------------------------------------------------------------------------------------------------------

[2022-05-08 18:35:44 #1 store] 
Database 'C:\Users\Iker\Desktop\proiektua\src\main\resources\bets.temp' is opened by 2452@DESKTOP-8L6O8HK

[2022-05-08 18:35:45 #2 type.registry] 
New type domain.Question

[2022-05-08 18:35:45 #3 type] 
Type domain.Question is not enhanced.

[2022-05-08 18:35:45 #4 type.registry] 
New type domain.ErantzunPosiblea

[2022-05-08 18:35:45 #5 type.registry] 
New type java.util.Vector<domain.ErantzunPosiblea>

[2022-05-08 18:35:45 #6 type.registry] 
New type domain.Event

[2022-05-08 18:35:45 #7 type] 
Type domain.ErantzunPosiblea is not enhanced.

[2022-05-08 18:35:45 #8 type.registry] 
New type domain.Apustua

[2022-05-08 18:35:45 #9 type.registry] 
New type java.util.Vector<domain.Apustua>

[2022-05-08 18:35:45 #10 type] 
Type domain.Event is not enhanced.

[2022-05-08 18:35:45 #11 type.registry] 
New type java.util.Vector<domain.Question>

[2022-05-08 18:35:45 #12 type] 
Type domain.Apustua is not enhanced.

[2022-05-08 18:35:45 #13 type.registry] 
New type domain.User

[2022-05-08 18:35:45 #14 type] 
Type domain.User is not enhanced.

[2022-05-08 18:35:45 #15 type.registry] 
New type domain.Mugimendua

[2022-05-08 18:35:45 #16 type.registry] 
New type java.util.Vector<domain.Mugimendua>

[2022-05-08 18:35:45 #17 type] 
Type domain.Mugimendua is not enhanced.

[2022-05-08 18:35:45 #18 type.registry] 
New type domain.Admin

[2022-05-08 18:35:45 #19 type] 
Type domain.Admin is not enhanced.

[2022-05-08 18:35:45 #20 type.registry] 
New type domain.Erabiltzailea

[2022-05-08 18:35:45 #21 type] 
Type domain.Erabiltzailea is not enhanced.

[2022-05-08 18:35:45 #22 type.registry] 
New type java.util.Vector<java.lang.Object>

------------------------------------------------------------------------------------------------------------------------

[2022-05-08 18:38:35 #1 store] 
Database 'C:\Users\Iker\Desktop\proiektua\src\main\resources\bets.temp' is opened by 3500@DESKTOP-8L6O8HK

[2022-05-08 18:38:35 #2 type.registry] 
New type domain.Question

[2022-05-08 18:38:35 #3 type] 
Type domain.Question is not enhanced.

[2022-05-08 18:38:35 #4 type.registry] 
New type domain.ErantzunPosiblea

[2022-05-08 18:38:35 #5 type.registry] 
New type java.util.Vector<domain.ErantzunPosiblea>

[2022-05-08 18:38:35 #6 type.registry] 
New type domain.Event

[2022-05-08 18:38:35 #7 type] 
Type domain.ErantzunPosiblea is not enhanced.

[2022-05-08 18:38:35 #8 type.registry] 
New type domain.Apustua

[2022-05-08 18:38:35 #9 type.registry] 
New type java.util.Vector<domain.Apustua>

[2022-05-08 18:38:35 #10 type] 
Type domain.Event is not enhanced.

[2022-05-08 18:38:35 #11 type.registry] 
New type java.util.Vector<domain.Question>

[2022-05-08 18:38:35 #12 type] 
Type domain.Apustua is not enhanced.

[2022-05-08 18:38:36 #13 type.registry] 
New type domain.User

[2022-05-08 18:38:36 #14 type] 
Type domain.User is not enhanced.

[2022-05-08 18:38:36 #15 type.registry] 
New type domain.Mugimendua

[2022-05-08 18:38:36 #16 type.registry] 
New type java.util.Vector<domain.Mugimendua>

[2022-05-08 18:38:36 #17 type] 
Type domain.Mugimendua is not enhanced.

[2022-05-08 18:38:36 #18 type.registry] 
New type domain.Admin

[2022-05-08 18:38:36 #19 type] 
Type domain.Admin is not enhanced.

[2022-05-08 18:38:36 #20 type.registry] 
New type domain.Erabiltzailea

[2022-05-08 18:38:36 #21 type] 
Type domain.Erabiltzailea is not enhanced.

[2022-05-08 18:38:36 #22 type.registry] 
New type java.util.Vector<java.lang.Object>

------------------------------------------------------------------------------------------------------------------------

[2022-05-08 18:41:28 #1 store] 
Database 'C:\Users\Iker\Desktop\proiektua\src\main\resources\bets.temp' is opened by 6064@DESKTOP-8L6O8HK

[2022-05-08 18:41:29 #2 type.registry] 
New type domain.Question

[2022-05-08 18:41:29 #3 type] 
Type domain.Question is not enhanced.

[2022-05-08 18:41:29 #4 type.registry] 
New type domain.ErantzunPosiblea

[2022-05-08 18:41:29 #5 type.registry] 
New type java.util.Vector<domain.ErantzunPosiblea>

[2022-05-08 18:41:29 #6 type.registry] 
New type domain.Event

[2022-05-08 18:41:29 #7 type] 
Type domain.ErantzunPosiblea is not enhanced.

[2022-05-08 18:41:29 #8 type.registry] 
New type domain.Apustua

[2022-05-08 18:41:29 #9 type.registry] 
New type java.util.Vector<domain.Apustua>

[2022-05-08 18:41:29 #10 type] 
Type domain.Event is not enhanced.

[2022-05-08 18:41:29 #11 type.registry] 
New type java.util.Vector<domain.Question>

[2022-05-08 18:41:29 #12 type] 
Type domain.Apustua is not enhanced.

[2022-05-08 18:41:29 #13 type.registry] 
New type domain.User

[2022-05-08 18:41:29 #14 type] 
Type domain.User is not enhanced.

[2022-05-08 18:41:29 #15 type.registry] 
New type domain.Mugimendua

[2022-05-08 18:41:29 #16 type.registry] 
New type java.util.Vector<domain.Mugimendua>

[2022-05-08 18:41:29 #17 type] 
Type domain.Mugimendua is not enhanced.

[2022-05-08 18:41:29 #18 type.registry] 
New type domain.Admin

[2022-05-08 18:41:29 #19 type] 
Type domain.Admin is not enhanced.

[2022-05-08 18:41:29 #20 type.registry] 
New type domain.Erabiltzailea

[2022-05-08 18:41:29 #21 type] 
Type domain.Erabiltzailea is not enhanced.

[2022-05-08 18:41:29 #22 type.registry] 
New type java.util.Vector<java.lang.Object>

------------------------------------------------------------------------------------------------------------------------

[2022-05-08 18:43:36 #1 store] 
Database 'C:\Users\Iker\Desktop\proiektua\src\main\resources\bets.temp' is opened by 5348@DESKTOP-8L6O8HK

[2022-05-08 18:43:36 #2 type.registry] 
New type domain.Question

[2022-05-08 18:43:36 #3 type] 
Type domain.Question is not enhanced.

[2022-05-08 18:43:36 #4 type.registry] 
New type domain.ErantzunPosiblea

[2022-05-08 18:43:36 #5 type.registry] 
New type java.util.Vector<domain.ErantzunPosiblea>

[2022-05-08 18:43:36 #6 type.registry] 
New type domain.Event

[2022-05-08 18:43:36 #7 type] 
Type domain.ErantzunPosiblea is not enhanced.

[2022-05-08 18:43:36 #8 type.registry] 
New type domain.Apustua

[2022-05-08 18:43:36 #9 type.registry] 
New type java.util.Vector<domain.Apustua>

[2022-05-08 18:43:36 #10 type] 
Type domain.Event is not enhanced.

[2022-05-08 18:43:36 #11 type.registry] 
New type java.util.Vector<domain.Question>

[2022-05-08 18:43:36 #12 type] 
Type domain.Apustua is not enhanced.

[2022-05-08 18:43:36 #13 type.registry] 
New type domain.User

[2022-05-08 18:43:36 #14 type] 
Type domain.User is not enhanced.

[2022-05-08 18:43:36 #15 type.registry] 
New type domain.Mugimendua

[2022-05-08 18:43:36 #16 type.registry] 
New type java.util.Vector<domain.Mugimendua>

[2022-05-08 18:43:36 #17 type] 
Type domain.Mugimendua is not enhanced.

[2022-05-08 18:43:37 #18 type.registry] 
New type domain.Admin

[2022-05-08 18:43:37 #19 type] 
Type domain.Admin is not enhanced.

[2022-05-08 18:43:37 #20 type.registry] 
New type domain.Erabiltzailea

[2022-05-08 18:43:37 #21 type] 
Type domain.Erabiltzailea is not enhanced.

[2022-05-08 18:43:37 #22 type.registry] 
New type java.util.Vector<java.lang.Object>

------------------------------------------------------------------------------------------------------------------------

[2022-05-08 18:44:48 #1 store] 
Database 'C:\Users\Iker\Desktop\proiektua\src\main\resources\bets.temp' is opened by 8772@DESKTOP-8L6O8HK

[2022-05-08 18:44:49 #2 type.registry] 
New type domain.Question

[2022-05-08 18:44:49 #3 type] 
Type domain.Question is not enhanced.

[2022-05-08 18:44:49 #4 type.registry] 
New type domain.ErantzunPosiblea

[2022-05-08 18:44:49 #5 type.registry] 
New type java.util.Vector<domain.ErantzunPosiblea>

[2022-05-08 18:44:49 #6 type.registry] 
New type domain.Event

[2022-05-08 18:44:49 #7 type] 
Type domain.ErantzunPosiblea is not enhanced.

[2022-05-08 18:44:49 #8 type.registry] 
New type domain.Apustua

[2022-05-08 18:44:49 #9 type.registry] 
New type java.util.Vector<domain.Apustua>

[2022-05-08 18:44:49 #10 type] 
Type domain.Event is not enhanced.

[2022-05-08 18:44:49 #11 type.registry] 
New type java.util.Vector<domain.Question>

[2022-05-08 18:44:49 #12 type] 
Type domain.Apustua is not enhanced.

[2022-05-08 18:44:49 #13 type.registry] 
New type domain.User

[2022-05-08 18:44:49 #14 type] 
Type domain.User is not enhanced.

[2022-05-08 18:44:49 #15 type.registry] 
New type domain.Mugimendua

[2022-05-08 18:44:49 #16 type.registry] 
New type java.util.Vector<domain.Mugimendua>

[2022-05-08 18:44:49 #17 type] 
Type domain.Mugimendua is not enhanced.

[2022-05-08 18:44:49 #18 type.registry] 
New type domain.Admin

[2022-05-08 18:44:49 #19 type] 
Type domain.Admin is not enhanced.

[2022-05-08 18:44:49 #20 type.registry] 
New type domain.Erabiltzailea

[2022-05-08 18:44:49 #21 type] 
Type domain.Erabiltzailea is not enhanced.

[2022-05-08 18:44:49 #22 type.registry] 
New type java.util.Vector<java.lang.Object>

------------------------------------------------------------------------------------------------------------------------

[2022-05-08 18:46:29 #1 store] 
Database 'C:\Users\Iker\Desktop\proiektua\src\main\resources\bets.temp' is opened by 4272@DESKTOP-8L6O8HK

[2022-05-08 18:46:30 #2 type.registry] 
New type domain.Question

[2022-05-08 18:46:30 #3 type] 
Type domain.Question is not enhanced.

[2022-05-08 18:46:30 #4 type.registry] 
New type domain.ErantzunPosiblea

[2022-05-08 18:46:30 #5 type.registry] 
New type java.util.Vector<domain.ErantzunPosiblea>

[2022-05-08 18:46:30 #6 type.registry] 
New type domain.Event

[2022-05-08 18:46:30 #7 type] 
Type domain.ErantzunPosiblea is not enhanced.

[2022-05-08 18:46:30 #8 type.registry] 
New type domain.Apustua

[2022-05-08 18:46:30 #9 type.registry] 
New type java.util.Vector<domain.Apustua>

[2022-05-08 18:46:30 #10 type] 
Type domain.Event is not enhanced.

[2022-05-08 18:46:30 #11 type.registry] 
New type java.util.Vector<domain.Question>

[2022-05-08 18:46:30 #12 type] 
Type domain.Apustua is not enhanced.

[2022-05-08 18:46:30 #13 type.registry] 
New type domain.User

[2022-05-08 18:46:30 #14 type] 
Type domain.User is not enhanced.

[2022-05-08 18:46:30 #15 type.registry] 
New type domain.Mugimendua

[2022-05-08 18:46:30 #16 type.registry] 
New type java.util.Vector<domain.Mugimendua>

[2022-05-08 18:46:30 #17 type] 
Type domain.Mugimendua is not enhanced.

[2022-05-08 18:46:30 #18 type.registry] 
New type domain.Admin

[2022-05-08 18:46:30 #19 type] 
Type domain.Admin is not enhanced.

[2022-05-08 18:46:30 #20 type.registry] 
New type domain.Erabiltzailea

[2022-05-08 18:46:30 #21 type] 
Type domain.Erabiltzailea is not enhanced.

[2022-05-08 18:46:30 #22 type.registry] 
New type java.util.Vector<java.lang.Object>

------------------------------------------------------------------------------------------------------------------------

[2022-05-08 18:59:32 #1 store] 
Database 'C:\Users\Iker\Desktop\proiektua\src\main\resources\bets.temp' is opened by 7492@DESKTOP-8L6O8HK

[2022-05-08 18:59:32 #2 type.registry] 
New type domain.Question

[2022-05-08 18:59:32 #3 type] 
Type domain.Question is not enhanced.

[2022-05-08 18:59:32 #4 type.registry] 
New type domain.ErantzunPosiblea

[2022-05-08 18:59:32 #5 type.registry] 
New type java.util.Vector<domain.ErantzunPosiblea>

[2022-05-08 18:59:32 #6 type.registry] 
New type domain.Event

[2022-05-08 18:59:32 #7 type] 
Type domain.ErantzunPosiblea is not enhanced.

[2022-05-08 18:59:32 #8 type.registry] 
New type domain.Apustua

[2022-05-08 18:59:32 #9 type.registry] 
New type java.util.Vector<domain.Apustua>

[2022-05-08 18:59:32 #10 type] 
Type domain.Event is not enhanced.

[2022-05-08 18:59:32 #11 type.registry] 
New type java.util.Vector<domain.Question>

[2022-05-08 18:59:32 #12 type] 
Type domain.Apustua is not enhanced.

[2022-05-08 18:59:32 #13 type.registry] 
New type domain.User

[2022-05-08 18:59:32 #14 type] 
Type domain.User is not enhanced.

[2022-05-08 18:59:32 #15 type.registry] 
New type domain.Mugimendua

[2022-05-08 18:59:32 #16 type.registry] 
New type java.util.Vector<domain.Mugimendua>

[2022-05-08 18:59:32 #17 type] 
Type domain.Mugimendua is not enhanced.

[2022-05-08 18:59:32 #18 type.registry] 
New type domain.Admin

[2022-05-08 18:59:32 #19 type] 
Type domain.Admin is not enhanced.

[2022-05-08 18:59:32 #20 type.registry] 
New type domain.Erabiltzailea

[2022-05-08 18:59:32 #21 type] 
Type domain.Erabiltzailea is not enhanced.

[2022-05-08 18:59:33 #22 type.registry] 
New type java.util.Vector<java.lang.Object>

------------------------------------------------------------------------------------------------------------------------

[2022-05-08 19:02:28 #1 store] 
Database 'C:\Users\Iker\Desktop\proiektua\src\main\resources\bets.temp' is opened by 7096@DESKTOP-8L6O8HK

[2022-05-08 19:02:29 #2 type.registry] 
New type domain.Question

[2022-05-08 19:02:29 #3 type] 
Type domain.Question is not enhanced.

[2022-05-08 19:02:29 #4 type.registry] 
New type domain.ErantzunPosiblea

[2022-05-08 19:02:29 #5 type.registry] 
New type java.util.Vector<domain.ErantzunPosiblea>

[2022-05-08 19:02:29 #6 type.registry] 
New type domain.Event

[2022-05-08 19:02:29 #7 type] 
Type domain.ErantzunPosiblea is not enhanced.

[2022-05-08 19:02:29 #8 type.registry] 
New type domain.Apustua

[2022-05-08 19:02:29 #9 type.registry] 
New type java.util.Vector<domain.Apustua>

[2022-05-08 19:02:29 #10 type] 
Type domain.Event is not enhanced.

[2022-05-08 19:02:29 #11 type.registry] 
New type java.util.Vector<domain.Question>

[2022-05-08 19:02:29 #12 type] 
Type domain.Apustua is not enhanced.

[2022-05-08 19:02:29 #13 type.registry] 
New type domain.User

[2022-05-08 19:02:29 #14 type] 
Type domain.User is not enhanced.

[2022-05-08 19:02:29 #15 type.registry] 
New type domain.Mugimendua

[2022-05-08 19:02:29 #16 type.registry] 
New type java.util.Vector<domain.Mugimendua>

[2022-05-08 19:02:29 #17 type] 
Type domain.Mugimendua is not enhanced.

[2022-05-08 19:02:29 #18 type.registry] 
New type domain.Admin

[2022-05-08 19:02:29 #19 type] 
Type domain.Admin is not enhanced.

[2022-05-08 19:02:29 #20 type.registry] 
New type domain.Erabiltzailea

[2022-05-08 19:02:29 #21 type] 
Type domain.Erabiltzailea is not enhanced.

[2022-05-08 19:02:29 #22 type.registry] 
New type java.util.Vector<java.lang.Object>

------------------------------------------------------------------------------------------------------------------------

[2022-05-08 19:03:33 #1 store] 
Database 'C:\Users\Iker\Desktop\proiektua\src\main\resources\bets.temp' is opened by 7588@DESKTOP-8L6O8HK

[2022-05-08 19:03:34 #2 type.registry] 
New type domain.Question

[2022-05-08 19:03:34 #3 type] 
Type domain.Question is not enhanced.

[2022-05-08 19:03:34 #4 type.registry] 
New type domain.ErantzunPosiblea

[2022-05-08 19:03:34 #5 type.registry] 
New type java.util.Vector<domain.ErantzunPosiblea>

[2022-05-08 19:03:34 #6 type.registry] 
New type domain.Event

[2022-05-08 19:03:34 #7 type] 
Type domain.ErantzunPosiblea is not enhanced.

[2022-05-08 19:03:34 #8 type.registry] 
New type domain.Apustua

[2022-05-08 19:03:34 #9 type.registry] 
New type java.util.Vector<domain.Apustua>

[2022-05-08 19:03:34 #10 type] 
Type domain.Event is not enhanced.

[2022-05-08 19:03:34 #11 type.registry] 
New type java.util.Vector<domain.Question>

[2022-05-08 19:03:34 #12 type] 
Type domain.Apustua is not enhanced.

[2022-05-08 19:03:34 #13 type.registry] 
New type domain.User

[2022-05-08 19:03:34 #14 type] 
Type domain.User is not enhanced.

[2022-05-08 19:03:34 #15 type.registry] 
New type domain.Mugimendua

[2022-05-08 19:03:34 #16 type.registry] 
New type java.util.Vector<domain.Mugimendua>

[2022-05-08 19:03:34 #17 type] 
Type domain.Mugimendua is not enhanced.

[2022-05-08 19:03:34 #18 type.registry] 
New type domain.Admin

[2022-05-08 19:03:34 #19 type] 
Type domain.Admin is not enhanced.

[2022-05-08 19:03:34 #20 type.registry] 
New type domain.Erabiltzailea

[2022-05-08 19:03:34 #21 type] 
Type domain.Erabiltzailea is not enhanced.

[2022-05-08 19:03:34 #22 type.registry] 
New type java.util.Vector<java.lang.Object>

------------------------------------------------------------------------------------------------------------------------

[2022-05-08 19:06:07 #1 store] 
Database 'C:\Users\Iker\Desktop\proiektua\src\main\resources\bets.temp' is opened by 8528@DESKTOP-8L6O8HK

[2022-05-08 19:06:07 #2 type.registry] 
New type domain.Question

[2022-05-08 19:06:07 #3 type] 
Type domain.Question is not enhanced.

[2022-05-08 19:06:07 #4 type.registry] 
New type domain.ErantzunPosiblea

[2022-05-08 19:06:07 #5 type.registry] 
New type java.util.Vector<domain.ErantzunPosiblea>

[2022-05-08 19:06:07 #6 type.registry] 
New type domain.Event

[2022-05-08 19:06:07 #7 type] 
Type domain.ErantzunPosiblea is not enhanced.

[2022-05-08 19:06:07 #8 type.registry] 
New type domain.Apustua

[2022-05-08 19:06:07 #9 type.registry] 
New type java.util.Vector<domain.Apustua>

[2022-05-08 19:06:07 #10 type] 
Type domain.Event is not enhanced.

[2022-05-08 19:06:07 #11 type.registry] 
New type java.util.Vector<domain.Question>

[2022-05-08 19:06:07 #12 type] 
Type domain.Apustua is not enhanced.

[2022-05-08 19:06:07 #13 type.registry] 
New type domain.User

[2022-05-08 19:06:07 #14 type] 
Type domain.User is not enhanced.

[2022-05-08 19:06:07 #15 type.registry] 
New type domain.Mugimendua

[2022-05-08 19:06:07 #16 type.registry] 
New type java.util.Vector<domain.Mugimendua>

[2022-05-08 19:06:07 #17 type] 
Type domain.Mugimendua is not enhanced.

[2022-05-08 19:06:07 #18 type.registry] 
New type domain.Admin

[2022-05-08 19:06:07 #19 type] 
Type domain.Admin is not enhanced.

[2022-05-08 19:06:07 #20 type.registry] 
New type domain.Erabiltzailea

[2022-05-08 19:06:07 #21 type] 
Type domain.Erabiltzailea is not enhanced.

[2022-05-08 19:06:07 #22 type.registry] 
New type java.util.Vector<java.lang.Object>

------------------------------------------------------------------------------------------------------------------------

[2022-05-08 19:27:33 #1 store] 
Database 'C:\Users\Iker\Desktop\proiektua\src\main\resources\bets.temp' is opened by 7716@DESKTOP-8L6O8HK

[2022-05-08 19:27:33 #2 type.registry] 
New type domain.Question

[2022-05-08 19:27:33 #3 type] 
Type domain.Question is not enhanced.

[2022-05-08 19:27:33 #4 type.registry] 
New type domain.ErantzunPosiblea

[2022-05-08 19:27:33 #5 type.registry] 
New type java.util.Vector<domain.ErantzunPosiblea>

[2022-05-08 19:27:33 #6 type.registry] 
New type domain.Event

[2022-05-08 19:27:33 #7 type] 
Type domain.ErantzunPosiblea is not enhanced.

[2022-05-08 19:27:33 #8 type.registry] 
New type domain.Apustua

[2022-05-08 19:27:33 #9 type.registry] 
New type java.util.Vector<domain.Apustua>

[2022-05-08 19:27:33 #10 type] 
Type domain.Event is not enhanced.

[2022-05-08 19:27:33 #11 type.registry] 
New type java.util.Vector<domain.Question>

[2022-05-08 19:27:33 #12 type] 
Type domain.Apustua is not enhanced.

[2022-05-08 19:27:33 #13 type.registry] 
New type domain.User

[2022-05-08 19:27:33 #14 type] 
Type domain.User is not enhanced.

[2022-05-08 19:27:33 #15 type.registry] 
New type domain.Mugimendua

[2022-05-08 19:27:33 #16 type.registry] 
New type java.util.Vector<domain.Mugimendua>

[2022-05-08 19:27:33 #17 type] 
Type domain.Mugimendua is not enhanced.

[2022-05-08 19:27:33 #18 type.registry] 
New type domain.Admin

[2022-05-08 19:27:33 #19 type] 
Type domain.Admin is not enhanced.

[2022-05-08 19:27:33 #20 type.registry] 
New type domain.Erabiltzailea

[2022-05-08 19:27:33 #21 type] 
Type domain.Erabiltzailea is not enhanced.

[2022-05-08 19:27:33 #22 type.registry] 
New type java.util.Vector<java.lang.Object>

------------------------------------------------------------------------------------------------------------------------

[2022-05-08 19:29:35 #1 store] 
Database 'C:\Users\Iker\Desktop\proiektua\src\main\resources\bets.temp' is opened by 3228@DESKTOP-8L6O8HK

[2022-05-08 19:29:36 #2 type.registry] 
New type domain.Question

[2022-05-08 19:29:36 #3 type] 
Type domain.Question is not enhanced.

[2022-05-08 19:29:36 #4 type.registry] 
New type domain.ErantzunPosiblea

[2022-05-08 19:29:36 #5 type.registry] 
New type java.util.Vector<domain.ErantzunPosiblea>

[2022-05-08 19:29:36 #6 type.registry] 
New type domain.Event

[2022-05-08 19:29:36 #7 type] 
Type domain.ErantzunPosiblea is not enhanced.

[2022-05-08 19:29:36 #8 type.registry] 
New type domain.Apustua

[2022-05-08 19:29:36 #9 type.registry] 
New type java.util.Vector<domain.Apustua>

[2022-05-08 19:29:36 #10 type] 
Type domain.Event is not enhanced.

[2022-05-08 19:29:36 #11 type.registry] 
New type java.util.Vector<domain.Question>

[2022-05-08 19:29:36 #12 type] 
Type domain.Apustua is not enhanced.

[2022-05-08 19:29:36 #13 type.registry] 
New type domain.User

[2022-05-08 19:29:36 #14 type] 
Type domain.User is not enhanced.

[2022-05-08 19:29:36 #15 type.registry] 
New type domain.Mugimendua

[2022-05-08 19:29:36 #16 type.registry] 
New type java.util.Vector<domain.Mugimendua>

[2022-05-08 19:29:36 #17 type] 
Type domain.Mugimendua is not enhanced.

[2022-05-08 19:29:36 #18 type.registry] 
New type domain.Admin

[2022-05-08 19:29:36 #19 type] 
Type domain.Admin is not enhanced.

[2022-05-08 19:29:36 #20 type.registry] 
New type domain.Erabiltzailea

[2022-05-08 19:29:36 #21 type] 
Type domain.Erabiltzailea is not enhanced.

[2022-05-08 19:29:36 #22 type.registry] 
New type java.util.Vector<java.lang.Object>

------------------------------------------------------------------------------------------------------------------------

[2022-05-08 19:33:53 #1 store] 
Database 'C:\Users\Iker\Desktop\proiektua\src\main\resources\bets.temp' is opened by 72@DESKTOP-8L6O8HK

[2022-05-08 19:33:54 #2 type.registry] 
New type domain.Question

[2022-05-08 19:33:54 #3 type] 
Type domain.Question is not enhanced.

[2022-05-08 19:33:54 #4 type.registry] 
New type domain.ErantzunPosiblea

[2022-05-08 19:33:54 #5 type.registry] 
New type java.util.Vector<domain.ErantzunPosiblea>

[2022-05-08 19:33:54 #6 type.registry] 
New type domain.Event

[2022-05-08 19:33:54 #7 type] 
Type domain.ErantzunPosiblea is not enhanced.

[2022-05-08 19:33:54 #8 type.registry] 
New type domain.Apustua

[2022-05-08 19:33:54 #9 type.registry] 
New type java.util.Vector<domain.Apustua>

[2022-05-08 19:33:54 #10 type] 
Type domain.Event is not enhanced.

[2022-05-08 19:33:54 #11 type.registry] 
New type java.util.Vector<domain.Question>

[2022-05-08 19:33:54 #12 type] 
Type domain.Apustua is not enhanced.

[2022-05-08 19:33:54 #13 type.registry] 
New type domain.User

[2022-05-08 19:33:54 #14 type] 
Type domain.User is not enhanced.

[2022-05-08 19:33:54 #15 type.registry] 
New type domain.Mugimendua

[2022-05-08 19:33:54 #16 type.registry] 
New type java.util.Vector<domain.Mugimendua>

[2022-05-08 19:33:54 #17 type] 
Type domain.Mugimendua is not enhanced.

[2022-05-08 19:33:54 #18 type.registry] 
New type domain.Admin

[2022-05-08 19:33:54 #19 type] 
Type domain.Admin is not enhanced.

[2022-05-08 19:33:54 #20 type.registry] 
New type domain.Erabiltzailea

[2022-05-08 19:33:54 #21 type] 
Type domain.Erabiltzailea is not enhanced.

[2022-05-08 19:33:54 #22 type.registry] 
New type java.util.Vector<java.lang.Object>

------------------------------------------------------------------------------------------------------------------------

[2022-05-08 19:43:50 #1 store] 
Database 'C:\Users\Iker\Desktop\proiektua\src\main\resources\bets.temp' is opened by 6904@DESKTOP-8L6O8HK

[2022-05-08 19:43:50 #2 type.registry] 
New type domain.Question

[2022-05-08 19:43:50 #3 type] 
Type domain.Question is not enhanced.

[2022-05-08 19:43:50 #4 type.registry] 
New type domain.ErantzunPosiblea

[2022-05-08 19:43:50 #5 type.registry] 
New type java.util.Vector<domain.ErantzunPosiblea>

[2022-05-08 19:43:50 #6 type.registry] 
New type domain.Event

[2022-05-08 19:43:50 #7 type] 
Type domain.ErantzunPosiblea is not enhanced.

[2022-05-08 19:43:50 #8 type.registry] 
New type domain.Apustua

[2022-05-08 19:43:50 #9 type.registry] 
New type java.util.Vector<domain.Apustua>

[2022-05-08 19:43:50 #10 type] 
Type domain.Event is not enhanced.

[2022-05-08 19:43:50 #11 type.registry] 
New type java.util.Vector<domain.Question>

[2022-05-08 19:43:50 #12 type] 
Type domain.Apustua is not enhanced.

[2022-05-08 19:43:50 #13 type.registry] 
New type domain.User

[2022-05-08 19:43:50 #14 type] 
Type domain.User is not enhanced.

[2022-05-08 19:43:50 #15 type.registry] 
New type domain.Mugimendua

[2022-05-08 19:43:50 #16 type.registry] 
New type java.util.Vector<domain.Mugimendua>

[2022-05-08 19:43:50 #17 type] 
Type domain.Mugimendua is not enhanced.

[2022-05-08 19:43:50 #18 type.registry] 
New type domain.Admin

[2022-05-08 19:43:50 #19 type] 
Type domain.Admin is not enhanced.

[2022-05-08 19:43:50 #20 type.registry] 
New type domain.Erabiltzailea

[2022-05-08 19:43:50 #21 type] 
Type domain.Erabiltzailea is not enhanced.

[2022-05-08 19:43:50 #22 type.registry] 
New type java.util.Vector<java.lang.Object>

------------------------------------------------------------------------------------------------------------------------

[2022-05-08 19:48:37 #1 store] 
Database 'C:\Users\Iker\Desktop\proiektua\src\main\resources\bets.temp' is opened by 8736@DESKTOP-8L6O8HK

[2022-05-08 19:48:38 #2 type.registry] 
New type domain.Question

[2022-05-08 19:48:38 #3 type] 
Type domain.Question is not enhanced.

[2022-05-08 19:48:38 #4 type.registry] 
New type domain.ErantzunPosiblea

[2022-05-08 19:48:38 #5 type.registry] 
New type java.util.Vector<domain.ErantzunPosiblea>

[2022-05-08 19:48:38 #6 type.registry] 
New type domain.Event

[2022-05-08 19:48:38 #7 type] 
Type domain.ErantzunPosiblea is not enhanced.

[2022-05-08 19:48:38 #8 type.registry] 
New type domain.Apustua

[2022-05-08 19:48:38 #9 type.registry] 
New type java.util.Vector<domain.Apustua>

[2022-05-08 19:48:38 #10 type] 
Type domain.Event is not enhanced.

[2022-05-08 19:48:38 #11 type.registry] 
New type java.util.Vector<domain.Question>

[2022-05-08 19:48:38 #12 type] 
Type domain.Apustua is not enhanced.

[2022-05-08 19:48:38 #13 type.registry] 
New type domain.User

[2022-05-08 19:48:38 #14 type] 
Type domain.User is not enhanced.

[2022-05-08 19:48:38 #15 type.registry] 
New type domain.Mugimendua

[2022-05-08 19:48:38 #16 type.registry] 
New type java.util.Vector<domain.Mugimendua>

[2022-05-08 19:48:38 #17 type] 
Type domain.Mugimendua is not enhanced.

[2022-05-08 19:48:38 #18 type.registry] 
New type domain.Admin

[2022-05-08 19:48:38 #19 type] 
Type domain.Admin is not enhanced.

[2022-05-08 19:48:38 #20 type.registry] 
New type domain.Erabiltzailea

[2022-05-08 19:48:38 #21 type] 
Type domain.Erabiltzailea is not enhanced.

[2022-05-08 19:48:38 #22 type.registry] 
New type java.util.Vector<java.lang.Object>

------------------------------------------------------------------------------------------------------------------------

[2022-05-08 19:54:00 #1 store] 
Database 'C:\Users\Iker\Desktop\proiektua\src\main\resources\bets.temp' is opened by 7800@DESKTOP-8L6O8HK

[2022-05-08 19:54:01 #2 type.registry] 
New type domain.Question

[2022-05-08 19:54:01 #3 type] 
Type domain.Question is not enhanced.

[2022-05-08 19:54:01 #4 type.registry] 
New type domain.ErantzunPosiblea

[2022-05-08 19:54:01 #5 type.registry] 
New type java.util.Vector<domain.ErantzunPosiblea>

[2022-05-08 19:54:01 #6 type.registry] 
New type domain.Event

[2022-05-08 19:54:01 #7 type] 
Type domain.ErantzunPosiblea is not enhanced.

[2022-05-08 19:54:01 #8 type.registry] 
New type domain.Apustua

[2022-05-08 19:54:01 #9 type.registry] 
New type java.util.Vector<domain.Apustua>

[2022-05-08 19:54:01 #10 type] 
Type domain.Event is not enhanced.

[2022-05-08 19:54:01 #11 type.registry] 
New type java.util.Vector<domain.Question>

[2022-05-08 19:54:01 #12 type] 
Type domain.Apustua is not enhanced.

[2022-05-08 19:54:01 #13 type.registry] 
New type domain.User

[2022-05-08 19:54:01 #14 type] 
Type domain.User is not enhanced.

[2022-05-08 19:54:01 #15 type.registry] 
New type domain.Mugimendua

[2022-05-08 19:54:01 #16 type.registry] 
New type java.util.Vector<domain.Mugimendua>

[2022-05-08 19:54:01 #17 type] 
Type domain.Mugimendua is not enhanced.

[2022-05-08 19:54:01 #18 type.registry] 
New type domain.Admin

[2022-05-08 19:54:01 #19 type] 
Type domain.Admin is not enhanced.

[2022-05-08 19:54:01 #20 type.registry] 
New type domain.Erabiltzailea

[2022-05-08 19:54:01 #21 type] 
Type domain.Erabiltzailea is not enhanced.

[2022-05-08 19:54:01 #22 type.registry] 
New type java.util.Vector<java.lang.Object>

------------------------------------------------------------------------------------------------------------------------

[2022-05-08 20:01:34 #1 store] 
Database 'C:\Users\Iker\Desktop\proiektua\src\main\resources\bets.temp' is opened by 7812@DESKTOP-8L6O8HK

[2022-05-08 20:01:35 #2 type.registry] 
New type domain.Question

[2022-05-08 20:01:35 #3 type] 
Type domain.Question is not enhanced.

[2022-05-08 20:01:35 #4 type.registry] 
New type domain.ErantzunPosiblea

[2022-05-08 20:01:35 #5 type.registry] 
New type java.util.Vector<domain.ErantzunPosiblea>

[2022-05-08 20:01:35 #6 type.registry] 
New type domain.Event

[2022-05-08 20:01:35 #7 type] 
Type domain.ErantzunPosiblea is not enhanced.

[2022-05-08 20:01:35 #8 type.registry] 
New type domain.Apustua

[2022-05-08 20:01:35 #9 type.registry] 
New type java.util.Vector<domain.Apustua>

[2022-05-08 20:01:35 #10 type] 
Type domain.Event is not enhanced.

[2022-05-08 20:01:35 #11 type.registry] 
New type java.util.Vector<domain.Question>

[2022-05-08 20:01:35 #12 type] 
Type domain.Apustua is not enhanced.

[2022-05-08 20:01:35 #13 type.registry] 
New type domain.User

[2022-05-08 20:01:35 #14 type] 
Type domain.User is not enhanced.

[2022-05-08 20:01:35 #15 type.registry] 
New type domain.Mugimendua

[2022-05-08 20:01:35 #16 type.registry] 
New type java.util.Vector<domain.Mugimendua>

[2022-05-08 20:01:35 #17 type] 
Type domain.Mugimendua is not enhanced.

[2022-05-08 20:01:35 #18 type.registry] 
New type domain.Admin

[2022-05-08 20:01:35 #19 type] 
Type domain.Admin is not enhanced.

[2022-05-08 20:01:35 #20 type.registry] 
New type domain.Erabiltzailea

[2022-05-08 20:01:35 #21 type] 
Type domain.Erabiltzailea is not enhanced.

[2022-05-08 20:01:35 #22 type.registry] 
New type java.util.Vector<java.lang.Object>

