------------------------------------------------------------------------------------------------------------------------

[2022-05-16 20:40:27 #1 store] 
Database 'C:\Users\ibaih\OneDrive\Documents\GitHub\Bets21\src\main\resources\bets.temp' is opened by 15476@DESKTOP-1QBPJUI

[2022-05-16 20:40:28 #2 type.registry] 
New type domain.Question

[2022-05-16 20:40:28 #3 type] 
Type domain.Question is not enhanced.

[2022-05-16 20:40:28 #4 type.registry] 
New type domain.ErantzunPosiblea

[2022-05-16 20:40:28 #5 type.registry] 
New type java.util.Vector<domain.ErantzunPosiblea>

[2022-05-16 20:40:28 #6 type.registry] 
New type domain.Event

[2022-05-16 20:40:28 #7 type] 
Type domain.ErantzunPosiblea is not enhanced.

[2022-05-16 20:40:28 #8 type.registry] 
New type domain.ApustuAnitza

[2022-05-16 20:40:28 #9 type.registry] 
New type java.util.Vector<domain.ApustuAnitza>

[2022-05-16 20:40:28 #10 type.registry] 
New type domain.Apustua

[2022-05-16 20:40:28 #11 type.registry] 
New type java.util.Vector<domain.Apustua>

[2022-05-16 20:40:28 #12 type] 
Type domain.Event is not enhanced.

[2022-05-16 20:40:28 #13 type.registry] 
New type java.util.Vector<domain.Question>

[2022-05-16 20:40:28 #14 type] 
Type domain.ApustuAnitza is not enhanced.

[2022-05-16 20:40:28 #15 type.registry] 
New type domain.User

[2022-05-16 20:40:28 #16 type] 
Type domain.Apustua is not enhanced.

[2022-05-16 20:40:28 #17 type] 
Type domain.User is not enhanced.

[2022-05-16 20:40:28 #18 type.registry] 
New type domain.Elkarrizketa

[2022-05-16 20:40:28 #19 type.registry] 
New type java.util.Vector<domain.Elkarrizketa>

[2022-05-16 20:40:28 #20 type.registry] 
New type domain.Jarraipena

[2022-05-16 20:40:28 #21 type.registry] 
New type java.util.Vector<domain.Jarraipena>

[2022-05-16 20:40:28 #22 type.registry] 
New type domain.Mugimendua

[2022-05-16 20:40:28 #23 type.registry] 
New type java.util.Vector<domain.Mugimendua>

[2022-05-16 20:40:28 #24 type] 
Type domain.Elkarrizketa is not enhanced.

[2022-05-16 20:40:28 #25 type.registry] 
New type domain.Mezua

[2022-05-16 20:40:28 #26 type.registry] 
New type java.util.Vector<domain.Mezua>

[2022-05-16 20:40:28 #27 type] 
Type domain.Jarraipena is not enhanced.

[2022-05-16 20:40:28 #28 type] 
Type domain.Mugimendua is not enhanced.

[2022-05-16 20:40:28 #29 type] 
Type domain.Mezua is not enhanced.

[2022-05-16 20:40:28 #30 type.registry] 
New type domain.Admin

[2022-05-16 20:40:28 #31 type] 
Type domain.Admin is not enhanced.

[2022-05-16 20:40:28 #32 type.registry] 
New type java.util.Vector<java.lang.Object>

------------------------------------------------------------------------------------------------------------------------

[2022-05-16 20:41:18 #1 store] 
Database 'C:\Users\ibaih\OneDrive\Documents\GitHub\Bets21\src\main\resources\bets.temp' is opened by 9416@DESKTOP-1QBPJUI

[2022-05-16 20:41:18 #2 type.registry] 
New type domain.Question

[2022-05-16 20:41:18 #3 type] 
Type domain.Question is not enhanced.

[2022-05-16 20:41:18 #4 type.registry] 
New type domain.ErantzunPosiblea

[2022-05-16 20:41:18 #5 type.registry] 
New type java.util.Vector<domain.ErantzunPosiblea>

[2022-05-16 20:41:18 #6 type.registry] 
New type domain.Event

[2022-05-16 20:41:18 #7 type] 
Type domain.ErantzunPosiblea is not enhanced.

[2022-05-16 20:41:18 #8 type.registry] 
New type domain.ApustuAnitza

[2022-05-16 20:41:18 #9 type.registry] 
New type java.util.Vector<domain.ApustuAnitza>

[2022-05-16 20:41:18 #10 type.registry] 
New type domain.Apustua

[2022-05-16 20:41:18 #11 type.registry] 
New type java.util.Vector<domain.Apustua>

[2022-05-16 20:41:18 #12 type] 
Type domain.Event is not enhanced.

[2022-05-16 20:41:18 #13 type.registry] 
New type java.util.Vector<domain.Question>

[2022-05-16 20:41:18 #14 type] 
Type domain.ApustuAnitza is not enhanced.

[2022-05-16 20:41:18 #15 type.registry] 
New type domain.User

[2022-05-16 20:41:18 #16 type] 
Type domain.Apustua is not enhanced.

[2022-05-16 20:41:18 #17 type] 
Type domain.User is not enhanced.

[2022-05-16 20:41:18 #18 type.registry] 
New type domain.Elkarrizketa

[2022-05-16 20:41:18 #19 type.registry] 
New type java.util.Vector<domain.Elkarrizketa>

[2022-05-16 20:41:18 #20 type.registry] 
New type domain.Jarraipena

[2022-05-16 20:41:18 #21 type.registry] 
New type java.util.Vector<domain.Jarraipena>

[2022-05-16 20:41:18 #22 type.registry] 
New type domain.Mugimendua

[2022-05-16 20:41:18 #23 type.registry] 
New type java.util.Vector<domain.Mugimendua>

[2022-05-16 20:41:18 #24 type] 
Type domain.Elkarrizketa is not enhanced.

[2022-05-16 20:41:18 #25 type.registry] 
New type domain.Mezua

[2022-05-16 20:41:18 #26 type.registry] 
New type java.util.Vector<domain.Mezua>

[2022-05-16 20:41:18 #27 type] 
Type domain.Jarraipena is not enhanced.

[2022-05-16 20:41:18 #28 type] 
Type domain.Mugimendua is not enhanced.

[2022-05-16 20:41:18 #29 type] 
Type domain.Mezua is not enhanced.

[2022-05-16 20:41:18 #30 type.registry] 
New type domain.Admin

[2022-05-16 20:41:18 #31 type] 
Type domain.Admin is not enhanced.

[2022-05-16 20:41:18 #32 type.registry] 
New type domain.Erabiltzailea

[2022-05-16 20:41:18 #33 type] 
Type domain.Erabiltzailea is not enhanced.

[2022-05-16 20:41:18 #34 type.registry] 
New type java.util.Vector<java.lang.Object>

------------------------------------------------------------------------------------------------------------------------

[2022-05-16 20:43:26 #1 store] 
Database 'C:\Users\ibaih\OneDrive\Documents\GitHub\Bets21\src\main\resources\bets.temp' is opened by 8624@DESKTOP-1QBPJUI

[2022-05-16 20:43:27 #2 type.registry] 
New type domain.Question

[2022-05-16 20:43:27 #3 type] 
Type domain.Question is not enhanced.

[2022-05-16 20:43:27 #4 type.registry] 
New type domain.ErantzunPosiblea

[2022-05-16 20:43:27 #5 type.registry] 
New type java.util.Vector<domain.ErantzunPosiblea>

[2022-05-16 20:43:27 #6 type.registry] 
New type domain.Event

[2022-05-16 20:43:27 #7 type] 
Type domain.ErantzunPosiblea is not enhanced.

[2022-05-16 20:43:27 #8 type.registry] 
New type domain.ApustuAnitza

[2022-05-16 20:43:27 #9 type.registry] 
New type java.util.Vector<domain.ApustuAnitza>

[2022-05-16 20:43:27 #10 type.registry] 
New type domain.Apustua

[2022-05-16 20:43:27 #11 type.registry] 
New type java.util.Vector<domain.Apustua>

[2022-05-16 20:43:27 #12 type] 
Type domain.Event is not enhanced.

[2022-05-16 20:43:27 #13 type.registry] 
New type java.util.Vector<domain.Question>

[2022-05-16 20:43:27 #14 type] 
Type domain.ApustuAnitza is not enhanced.

[2022-05-16 20:43:27 #15 type.registry] 
New type domain.User

[2022-05-16 20:43:27 #16 type] 
Type domain.Apustua is not enhanced.

[2022-05-16 20:43:27 #17 type] 
Type domain.User is not enhanced.

[2022-05-16 20:43:27 #18 type.registry] 
New type domain.Elkarrizketa

[2022-05-16 20:43:27 #19 type.registry] 
New type java.util.Vector<domain.Elkarrizketa>

[2022-05-16 20:43:27 #20 type.registry] 
New type domain.Jarraipena

[2022-05-16 20:43:27 #21 type.registry] 
New type java.util.Vector<domain.Jarraipena>

[2022-05-16 20:43:27 #22 type.registry] 
New type domain.Mugimendua

[2022-05-16 20:43:27 #23 type.registry] 
New type java.util.Vector<domain.Mugimendua>

[2022-05-16 20:43:27 #24 type] 
Type domain.Elkarrizketa is not enhanced.

[2022-05-16 20:43:27 #25 type.registry] 
New type domain.Mezua

[2022-05-16 20:43:27 #26 type.registry] 
New type java.util.Vector<domain.Mezua>

[2022-05-16 20:43:27 #27 type] 
Type domain.Jarraipena is not enhanced.

[2022-05-16 20:43:27 #28 type] 
Type domain.Mugimendua is not enhanced.

[2022-05-16 20:43:27 #29 type] 
Type domain.Mezua is not enhanced.

[2022-05-16 20:43:27 #30 type.registry] 
New type domain.Admin

[2022-05-16 20:43:27 #31 type] 
Type domain.Admin is not enhanced.

[2022-05-16 20:43:27 #32 type.registry] 
New type domain.Erabiltzailea

[2022-05-16 20:43:27 #33 type] 
Type domain.Erabiltzailea is not enhanced.

[2022-05-16 20:43:27 #34 type.registry] 
New type java.util.Vector<java.lang.Object>

------------------------------------------------------------------------------------------------------------------------

[2022-05-16 20:44:31 #1 store] 
Database 'C:\Users\ibaih\OneDrive\Documents\GitHub\Bets21\src\main\resources\bets.temp' is opened by 4444@DESKTOP-1QBPJUI

[2022-05-16 20:44:31 #2 type.registry] 
New type domain.Question

[2022-05-16 20:44:31 #3 type] 
Type domain.Question is not enhanced.

[2022-05-16 20:44:31 #4 type.registry] 
New type domain.ErantzunPosiblea

[2022-05-16 20:44:31 #5 type.registry] 
New type java.util.Vector<domain.ErantzunPosiblea>

[2022-05-16 20:44:31 #6 type.registry] 
New type domain.Event

[2022-05-16 20:44:31 #7 type] 
Type domain.ErantzunPosiblea is not enhanced.

[2022-05-16 20:44:31 #8 type.registry] 
New type domain.ApustuAnitza

[2022-05-16 20:44:31 #9 type.registry] 
New type java.util.Vector<domain.ApustuAnitza>

[2022-05-16 20:44:31 #10 type.registry] 
New type domain.Apustua

[2022-05-16 20:44:31 #11 type.registry] 
New type java.util.Vector<domain.Apustua>

[2022-05-16 20:44:31 #12 type] 
Type domain.Event is not enhanced.

[2022-05-16 20:44:31 #13 type.registry] 
New type java.util.Vector<domain.Question>

[2022-05-16 20:44:31 #14 type] 
Type domain.ApustuAnitza is not enhanced.

[2022-05-16 20:44:31 #15 type.registry] 
New type domain.User

[2022-05-16 20:44:31 #16 type] 
Type domain.Apustua is not enhanced.

[2022-05-16 20:44:31 #17 type] 
Type domain.User is not enhanced.

[2022-05-16 20:44:31 #18 type.registry] 
New type domain.Elkarrizketa

[2022-05-16 20:44:31 #19 type.registry] 
New type java.util.Vector<domain.Elkarrizketa>

[2022-05-16 20:44:31 #20 type.registry] 
New type domain.Jarraipena

[2022-05-16 20:44:31 #21 type.registry] 
New type java.util.Vector<domain.Jarraipena>

[2022-05-16 20:44:31 #22 type.registry] 
New type domain.Mugimendua

[2022-05-16 20:44:31 #23 type.registry] 
New type java.util.Vector<domain.Mugimendua>

[2022-05-16 20:44:31 #24 type] 
Type domain.Elkarrizketa is not enhanced.

[2022-05-16 20:44:31 #25 type.registry] 
New type domain.Mezua

[2022-05-16 20:44:31 #26 type.registry] 
New type java.util.Vector<domain.Mezua>

[2022-05-16 20:44:31 #27 type] 
Type domain.Jarraipena is not enhanced.

[2022-05-16 20:44:31 #28 type] 
Type domain.Mugimendua is not enhanced.

[2022-05-16 20:44:31 #29 type] 
Type domain.Mezua is not enhanced.

[2022-05-16 20:44:31 #30 type.registry] 
New type domain.Admin

[2022-05-16 20:44:31 #31 type] 
Type domain.Admin is not enhanced.

[2022-05-16 20:44:31 #32 type.registry] 
New type domain.Erabiltzailea

[2022-05-16 20:44:31 #33 type] 
Type domain.Erabiltzailea is not enhanced.

[2022-05-16 20:44:31 #34 type.registry] 
New type java.util.Vector<java.lang.Object>

