------------------------------------------------------------------------------------------------------------------------

[2022-04-06 19:57:32 #1 store] 
Database 'C:\Users\ibaih\OneDrive\Documents\GitHub\Bets21\src\main\resources\bets.temp' is opened by 135252@DESKTOP-1QBPJUI

[2022-04-06 19:57:32 #2 type.registry] 
New type domain.Question

[2022-04-06 19:57:32 #3 type] 
Type domain.Question is not enhanced.

[2022-04-06 19:57:32 #4 type.registry] 
New type domain.ErantzunPosiblea

[2022-04-06 19:57:32 #5 type.registry] 
New type java.util.Vector<domain.ErantzunPosiblea>

[2022-04-06 19:57:32 #6 type.registry] 
New type domain.Event

[2022-04-06 19:57:32 #7 type] 
Type domain.ErantzunPosiblea is not enhanced.

[2022-04-06 19:57:32 #8 type.registry] 
New type domain.Apustua

[2022-04-06 19:57:32 #9 type.registry] 
New type java.util.Vector<domain.Apustua>

[2022-04-06 19:57:32 #10 type] 
Type domain.Event is not enhanced.

[2022-04-06 19:57:32 #11 type.registry] 
New type java.util.Vector<domain.Question>

[2022-04-06 19:57:32 #12 type] 
Type domain.Apustua is not enhanced.

[2022-04-06 19:57:32 #13 type.registry] 
New type domain.User

[2022-04-06 19:57:32 #14 type] 
Type domain.User is not enhanced.

[2022-04-06 19:57:32 #15 type.registry] 
New type domain.Mugimendua

[2022-04-06 19:57:32 #16 type.registry] 
New type java.util.Vector<domain.Mugimendua>

[2022-04-06 19:57:32 #17 type] 
Type domain.Mugimendua is not enhanced.

[2022-04-06 19:57:32 #18 type.registry] 
New type domain.Admin

[2022-04-06 19:57:32 #19 type] 
Type domain.Admin is not enhanced.

[2022-04-06 19:57:32 #20 type.registry] 
New type domain.Erabiltzailea

[2022-04-06 19:57:32 #21 type] 
Type domain.Erabiltzailea is not enhanced.

[2022-04-06 19:57:32 #22 type.registry] 
New type java.util.Vector<java.lang.Object>

------------------------------------------------------------------------------------------------------------------------

[2022-04-06 20:06:41 #1 store] 
Database 'C:\Users\ibaih\OneDrive\Documents\GitHub\Bets21\src\main\resources\bets.temp' is opened by 132816@DESKTOP-1QBPJUI

[2022-04-06 20:06:41 #2 type.registry] 
New type domain.Question

[2022-04-06 20:06:41 #3 type] 
Type domain.Question is not enhanced.

[2022-04-06 20:06:41 #4 type.registry] 
New type domain.ErantzunPosiblea

[2022-04-06 20:06:41 #5 type.registry] 
New type java.util.Vector<domain.ErantzunPosiblea>

[2022-04-06 20:06:41 #6 type.registry] 
New type domain.Event

[2022-04-06 20:06:41 #7 type] 
Type domain.ErantzunPosiblea is not enhanced.

[2022-04-06 20:06:41 #8 type.registry] 
New type domain.Apustua

[2022-04-06 20:06:41 #9 type.registry] 
New type java.util.Vector<domain.Apustua>

[2022-04-06 20:06:41 #10 type] 
Type domain.Event is not enhanced.

[2022-04-06 20:06:41 #11 type.registry] 
New type java.util.Vector<domain.Question>

[2022-04-06 20:06:41 #12 type] 
Type domain.Apustua is not enhanced.

[2022-04-06 20:06:41 #13 type.registry] 
New type domain.User

[2022-04-06 20:06:41 #14 type] 
Type domain.User is not enhanced.

[2022-04-06 20:06:41 #15 type.registry] 
New type domain.Mugimendua

[2022-04-06 20:06:41 #16 type.registry] 
New type java.util.Vector<domain.Mugimendua>

[2022-04-06 20:06:41 #17 type] 
Type domain.Mugimendua is not enhanced.

[2022-04-06 20:06:41 #18 type.registry] 
New type domain.Admin

[2022-04-06 20:06:41 #19 type] 
Type domain.Admin is not enhanced.

[2022-04-06 20:06:41 #20 type.registry] 
New type domain.Erabiltzailea

[2022-04-06 20:06:41 #21 type] 
Type domain.Erabiltzailea is not enhanced.

[2022-04-06 20:06:41 #22 type.registry] 
New type java.util.Vector<java.lang.Object>

------------------------------------------------------------------------------------------------------------------------

[2022-04-06 20:12:54 #1 store] 
Database 'C:\Users\ibaih\OneDrive\Documents\GitHub\Bets21\src\main\resources\bets.temp' is opened by 119364@DESKTOP-1QBPJUI

[2022-04-06 20:12:54 #2 type.registry] 
New type domain.Question

[2022-04-06 20:12:54 #3 type] 
Type domain.Question is not enhanced.

[2022-04-06 20:12:54 #4 type.registry] 
New type domain.ErantzunPosiblea

[2022-04-06 20:12:54 #5 type.registry] 
New type java.util.Vector<domain.ErantzunPosiblea>

[2022-04-06 20:12:54 #6 type.registry] 
New type domain.Event

[2022-04-06 20:12:54 #7 type] 
Type domain.ErantzunPosiblea is not enhanced.

[2022-04-06 20:12:54 #8 type.registry] 
New type domain.Apustua

[2022-04-06 20:12:54 #9 type.registry] 
New type java.util.Vector<domain.Apustua>

[2022-04-06 20:12:54 #10 type] 
Type domain.Event is not enhanced.

[2022-04-06 20:12:54 #11 type.registry] 
New type java.util.Vector<domain.Question>

[2022-04-06 20:12:54 #12 type] 
Type domain.Apustua is not enhanced.

[2022-04-06 20:12:54 #13 type.registry] 
New type domain.User

[2022-04-06 20:12:54 #14 type] 
Type domain.User is not enhanced.

[2022-04-06 20:12:54 #15 type.registry] 
New type domain.Mugimendua

[2022-04-06 20:12:54 #16 type.registry] 
New type java.util.Vector<domain.Mugimendua>

[2022-04-06 20:12:54 #17 type] 
Type domain.Mugimendua is not enhanced.

[2022-04-06 20:12:54 #18 type.registry] 
New type domain.Admin

[2022-04-06 20:12:54 #19 type] 
Type domain.Admin is not enhanced.

[2022-04-06 20:12:54 #20 type.registry] 
New type domain.Erabiltzailea

[2022-04-06 20:12:54 #21 type] 
Type domain.Erabiltzailea is not enhanced.

[2022-04-06 20:12:54 #22 type.registry] 
New type java.util.Vector<java.lang.Object>

------------------------------------------------------------------------------------------------------------------------

[2022-04-06 20:18:12 #1 store] 
Database 'C:\Users\ibaih\OneDrive\Documents\GitHub\Bets21\src\main\resources\bets.temp' is opened by 118792@DESKTOP-1QBPJUI

[2022-04-06 20:18:12 #2 type.registry] 
New type domain.Question

[2022-04-06 20:18:12 #3 type] 
Type domain.Question is not enhanced.

[2022-04-06 20:18:12 #4 type.registry] 
New type domain.ErantzunPosiblea

[2022-04-06 20:18:12 #5 type.registry] 
New type java.util.Vector<domain.ErantzunPosiblea>

[2022-04-06 20:18:12 #6 type.registry] 
New type domain.Event

[2022-04-06 20:18:12 #7 type] 
Type domain.ErantzunPosiblea is not enhanced.

[2022-04-06 20:18:12 #8 type.registry] 
New type domain.Apustua

[2022-04-06 20:18:12 #9 type.registry] 
New type java.util.Vector<domain.Apustua>

[2022-04-06 20:18:12 #10 type] 
Type domain.Event is not enhanced.

[2022-04-06 20:18:12 #11 type.registry] 
New type java.util.Vector<domain.Question>

[2022-04-06 20:18:12 #12 type] 
Type domain.Apustua is not enhanced.

[2022-04-06 20:18:12 #13 type.registry] 
New type domain.User

[2022-04-06 20:18:12 #14 type] 
Type domain.User is not enhanced.

[2022-04-06 20:18:12 #15 type.registry] 
New type domain.Mugimendua

[2022-04-06 20:18:12 #16 type.registry] 
New type java.util.Vector<domain.Mugimendua>

[2022-04-06 20:18:12 #17 type] 
Type domain.Mugimendua is not enhanced.

[2022-04-06 20:18:12 #18 type.registry] 
New type domain.Admin

[2022-04-06 20:18:12 #19 type] 
Type domain.Admin is not enhanced.

[2022-04-06 20:18:12 #20 type.registry] 
New type domain.Erabiltzailea

[2022-04-06 20:18:12 #21 type] 
Type domain.Erabiltzailea is not enhanced.

[2022-04-06 20:18:12 #22 type.registry] 
New type java.util.Vector<java.lang.Object>

