------------------------------------------------------------------------------------------------------------------------

[2022-02-28 13:51:23 #1 store] 
Database 'C:\Users\emman\OneDrive\Documents\GitHub\Bets21\src\main\resources\bets.temp' is opened by 3196@LAPTOP-TF23AETS

[2022-02-28 13:51:24 #2 type.registry] 
New type domain.Question

[2022-02-28 13:51:24 #3 type] 
Type domain.Question is not enhanced.

[2022-02-28 13:51:24 #4 type.registry] 
New type domain.Event

[2022-02-28 13:51:24 #5 type] 
Type domain.Event is not enhanced.

[2022-02-28 13:51:24 #6 type.registry] 
New type java.util.Vector<domain.Question>

[2022-02-28 13:51:24 #7 type.registry] 
New type domain.User

[2022-02-28 13:51:24 #8 type.registry] 
New type domain.Erabiltzailea

[2022-02-28 13:51:24 #9 type] 
Type domain.User is not enhanced.

[2022-02-28 13:51:24 #10 type] 
Type domain.Erabiltzailea is not enhanced.

[2022-02-28 13:51:24 #11 type.registry] 
New type java.util.Vector<java.lang.Object>

------------------------------------------------------------------------------------------------------------------------

[2022-02-28 14:41:48 #1 store] 
Database 'C:\Users\emman\OneDrive\Documents\GitHub\Bets21\src\main\resources\bets.temp' is opened by 2968@LAPTOP-TF23AETS

[2022-02-28 14:41:49 #2 type.registry] 
New type domain.Question

[2022-02-28 14:41:49 #3 type] 
Type domain.Question is not enhanced.

[2022-02-28 14:41:49 #4 type.registry] 
New type domain.Event

[2022-02-28 14:41:49 #5 type] 
Type domain.Event is not enhanced.

[2022-02-28 14:41:49 #6 type.registry] 
New type java.util.Vector<domain.Question>

[2022-02-28 14:41:49 #7 type.registry] 
New type domain.User

[2022-02-28 14:41:49 #8 type.registry] 
New type domain.Erabiltzailea

[2022-02-28 14:41:49 #9 type] 
Type domain.User is not enhanced.

[2022-02-28 14:41:49 #10 type] 
Type domain.Erabiltzailea is not enhanced.

[2022-02-28 14:41:49 #11 type.registry] 
New type java.util.Vector<java.lang.Object>

------------------------------------------------------------------------------------------------------------------------

[2022-02-28 14:43:17 #1 store] 
Database 'C:\Users\emman\OneDrive\Documents\GitHub\Bets21\src\main\resources\bets.temp' is opened by 21268@LAPTOP-TF23AETS

[2022-02-28 14:43:18 #2 type.registry] 
New type domain.Question

[2022-02-28 14:43:18 #3 type] 
Type domain.Question is not enhanced.

[2022-02-28 14:43:18 #4 type.registry] 
New type domain.Event

[2022-02-28 14:43:18 #5 type] 
Type domain.Event is not enhanced.

[2022-02-28 14:43:18 #6 type.registry] 
New type java.util.Vector<domain.Question>

[2022-02-28 14:43:18 #7 type.registry] 
New type domain.User

[2022-02-28 14:43:18 #8 type.registry] 
New type domain.Erabiltzailea

[2022-02-28 14:43:18 #9 type] 
Type domain.User is not enhanced.

[2022-02-28 14:43:18 #10 type] 
Type domain.Erabiltzailea is not enhanced.

[2022-02-28 14:43:18 #11 type.registry] 
New type java.util.Vector<java.lang.Object>

------------------------------------------------------------------------------------------------------------------------

[2022-02-28 14:45:53 #1 store] 
Database 'C:\Users\emman\OneDrive\Documents\GitHub\Bets21\src\main\resources\bets.temp' is opened by 19652@LAPTOP-TF23AETS

[2022-02-28 14:45:53 #2 type.registry] 
New type domain.Question

[2022-02-28 14:45:53 #3 type] 
Type domain.Question is not enhanced.

[2022-02-28 14:45:53 #4 type.registry] 
New type domain.Event

[2022-02-28 14:45:53 #5 type] 
Type domain.Event is not enhanced.

[2022-02-28 14:45:53 #6 type.registry] 
New type java.util.Vector<domain.Question>

[2022-02-28 14:45:53 #7 type.registry] 
New type domain.User

[2022-02-28 14:45:53 #8 type.registry] 
New type domain.Erabiltzailea

[2022-02-28 14:45:53 #9 type] 
Type domain.User is not enhanced.

[2022-02-28 14:45:53 #10 type] 
Type domain.Erabiltzailea is not enhanced.

[2022-02-28 14:45:53 #11 type.registry] 
New type java.util.Vector<java.lang.Object>

------------------------------------------------------------------------------------------------------------------------

[2022-02-28 14:47:36 #1 store] 
Database 'C:\Users\emman\OneDrive\Documents\GitHub\Bets21\src\main\resources\bets.temp' is opened by 18832@LAPTOP-TF23AETS

[2022-02-28 14:47:37 #2 type.registry] 
New type domain.Question

[2022-02-28 14:47:37 #3 type] 
Type domain.Question is not enhanced.

[2022-02-28 14:47:37 #4 type.registry] 
New type domain.Event

[2022-02-28 14:47:37 #5 type] 
Type domain.Event is not enhanced.

[2022-02-28 14:47:37 #6 type.registry] 
New type java.util.Vector<domain.Question>

[2022-02-28 14:47:37 #7 type.registry] 
New type domain.User

[2022-02-28 14:47:37 #8 type.registry] 
New type domain.Erabiltzailea

[2022-02-28 14:47:37 #9 type] 
Type domain.User is not enhanced.

[2022-02-28 14:47:37 #10 type] 
Type domain.Erabiltzailea is not enhanced.

[2022-02-28 14:47:37 #11 type.registry] 
New type java.util.Vector<java.lang.Object>

------------------------------------------------------------------------------------------------------------------------

[2022-02-28 14:51:59 #1 store] 
Database 'C:\Users\emman\OneDrive\Documents\GitHub\Bets21\src\main\resources\bets.temp' is opened by 15816@LAPTOP-TF23AETS

[2022-02-28 14:51:59 #2 type.registry] 
New type domain.Question

[2022-02-28 14:51:59 #3 type] 
Type domain.Question is not enhanced.

[2022-02-28 14:51:59 #4 type.registry] 
New type domain.Event

[2022-02-28 14:51:59 #5 type] 
Type domain.Event is not enhanced.

[2022-02-28 14:51:59 #6 type.registry] 
New type java.util.Vector<domain.Question>

[2022-02-28 14:51:59 #7 type.registry] 
New type domain.User

[2022-02-28 14:51:59 #8 type.registry] 
New type domain.Erabiltzailea

[2022-02-28 14:51:59 #9 type] 
Type domain.User is not enhanced.

[2022-02-28 14:51:59 #10 type] 
Type domain.Erabiltzailea is not enhanced.

[2022-02-28 14:51:59 #11 type.registry] 
New type java.util.Vector<java.lang.Object>

------------------------------------------------------------------------------------------------------------------------

[2022-02-28 14:54:13 #1 store] 
Database 'C:\Users\emman\OneDrive\Documents\GitHub\Bets21\src\main\resources\bets.temp' is opened by 9580@LAPTOP-TF23AETS

[2022-02-28 14:54:13 #2 type.registry] 
New type domain.Question

[2022-02-28 14:54:13 #3 type] 
Type domain.Question is not enhanced.

[2022-02-28 14:54:13 #4 type.registry] 
New type domain.Event

[2022-02-28 14:54:13 #5 type] 
Type domain.Event is not enhanced.

[2022-02-28 14:54:13 #6 type.registry] 
New type java.util.Vector<domain.Question>

[2022-02-28 14:54:13 #7 type.registry] 
New type domain.User

[2022-02-28 14:54:13 #8 type.registry] 
New type domain.Erabiltzailea

[2022-02-28 14:54:13 #9 type] 
Type domain.User is not enhanced.

[2022-02-28 14:54:13 #10 type] 
Type domain.Erabiltzailea is not enhanced.

[2022-02-28 14:54:13 #11 type.registry] 
New type java.util.Vector<java.lang.Object>

------------------------------------------------------------------------------------------------------------------------

[2022-02-28 14:58:06 #1 store] 
Database 'C:\Users\emman\OneDrive\Documents\GitHub\Bets21\src\main\resources\bets.temp' is opened by 19568@LAPTOP-TF23AETS

[2022-02-28 14:58:07 #2 type.registry] 
New type domain.Question

[2022-02-28 14:58:07 #3 type] 
Type domain.Question is not enhanced.

[2022-02-28 14:58:07 #4 type.registry] 
New type domain.Event

[2022-02-28 14:58:07 #5 type] 
Type domain.Event is not enhanced.

[2022-02-28 14:58:07 #6 type.registry] 
New type java.util.Vector<domain.Question>

[2022-02-28 14:58:07 #7 type.registry] 
New type domain.User

[2022-02-28 14:58:07 #8 type.registry] 
New type domain.Erabiltzailea

[2022-02-28 14:58:07 #9 type] 
Type domain.User is not enhanced.

[2022-02-28 14:58:07 #10 type] 
Type domain.Erabiltzailea is not enhanced.

[2022-02-28 14:58:07 #11 type.registry] 
New type java.util.Vector<java.lang.Object>

