------------------------------------------------------------------------------------------------------------------------

[2022-03-19 09:43:51 #1 store] 
Database 'C:\Users\Iker\Desktop\aa\Bets21\src\main\resources\bets.temp' is opened by 4896@DESKTOP-8L6O8HK

[2022-03-19 09:43:51 #2 type.registry] 
New type domain.Question

[2022-03-19 09:43:51 #3 type] 
Type domain.Question is not enhanced.

[2022-03-19 09:43:51 #4 type.registry] 
New type domain.Kuota

[2022-03-19 09:43:51 #5 type.registry] 
New type java.util.Vector<domain.Kuota>

[2022-03-19 09:43:51 #6 type.registry] 
New type domain.Event

[2022-03-19 09:43:51 #7 type] 
Type domain.Kuota is not enhanced.

[2022-03-19 09:43:51 #8 type] 
Type domain.Event is not enhanced.

[2022-03-19 09:43:51 #9 type.registry] 
New type java.util.Vector<domain.Question>

[2022-03-19 09:43:51 #10 type.registry] 
New type domain.User

[2022-03-19 09:43:51 #11 type.registry] 
New type domain.Admin

[2022-03-19 09:43:51 #12 type] 
Type domain.User is not enhanced.

[2022-03-19 09:43:51 #13 type] 
Type domain.Admin is not enhanced.

[2022-03-19 09:43:51 #14 type.registry] 
New type domain.Erabiltzailea

[2022-03-19 09:43:51 #15 type] 
Type domain.Erabiltzailea is not enhanced.

[2022-03-19 09:43:51 #16 type.registry] 
New type java.util.Vector<java.lang.Object>

------------------------------------------------------------------------------------------------------------------------

[2022-03-19 09:45:34 #1 store] 
Database 'C:\Users\Iker\Desktop\aa\Bets21\src\main\resources\bets.temp' is opened by 2260@DESKTOP-8L6O8HK

[2022-03-19 09:45:34 #2 type.registry] 
New type domain.Question

[2022-03-19 09:45:34 #3 type] 
Type domain.Question is not enhanced.

[2022-03-19 09:45:34 #4 type.registry] 
New type domain.Kuota

[2022-03-19 09:45:34 #5 type.registry] 
New type java.util.Vector<domain.Kuota>

[2022-03-19 09:45:34 #6 type.registry] 
New type domain.Event

[2022-03-19 09:45:34 #7 type] 
Type domain.Kuota is not enhanced.

[2022-03-19 09:45:34 #8 type] 
Type domain.Event is not enhanced.

[2022-03-19 09:45:34 #9 type.registry] 
New type java.util.Vector<domain.Question>

[2022-03-19 09:45:34 #10 type.registry] 
New type domain.User

[2022-03-19 09:45:34 #11 type.registry] 
New type domain.Admin

[2022-03-19 09:45:34 #12 type] 
Type domain.User is not enhanced.

[2022-03-19 09:45:34 #13 type] 
Type domain.Admin is not enhanced.

[2022-03-19 09:45:34 #14 type.registry] 
New type domain.Erabiltzailea

[2022-03-19 09:45:34 #15 type] 
Type domain.Erabiltzailea is not enhanced.

[2022-03-19 09:45:34 #16 type.registry] 
New type java.util.Vector<java.lang.Object>

------------------------------------------------------------------------------------------------------------------------

[2022-03-19 10:14:54 #1 store] 
Database 'C:\Users\Iker\Desktop\aa\Bets21\src\main\resources\bets.temp' is opened by 1612@DESKTOP-8L6O8HK

[2022-03-19 10:14:54 #2 type.registry] 
New type domain.Question

[2022-03-19 10:14:54 #3 type] 
Type domain.Question is not enhanced.

[2022-03-19 10:14:54 #4 type.registry] 
New type domain.Kuota

[2022-03-19 10:14:54 #5 type.registry] 
New type java.util.Vector<domain.Kuota>

[2022-03-19 10:14:54 #6 type.registry] 
New type domain.Event

[2022-03-19 10:14:54 #7 type] 
Type domain.Kuota is not enhanced.

[2022-03-19 10:14:54 #8 type] 
Type domain.Event is not enhanced.

[2022-03-19 10:14:54 #9 type.registry] 
New type java.util.Vector<domain.Question>

[2022-03-19 10:14:54 #10 type.registry] 
New type domain.User

[2022-03-19 10:14:54 #11 type.registry] 
New type domain.Admin

[2022-03-19 10:14:54 #12 type] 
Type domain.User is not enhanced.

[2022-03-19 10:14:54 #13 type.registry] 
New type java.util.Vector<java.lang.String>

[2022-03-19 10:14:54 #14 type] 
Type domain.Admin is not enhanced.

[2022-03-19 10:14:54 #15 type.registry] 
New type domain.Erabiltzailea

[2022-03-19 10:14:54 #16 type] 
Type domain.Erabiltzailea is not enhanced.

[2022-03-19 10:14:54 #17 type.registry] 
New type java.util.Vector<java.lang.Object>

------------------------------------------------------------------------------------------------------------------------

[2022-03-19 10:16:18 #1 store] 
Database 'C:\Users\Iker\Desktop\aa\Bets21\src\main\resources\bets.temp' is opened by 3520@DESKTOP-8L6O8HK

[2022-03-19 10:16:18 #2 type.registry] 
New type domain.Question

[2022-03-19 10:16:18 #3 type] 
Type domain.Question is not enhanced.

[2022-03-19 10:16:18 #4 type.registry] 
New type domain.Kuota

[2022-03-19 10:16:18 #5 type.registry] 
New type java.util.Vector<domain.Kuota>

[2022-03-19 10:16:18 #6 type.registry] 
New type domain.Event

[2022-03-19 10:16:18 #7 type] 
Type domain.Kuota is not enhanced.

[2022-03-19 10:16:18 #8 type] 
Type domain.Event is not enhanced.

[2022-03-19 10:16:18 #9 type.registry] 
New type java.util.Vector<domain.Question>

[2022-03-19 10:16:18 #10 type.registry] 
New type domain.User

[2022-03-19 10:16:18 #11 type.registry] 
New type domain.Admin

[2022-03-19 10:16:18 #12 type] 
Type domain.User is not enhanced.

[2022-03-19 10:16:18 #13 type.registry] 
New type java.util.Vector<java.lang.String>

[2022-03-19 10:16:18 #14 type] 
Type domain.Admin is not enhanced.

[2022-03-19 10:16:18 #15 type.registry] 
New type domain.Erabiltzailea

[2022-03-19 10:16:18 #16 type] 
Type domain.Erabiltzailea is not enhanced.

[2022-03-19 10:16:18 #17 type.registry] 
New type java.util.Vector<java.lang.Object>

------------------------------------------------------------------------------------------------------------------------

[2022-03-19 10:17:22 #1 store] 
Database 'C:\Users\Iker\Desktop\aa\Bets21\src\main\resources\bets.temp' is opened by 8436@DESKTOP-8L6O8HK

[2022-03-19 10:17:22 #2 type.registry] 
New type domain.Question

[2022-03-19 10:17:22 #3 type] 
Type domain.Question is not enhanced.

[2022-03-19 10:17:22 #4 type.registry] 
New type domain.Kuota

[2022-03-19 10:17:22 #5 type.registry] 
New type java.util.Vector<domain.Kuota>

[2022-03-19 10:17:22 #6 type.registry] 
New type domain.Event

[2022-03-19 10:17:22 #7 type] 
Type domain.Kuota is not enhanced.

[2022-03-19 10:17:22 #8 type] 
Type domain.Event is not enhanced.

[2022-03-19 10:17:22 #9 type.registry] 
New type java.util.Vector<domain.Question>

[2022-03-19 10:17:22 #10 type.registry] 
New type domain.User

[2022-03-19 10:17:22 #11 type.registry] 
New type domain.Admin

[2022-03-19 10:17:22 #12 type] 
Type domain.User is not enhanced.

[2022-03-19 10:17:22 #13 type.registry] 
New type java.util.Vector<java.lang.String>

[2022-03-19 10:17:22 #14 type] 
Type domain.Admin is not enhanced.

[2022-03-19 10:17:22 #15 type.registry] 
New type domain.Erabiltzailea

[2022-03-19 10:17:22 #16 type] 
Type domain.Erabiltzailea is not enhanced.

[2022-03-19 10:17:22 #17 type.registry] 
New type java.util.Vector<java.lang.Object>

------------------------------------------------------------------------------------------------------------------------

[2022-03-19 10:20:07 #1 store] 
Database 'C:\Users\Iker\Desktop\aa\Bets21\src\main\resources\bets.temp' is opened by 2348@DESKTOP-8L6O8HK

[2022-03-19 10:20:07 #2 type.registry] 
New type domain.Question

[2022-03-19 10:20:07 #3 type] 
Type domain.Question is not enhanced.

[2022-03-19 10:20:07 #4 type.registry] 
New type domain.Kuota

[2022-03-19 10:20:07 #5 type.registry] 
New type java.util.Vector<domain.Kuota>

[2022-03-19 10:20:07 #6 type.registry] 
New type domain.Event

[2022-03-19 10:20:07 #7 type] 
Type domain.Kuota is not enhanced.

[2022-03-19 10:20:07 #8 type] 
Type domain.Event is not enhanced.

[2022-03-19 10:20:07 #9 type.registry] 
New type java.util.Vector<domain.Question>

[2022-03-19 10:20:07 #10 type.registry] 
New type domain.User

[2022-03-19 10:20:07 #11 type.registry] 
New type domain.Admin

[2022-03-19 10:20:07 #12 type] 
Type domain.User is not enhanced.

[2022-03-19 10:20:07 #13 type.registry] 
New type java.util.Vector<java.lang.String>

[2022-03-19 10:20:07 #14 type] 
Type domain.Admin is not enhanced.

[2022-03-19 10:20:07 #15 type.registry] 
New type domain.Erabiltzailea

[2022-03-19 10:20:07 #16 type] 
Type domain.Erabiltzailea is not enhanced.

[2022-03-19 10:20:07 #17 type.registry] 
New type java.util.Vector<java.lang.Object>

------------------------------------------------------------------------------------------------------------------------

[2022-03-19 10:30:36 #1 store] 
Database 'C:\Users\Iker\Desktop\aa\Bets21\src\main\resources\bets.temp' is opened by 5388@DESKTOP-8L6O8HK

[2022-03-19 10:30:37 #2 type.registry] 
New type domain.Question

[2022-03-19 10:30:37 #3 type] 
Type domain.Question is not enhanced.

[2022-03-19 10:30:37 #4 type.registry] 
New type domain.Kuota

[2022-03-19 10:30:37 #5 type.registry] 
New type java.util.Vector<domain.Kuota>

[2022-03-19 10:30:37 #6 type.registry] 
New type domain.Event

[2022-03-19 10:30:37 #7 type] 
Type domain.Kuota is not enhanced.

[2022-03-19 10:30:37 #8 type] 
Type domain.Event is not enhanced.

[2022-03-19 10:30:37 #9 type.registry] 
New type java.util.Vector<domain.Question>

[2022-03-19 10:30:37 #10 type.registry] 
New type domain.User

[2022-03-19 10:30:37 #11 type.registry] 
New type domain.Admin

[2022-03-19 10:30:37 #12 type] 
Type domain.User is not enhanced.

[2022-03-19 10:30:37 #13 type.registry] 
New type domain.Kontua

[2022-03-19 10:30:37 #14 type] 
Type domain.Admin is not enhanced.

[2022-03-19 10:30:37 #15 type] 
Type domain.Kontua is not enhanced.

[2022-03-19 10:30:37 #16 type.registry] 
New type java.util.Vector<java.lang.String>

[2022-03-19 10:30:37 #17 type.registry] 
New type domain.Erabiltzailea

[2022-03-19 10:30:37 #18 type] 
Type domain.Erabiltzailea is not enhanced.

[2022-03-19 10:30:37 #19 type.registry] 
New type java.util.Vector<java.lang.Object>

------------------------------------------------------------------------------------------------------------------------

[2022-03-19 10:31:32 #1 store] 
Database 'C:\Users\Iker\Desktop\aa\Bets21\src\main\resources\bets.temp' is opened by 5316@DESKTOP-8L6O8HK

[2022-03-19 10:31:33 #2 type.registry] 
New type domain.Question

[2022-03-19 10:31:33 #3 type] 
Type domain.Question is not enhanced.

[2022-03-19 10:31:33 #4 type.registry] 
New type domain.Kuota

[2022-03-19 10:31:33 #5 type.registry] 
New type java.util.Vector<domain.Kuota>

[2022-03-19 10:31:33 #6 type.registry] 
New type domain.Event

[2022-03-19 10:31:33 #7 type] 
Type domain.Kuota is not enhanced.

[2022-03-19 10:31:33 #8 type] 
Type domain.Event is not enhanced.

[2022-03-19 10:31:33 #9 type.registry] 
New type java.util.Vector<domain.Question>

[2022-03-19 10:31:33 #10 type.registry] 
New type domain.User

[2022-03-19 10:31:33 #11 type.registry] 
New type domain.Admin

[2022-03-19 10:31:33 #12 type] 
Type domain.User is not enhanced.

[2022-03-19 10:31:33 #13 type.registry] 
New type domain.Kontua

[2022-03-19 10:31:33 #14 type] 
Type domain.Admin is not enhanced.

[2022-03-19 10:31:33 #15 type] 
Type domain.Kontua is not enhanced.

[2022-03-19 10:31:33 #16 type.registry] 
New type java.util.Vector<java.lang.String>

[2022-03-19 10:31:33 #17 type.registry] 
New type domain.Erabiltzailea

[2022-03-19 10:31:33 #18 type] 
Type domain.Erabiltzailea is not enhanced.

[2022-03-19 10:31:33 #19 type.registry] 
New type java.util.Vector<java.lang.Object>

------------------------------------------------------------------------------------------------------------------------

[2022-03-19 10:36:20 #1 store] 
Database 'C:\Users\Iker\Desktop\aa\Bets21\src\main\resources\bets.temp' is opened by 1584@DESKTOP-8L6O8HK

[2022-03-19 10:36:20 #2 type.registry] 
New type domain.Question

[2022-03-19 10:36:20 #3 type] 
Type domain.Question is not enhanced.

[2022-03-19 10:36:20 #4 type.registry] 
New type domain.Kuota

[2022-03-19 10:36:21 #5 type.registry] 
New type java.util.Vector<domain.Kuota>

[2022-03-19 10:36:21 #6 type.registry] 
New type domain.Event

[2022-03-19 10:36:21 #7 type] 
Type domain.Kuota is not enhanced.

[2022-03-19 10:36:21 #8 type] 
Type domain.Event is not enhanced.

[2022-03-19 10:36:21 #9 type.registry] 
New type java.util.Vector<domain.Question>

[2022-03-19 10:36:21 #10 type.registry] 
New type domain.User

[2022-03-19 10:36:21 #11 type.registry] 
New type domain.Admin

[2022-03-19 10:36:21 #12 type] 
Type domain.User is not enhanced.

[2022-03-19 10:36:21 #13 type.registry] 
New type domain.Kontua

[2022-03-19 10:36:21 #14 type] 
Type domain.Admin is not enhanced.

[2022-03-19 10:36:21 #15 type] 
Type domain.Kontua is not enhanced.

[2022-03-19 10:36:21 #16 type.registry] 
New type java.util.Vector<java.lang.String>

[2022-03-19 10:36:21 #17 type.registry] 
New type domain.Erabiltzailea

[2022-03-19 10:36:21 #18 type] 
Type domain.Erabiltzailea is not enhanced.

[2022-03-19 10:36:21 #19 type.registry] 
New type java.util.Vector<java.lang.Object>

------------------------------------------------------------------------------------------------------------------------

[2022-03-19 10:40:20 #1 store] 
Database 'C:\Users\Iker\Desktop\aa\Bets21\src\main\resources\bets.temp' is opened by 6004@DESKTOP-8L6O8HK

[2022-03-19 10:40:21 #2 type.registry] 
New type domain.Question

[2022-03-19 10:40:21 #3 type] 
Type domain.Question is not enhanced.

[2022-03-19 10:40:21 #4 type.registry] 
New type domain.Kuota

[2022-03-19 10:40:21 #5 type.registry] 
New type java.util.Vector<domain.Kuota>

[2022-03-19 10:40:21 #6 type.registry] 
New type domain.Event

[2022-03-19 10:40:21 #7 type] 
Type domain.Kuota is not enhanced.

[2022-03-19 10:40:21 #8 type] 
Type domain.Event is not enhanced.

[2022-03-19 10:40:21 #9 type.registry] 
New type java.util.Vector<domain.Question>

[2022-03-19 10:40:21 #10 type.registry] 
New type domain.User

[2022-03-19 10:40:21 #11 type.registry] 
New type domain.Admin

[2022-03-19 10:40:21 #12 type] 
Type domain.User is not enhanced.

[2022-03-19 10:40:21 #13 type.registry] 
New type domain.Kontua

[2022-03-19 10:40:21 #14 type] 
Type domain.Admin is not enhanced.

[2022-03-19 10:40:21 #15 type] 
Type domain.Kontua is not enhanced.

[2022-03-19 10:40:21 #16 type.registry] 
New type java.util.Vector<java.lang.String>

[2022-03-19 10:40:21 #17 type.registry] 
New type domain.Erabiltzailea

[2022-03-19 10:40:21 #18 type] 
Type domain.Erabiltzailea is not enhanced.

[2022-03-19 10:40:21 #19 type.registry] 
New type java.util.Vector<java.lang.Object>

------------------------------------------------------------------------------------------------------------------------

[2022-03-19 10:46:32 #1 store] 
Database 'C:\Users\Iker\Desktop\aa\Bets21\src\main\resources\bets.temp' is opened by 5060@DESKTOP-8L6O8HK

[2022-03-19 10:46:32 #2 type.registry] 
New type domain.Question

[2022-03-19 10:46:32 #3 type] 
Type domain.Question is not enhanced.

[2022-03-19 10:46:32 #4 type.registry] 
New type domain.Kuota

[2022-03-19 10:46:32 #5 type.registry] 
New type java.util.Vector<domain.Kuota>

[2022-03-19 10:46:32 #6 type.registry] 
New type domain.Event

[2022-03-19 10:46:32 #7 type] 
Type domain.Kuota is not enhanced.

[2022-03-19 10:46:32 #8 type] 
Type domain.Event is not enhanced.

[2022-03-19 10:46:32 #9 type.registry] 
New type java.util.Vector<domain.Question>

[2022-03-19 10:46:32 #10 type.registry] 
New type domain.User

[2022-03-19 10:46:32 #11 type.registry] 
New type domain.Admin

[2022-03-19 10:46:32 #12 type] 
Type domain.User is not enhanced.

[2022-03-19 10:46:32 #13 type] 
Type domain.Admin is not enhanced.

[2022-03-19 10:46:32 #14 type.registry] 
New type domain.Erabiltzailea

[2022-03-19 10:46:32 #15 type] 
Type domain.Erabiltzailea is not enhanced.

[2022-03-19 10:46:32 #16 type.registry] 
New type java.util.Vector<java.lang.Object>

------------------------------------------------------------------------------------------------------------------------

[2022-03-19 10:48:13 #1 store] 
Database 'C:\Users\Iker\Desktop\aa\Bets21\src\main\resources\bets.temp' is opened by 9720@DESKTOP-8L6O8HK

[2022-03-19 10:48:13 #2 type.registry] 
New type domain.Question

[2022-03-19 10:48:13 #3 type] 
Type domain.Question is not enhanced.

[2022-03-19 10:48:13 #4 type.registry] 
New type domain.Kuota

[2022-03-19 10:48:13 #5 type.registry] 
New type java.util.Vector<domain.Kuota>

[2022-03-19 10:48:13 #6 type.registry] 
New type domain.Event

[2022-03-19 10:48:13 #7 type] 
Type domain.Kuota is not enhanced.

[2022-03-19 10:48:13 #8 type] 
Type domain.Event is not enhanced.

[2022-03-19 10:48:13 #9 type.registry] 
New type java.util.Vector<domain.Question>

[2022-03-19 10:48:13 #10 type.registry] 
New type domain.User

[2022-03-19 10:48:13 #11 type.registry] 
New type domain.Admin

[2022-03-19 10:48:13 #12 type] 
Type domain.User is not enhanced.

[2022-03-19 10:48:13 #13 type] 
Type domain.Admin is not enhanced.

[2022-03-19 10:48:13 #14 type.registry] 
New type domain.Erabiltzailea

[2022-03-19 10:48:13 #15 type] 
Type domain.Erabiltzailea is not enhanced.

[2022-03-19 10:48:13 #16 type.registry] 
New type java.util.Vector<java.lang.Object>

------------------------------------------------------------------------------------------------------------------------

[2022-03-19 10:50:15 #1 store] 
Database 'C:\Users\Iker\Desktop\aa\Bets21\src\main\resources\bets.temp' is opened by 1220@DESKTOP-8L6O8HK

[2022-03-19 10:50:15 #2 type.registry] 
New type domain.Question

[2022-03-19 10:50:15 #3 type] 
Type domain.Question is not enhanced.

[2022-03-19 10:50:15 #4 type.registry] 
New type domain.Kuota

[2022-03-19 10:50:15 #5 type.registry] 
New type java.util.Vector<domain.Kuota>

[2022-03-19 10:50:15 #6 type.registry] 
New type domain.Event

[2022-03-19 10:50:15 #7 type] 
Type domain.Kuota is not enhanced.

[2022-03-19 10:50:15 #8 type] 
Type domain.Event is not enhanced.

[2022-03-19 10:50:15 #9 type.registry] 
New type java.util.Vector<domain.Question>

[2022-03-19 10:50:15 #10 type.registry] 
New type domain.User

[2022-03-19 10:50:15 #11 type.registry] 
New type domain.Admin

[2022-03-19 10:50:15 #12 type] 
Type domain.User is not enhanced.

[2022-03-19 10:50:15 #13 type] 
Type domain.Admin is not enhanced.

[2022-03-19 10:50:15 #14 type.registry] 
New type domain.Erabiltzailea

[2022-03-19 10:50:15 #15 type] 
Type domain.Erabiltzailea is not enhanced.

[2022-03-19 10:50:15 #16 type.registry] 
New type java.util.Vector<java.lang.Object>

------------------------------------------------------------------------------------------------------------------------

[2022-03-19 10:52:41 #1 store] 
Database 'C:\Users\Iker\Desktop\aa\Bets21\src\main\resources\bets.temp' is opened by 7484@DESKTOP-8L6O8HK

[2022-03-19 10:52:41 #2 type.registry] 
New type domain.Question

[2022-03-19 10:52:41 #3 type] 
Type domain.Question is not enhanced.

[2022-03-19 10:52:41 #4 type.registry] 
New type domain.Kuota

[2022-03-19 10:52:41 #5 type.registry] 
New type java.util.Vector<domain.Kuota>

[2022-03-19 10:52:41 #6 type.registry] 
New type domain.Event

[2022-03-19 10:52:41 #7 type] 
Type domain.Kuota is not enhanced.

[2022-03-19 10:52:41 #8 type] 
Type domain.Event is not enhanced.

[2022-03-19 10:52:41 #9 type.registry] 
New type java.util.Vector<domain.Question>

[2022-03-19 10:52:41 #10 type.registry] 
New type domain.User

[2022-03-19 10:52:41 #11 type.registry] 
New type domain.Admin

[2022-03-19 10:52:41 #12 type] 
Type domain.User is not enhanced.

[2022-03-19 10:52:41 #13 type] 
Type domain.Admin is not enhanced.

[2022-03-19 10:52:41 #14 type.registry] 
New type domain.Erabiltzailea

[2022-03-19 10:52:41 #15 type] 
Type domain.Erabiltzailea is not enhanced.

[2022-03-19 10:52:41 #16 type.registry] 
New type java.util.Vector<java.lang.Object>

------------------------------------------------------------------------------------------------------------------------

[2022-03-19 10:54:35 #1 store] 
Database 'C:\Users\Iker\Desktop\aa\Bets21\src\main\resources\bets.temp' is opened by 3200@DESKTOP-8L6O8HK

[2022-03-19 10:54:35 #2 type.registry] 
New type domain.Question

[2022-03-19 10:54:35 #3 type] 
Type domain.Question is not enhanced.

[2022-03-19 10:54:35 #4 type.registry] 
New type domain.Kuota

[2022-03-19 10:54:35 #5 type.registry] 
New type java.util.Vector<domain.Kuota>

[2022-03-19 10:54:35 #6 type.registry] 
New type domain.Event

[2022-03-19 10:54:35 #7 type] 
Type domain.Kuota is not enhanced.

[2022-03-19 10:54:35 #8 type] 
Type domain.Event is not enhanced.

[2022-03-19 10:54:35 #9 type.registry] 
New type java.util.Vector<domain.Question>

[2022-03-19 10:54:35 #10 type.registry] 
New type domain.User

[2022-03-19 10:54:35 #11 type.registry] 
New type domain.Admin

[2022-03-19 10:54:35 #12 type] 
Type domain.User is not enhanced.

[2022-03-19 10:54:35 #13 type] 
Type domain.Admin is not enhanced.

[2022-03-19 10:54:35 #14 type.registry] 
New type domain.Erabiltzailea

[2022-03-19 10:54:35 #15 type] 
Type domain.Erabiltzailea is not enhanced.

[2022-03-19 10:54:35 #16 type.registry] 
New type java.util.Vector<java.lang.Object>

------------------------------------------------------------------------------------------------------------------------

[2022-03-19 10:55:41 #1 store] 
Database 'C:\Users\Iker\Desktop\aa\Bets21\src\main\resources\bets.temp' is opened by 8128@DESKTOP-8L6O8HK

[2022-03-19 10:55:41 #2 type.registry] 
New type domain.Question

[2022-03-19 10:55:41 #3 type] 
Type domain.Question is not enhanced.

[2022-03-19 10:55:41 #4 type.registry] 
New type domain.Kuota

[2022-03-19 10:55:41 #5 type.registry] 
New type java.util.Vector<domain.Kuota>

[2022-03-19 10:55:41 #6 type.registry] 
New type domain.Event

[2022-03-19 10:55:41 #7 type] 
Type domain.Kuota is not enhanced.

[2022-03-19 10:55:41 #8 type] 
Type domain.Event is not enhanced.

[2022-03-19 10:55:41 #9 type.registry] 
New type java.util.Vector<domain.Question>

[2022-03-19 10:55:41 #10 type.registry] 
New type domain.User

[2022-03-19 10:55:41 #11 type.registry] 
New type domain.Admin

[2022-03-19 10:55:41 #12 type] 
Type domain.User is not enhanced.

[2022-03-19 10:55:41 #13 type] 
Type domain.Admin is not enhanced.

[2022-03-19 10:55:41 #14 type.registry] 
New type domain.Erabiltzailea

[2022-03-19 10:55:41 #15 type] 
Type domain.Erabiltzailea is not enhanced.

[2022-03-19 10:55:41 #16 type.registry] 
New type java.util.Vector<java.lang.Object>

------------------------------------------------------------------------------------------------------------------------

[2022-03-19 11:02:47 #1 store] 
Database 'C:\Users\Iker\Desktop\aa\Bets21\src\main\resources\bets.temp' is opened by 1908@DESKTOP-8L6O8HK

[2022-03-19 11:02:47 #2 type.registry] 
New type domain.Question

[2022-03-19 11:02:47 #3 type] 
Type domain.Question is not enhanced.

[2022-03-19 11:02:47 #4 type.registry] 
New type domain.Kuota

[2022-03-19 11:02:47 #5 type.registry] 
New type java.util.Vector<domain.Kuota>

[2022-03-19 11:02:47 #6 type.registry] 
New type domain.Event

[2022-03-19 11:02:47 #7 type] 
Type domain.Kuota is not enhanced.

[2022-03-19 11:02:47 #8 type] 
Type domain.Event is not enhanced.

[2022-03-19 11:02:47 #9 type.registry] 
New type java.util.Vector<domain.Question>

[2022-03-19 11:02:47 #10 type.registry] 
New type domain.User

[2022-03-19 11:02:47 #11 type.registry] 
New type domain.Admin

[2022-03-19 11:02:47 #12 type] 
Type domain.User is not enhanced.

[2022-03-19 11:02:47 #13 type.registry] 
New type java.util.Vector<java.lang.String>

[2022-03-19 11:02:47 #14 type] 
Type domain.Admin is not enhanced.

[2022-03-19 11:02:47 #15 type.registry] 
New type domain.Erabiltzailea

[2022-03-19 11:02:47 #16 type] 
Type domain.Erabiltzailea is not enhanced.

[2022-03-19 11:02:47 #17 type.registry] 
New type java.util.Vector<java.lang.Object>

------------------------------------------------------------------------------------------------------------------------

[2022-03-19 11:05:15 #1 store] 
Database 'C:\Users\Iker\Desktop\aa\Bets21\src\main\resources\bets.temp' is opened by 7224@DESKTOP-8L6O8HK

[2022-03-19 11:05:15 #2 type.registry] 
New type domain.Question

[2022-03-19 11:05:15 #3 type] 
Type domain.Question is not enhanced.

[2022-03-19 11:05:15 #4 type.registry] 
New type domain.Kuota

[2022-03-19 11:05:15 #5 type.registry] 
New type java.util.Vector<domain.Kuota>

[2022-03-19 11:05:15 #6 type.registry] 
New type domain.Event

[2022-03-19 11:05:15 #7 type] 
Type domain.Kuota is not enhanced.

[2022-03-19 11:05:15 #8 type] 
Type domain.Event is not enhanced.

[2022-03-19 11:05:15 #9 type.registry] 
New type java.util.Vector<domain.Question>

[2022-03-19 11:05:15 #10 type.registry] 
New type domain.User

[2022-03-19 11:05:15 #11 type.registry] 
New type domain.Admin

[2022-03-19 11:05:15 #12 type] 
Type domain.User is not enhanced.

[2022-03-19 11:05:15 #13 type.registry] 
New type java.util.Vector<java.lang.String>

[2022-03-19 11:05:15 #14 type] 
Type domain.Admin is not enhanced.

[2022-03-19 11:05:15 #15 type.registry] 
New type domain.Erabiltzailea

[2022-03-19 11:05:15 #16 type] 
Type domain.Erabiltzailea is not enhanced.

[2022-03-19 11:05:15 #17 type.registry] 
New type java.util.Vector<java.lang.Object>

------------------------------------------------------------------------------------------------------------------------

[2022-03-19 11:10:52 #1 store] 
Database 'C:\Users\Iker\Desktop\aa\Bets21\src\main\resources\bets.temp' is opened by 2148@DESKTOP-8L6O8HK

[2022-03-19 11:10:53 #2 type.registry] 
New type domain.Question

[2022-03-19 11:10:53 #3 type] 
Type domain.Question is not enhanced.

[2022-03-19 11:10:53 #4 type.registry] 
New type domain.Kuota

[2022-03-19 11:10:53 #5 type.registry] 
New type java.util.Vector<domain.Kuota>

[2022-03-19 11:10:53 #6 type.registry] 
New type domain.Event

[2022-03-19 11:10:53 #7 type] 
Type domain.Kuota is not enhanced.

[2022-03-19 11:10:53 #8 type] 
Type domain.Event is not enhanced.

[2022-03-19 11:10:53 #9 type.registry] 
New type java.util.Vector<domain.Question>

[2022-03-19 11:10:53 #10 type.registry] 
New type domain.User

[2022-03-19 11:10:53 #11 type.registry] 
New type domain.Admin

[2022-03-19 11:10:53 #12 type] 
Type domain.User is not enhanced.

[2022-03-19 11:10:53 #13 type.registry] 
New type domain.Mugimendua

[2022-03-19 11:10:53 #14 type.registry] 
New type java.util.Vector<domain.Mugimendua>

[2022-03-19 11:10:53 #15 type] 
Type domain.Admin is not enhanced.

[2022-03-19 11:10:53 #16 type] 
Type domain.Mugimendua is not enhanced.

[2022-03-19 11:10:53 #17 type.registry] 
New type domain.Erabiltzailea

[2022-03-19 11:10:53 #18 type] 
Type domain.Erabiltzailea is not enhanced.

[2022-03-19 11:10:53 #19 type.registry] 
New type java.util.Vector<java.lang.Object>

------------------------------------------------------------------------------------------------------------------------

[2022-03-19 11:13:10 #1 store] 
Database 'C:\Users\Iker\Desktop\aa\Bets21\src\main\resources\bets.temp' is opened by 2620@DESKTOP-8L6O8HK

[2022-03-19 11:13:10 #2 type.registry] 
New type domain.Question

[2022-03-19 11:13:10 #3 type] 
Type domain.Question is not enhanced.

[2022-03-19 11:13:10 #4 type.registry] 
New type domain.Kuota

[2022-03-19 11:13:10 #5 type.registry] 
New type java.util.Vector<domain.Kuota>

[2022-03-19 11:13:10 #6 type.registry] 
New type domain.Event

[2022-03-19 11:13:10 #7 type] 
Type domain.Kuota is not enhanced.

[2022-03-19 11:13:10 #8 type] 
Type domain.Event is not enhanced.

[2022-03-19 11:13:10 #9 type.registry] 
New type java.util.Vector<domain.Question>

[2022-03-19 11:13:10 #10 type.registry] 
New type domain.User

[2022-03-19 11:13:10 #11 type.registry] 
New type domain.Admin

[2022-03-19 11:13:10 #12 type] 
Type domain.User is not enhanced.

[2022-03-19 11:13:10 #13 type.registry] 
New type domain.Mugimendua

[2022-03-19 11:13:10 #14 type.registry] 
New type java.util.Vector<domain.Mugimendua>

[2022-03-19 11:13:10 #15 type] 
Type domain.Admin is not enhanced.

[2022-03-19 11:13:10 #16 type] 
Type domain.Mugimendua is not enhanced.

[2022-03-19 11:13:10 #17 type.registry] 
New type domain.Erabiltzailea

[2022-03-19 11:13:10 #18 type] 
Type domain.Erabiltzailea is not enhanced.

[2022-03-19 11:13:10 #19 type.registry] 
New type java.util.Vector<java.lang.Object>

------------------------------------------------------------------------------------------------------------------------

[2022-03-19 11:16:32 #1 store] 
Database 'C:\Users\Iker\Desktop\aa\Bets21\src\main\resources\bets.temp' is opened by 2800@DESKTOP-8L6O8HK

[2022-03-19 11:16:32 #2 type.registry] 
New type domain.Question

[2022-03-19 11:16:32 #3 type] 
Type domain.Question is not enhanced.

[2022-03-19 11:16:32 #4 type.registry] 
New type domain.Kuota

[2022-03-19 11:16:32 #5 type.registry] 
New type java.util.Vector<domain.Kuota>

[2022-03-19 11:16:33 #6 type.registry] 
New type domain.Event

[2022-03-19 11:16:33 #7 type] 
Type domain.Kuota is not enhanced.

[2022-03-19 11:16:33 #8 type] 
Type domain.Event is not enhanced.

[2022-03-19 11:16:33 #9 type.registry] 
New type java.util.Vector<domain.Question>

[2022-03-19 11:16:33 #10 type.registry] 
New type domain.User

[2022-03-19 11:16:33 #11 type.registry] 
New type domain.Admin

[2022-03-19 11:16:33 #12 type] 
Type domain.User is not enhanced.

[2022-03-19 11:16:33 #13 type.registry] 
New type domain.Mugimendua

[2022-03-19 11:16:33 #14 type.registry] 
New type java.util.Vector<domain.Mugimendua>

[2022-03-19 11:16:33 #15 type] 
Type domain.Admin is not enhanced.

[2022-03-19 11:16:33 #16 type] 
Type domain.Mugimendua is not enhanced.

[2022-03-19 11:16:33 #17 type.registry] 
New type domain.Erabiltzailea

[2022-03-19 11:16:33 #18 type] 
Type domain.Erabiltzailea is not enhanced.

[2022-03-19 11:16:33 #19 type.registry] 
New type java.util.Vector<java.lang.Object>

------------------------------------------------------------------------------------------------------------------------

[2022-03-19 11:17:18 #1 store] 
Database 'C:\Users\Iker\Desktop\aa\Bets21\src\main\resources\bets.temp' is opened by 9308@DESKTOP-8L6O8HK

[2022-03-19 11:17:18 #2 type.registry] 
New type domain.Question

[2022-03-19 11:17:18 #3 type] 
Type domain.Question is not enhanced.

[2022-03-19 11:17:18 #4 type.registry] 
New type domain.Kuota

[2022-03-19 11:17:19 #5 type.registry] 
New type java.util.Vector<domain.Kuota>

[2022-03-19 11:17:19 #6 type.registry] 
New type domain.Event

[2022-03-19 11:17:19 #7 type] 
Type domain.Kuota is not enhanced.

[2022-03-19 11:17:19 #8 type] 
Type domain.Event is not enhanced.

[2022-03-19 11:17:19 #9 type.registry] 
New type java.util.Vector<domain.Question>

[2022-03-19 11:17:19 #10 type.registry] 
New type domain.User

[2022-03-19 11:17:19 #11 type.registry] 
New type domain.Admin

[2022-03-19 11:17:19 #12 type] 
Type domain.User is not enhanced.

[2022-03-19 11:17:19 #13 type.registry] 
New type domain.Mugimendua

[2022-03-19 11:17:19 #14 type.registry] 
New type java.util.Vector<domain.Mugimendua>

[2022-03-19 11:17:19 #15 type] 
Type domain.Admin is not enhanced.

[2022-03-19 11:17:19 #16 type] 
Type domain.Mugimendua is not enhanced.

[2022-03-19 11:17:19 #17 type.registry] 
New type domain.Erabiltzailea

[2022-03-19 11:17:19 #18 type] 
Type domain.Erabiltzailea is not enhanced.

[2022-03-19 11:17:19 #19 type.registry] 
New type java.util.Vector<java.lang.Object>

------------------------------------------------------------------------------------------------------------------------

[2022-03-19 11:22:24 #1 store] 
Database 'C:\Users\Iker\Desktop\aa\Bets21\src\main\resources\bets.temp' is opened by 1016@DESKTOP-8L6O8HK

[2022-03-19 11:22:24 #2 type.registry] 
New type domain.Question

[2022-03-19 11:22:24 #3 type] 
Type domain.Question is not enhanced.

[2022-03-19 11:22:24 #4 type.registry] 
New type domain.Kuota

[2022-03-19 11:22:24 #5 type.registry] 
New type java.util.Vector<domain.Kuota>

[2022-03-19 11:22:24 #6 type.registry] 
New type domain.Event

[2022-03-19 11:22:24 #7 type] 
Type domain.Kuota is not enhanced.

[2022-03-19 11:22:24 #8 type] 
Type domain.Event is not enhanced.

[2022-03-19 11:22:24 #9 type.registry] 
New type java.util.Vector<domain.Question>

[2022-03-19 11:22:24 #10 type.registry] 
New type domain.User

[2022-03-19 11:22:24 #11 type.registry] 
New type domain.Admin

[2022-03-19 11:22:24 #12 type] 
Type domain.User is not enhanced.

[2022-03-19 11:22:24 #13 type.registry] 
New type domain.Mugimendua

[2022-03-19 11:22:24 #14 type.registry] 
New type java.util.Vector<domain.Mugimendua>

[2022-03-19 11:22:24 #15 type] 
Type domain.Admin is not enhanced.

[2022-03-19 11:22:24 #16 type] 
Type domain.Mugimendua is not enhanced.

[2022-03-19 11:22:24 #17 type.registry] 
New type domain.Erabiltzailea

[2022-03-19 11:22:24 #18 type] 
Type domain.Erabiltzailea is not enhanced.

[2022-03-19 11:22:24 #19 type.registry] 
New type java.util.Vector<java.lang.Object>

------------------------------------------------------------------------------------------------------------------------

[2022-03-19 11:22:49 #1 store] 
Database 'C:\Users\Iker\Desktop\aa\Bets21\src\main\resources\bets.temp' is opened by 7316@DESKTOP-8L6O8HK

[2022-03-19 11:22:50 #2 type.registry] 
New type domain.Question

[2022-03-19 11:22:50 #3 type] 
Type domain.Question is not enhanced.

[2022-03-19 11:22:50 #4 type.registry] 
New type domain.Kuota

[2022-03-19 11:22:50 #5 type.registry] 
New type java.util.Vector<domain.Kuota>

[2022-03-19 11:22:50 #6 type.registry] 
New type domain.Event

[2022-03-19 11:22:50 #7 type] 
Type domain.Kuota is not enhanced.

[2022-03-19 11:22:50 #8 type] 
Type domain.Event is not enhanced.

[2022-03-19 11:22:50 #9 type.registry] 
New type java.util.Vector<domain.Question>

[2022-03-19 11:22:50 #10 type.registry] 
New type domain.User

[2022-03-19 11:22:50 #11 type.registry] 
New type domain.Admin

[2022-03-19 11:22:50 #12 type] 
Type domain.User is not enhanced.

[2022-03-19 11:22:50 #13 type.registry] 
New type domain.Mugimendua

[2022-03-19 11:22:50 #14 type.registry] 
New type java.util.Vector<domain.Mugimendua>

[2022-03-19 11:22:50 #15 type] 
Type domain.Admin is not enhanced.

[2022-03-19 11:22:50 #16 type] 
Type domain.Mugimendua is not enhanced.

[2022-03-19 11:22:50 #17 type.registry] 
New type domain.Erabiltzailea

[2022-03-19 11:22:50 #18 type] 
Type domain.Erabiltzailea is not enhanced.

[2022-03-19 11:22:50 #19 type.registry] 
New type java.util.Vector<java.lang.Object>

------------------------------------------------------------------------------------------------------------------------

[2022-03-19 11:25:36 #1 store] 
Database 'C:\Users\Iker\Desktop\aa\Bets21\src\main\resources\bets.temp' is opened by 9776@DESKTOP-8L6O8HK

[2022-03-19 11:25:36 #2 type.registry] 
New type domain.Question

[2022-03-19 11:25:36 #3 type] 
Type domain.Question is not enhanced.

[2022-03-19 11:25:36 #4 type.registry] 
New type domain.Kuota

[2022-03-19 11:25:37 #5 type.registry] 
New type java.util.Vector<domain.Kuota>

[2022-03-19 11:25:37 #6 type.registry] 
New type domain.Event

[2022-03-19 11:25:37 #7 type] 
Type domain.Kuota is not enhanced.

[2022-03-19 11:25:37 #8 type] 
Type domain.Event is not enhanced.

[2022-03-19 11:25:37 #9 type.registry] 
New type java.util.Vector<domain.Question>

[2022-03-19 11:25:37 #10 type.registry] 
New type domain.User

[2022-03-19 11:25:37 #11 type.registry] 
New type domain.Admin

[2022-03-19 11:25:37 #12 type] 
Type domain.User is not enhanced.

[2022-03-19 11:25:37 #13 type.registry] 
New type domain.Mugimendua

[2022-03-19 11:25:37 #14 type.registry] 
New type java.util.Vector<domain.Mugimendua>

[2022-03-19 11:25:37 #15 type] 
Type domain.Admin is not enhanced.

[2022-03-19 11:25:37 #16 type] 
Type domain.Mugimendua is not enhanced.

[2022-03-19 11:25:37 #17 type.registry] 
New type domain.Erabiltzailea

[2022-03-19 11:25:37 #18 type] 
Type domain.Erabiltzailea is not enhanced.

[2022-03-19 11:25:37 #19 type.registry] 
New type java.util.Vector<java.lang.Object>

------------------------------------------------------------------------------------------------------------------------

[2022-03-19 11:26:58 #1 store] 
Database 'C:\Users\Iker\Desktop\aa\Bets21\src\main\resources\bets.temp' is opened by 7088@DESKTOP-8L6O8HK

[2022-03-19 11:26:58 #2 type.registry] 
New type domain.Question

[2022-03-19 11:26:58 #3 type] 
Type domain.Question is not enhanced.

[2022-03-19 11:26:58 #4 type.registry] 
New type domain.Kuota

[2022-03-19 11:26:58 #5 type.registry] 
New type java.util.Vector<domain.Kuota>

[2022-03-19 11:26:58 #6 type.registry] 
New type domain.Event

[2022-03-19 11:26:58 #7 type] 
Type domain.Kuota is not enhanced.

[2022-03-19 11:26:58 #8 type] 
Type domain.Event is not enhanced.

[2022-03-19 11:26:58 #9 type.registry] 
New type java.util.Vector<domain.Question>

[2022-03-19 11:26:58 #10 type.registry] 
New type domain.User

[2022-03-19 11:26:58 #11 type.registry] 
New type domain.Admin

[2022-03-19 11:26:58 #12 type] 
Type domain.User is not enhanced.

[2022-03-19 11:26:58 #13 type.registry] 
New type domain.Mugimendua

[2022-03-19 11:26:58 #14 type.registry] 
New type java.util.Vector<domain.Mugimendua>

[2022-03-19 11:26:58 #15 type] 
Type domain.Admin is not enhanced.

[2022-03-19 11:26:58 #16 type] 
Type domain.Mugimendua is not enhanced.

[2022-03-19 11:26:58 #17 type.registry] 
New type domain.Erabiltzailea

[2022-03-19 11:26:58 #18 type] 
Type domain.Erabiltzailea is not enhanced.

[2022-03-19 11:26:58 #19 type.registry] 
New type java.util.Vector<java.lang.Object>

------------------------------------------------------------------------------------------------------------------------

[2022-03-19 11:29:57 #1 store] 
Database 'C:\Users\Iker\Desktop\aa\Bets21\src\main\resources\bets.temp' is opened by 9772@DESKTOP-8L6O8HK

[2022-03-19 11:29:58 #2 type.registry] 
New type domain.Question

[2022-03-19 11:29:58 #3 type] 
Type domain.Question is not enhanced.

[2022-03-19 11:29:58 #4 type.registry] 
New type domain.Kuota

[2022-03-19 11:29:58 #5 type.registry] 
New type java.util.Vector<domain.Kuota>

[2022-03-19 11:29:58 #6 type.registry] 
New type domain.Event

[2022-03-19 11:29:58 #7 type] 
Type domain.Kuota is not enhanced.

[2022-03-19 11:29:58 #8 type] 
Type domain.Event is not enhanced.

[2022-03-19 11:29:58 #9 type.registry] 
New type java.util.Vector<domain.Question>

[2022-03-19 11:29:58 #10 type.registry] 
New type domain.User

[2022-03-19 11:29:58 #11 type.registry] 
New type domain.Admin

[2022-03-19 11:29:58 #12 type] 
Type domain.User is not enhanced.

[2022-03-19 11:29:58 #13 type.registry] 
New type domain.Mugimendua

[2022-03-19 11:29:58 #14 type.registry] 
New type java.util.Vector<domain.Mugimendua>

[2022-03-19 11:29:58 #15 type] 
Type domain.Admin is not enhanced.

[2022-03-19 11:29:58 #16 type] 
Type domain.Mugimendua is not enhanced.

[2022-03-19 11:29:58 #17 type.registry] 
New type domain.Erabiltzailea

[2022-03-19 11:29:58 #18 type] 
Type domain.Erabiltzailea is not enhanced.

[2022-03-19 11:29:58 #19 type.registry] 
New type java.util.Vector<java.lang.Object>

------------------------------------------------------------------------------------------------------------------------

[2022-03-19 11:32:54 #1 store] 
Database 'C:\Users\Iker\Desktop\aa\Bets21\src\main\resources\bets.temp' is opened by 4832@DESKTOP-8L6O8HK

[2022-03-19 11:32:54 #2 type.registry] 
New type domain.Question

[2022-03-19 11:32:54 #3 type] 
Type domain.Question is not enhanced.

[2022-03-19 11:32:54 #4 type.registry] 
New type domain.Kuota

[2022-03-19 11:32:54 #5 type.registry] 
New type java.util.Vector<domain.Kuota>

[2022-03-19 11:32:54 #6 type.registry] 
New type domain.Event

[2022-03-19 11:32:54 #7 type] 
Type domain.Kuota is not enhanced.

[2022-03-19 11:32:54 #8 type] 
Type domain.Event is not enhanced.

[2022-03-19 11:32:54 #9 type.registry] 
New type java.util.Vector<domain.Question>

[2022-03-19 11:32:54 #10 type.registry] 
New type domain.User

[2022-03-19 11:32:54 #11 type.registry] 
New type domain.Admin

[2022-03-19 11:32:54 #12 type] 
Type domain.User is not enhanced.

[2022-03-19 11:32:54 #13 type.registry] 
New type domain.Mugimendua

[2022-03-19 11:32:54 #14 type.registry] 
New type java.util.Vector<domain.Mugimendua>

[2022-03-19 11:32:54 #15 type] 
Type domain.Admin is not enhanced.

[2022-03-19 11:32:54 #16 type] 
Type domain.Mugimendua is not enhanced.

[2022-03-19 11:32:54 #17 type.registry] 
New type domain.Erabiltzailea

[2022-03-19 11:32:54 #18 type] 
Type domain.Erabiltzailea is not enhanced.

[2022-03-19 11:32:54 #19 type.registry] 
New type java.util.Vector<java.lang.Object>

------------------------------------------------------------------------------------------------------------------------

[2022-03-19 11:36:02 #1 store] 
Database 'C:\Users\Iker\Desktop\aa\Bets21\src\main\resources\bets.temp' is opened by 944@DESKTOP-8L6O8HK

[2022-03-19 11:36:02 #2 type.registry] 
New type domain.Question

[2022-03-19 11:36:02 #3 type] 
Type domain.Question is not enhanced.

[2022-03-19 11:36:02 #4 type.registry] 
New type domain.Kuota

[2022-03-19 11:36:02 #5 type.registry] 
New type java.util.Vector<domain.Kuota>

[2022-03-19 11:36:02 #6 type.registry] 
New type domain.Event

[2022-03-19 11:36:02 #7 type] 
Type domain.Kuota is not enhanced.

[2022-03-19 11:36:02 #8 type] 
Type domain.Event is not enhanced.

[2022-03-19 11:36:02 #9 type.registry] 
New type java.util.Vector<domain.Question>

[2022-03-19 11:36:02 #10 type.registry] 
New type domain.User

[2022-03-19 11:36:02 #11 type.registry] 
New type domain.Admin

[2022-03-19 11:36:02 #12 type] 
Type domain.User is not enhanced.

[2022-03-19 11:36:02 #13 type.registry] 
New type domain.Mugimendua

[2022-03-19 11:36:02 #14 type.registry] 
New type java.util.Vector<domain.Mugimendua>

[2022-03-19 11:36:02 #15 type] 
Type domain.Admin is not enhanced.

[2022-03-19 11:36:02 #16 type] 
Type domain.Mugimendua is not enhanced.

[2022-03-19 11:36:02 #17 type.registry] 
New type domain.Erabiltzailea

[2022-03-19 11:36:02 #18 type] 
Type domain.Erabiltzailea is not enhanced.

[2022-03-19 11:36:02 #19 type.registry] 
New type java.util.Vector<java.lang.Object>

------------------------------------------------------------------------------------------------------------------------

[2022-03-19 11:38:40 #1 store] 
Database 'C:\Users\Iker\Desktop\aa\Bets21\src\main\resources\bets.temp' is opened by 2828@DESKTOP-8L6O8HK

[2022-03-19 11:38:40 #2 type.registry] 
New type domain.Question

[2022-03-19 11:38:40 #3 type] 
Type domain.Question is not enhanced.

[2022-03-19 11:38:40 #4 type.registry] 
New type domain.Kuota

[2022-03-19 11:38:40 #5 type.registry] 
New type java.util.Vector<domain.Kuota>

[2022-03-19 11:38:40 #6 type.registry] 
New type domain.Event

[2022-03-19 11:38:40 #7 type] 
Type domain.Kuota is not enhanced.

[2022-03-19 11:38:40 #8 type] 
Type domain.Event is not enhanced.

[2022-03-19 11:38:40 #9 type.registry] 
New type java.util.Vector<domain.Question>

[2022-03-19 11:38:40 #10 type.registry] 
New type domain.User

[2022-03-19 11:38:40 #11 type.registry] 
New type domain.Admin

[2022-03-19 11:38:40 #12 type] 
Type domain.User is not enhanced.

[2022-03-19 11:38:40 #13 type.registry] 
New type domain.Mugimendua

[2022-03-19 11:38:40 #14 type.registry] 
New type java.util.Vector<domain.Mugimendua>

[2022-03-19 11:38:40 #15 type] 
Type domain.Admin is not enhanced.

[2022-03-19 11:38:40 #16 type] 
Type domain.Mugimendua is not enhanced.

[2022-03-19 11:38:40 #17 type.registry] 
New type domain.Erabiltzailea

[2022-03-19 11:38:40 #18 type] 
Type domain.Erabiltzailea is not enhanced.

[2022-03-19 11:38:40 #19 type.registry] 
New type java.util.Vector<java.lang.Object>

------------------------------------------------------------------------------------------------------------------------

[2022-03-19 11:40:40 #1 store] 
Database 'C:\Users\Iker\Desktop\aa\Bets21\src\main\resources\bets.temp' is opened by 8076@DESKTOP-8L6O8HK

[2022-03-19 11:40:40 #2 type.registry] 
New type domain.Question

[2022-03-19 11:40:40 #3 type] 
Type domain.Question is not enhanced.

[2022-03-19 11:40:40 #4 type.registry] 
New type domain.Kuota

[2022-03-19 11:40:40 #5 type.registry] 
New type java.util.Vector<domain.Kuota>

[2022-03-19 11:40:40 #6 type.registry] 
New type domain.Event

[2022-03-19 11:40:40 #7 type] 
Type domain.Kuota is not enhanced.

[2022-03-19 11:40:40 #8 type] 
Type domain.Event is not enhanced.

[2022-03-19 11:40:40 #9 type.registry] 
New type java.util.Vector<domain.Question>

[2022-03-19 11:40:40 #10 type.registry] 
New type domain.User

[2022-03-19 11:40:40 #11 type.registry] 
New type domain.Admin

[2022-03-19 11:40:40 #12 type] 
Type domain.User is not enhanced.

[2022-03-19 11:40:40 #13 type.registry] 
New type domain.Mugimendua

[2022-03-19 11:40:40 #14 type.registry] 
New type java.util.Vector<domain.Mugimendua>

[2022-03-19 11:40:40 #15 type] 
Type domain.Admin is not enhanced.

[2022-03-19 11:40:40 #16 type] 
Type domain.Mugimendua is not enhanced.

[2022-03-19 11:40:40 #17 type.registry] 
New type domain.Erabiltzailea

[2022-03-19 11:40:40 #18 type] 
Type domain.Erabiltzailea is not enhanced.

[2022-03-19 11:40:40 #19 type.registry] 
New type java.util.Vector<java.lang.Object>

------------------------------------------------------------------------------------------------------------------------

[2022-03-19 11:42:15 #1 store] 
Database 'C:\Users\Iker\Desktop\aa\Bets21\src\main\resources\bets.temp' is opened by 4480@DESKTOP-8L6O8HK

[2022-03-19 11:42:15 #2 type.registry] 
New type domain.Question

[2022-03-19 11:42:15 #3 type] 
Type domain.Question is not enhanced.

[2022-03-19 11:42:15 #4 type.registry] 
New type domain.Kuota

[2022-03-19 11:42:16 #5 type.registry] 
New type java.util.Vector<domain.Kuota>

[2022-03-19 11:42:16 #6 type.registry] 
New type domain.Event

[2022-03-19 11:42:16 #7 type] 
Type domain.Kuota is not enhanced.

[2022-03-19 11:42:16 #8 type] 
Type domain.Event is not enhanced.

[2022-03-19 11:42:16 #9 type.registry] 
New type java.util.Vector<domain.Question>

[2022-03-19 11:42:16 #10 type.registry] 
New type domain.User

[2022-03-19 11:42:16 #11 type.registry] 
New type domain.Admin

[2022-03-19 11:42:16 #12 type] 
Type domain.User is not enhanced.

[2022-03-19 11:42:16 #13 type.registry] 
New type domain.Mugimendua

[2022-03-19 11:42:16 #14 type.registry] 
New type java.util.Vector<domain.Mugimendua>

[2022-03-19 11:42:16 #15 type] 
Type domain.Admin is not enhanced.

[2022-03-19 11:42:16 #16 type] 
Type domain.Mugimendua is not enhanced.

[2022-03-19 11:42:16 #17 type.registry] 
New type domain.Erabiltzailea

[2022-03-19 11:42:16 #18 type] 
Type domain.Erabiltzailea is not enhanced.

[2022-03-19 11:42:16 #19 type.registry] 
New type java.util.Vector<java.lang.Object>

------------------------------------------------------------------------------------------------------------------------

[2022-03-19 11:42:54 #1 store] 
Database 'C:\Users\Iker\Desktop\aa\Bets21\src\main\resources\bets.temp' is opened by 3696@DESKTOP-8L6O8HK

[2022-03-19 11:42:54 #2 type.registry] 
New type domain.Question

[2022-03-19 11:42:54 #3 type] 
Type domain.Question is not enhanced.

[2022-03-19 11:42:54 #4 type.registry] 
New type domain.Kuota

[2022-03-19 11:42:54 #5 type.registry] 
New type java.util.Vector<domain.Kuota>

[2022-03-19 11:42:55 #6 type.registry] 
New type domain.Event

[2022-03-19 11:42:55 #7 type] 
Type domain.Kuota is not enhanced.

[2022-03-19 11:42:55 #8 type] 
Type domain.Event is not enhanced.

[2022-03-19 11:42:55 #9 type.registry] 
New type java.util.Vector<domain.Question>

[2022-03-19 11:42:55 #10 type.registry] 
New type domain.User

[2022-03-19 11:42:55 #11 type.registry] 
New type domain.Admin

[2022-03-19 11:42:55 #12 type] 
Type domain.User is not enhanced.

[2022-03-19 11:42:55 #13 type.registry] 
New type domain.Mugimendua

[2022-03-19 11:42:55 #14 type.registry] 
New type java.util.Vector<domain.Mugimendua>

[2022-03-19 11:42:55 #15 type] 
Type domain.Admin is not enhanced.

[2022-03-19 11:42:55 #16 type] 
Type domain.Mugimendua is not enhanced.

[2022-03-19 11:42:55 #17 type.registry] 
New type domain.Erabiltzailea

[2022-03-19 11:42:55 #18 type] 
Type domain.Erabiltzailea is not enhanced.

[2022-03-19 11:42:55 #19 type.registry] 
New type java.util.Vector<java.lang.Object>

------------------------------------------------------------------------------------------------------------------------

[2022-03-19 12:45:42 #1 store] 
Database 'C:\Users\Iker\Desktop\aa\Bets21\src\main\resources\bets.temp' is opened by 9444@DESKTOP-8L6O8HK

[2022-03-19 12:45:42 #2 type.registry] 
New type domain.Question

[2022-03-19 12:45:42 #3 type] 
Type domain.Question is not enhanced.

[2022-03-19 12:45:42 #4 type.registry] 
New type domain.Kuota

[2022-03-19 12:45:42 #5 type.registry] 
New type java.util.Vector<domain.Kuota>

[2022-03-19 12:45:42 #6 type.registry] 
New type domain.Event

[2022-03-19 12:45:42 #7 type] 
Type domain.Kuota is not enhanced.

[2022-03-19 12:45:42 #8 type] 
Type domain.Event is not enhanced.

[2022-03-19 12:45:42 #9 type.registry] 
New type java.util.Vector<domain.Question>

[2022-03-19 12:45:42 #10 type.registry] 
New type domain.User

[2022-03-19 12:45:42 #11 type.registry] 
New type domain.Admin

[2022-03-19 12:45:42 #12 type] 
Type domain.User is not enhanced.

[2022-03-19 12:45:42 #13 type.registry] 
New type domain.Mugimendua

[2022-03-19 12:45:42 #14 type.registry] 
New type java.util.Vector<domain.Mugimendua>

[2022-03-19 12:45:42 #15 type] 
Type domain.Admin is not enhanced.

[2022-03-19 12:45:42 #16 type] 
Type domain.Mugimendua is not enhanced.

[2022-03-19 12:45:42 #17 type.registry] 
New type domain.Erabiltzailea

[2022-03-19 12:45:42 #18 type] 
Type domain.Erabiltzailea is not enhanced.

[2022-03-19 12:45:42 #19 type.registry] 
New type java.util.Vector<java.lang.Object>

------------------------------------------------------------------------------------------------------------------------

[2022-03-19 12:47:28 #1 store] 
Database 'C:\Users\Iker\Desktop\aa\Bets21\src\main\resources\bets.temp' is opened by 10580@DESKTOP-8L6O8HK

[2022-03-19 12:47:28 #2 type.registry] 
New type domain.Question

[2022-03-19 12:47:28 #3 type] 
Type domain.Question is not enhanced.

[2022-03-19 12:47:28 #4 type.registry] 
New type domain.Kuota

[2022-03-19 12:47:28 #5 type.registry] 
New type java.util.Vector<domain.Kuota>

[2022-03-19 12:47:28 #6 type.registry] 
New type domain.Event

[2022-03-19 12:47:28 #7 type] 
Type domain.Kuota is not enhanced.

[2022-03-19 12:47:28 #8 type] 
Type domain.Event is not enhanced.

[2022-03-19 12:47:28 #9 type.registry] 
New type java.util.Vector<domain.Question>

[2022-03-19 12:47:28 #10 type.registry] 
New type domain.User

[2022-03-19 12:47:28 #11 type.registry] 
New type domain.Admin

[2022-03-19 12:47:28 #12 type] 
Type domain.User is not enhanced.

[2022-03-19 12:47:28 #13 type.registry] 
New type domain.Mugimendua

[2022-03-19 12:47:28 #14 type.registry] 
New type java.util.Vector<domain.Mugimendua>

[2022-03-19 12:47:28 #15 type] 
Type domain.Admin is not enhanced.

[2022-03-19 12:47:28 #16 type] 
Type domain.Mugimendua is not enhanced.

[2022-03-19 12:47:28 #17 type.registry] 
New type domain.Erabiltzailea

[2022-03-19 12:47:28 #18 type] 
Type domain.Erabiltzailea is not enhanced.

[2022-03-19 12:47:28 #19 type.registry] 
New type java.util.Vector<java.lang.Object>

------------------------------------------------------------------------------------------------------------------------

[2022-03-19 13:04:00 #1 store] 
Database 'C:\Users\Iker\Desktop\aa\Bets21\src\main\resources\bets.temp' is opened by 6468@DESKTOP-8L6O8HK

[2022-03-19 13:04:00 #2 type.registry] 
New type domain.Question

[2022-03-19 13:04:00 #3 type] 
Type domain.Question is not enhanced.

[2022-03-19 13:04:00 #4 type.registry] 
New type domain.Kuota

[2022-03-19 13:04:00 #5 type.registry] 
New type java.util.Vector<domain.Kuota>

[2022-03-19 13:04:00 #6 type.registry] 
New type domain.Event

[2022-03-19 13:04:00 #7 type] 
Type domain.Kuota is not enhanced.

[2022-03-19 13:04:00 #8 type] 
Type domain.Event is not enhanced.

[2022-03-19 13:04:00 #9 type.registry] 
New type java.util.Vector<domain.Question>

[2022-03-19 13:04:00 #10 type.registry] 
New type domain.User

[2022-03-19 13:04:00 #11 type.registry] 
New type domain.Admin

[2022-03-19 13:04:00 #12 type] 
Type domain.User is not enhanced.

[2022-03-19 13:04:00 #13 type.registry] 
New type domain.Mugimendua

[2022-03-19 13:04:00 #14 type.registry] 
New type java.util.Vector<domain.Mugimendua>

[2022-03-19 13:04:00 #15 type] 
Type domain.Admin is not enhanced.

[2022-03-19 13:04:00 #16 type] 
Type domain.Mugimendua is not enhanced.

[2022-03-19 13:04:00 #17 type.registry] 
New type domain.Erabiltzailea

[2022-03-19 13:04:00 #18 type] 
Type domain.Erabiltzailea is not enhanced.

[2022-03-19 13:04:00 #19 type.registry] 
New type java.util.Vector<java.lang.Object>

------------------------------------------------------------------------------------------------------------------------

[2022-03-19 13:05:47 #1 store] 
Database 'C:\Users\Iker\Desktop\aa\Bets21\src\main\resources\bets.temp' is opened by 11092@DESKTOP-8L6O8HK

[2022-03-19 13:05:48 #2 type.registry] 
New type domain.Question

[2022-03-19 13:05:48 #3 type] 
Type domain.Question is not enhanced.

[2022-03-19 13:05:48 #4 type.registry] 
New type domain.Kuota

[2022-03-19 13:05:48 #5 type.registry] 
New type java.util.Vector<domain.Kuota>

[2022-03-19 13:05:48 #6 type.registry] 
New type domain.Event

[2022-03-19 13:05:48 #7 type] 
Type domain.Kuota is not enhanced.

[2022-03-19 13:05:48 #8 type] 
Type domain.Event is not enhanced.

[2022-03-19 13:05:48 #9 type.registry] 
New type java.util.Vector<domain.Question>

[2022-03-19 13:05:48 #10 type.registry] 
New type domain.User

[2022-03-19 13:05:48 #11 type.registry] 
New type domain.Admin

[2022-03-19 13:05:48 #12 type] 
Type domain.User is not enhanced.

[2022-03-19 13:05:48 #13 type.registry] 
New type domain.Mugimendua

[2022-03-19 13:05:48 #14 type.registry] 
New type java.util.Vector<domain.Mugimendua>

[2022-03-19 13:05:48 #15 type] 
Type domain.Admin is not enhanced.

[2022-03-19 13:05:48 #16 type] 
Type domain.Mugimendua is not enhanced.

[2022-03-19 13:05:48 #17 type.registry] 
New type domain.Erabiltzailea

[2022-03-19 13:05:48 #18 type] 
Type domain.Erabiltzailea is not enhanced.

[2022-03-19 13:05:48 #19 type.registry] 
New type java.util.Vector<java.lang.Object>

------------------------------------------------------------------------------------------------------------------------

[2022-03-19 13:07:41 #1 store] 
Database 'C:\Users\Iker\Desktop\aa\Bets21\src\main\resources\bets.temp' is opened by 8660@DESKTOP-8L6O8HK

[2022-03-19 13:07:41 #2 type.registry] 
New type domain.Question

[2022-03-19 13:07:41 #3 type] 
Type domain.Question is not enhanced.

[2022-03-19 13:07:41 #4 type.registry] 
New type domain.Kuota

[2022-03-19 13:07:41 #5 type.registry] 
New type java.util.Vector<domain.Kuota>

[2022-03-19 13:07:41 #6 type.registry] 
New type domain.Event

[2022-03-19 13:07:41 #7 type] 
Type domain.Kuota is not enhanced.

[2022-03-19 13:07:41 #8 type] 
Type domain.Event is not enhanced.

[2022-03-19 13:07:41 #9 type.registry] 
New type java.util.Vector<domain.Question>

[2022-03-19 13:07:41 #10 type.registry] 
New type domain.User

[2022-03-19 13:07:41 #11 type.registry] 
New type domain.Admin

[2022-03-19 13:07:41 #12 type] 
Type domain.User is not enhanced.

[2022-03-19 13:07:41 #13 type.registry] 
New type domain.Mugimendua

[2022-03-19 13:07:41 #14 type.registry] 
New type java.util.Vector<domain.Mugimendua>

[2022-03-19 13:07:41 #15 type] 
Type domain.Admin is not enhanced.

[2022-03-19 13:07:41 #16 type] 
Type domain.Mugimendua is not enhanced.

[2022-03-19 13:07:41 #17 type.registry] 
New type domain.Erabiltzailea

[2022-03-19 13:07:41 #18 type] 
Type domain.Erabiltzailea is not enhanced.

[2022-03-19 13:07:41 #19 type.registry] 
New type java.util.Vector<java.lang.Object>

------------------------------------------------------------------------------------------------------------------------

[2022-03-19 13:09:05 #1 store] 
Database 'C:\Users\Iker\Desktop\aa\Bets21\src\main\resources\bets.temp' is opened by 10912@DESKTOP-8L6O8HK

[2022-03-19 13:09:05 #2 type.registry] 
New type domain.Question

[2022-03-19 13:09:05 #3 type] 
Type domain.Question is not enhanced.

[2022-03-19 13:09:05 #4 type.registry] 
New type domain.Kuota

[2022-03-19 13:09:05 #5 type.registry] 
New type java.util.Vector<domain.Kuota>

[2022-03-19 13:09:05 #6 type.registry] 
New type domain.Event

[2022-03-19 13:09:05 #7 type] 
Type domain.Kuota is not enhanced.

[2022-03-19 13:09:05 #8 type] 
Type domain.Event is not enhanced.

[2022-03-19 13:09:05 #9 type.registry] 
New type java.util.Vector<domain.Question>

[2022-03-19 13:09:05 #10 type.registry] 
New type domain.User

[2022-03-19 13:09:05 #11 type.registry] 
New type domain.Admin

[2022-03-19 13:09:05 #12 type] 
Type domain.User is not enhanced.

[2022-03-19 13:09:05 #13 type.registry] 
New type domain.Mugimendua

[2022-03-19 13:09:05 #14 type.registry] 
New type java.util.Vector<domain.Mugimendua>

[2022-03-19 13:09:05 #15 type] 
Type domain.Admin is not enhanced.

[2022-03-19 13:09:05 #16 type] 
Type domain.Mugimendua is not enhanced.

[2022-03-19 13:09:05 #17 type.registry] 
New type domain.Erabiltzailea

[2022-03-19 13:09:05 #18 type] 
Type domain.Erabiltzailea is not enhanced.

[2022-03-19 13:09:05 #19 type.registry] 
New type java.util.Vector<java.lang.Object>

------------------------------------------------------------------------------------------------------------------------

[2022-03-19 13:15:32 #1 store] 
Database 'C:\Users\Iker\Desktop\aa\Bets21\src\main\resources\bets.temp' is opened by 10108@DESKTOP-8L6O8HK

[2022-03-19 13:15:33 #2 type.registry] 
New type domain.Question

[2022-03-19 13:15:33 #3 type] 
Type domain.Question is not enhanced.

[2022-03-19 13:15:33 #4 type.registry] 
New type domain.Kuota

[2022-03-19 13:15:33 #5 type.registry] 
New type java.util.Vector<domain.Kuota>

[2022-03-19 13:15:33 #6 type.registry] 
New type domain.Event

[2022-03-19 13:15:33 #7 type] 
Type domain.Kuota is not enhanced.

[2022-03-19 13:15:33 #8 type] 
Type domain.Event is not enhanced.

[2022-03-19 13:15:33 #9 type.registry] 
New type java.util.Vector<domain.Question>

[2022-03-19 13:15:33 #10 type.registry] 
New type domain.User

[2022-03-19 13:15:33 #11 type.registry] 
New type domain.Admin

[2022-03-19 13:15:33 #12 type] 
Type domain.User is not enhanced.

[2022-03-19 13:15:33 #13 type.registry] 
New type domain.Mugimendua

[2022-03-19 13:15:33 #14 type.registry] 
New type java.util.Vector<domain.Mugimendua>

[2022-03-19 13:15:33 #15 type] 
Type domain.Admin is not enhanced.

[2022-03-19 13:15:33 #16 type] 
Type domain.Mugimendua is not enhanced.

[2022-03-19 13:15:33 #17 type.registry] 
New type domain.Erabiltzailea

[2022-03-19 13:15:33 #18 type] 
Type domain.Erabiltzailea is not enhanced.

[2022-03-19 13:15:33 #19 type.registry] 
New type java.util.Vector<java.lang.Object>

------------------------------------------------------------------------------------------------------------------------

[2022-03-19 13:16:18 #1 store] 
Database 'C:\Users\Iker\Desktop\aa\Bets21\src\main\resources\bets.temp' is opened by 7816@DESKTOP-8L6O8HK

[2022-03-19 13:16:18 #2 type.registry] 
New type domain.Question

[2022-03-19 13:16:18 #3 type] 
Type domain.Question is not enhanced.

[2022-03-19 13:16:18 #4 type.registry] 
New type domain.Kuota

[2022-03-19 13:16:18 #5 type.registry] 
New type java.util.Vector<domain.Kuota>

[2022-03-19 13:16:18 #6 type.registry] 
New type domain.Event

[2022-03-19 13:16:18 #7 type] 
Type domain.Kuota is not enhanced.

[2022-03-19 13:16:18 #8 type] 
Type domain.Event is not enhanced.

[2022-03-19 13:16:18 #9 type.registry] 
New type java.util.Vector<domain.Question>

[2022-03-19 13:16:18 #10 type.registry] 
New type domain.User

[2022-03-19 13:16:18 #11 type.registry] 
New type domain.Admin

[2022-03-19 13:16:18 #12 type] 
Type domain.User is not enhanced.

[2022-03-19 13:16:18 #13 type.registry] 
New type domain.Mugimendua

[2022-03-19 13:16:18 #14 type.registry] 
New type java.util.Vector<domain.Mugimendua>

[2022-03-19 13:16:18 #15 type] 
Type domain.Admin is not enhanced.

[2022-03-19 13:16:18 #16 type] 
Type domain.Mugimendua is not enhanced.

[2022-03-19 13:16:18 #17 type.registry] 
New type domain.Erabiltzailea

[2022-03-19 13:16:18 #18 type] 
Type domain.Erabiltzailea is not enhanced.

[2022-03-19 13:16:18 #19 type.registry] 
New type java.util.Vector<java.lang.Object>

------------------------------------------------------------------------------------------------------------------------

[2022-03-19 13:23:47 #1 store] 
Database 'C:\Users\Iker\Desktop\aa\Bets21\src\main\resources\bets.temp' is opened by 2044@DESKTOP-8L6O8HK

[2022-03-19 13:23:47 #2 type.registry] 
New type domain.Question

[2022-03-19 13:23:47 #3 type] 
Type domain.Question is not enhanced.

[2022-03-19 13:23:47 #4 type.registry] 
New type domain.Kuota

[2022-03-19 13:23:47 #5 type.registry] 
New type java.util.Vector<domain.Kuota>

[2022-03-19 13:23:47 #6 type.registry] 
New type domain.Event

[2022-03-19 13:23:47 #7 type] 
Type domain.Kuota is not enhanced.

[2022-03-19 13:23:47 #8 type] 
Type domain.Event is not enhanced.

[2022-03-19 13:23:47 #9 type.registry] 
New type java.util.Vector<domain.Question>

[2022-03-19 13:23:47 #10 type.registry] 
New type domain.User

[2022-03-19 13:23:47 #11 type.registry] 
New type domain.Admin

[2022-03-19 13:23:47 #12 type] 
Type domain.User is not enhanced.

[2022-03-19 13:23:47 #13 type.registry] 
New type domain.Mugimendua

[2022-03-19 13:23:47 #14 type.registry] 
New type java.util.Vector<domain.Mugimendua>

[2022-03-19 13:23:47 #15 type] 
Type domain.Admin is not enhanced.

[2022-03-19 13:23:47 #16 type] 
Type domain.Mugimendua is not enhanced.

[2022-03-19 13:23:47 #17 type.registry] 
New type domain.Erabiltzailea

[2022-03-19 13:23:47 #18 type] 
Type domain.Erabiltzailea is not enhanced.

[2022-03-19 13:23:47 #19 type.registry] 
New type java.util.Vector<java.lang.Object>

------------------------------------------------------------------------------------------------------------------------

[2022-03-19 14:07:17 #1 store] 
Database 'C:\Users\Iker\Desktop\aa\Bets21\src\main\resources\bets.temp' is opened by 4636@DESKTOP-8L6O8HK

[2022-03-19 14:07:17 #2 type.registry] 
New type domain.Question

[2022-03-19 14:07:17 #3 type] 
Type domain.Question is not enhanced.

[2022-03-19 14:07:17 #4 type.registry] 
New type domain.Kuota

[2022-03-19 14:07:17 #5 type.registry] 
New type java.util.Vector<domain.Kuota>

[2022-03-19 14:07:17 #6 type.registry] 
New type domain.Event

[2022-03-19 14:07:17 #7 type] 
Type domain.Kuota is not enhanced.

[2022-03-19 14:07:17 #8 type] 
Type domain.Event is not enhanced.

[2022-03-19 14:07:17 #9 type.registry] 
New type java.util.Vector<domain.Question>

[2022-03-19 14:07:17 #10 type.registry] 
New type domain.User

[2022-03-19 14:07:17 #11 type.registry] 
New type domain.Admin

[2022-03-19 14:07:17 #12 type] 
Type domain.User is not enhanced.

[2022-03-19 14:07:17 #13 type.registry] 
New type domain.Mugimendua

[2022-03-19 14:07:17 #14 type.registry] 
New type java.util.Vector<domain.Mugimendua>

[2022-03-19 14:07:17 #15 type] 
Type domain.Admin is not enhanced.

[2022-03-19 14:07:17 #16 type] 
Type domain.Mugimendua is not enhanced.

[2022-03-19 14:07:17 #17 type.registry] 
New type domain.Erabiltzailea

[2022-03-19 14:07:17 #18 type] 
Type domain.Erabiltzailea is not enhanced.

[2022-03-19 14:07:17 #19 type.registry] 
New type java.util.Vector<java.lang.Object>

------------------------------------------------------------------------------------------------------------------------

[2022-03-19 14:08:51 #1 store] 
Database 'C:\Users\Iker\Desktop\aa\Bets21\src\main\resources\bets.temp' is opened by 7808@DESKTOP-8L6O8HK

[2022-03-19 14:08:52 #2 type.registry] 
New type domain.Question

[2022-03-19 14:08:52 #3 type] 
Type domain.Question is not enhanced.

[2022-03-19 14:08:52 #4 type.registry] 
New type domain.Kuota

[2022-03-19 14:08:52 #5 type.registry] 
New type java.util.Vector<domain.Kuota>

[2022-03-19 14:08:52 #6 type.registry] 
New type domain.Event

[2022-03-19 14:08:52 #7 type] 
Type domain.Kuota is not enhanced.

[2022-03-19 14:08:52 #8 type] 
Type domain.Event is not enhanced.

[2022-03-19 14:08:52 #9 type.registry] 
New type java.util.Vector<domain.Question>

[2022-03-19 14:08:52 #10 type.registry] 
New type domain.User

[2022-03-19 14:08:52 #11 type.registry] 
New type domain.Admin

[2022-03-19 14:08:52 #12 type] 
Type domain.User is not enhanced.

[2022-03-19 14:08:52 #13 type.registry] 
New type domain.Mugimendua

[2022-03-19 14:08:52 #14 type.registry] 
New type java.util.Vector<domain.Mugimendua>

[2022-03-19 14:08:52 #15 type] 
Type domain.Admin is not enhanced.

[2022-03-19 14:08:52 #16 type] 
Type domain.Mugimendua is not enhanced.

[2022-03-19 14:08:52 #17 type.registry] 
New type domain.Erabiltzailea

[2022-03-19 14:08:52 #18 type] 
Type domain.Erabiltzailea is not enhanced.

[2022-03-19 14:08:52 #19 type.registry] 
New type java.util.Vector<java.lang.Object>

------------------------------------------------------------------------------------------------------------------------

[2022-03-19 14:12:09 #1 store] 
Database 'C:\Users\Iker\Desktop\aa\Bets21\src\main\resources\bets.temp' is opened by 1652@DESKTOP-8L6O8HK

[2022-03-19 14:12:09 #2 type.registry] 
New type domain.Question

[2022-03-19 14:12:09 #3 type] 
Type domain.Question is not enhanced.

[2022-03-19 14:12:09 #4 type.registry] 
New type domain.Kuota

[2022-03-19 14:12:09 #5 type.registry] 
New type java.util.Vector<domain.Kuota>

[2022-03-19 14:12:09 #6 type.registry] 
New type domain.Event

[2022-03-19 14:12:09 #7 type] 
Type domain.Kuota is not enhanced.

[2022-03-19 14:12:09 #8 type] 
Type domain.Event is not enhanced.

[2022-03-19 14:12:09 #9 type.registry] 
New type java.util.Vector<domain.Question>

[2022-03-19 14:12:09 #10 type.registry] 
New type domain.User

[2022-03-19 14:12:09 #11 type.registry] 
New type domain.Admin

[2022-03-19 14:12:09 #12 type] 
Type domain.User is not enhanced.

[2022-03-19 14:12:09 #13 type.registry] 
New type domain.Mugimendua

[2022-03-19 14:12:09 #14 type.registry] 
New type java.util.Vector<domain.Mugimendua>

[2022-03-19 14:12:09 #15 type] 
Type domain.Admin is not enhanced.

[2022-03-19 14:12:09 #16 type] 
Type domain.Mugimendua is not enhanced.

[2022-03-19 14:12:09 #17 type.registry] 
New type domain.Erabiltzailea

[2022-03-19 14:12:09 #18 type] 
Type domain.Erabiltzailea is not enhanced.

[2022-03-19 14:12:09 #19 type.registry] 
New type java.util.Vector<java.lang.Object>

------------------------------------------------------------------------------------------------------------------------

[2022-03-19 14:14:50 #1 store] 
Database 'C:\Users\Iker\Desktop\aa\Bets21\src\main\resources\bets.temp' is opened by 9596@DESKTOP-8L6O8HK

[2022-03-19 14:14:50 #2 type.registry] 
New type domain.Question

[2022-03-19 14:14:50 #3 type] 
Type domain.Question is not enhanced.

[2022-03-19 14:14:50 #4 type.registry] 
New type domain.Kuota

[2022-03-19 14:14:50 #5 type.registry] 
New type java.util.Vector<domain.Kuota>

[2022-03-19 14:14:50 #6 type.registry] 
New type domain.Event

[2022-03-19 14:14:50 #7 type] 
Type domain.Kuota is not enhanced.

[2022-03-19 14:14:50 #8 type] 
Type domain.Event is not enhanced.

[2022-03-19 14:14:50 #9 type.registry] 
New type java.util.Vector<domain.Question>

[2022-03-19 14:14:50 #10 type.registry] 
New type domain.User

[2022-03-19 14:14:50 #11 type.registry] 
New type domain.Admin

[2022-03-19 14:14:50 #12 type] 
Type domain.User is not enhanced.

[2022-03-19 14:14:50 #13 type.registry] 
New type domain.Mugimendua

[2022-03-19 14:14:50 #14 type.registry] 
New type java.util.Vector<domain.Mugimendua>

[2022-03-19 14:14:50 #15 type] 
Type domain.Admin is not enhanced.

[2022-03-19 14:14:50 #16 type] 
Type domain.Mugimendua is not enhanced.

[2022-03-19 14:14:50 #17 type.registry] 
New type domain.Erabiltzailea

[2022-03-19 14:14:50 #18 type] 
Type domain.Erabiltzailea is not enhanced.

[2022-03-19 14:14:50 #19 type.registry] 
New type java.util.Vector<java.lang.Object>

------------------------------------------------------------------------------------------------------------------------

[2022-03-19 17:32:43 #1 store] 
Database 'C:\Users\Iker\Desktop\aa\Bets21\src\main\resources\bets.temp' is opened by 2280@DESKTOP-8L6O8HK

[2022-03-19 17:32:43 #2 type.registry] 
New type domain.Question

[2022-03-19 17:32:43 #3 type] 
Type domain.Question is not enhanced.

[2022-03-19 17:32:43 #4 type.registry] 
New type domain.Kuota

[2022-03-19 17:32:43 #5 type.registry] 
New type java.util.Vector<domain.Kuota>

[2022-03-19 17:32:43 #6 type.registry] 
New type domain.Event

[2022-03-19 17:32:43 #7 type] 
Type domain.Kuota is not enhanced.

[2022-03-19 17:32:43 #8 type] 
Type domain.Event is not enhanced.

[2022-03-19 17:32:43 #9 type.registry] 
New type java.util.Vector<domain.Question>

[2022-03-19 17:32:43 #10 type.registry] 
New type domain.User

[2022-03-19 17:32:43 #11 type.registry] 
New type domain.Admin

[2022-03-19 17:32:44 #12 type] 
Type domain.User is not enhanced.

[2022-03-19 17:32:44 #13 type.registry] 
New type domain.Mugimendua

[2022-03-19 17:32:44 #14 type.registry] 
New type java.util.Vector<domain.Mugimendua>

[2022-03-19 17:32:44 #15 type] 
Type domain.Admin is not enhanced.

[2022-03-19 17:32:44 #16 type] 
Type domain.Mugimendua is not enhanced.

[2022-03-19 17:32:44 #17 type.registry] 
New type domain.Erabiltzailea

[2022-03-19 17:32:44 #18 type] 
Type domain.Erabiltzailea is not enhanced.

[2022-03-19 17:32:44 #19 type.registry] 
New type java.util.Vector<java.lang.Object>

------------------------------------------------------------------------------------------------------------------------

[2022-03-19 17:39:46 #1 store] 
Database 'C:\Users\Iker\Desktop\aa\Bets21\src\main\resources\bets.temp' is opened by 8804@DESKTOP-8L6O8HK

[2022-03-19 17:39:46 #2 type.registry] 
New type domain.Question

[2022-03-19 17:39:46 #3 type] 
Type domain.Question is not enhanced.

[2022-03-19 17:39:46 #4 type.registry] 
New type domain.Kuota

[2022-03-19 17:39:47 #5 type.registry] 
New type java.util.Vector<domain.Kuota>

[2022-03-19 17:39:47 #6 type.registry] 
New type domain.Event

[2022-03-19 17:39:47 #7 type] 
Type domain.Kuota is not enhanced.

[2022-03-19 17:39:47 #8 type] 
Type domain.Event is not enhanced.

[2022-03-19 17:39:47 #9 type.registry] 
New type java.util.Vector<domain.Question>

[2022-03-19 17:39:47 #10 type.registry] 
New type domain.User

[2022-03-19 17:39:47 #11 type.registry] 
New type domain.Admin

[2022-03-19 17:39:47 #12 type] 
Type domain.User is not enhanced.

[2022-03-19 17:39:47 #13 type.registry] 
New type domain.Mugimendua

[2022-03-19 17:39:47 #14 type.registry] 
New type java.util.Vector<domain.Mugimendua>

[2022-03-19 17:39:47 #15 type] 
Type domain.Admin is not enhanced.

[2022-03-19 17:39:47 #16 type] 
Type domain.Mugimendua is not enhanced.

[2022-03-19 17:39:47 #17 type.registry] 
New type domain.Erabiltzailea

[2022-03-19 17:39:47 #18 type] 
Type domain.Erabiltzailea is not enhanced.

[2022-03-19 17:39:47 #19 type.registry] 
New type java.util.Vector<java.lang.Object>

