------------------------------------------------------------------------------------------------------------------------

[2022-05-10 18:28:38 #1 store] 
Database 'C:\Users\Iker\Desktop\proiektua\src\main\resources\bets.temp' is opened by 10592@DESKTOP-8L6O8HK

[2022-05-10 18:28:38 #2 type.registry] 
New type domain.Question

[2022-05-10 18:28:38 #3 type] 
Type domain.Question is not enhanced.

[2022-05-10 18:28:38 #4 type.registry] 
New type domain.ErantzunPosiblea

[2022-05-10 18:28:39 #5 type.registry] 
New type java.util.Vector<domain.ErantzunPosiblea>

[2022-05-10 18:28:39 #6 type.registry] 
New type domain.Event

[2022-05-10 18:28:39 #7 type] 
Type domain.ErantzunPosiblea is not enhanced.

[2022-05-10 18:28:39 #8 type.registry] 
New type domain.Apustua

[2022-05-10 18:28:39 #9 type.registry] 
New type java.util.Vector<domain.Apustua>

[2022-05-10 18:28:39 #10 type] 
Type domain.Event is not enhanced.

[2022-05-10 18:28:39 #11 type.registry] 
New type java.util.Vector<domain.Question>

[2022-05-10 18:28:39 #12 type] 
Type domain.Apustua is not enhanced.

[2022-05-10 18:28:39 #13 type.registry] 
New type domain.User

[2022-05-10 18:28:39 #14 type] 
Type domain.User is not enhanced.

[2022-05-10 18:28:39 #15 type.registry] 
New type domain.Elkarrizketa

[2022-05-10 18:28:39 #16 type.registry] 
New type java.util.Vector<domain.Elkarrizketa>

[2022-05-10 18:28:39 #17 type.registry] 
New type domain.Jarraipena

[2022-05-10 18:28:39 #18 type.registry] 
New type java.util.Vector<domain.Jarraipena>

[2022-05-10 18:28:39 #19 type.registry] 
New type domain.Mugimendua

[2022-05-10 18:28:39 #20 type.registry] 
New type java.util.Vector<domain.Mugimendua>

[2022-05-10 18:28:39 #21 type] 
Type domain.Elkarrizketa is not enhanced.

[2022-05-10 18:28:39 #22 type.registry] 
New type domain.Mezua

[2022-05-10 18:28:39 #23 type.registry] 
New type java.util.Vector<domain.Mezua>

[2022-05-10 18:28:39 #24 type] 
Type domain.Jarraipena is not enhanced.

[2022-05-10 18:28:39 #25 type] 
Type domain.Mugimendua is not enhanced.

[2022-05-10 18:28:39 #26 type] 
Type domain.Mezua is not enhanced.

[2022-05-10 18:28:39 #27 type.registry] 
New type domain.Admin

[2022-05-10 18:28:39 #28 type] 
Type domain.Admin is not enhanced.

[2022-05-10 18:28:39 #29 type.registry] 
New type domain.Erabiltzailea

[2022-05-10 18:28:39 #30 type] 
Type domain.Erabiltzailea is not enhanced.

[2022-05-10 18:28:39 #31 type.registry] 
New type java.util.Vector<java.lang.Object>

------------------------------------------------------------------------------------------------------------------------

[2022-05-10 18:30:06 #1 store] 
Database 'C:\Users\Iker\Desktop\proiektua\src\main\resources\bets.temp' is opened by 5420@DESKTOP-8L6O8HK

[2022-05-10 18:30:06 #2 type.registry] 
New type domain.Question

[2022-05-10 18:30:06 #3 type] 
Type domain.Question is not enhanced.

[2022-05-10 18:30:06 #4 type.registry] 
New type domain.ErantzunPosiblea

[2022-05-10 18:30:06 #5 type.registry] 
New type java.util.Vector<domain.ErantzunPosiblea>

[2022-05-10 18:30:06 #6 type.registry] 
New type domain.Event

[2022-05-10 18:30:06 #7 type] 
Type domain.ErantzunPosiblea is not enhanced.

[2022-05-10 18:30:06 #8 type.registry] 
New type domain.Apustua

[2022-05-10 18:30:06 #9 type.registry] 
New type java.util.Vector<domain.Apustua>

[2022-05-10 18:30:06 #10 type] 
Type domain.Event is not enhanced.

[2022-05-10 18:30:06 #11 type.registry] 
New type java.util.Vector<domain.Question>

[2022-05-10 18:30:06 #12 type] 
Type domain.Apustua is not enhanced.

[2022-05-10 18:30:06 #13 type.registry] 
New type domain.User

[2022-05-10 18:30:06 #14 type] 
Type domain.User is not enhanced.

[2022-05-10 18:30:06 #15 type.registry] 
New type domain.Elkarrizketa

[2022-05-10 18:30:06 #16 type.registry] 
New type java.util.Vector<domain.Elkarrizketa>

[2022-05-10 18:30:06 #17 type.registry] 
New type domain.Jarraipena

[2022-05-10 18:30:06 #18 type.registry] 
New type java.util.Vector<domain.Jarraipena>

[2022-05-10 18:30:06 #19 type.registry] 
New type domain.Mugimendua

[2022-05-10 18:30:06 #20 type.registry] 
New type java.util.Vector<domain.Mugimendua>

[2022-05-10 18:30:06 #21 type] 
Type domain.Elkarrizketa is not enhanced.

[2022-05-10 18:30:06 #22 type.registry] 
New type domain.Mezua

[2022-05-10 18:30:06 #23 type.registry] 
New type java.util.Vector<domain.Mezua>

[2022-05-10 18:30:06 #24 type] 
Type domain.Jarraipena is not enhanced.

[2022-05-10 18:30:06 #25 type] 
Type domain.Mugimendua is not enhanced.

[2022-05-10 18:30:06 #26 type] 
Type domain.Mezua is not enhanced.

[2022-05-10 18:30:06 #27 type.registry] 
New type domain.Admin

[2022-05-10 18:30:06 #28 type] 
Type domain.Admin is not enhanced.

[2022-05-10 18:30:06 #29 type.registry] 
New type domain.Erabiltzailea

[2022-05-10 18:30:06 #30 type] 
Type domain.Erabiltzailea is not enhanced.

[2022-05-10 18:30:06 #31 type.registry] 
New type java.util.Vector<java.lang.Object>

------------------------------------------------------------------------------------------------------------------------

[2022-05-10 18:32:28 #1 store] 
Database 'C:\Users\Iker\Desktop\proiektua\src\main\resources\bets.temp' is opened by 6404@DESKTOP-8L6O8HK

[2022-05-10 18:32:29 #2 type.registry] 
New type domain.Question

[2022-05-10 18:32:29 #3 type] 
Type domain.Question is not enhanced.

[2022-05-10 18:32:29 #4 type.registry] 
New type domain.ErantzunPosiblea

[2022-05-10 18:32:29 #5 type.registry] 
New type java.util.Vector<domain.ErantzunPosiblea>

[2022-05-10 18:32:29 #6 type.registry] 
New type domain.Event

[2022-05-10 18:32:29 #7 type] 
Type domain.ErantzunPosiblea is not enhanced.

[2022-05-10 18:32:29 #8 type.registry] 
New type domain.Apustua

[2022-05-10 18:32:29 #9 type.registry] 
New type java.util.Vector<domain.Apustua>

[2022-05-10 18:32:29 #10 type] 
Type domain.Event is not enhanced.

[2022-05-10 18:32:29 #11 type.registry] 
New type java.util.Vector<domain.Question>

[2022-05-10 18:32:29 #12 type] 
Type domain.Apustua is not enhanced.

[2022-05-10 18:32:29 #13 type.registry] 
New type domain.User

[2022-05-10 18:32:29 #14 type] 
Type domain.User is not enhanced.

[2022-05-10 18:32:29 #15 type.registry] 
New type domain.Elkarrizketa

[2022-05-10 18:32:29 #16 type.registry] 
New type java.util.Vector<domain.Elkarrizketa>

[2022-05-10 18:32:29 #17 type.registry] 
New type domain.Jarraipena

[2022-05-10 18:32:29 #18 type.registry] 
New type java.util.Vector<domain.Jarraipena>

[2022-05-10 18:32:29 #19 type.registry] 
New type domain.Mugimendua

[2022-05-10 18:32:29 #20 type.registry] 
New type java.util.Vector<domain.Mugimendua>

[2022-05-10 18:32:29 #21 type] 
Type domain.Elkarrizketa is not enhanced.

[2022-05-10 18:32:29 #22 type.registry] 
New type domain.Mezua

[2022-05-10 18:32:29 #23 type.registry] 
New type java.util.Vector<domain.Mezua>

[2022-05-10 18:32:29 #24 type] 
Type domain.Jarraipena is not enhanced.

[2022-05-10 18:32:29 #25 type] 
Type domain.Mugimendua is not enhanced.

[2022-05-10 18:32:29 #26 type.registry] 
New type domain.Admin

[2022-05-10 18:32:29 #27 type] 
Type domain.Admin is not enhanced.

[2022-05-10 18:32:29 #28 type.registry] 
New type domain.Erabiltzailea

[2022-05-10 18:32:29 #29 type] 
Type domain.Erabiltzailea is not enhanced.

[2022-05-10 18:32:29 #30 type.registry] 
New type java.util.Vector<java.lang.Object>

------------------------------------------------------------------------------------------------------------------------

[2022-05-10 18:37:06 #1 store] 
Database 'C:\Users\Iker\Desktop\proiektua\src\main\resources\bets.temp' is opened by 3636@DESKTOP-8L6O8HK

[2022-05-10 18:37:07 #2 type.registry] 
New type domain.Question

[2022-05-10 18:37:07 #3 type] 
Type domain.Question is not enhanced.

[2022-05-10 18:37:07 #4 type.registry] 
New type domain.ErantzunPosiblea

[2022-05-10 18:37:07 #5 type.registry] 
New type java.util.Vector<domain.ErantzunPosiblea>

[2022-05-10 18:37:07 #6 type.registry] 
New type domain.Event

[2022-05-10 18:37:07 #7 type] 
Type domain.ErantzunPosiblea is not enhanced.

[2022-05-10 18:37:07 #8 type.registry] 
New type domain.Apustua

[2022-05-10 18:37:07 #9 type.registry] 
New type java.util.Vector<domain.Apustua>

[2022-05-10 18:37:07 #10 type] 
Type domain.Event is not enhanced.

[2022-05-10 18:37:07 #11 type.registry] 
New type java.util.Vector<domain.Question>

[2022-05-10 18:37:07 #12 type] 
Type domain.Apustua is not enhanced.

[2022-05-10 18:37:07 #13 type.registry] 
New type domain.User

[2022-05-10 18:37:07 #14 type] 
Type domain.User is not enhanced.

[2022-05-10 18:37:07 #15 type.registry] 
New type domain.Elkarrizketa

[2022-05-10 18:37:07 #16 type.registry] 
New type java.util.Vector<domain.Elkarrizketa>

[2022-05-10 18:37:07 #17 type.registry] 
New type domain.Jarraipena

[2022-05-10 18:37:07 #18 type.registry] 
New type java.util.Vector<domain.Jarraipena>

[2022-05-10 18:37:07 #19 type.registry] 
New type domain.Mugimendua

[2022-05-10 18:37:07 #20 type.registry] 
New type java.util.Vector<domain.Mugimendua>

[2022-05-10 18:37:07 #21 type] 
Type domain.Elkarrizketa is not enhanced.

[2022-05-10 18:37:07 #22 type.registry] 
New type domain.Mezua

[2022-05-10 18:37:07 #23 type.registry] 
New type java.util.Vector<domain.Mezua>

[2022-05-10 18:37:07 #24 type] 
Type domain.Jarraipena is not enhanced.

[2022-05-10 18:37:07 #25 type] 
Type domain.Mugimendua is not enhanced.

[2022-05-10 18:37:07 #26 type.registry] 
New type domain.Admin

[2022-05-10 18:37:07 #27 type] 
Type domain.Admin is not enhanced.

[2022-05-10 18:37:07 #28 type.registry] 
New type domain.Erabiltzailea

[2022-05-10 18:37:07 #29 type] 
Type domain.Erabiltzailea is not enhanced.

[2022-05-10 18:37:07 #30 type.registry] 
New type java.util.Vector<java.lang.Object>

------------------------------------------------------------------------------------------------------------------------

[2022-05-10 18:38:48 #1 store] 
Database 'C:\Users\Iker\Desktop\proiektua\src\main\resources\bets.temp' is opened by 6324@DESKTOP-8L6O8HK

[2022-05-10 18:38:49 #2 type.registry] 
New type domain.Question

[2022-05-10 18:38:49 #3 type] 
Type domain.Question is not enhanced.

[2022-05-10 18:38:49 #4 type.registry] 
New type domain.ErantzunPosiblea

[2022-05-10 18:38:49 #5 type.registry] 
New type java.util.Vector<domain.ErantzunPosiblea>

[2022-05-10 18:38:49 #6 type.registry] 
New type domain.Event

[2022-05-10 18:38:49 #7 type] 
Type domain.ErantzunPosiblea is not enhanced.

[2022-05-10 18:38:49 #8 type.registry] 
New type domain.Apustua

[2022-05-10 18:38:49 #9 type.registry] 
New type java.util.Vector<domain.Apustua>

[2022-05-10 18:38:49 #10 type] 
Type domain.Event is not enhanced.

[2022-05-10 18:38:49 #11 type.registry] 
New type java.util.Vector<domain.Question>

[2022-05-10 18:38:49 #12 type] 
Type domain.Apustua is not enhanced.

[2022-05-10 18:38:49 #13 type.registry] 
New type domain.User

[2022-05-10 18:38:49 #14 type] 
Type domain.User is not enhanced.

[2022-05-10 18:38:49 #15 type.registry] 
New type domain.Elkarrizketa

[2022-05-10 18:38:49 #16 type.registry] 
New type java.util.Vector<domain.Elkarrizketa>

[2022-05-10 18:38:49 #17 type.registry] 
New type domain.Jarraipena

[2022-05-10 18:38:49 #18 type.registry] 
New type java.util.Vector<domain.Jarraipena>

[2022-05-10 18:38:49 #19 type.registry] 
New type domain.Mugimendua

[2022-05-10 18:38:49 #20 type.registry] 
New type java.util.Vector<domain.Mugimendua>

[2022-05-10 18:38:49 #21 type] 
Type domain.Elkarrizketa is not enhanced.

[2022-05-10 18:38:49 #22 type.registry] 
New type domain.Mezua

[2022-05-10 18:38:49 #23 type.registry] 
New type java.util.Vector<domain.Mezua>

[2022-05-10 18:38:49 #24 type] 
Type domain.Jarraipena is not enhanced.

[2022-05-10 18:38:49 #25 type] 
Type domain.Mugimendua is not enhanced.

[2022-05-10 18:38:49 #26 type.registry] 
New type domain.Admin

[2022-05-10 18:38:49 #27 type] 
Type domain.Admin is not enhanced.

[2022-05-10 18:38:49 #28 type.registry] 
New type domain.Erabiltzailea

[2022-05-10 18:38:49 #29 type] 
Type domain.Erabiltzailea is not enhanced.

[2022-05-10 18:38:49 #30 type.registry] 
New type java.util.Vector<java.lang.Object>

------------------------------------------------------------------------------------------------------------------------

[2022-05-10 18:39:50 #1 store] 
Database 'C:\Users\Iker\Desktop\proiektua\src\main\resources\bets.temp' is opened by 8580@DESKTOP-8L6O8HK

[2022-05-10 18:39:50 #2 type.registry] 
New type domain.Question

[2022-05-10 18:39:50 #3 type] 
Type domain.Question is not enhanced.

[2022-05-10 18:39:50 #4 type.registry] 
New type domain.ErantzunPosiblea

[2022-05-10 18:39:50 #5 type.registry] 
New type java.util.Vector<domain.ErantzunPosiblea>

[2022-05-10 18:39:50 #6 type.registry] 
New type domain.Event

[2022-05-10 18:39:50 #7 type] 
Type domain.ErantzunPosiblea is not enhanced.

[2022-05-10 18:39:50 #8 type.registry] 
New type domain.Apustua

[2022-05-10 18:39:50 #9 type.registry] 
New type java.util.Vector<domain.Apustua>

[2022-05-10 18:39:50 #10 type] 
Type domain.Event is not enhanced.

[2022-05-10 18:39:50 #11 type.registry] 
New type java.util.Vector<domain.Question>

[2022-05-10 18:39:50 #12 type] 
Type domain.Apustua is not enhanced.

[2022-05-10 18:39:50 #13 type.registry] 
New type domain.User

[2022-05-10 18:39:50 #14 type] 
Type domain.User is not enhanced.

[2022-05-10 18:39:50 #15 type.registry] 
New type domain.Elkarrizketa

[2022-05-10 18:39:50 #16 type.registry] 
New type java.util.Vector<domain.Elkarrizketa>

[2022-05-10 18:39:50 #17 type.registry] 
New type domain.Jarraipena

[2022-05-10 18:39:50 #18 type.registry] 
New type java.util.Vector<domain.Jarraipena>

[2022-05-10 18:39:50 #19 type.registry] 
New type domain.Mugimendua

[2022-05-10 18:39:50 #20 type.registry] 
New type java.util.Vector<domain.Mugimendua>

[2022-05-10 18:39:50 #21 type] 
Type domain.Elkarrizketa is not enhanced.

[2022-05-10 18:39:50 #22 type.registry] 
New type domain.Mezua

[2022-05-10 18:39:50 #23 type.registry] 
New type java.util.Vector<domain.Mezua>

[2022-05-10 18:39:50 #24 type] 
Type domain.Jarraipena is not enhanced.

[2022-05-10 18:39:50 #25 type] 
Type domain.Mugimendua is not enhanced.

[2022-05-10 18:39:50 #26 type] 
Type domain.Mezua is not enhanced.

[2022-05-10 18:39:51 #27 type.registry] 
New type domain.Admin

[2022-05-10 18:39:51 #28 type] 
Type domain.Admin is not enhanced.

[2022-05-10 18:39:51 #29 type.registry] 
New type domain.Erabiltzailea

[2022-05-10 18:39:51 #30 type] 
Type domain.Erabiltzailea is not enhanced.

[2022-05-10 18:39:51 #31 type.registry] 
New type java.util.Vector<java.lang.Object>

------------------------------------------------------------------------------------------------------------------------

[2022-05-10 19:04:09 #1 store] 
Database 'C:\Users\Iker\Desktop\proiektua\src\main\resources\bets.temp' is opened by 11004@DESKTOP-8L6O8HK

[2022-05-10 19:04:09 #2 type.registry] 
New type domain.Question

[2022-05-10 19:04:09 #3 type] 
Type domain.Question is not enhanced.

[2022-05-10 19:04:09 #4 type.registry] 
New type domain.ErantzunPosiblea

[2022-05-10 19:04:09 #5 type.registry] 
New type java.util.Vector<domain.ErantzunPosiblea>

[2022-05-10 19:04:09 #6 type.registry] 
New type domain.Event

[2022-05-10 19:04:09 #7 type] 
Type domain.ErantzunPosiblea is not enhanced.

[2022-05-10 19:04:09 #8 type.registry] 
New type domain.Apustua

[2022-05-10 19:04:09 #9 type.registry] 
New type java.util.Vector<domain.Apustua>

[2022-05-10 19:04:09 #10 type] 
Type domain.Event is not enhanced.

[2022-05-10 19:04:09 #11 type.registry] 
New type java.util.Vector<domain.Question>

[2022-05-10 19:04:09 #12 type] 
Type domain.Apustua is not enhanced.

[2022-05-10 19:04:09 #13 type.registry] 
New type domain.User

[2022-05-10 19:04:09 #14 type] 
Type domain.User is not enhanced.

[2022-05-10 19:04:09 #15 type.registry] 
New type domain.Elkarrizketa

[2022-05-10 19:04:09 #16 type.registry] 
New type java.util.Vector<domain.Elkarrizketa>

[2022-05-10 19:04:09 #17 type.registry] 
New type domain.Jarraipena

[2022-05-10 19:04:09 #18 type.registry] 
New type java.util.Vector<domain.Jarraipena>

[2022-05-10 19:04:09 #19 type.registry] 
New type domain.Mugimendua

[2022-05-10 19:04:09 #20 type.registry] 
New type java.util.Vector<domain.Mugimendua>

[2022-05-10 19:04:09 #21 type] 
Type domain.Elkarrizketa is not enhanced.

[2022-05-10 19:04:09 #22 type.registry] 
New type domain.Mezua

[2022-05-10 19:04:09 #23 type.registry] 
New type java.util.Vector<domain.Mezua>

[2022-05-10 19:04:09 #24 type] 
Type domain.Jarraipena is not enhanced.

[2022-05-10 19:04:09 #25 type] 
Type domain.Mugimendua is not enhanced.

[2022-05-10 19:04:09 #26 type] 
Type domain.Mezua is not enhanced.

[2022-05-10 19:04:09 #27 type.registry] 
New type domain.Admin

[2022-05-10 19:04:09 #28 type] 
Type domain.Admin is not enhanced.

[2022-05-10 19:04:09 #29 type.registry] 
New type domain.Erabiltzailea

[2022-05-10 19:04:09 #30 type] 
Type domain.Erabiltzailea is not enhanced.

[2022-05-10 19:04:10 #31 type.registry] 
New type java.util.Vector<java.lang.Object>

