------------------------------------------------------------------------------------------------------------------------

[2022-05-12 17:11:51 #1 store] 
Database 'C:\Users\ibaih\OneDrive\Documents\GitHub\Bets21\src\main\resources\bets.temp' is opened by 17200@DESKTOP-1QBPJUI

[2022-05-12 17:11:51 #2 type.registry] 
New type domain.Question

[2022-05-12 17:11:51 #3 type] 
Type domain.Question is not enhanced.

[2022-05-12 17:11:51 #4 type.registry] 
New type domain.ErantzunPosiblea

[2022-05-12 17:11:51 #5 type.registry] 
New type java.util.Vector<domain.ErantzunPosiblea>

[2022-05-12 17:11:51 #6 type.registry] 
New type domain.Event

[2022-05-12 17:11:51 #7 type] 
Type domain.ErantzunPosiblea is not enhanced.

[2022-05-12 17:11:51 #8 type.registry] 
New type domain.Apustua

[2022-05-12 17:11:51 #9 type.registry] 
New type java.util.Vector<domain.Apustua>

[2022-05-12 17:11:51 #10 type] 
Type domain.Event is not enhanced.

[2022-05-12 17:11:51 #11 type.registry] 
New type java.util.Vector<domain.Question>

[2022-05-12 17:11:51 #12 type] 
Type domain.Apustua is not enhanced.

[2022-05-12 17:11:51 #13 type.registry] 
New type domain.User

[2022-05-12 17:11:51 #14 type] 
Type domain.User is not enhanced.

[2022-05-12 17:11:51 #15 type.registry] 
New type domain.Elkarrizketa

[2022-05-12 17:11:51 #16 type.registry] 
New type java.util.Vector<domain.Elkarrizketa>

[2022-05-12 17:11:51 #17 type.registry] 
New type domain.Jarraipena

[2022-05-12 17:11:51 #18 type.registry] 
New type java.util.Vector<domain.Jarraipena>

[2022-05-12 17:11:51 #19 type.registry] 
New type domain.Mugimendua

[2022-05-12 17:11:51 #20 type.registry] 
New type java.util.Vector<domain.Mugimendua>

[2022-05-12 17:11:51 #21 type] 
Type domain.Elkarrizketa is not enhanced.

[2022-05-12 17:11:51 #22 type.registry] 
New type domain.Mezua

[2022-05-12 17:11:51 #23 type.registry] 
New type java.util.Vector<domain.Mezua>

[2022-05-12 17:11:51 #24 type] 
Type domain.Jarraipena is not enhanced.

[2022-05-12 17:11:51 #25 type] 
Type domain.Mugimendua is not enhanced.

[2022-05-12 17:11:51 #26 type] 
Type domain.Mezua is not enhanced.

[2022-05-12 17:11:51 #27 type.registry] 
New type domain.Admin

[2022-05-12 17:11:51 #28 type] 
Type domain.Admin is not enhanced.

[2022-05-12 17:11:51 #29 type.registry] 
New type domain.Erabiltzailea

[2022-05-12 17:11:51 #30 type] 
Type domain.Erabiltzailea is not enhanced.

[2022-05-12 17:11:51 #31 type.registry] 
New type java.util.Vector<java.lang.Object>

------------------------------------------------------------------------------------------------------------------------

[2022-05-12 17:13:55 #1 store] 
Database 'C:\Users\ibaih\OneDrive\Documents\GitHub\Bets21\src\main\resources\bets.temp' is opened by 14824@DESKTOP-1QBPJUI

[2022-05-12 17:13:55 #2 type.registry] 
New type domain.Question

[2022-05-12 17:13:55 #3 type] 
Type domain.Question is not enhanced.

[2022-05-12 17:13:55 #4 type.registry] 
New type domain.ErantzunPosiblea

[2022-05-12 17:13:55 #5 type.registry] 
New type java.util.Vector<domain.ErantzunPosiblea>

[2022-05-12 17:13:55 #6 type.registry] 
New type domain.Event

[2022-05-12 17:13:55 #7 type] 
Type domain.ErantzunPosiblea is not enhanced.

[2022-05-12 17:13:55 #8 type.registry] 
New type domain.Apustua

[2022-05-12 17:13:55 #9 type.registry] 
New type java.util.Vector<domain.Apustua>

[2022-05-12 17:13:55 #10 type] 
Type domain.Event is not enhanced.

[2022-05-12 17:13:55 #11 type.registry] 
New type java.util.Vector<domain.Question>

[2022-05-12 17:13:55 #12 type] 
Type domain.Apustua is not enhanced.

[2022-05-12 17:13:55 #13 type.registry] 
New type domain.User

[2022-05-12 17:13:55 #14 type] 
Type domain.User is not enhanced.

[2022-05-12 17:13:55 #15 type.registry] 
New type domain.Elkarrizketa

[2022-05-12 17:13:55 #16 type.registry] 
New type java.util.Vector<domain.Elkarrizketa>

[2022-05-12 17:13:55 #17 type.registry] 
New type domain.Jarraipena

[2022-05-12 17:13:55 #18 type.registry] 
New type java.util.Vector<domain.Jarraipena>

[2022-05-12 17:13:55 #19 type.registry] 
New type domain.Mugimendua

[2022-05-12 17:13:55 #20 type.registry] 
New type java.util.Vector<domain.Mugimendua>

[2022-05-12 17:13:55 #21 type] 
Type domain.Elkarrizketa is not enhanced.

[2022-05-12 17:13:55 #22 type.registry] 
New type domain.Mezua

[2022-05-12 17:13:55 #23 type.registry] 
New type java.util.Vector<domain.Mezua>

[2022-05-12 17:13:55 #24 type] 
Type domain.Jarraipena is not enhanced.

[2022-05-12 17:13:55 #25 type] 
Type domain.Mugimendua is not enhanced.

[2022-05-12 17:13:55 #26 type] 
Type domain.Mezua is not enhanced.

[2022-05-12 17:13:55 #27 type.registry] 
New type domain.Admin

[2022-05-12 17:13:55 #28 type] 
Type domain.Admin is not enhanced.

[2022-05-12 17:13:55 #29 type.registry] 
New type domain.Erabiltzailea

[2022-05-12 17:13:55 #30 type] 
Type domain.Erabiltzailea is not enhanced.

[2022-05-12 17:13:55 #31 type.registry] 
New type java.util.Vector<java.lang.Object>

------------------------------------------------------------------------------------------------------------------------

[2022-05-12 19:21:53 #1 store] 
Database 'C:\Users\ibaih\OneDrive\Documents\GitHub\Bets21\src\main\resources\bets.temp' is opened by 14296@DESKTOP-1QBPJUI

[2022-05-12 19:21:53 #2 type.registry] 
New type domain.Question

[2022-05-12 19:21:53 #3 type] 
Type domain.Question is not enhanced.

[2022-05-12 19:21:53 #4 type.registry] 
New type domain.ErantzunPosiblea

[2022-05-12 19:21:53 #5 type.registry] 
New type java.util.Vector<domain.ErantzunPosiblea>

[2022-05-12 19:21:53 #6 type.registry] 
New type domain.Event

[2022-05-12 19:21:53 #7 type] 
Type domain.ErantzunPosiblea is not enhanced.

[2022-05-12 19:21:53 #8 type.registry] 
New type domain.Apustua

[2022-05-12 19:21:53 #9 type.registry] 
New type java.util.Vector<domain.Apustua>

[2022-05-12 19:21:53 #10 type] 
Type domain.Event is not enhanced.

[2022-05-12 19:21:53 #11 type.registry] 
New type java.util.Vector<domain.Question>

[2022-05-12 19:21:53 #12 type] 
Type domain.Apustua is not enhanced.

[2022-05-12 19:21:53 #13 type.registry] 
New type domain.User

[2022-05-12 19:21:53 #14 type] 
Type domain.User is not enhanced.

[2022-05-12 19:21:53 #15 type.registry] 
New type domain.Elkarrizketa

[2022-05-12 19:21:53 #16 type.registry] 
New type java.util.Vector<domain.Elkarrizketa>

[2022-05-12 19:21:53 #17 type.registry] 
New type domain.Jarraipena

[2022-05-12 19:21:53 #18 type.registry] 
New type java.util.Vector<domain.Jarraipena>

[2022-05-12 19:21:53 #19 type.registry] 
New type domain.Mugimendua

[2022-05-12 19:21:53 #20 type.registry] 
New type java.util.Vector<domain.Mugimendua>

[2022-05-12 19:21:53 #21 type] 
Type domain.Elkarrizketa is not enhanced.

[2022-05-12 19:21:53 #22 type.registry] 
New type domain.Mezua

[2022-05-12 19:21:53 #23 type.registry] 
New type java.util.Vector<domain.Mezua>

[2022-05-12 19:21:53 #24 type] 
Type domain.Jarraipena is not enhanced.

[2022-05-12 19:21:53 #25 type] 
Type domain.Mugimendua is not enhanced.

[2022-05-12 19:21:53 #26 type] 
Type domain.Mezua is not enhanced.

[2022-05-12 19:21:53 #27 type.registry] 
New type domain.Admin

[2022-05-12 19:21:53 #28 type] 
Type domain.Admin is not enhanced.

[2022-05-12 19:21:53 #29 type.registry] 
New type domain.Erabiltzailea

[2022-05-12 19:21:53 #30 type] 
Type domain.Erabiltzailea is not enhanced.

[2022-05-12 19:21:53 #31 type.registry] 
New type java.util.Vector<java.lang.Object>

------------------------------------------------------------------------------------------------------------------------

[2022-05-12 19:24:02 #1 store] 
Database 'C:\Users\ibaih\OneDrive\Documents\GitHub\Bets21\src\main\resources\bets.temp' is opened by 7564@DESKTOP-1QBPJUI

[2022-05-12 19:24:02 #2 type.registry] 
New type domain.Question

[2022-05-12 19:24:02 #3 type] 
Type domain.Question is not enhanced.

[2022-05-12 19:24:02 #4 type.registry] 
New type domain.ErantzunPosiblea

[2022-05-12 19:24:02 #5 type.registry] 
New type java.util.Vector<domain.ErantzunPosiblea>

[2022-05-12 19:24:02 #6 type.registry] 
New type domain.Event

[2022-05-12 19:24:02 #7 type] 
Type domain.ErantzunPosiblea is not enhanced.

[2022-05-12 19:24:02 #8 type.registry] 
New type domain.Apustua

[2022-05-12 19:24:02 #9 type.registry] 
New type java.util.Vector<domain.Apustua>

[2022-05-12 19:24:02 #10 type] 
Type domain.Event is not enhanced.

[2022-05-12 19:24:02 #11 type.registry] 
New type java.util.Vector<domain.Question>

[2022-05-12 19:24:02 #12 type] 
Type domain.Apustua is not enhanced.

[2022-05-12 19:24:02 #13 type.registry] 
New type domain.User

[2022-05-12 19:24:02 #14 type] 
Type domain.User is not enhanced.

[2022-05-12 19:24:02 #15 type.registry] 
New type domain.Elkarrizketa

[2022-05-12 19:24:02 #16 type.registry] 
New type java.util.Vector<domain.Elkarrizketa>

[2022-05-12 19:24:02 #17 type.registry] 
New type domain.Jarraipena

[2022-05-12 19:24:02 #18 type.registry] 
New type java.util.Vector<domain.Jarraipena>

[2022-05-12 19:24:02 #19 type.registry] 
New type domain.Mugimendua

[2022-05-12 19:24:02 #20 type.registry] 
New type java.util.Vector<domain.Mugimendua>

[2022-05-12 19:24:02 #21 type] 
Type domain.Elkarrizketa is not enhanced.

[2022-05-12 19:24:02 #22 type.registry] 
New type domain.Mezua

[2022-05-12 19:24:02 #23 type.registry] 
New type java.util.Vector<domain.Mezua>

[2022-05-12 19:24:02 #24 type] 
Type domain.Jarraipena is not enhanced.

[2022-05-12 19:24:02 #25 type] 
Type domain.Mugimendua is not enhanced.

[2022-05-12 19:24:02 #26 type] 
Type domain.Mezua is not enhanced.

[2022-05-12 19:24:02 #27 type.registry] 
New type domain.Admin

[2022-05-12 19:24:02 #28 type] 
Type domain.Admin is not enhanced.

[2022-05-12 19:24:02 #29 type.registry] 
New type domain.Erabiltzailea

[2022-05-12 19:24:02 #30 type] 
Type domain.Erabiltzailea is not enhanced.

[2022-05-12 19:24:02 #31 type.registry] 
New type java.util.Vector<java.lang.Object>

------------------------------------------------------------------------------------------------------------------------

[2022-05-12 19:25:57 #1 store] 
Database 'C:\Users\ibaih\OneDrive\Documents\GitHub\Bets21\src\main\resources\bets.temp' is opened by 20408@DESKTOP-1QBPJUI

[2022-05-12 19:25:57 #2 type.registry] 
New type domain.Question

[2022-05-12 19:25:57 #3 type] 
Type domain.Question is not enhanced.

[2022-05-12 19:25:57 #4 type.registry] 
New type domain.ErantzunPosiblea

[2022-05-12 19:25:57 #5 type.registry] 
New type java.util.Vector<domain.ErantzunPosiblea>

[2022-05-12 19:25:57 #6 type.registry] 
New type domain.Event

[2022-05-12 19:25:57 #7 type] 
Type domain.ErantzunPosiblea is not enhanced.

[2022-05-12 19:25:57 #8 type.registry] 
New type domain.Apustua

[2022-05-12 19:25:57 #9 type.registry] 
New type java.util.Vector<domain.Apustua>

[2022-05-12 19:25:57 #10 type] 
Type domain.Event is not enhanced.

[2022-05-12 19:25:57 #11 type.registry] 
New type java.util.Vector<domain.Question>

[2022-05-12 19:25:57 #12 type] 
Type domain.Apustua is not enhanced.

[2022-05-12 19:25:57 #13 type.registry] 
New type domain.User

[2022-05-12 19:25:57 #14 type] 
Type domain.User is not enhanced.

[2022-05-12 19:25:57 #15 type.registry] 
New type domain.Elkarrizketa

[2022-05-12 19:25:57 #16 type.registry] 
New type java.util.Vector<domain.Elkarrizketa>

[2022-05-12 19:25:57 #17 type.registry] 
New type domain.Jarraipena

[2022-05-12 19:25:57 #18 type.registry] 
New type java.util.Vector<domain.Jarraipena>

[2022-05-12 19:25:57 #19 type.registry] 
New type domain.Mugimendua

[2022-05-12 19:25:57 #20 type.registry] 
New type java.util.Vector<domain.Mugimendua>

[2022-05-12 19:25:57 #21 type] 
Type domain.Elkarrizketa is not enhanced.

[2022-05-12 19:25:57 #22 type.registry] 
New type domain.Mezua

[2022-05-12 19:25:57 #23 type.registry] 
New type java.util.Vector<domain.Mezua>

[2022-05-12 19:25:57 #24 type] 
Type domain.Jarraipena is not enhanced.

[2022-05-12 19:25:57 #25 type] 
Type domain.Mugimendua is not enhanced.

[2022-05-12 19:25:57 #26 type] 
Type domain.Mezua is not enhanced.

[2022-05-12 19:25:57 #27 type.registry] 
New type domain.Admin

[2022-05-12 19:25:57 #28 type] 
Type domain.Admin is not enhanced.

[2022-05-12 19:25:57 #29 type.registry] 
New type domain.Erabiltzailea

[2022-05-12 19:25:57 #30 type] 
Type domain.Erabiltzailea is not enhanced.

[2022-05-12 19:25:57 #31 type.registry] 
New type java.util.Vector<java.lang.Object>

------------------------------------------------------------------------------------------------------------------------

[2022-05-12 19:28:13 #1 store] 
Database 'C:\Users\ibaih\OneDrive\Documents\GitHub\Bets21\src\main\resources\bets.temp' is opened by 13388@DESKTOP-1QBPJUI

[2022-05-12 19:28:13 #2 type.registry] 
New type domain.Question

[2022-05-12 19:28:13 #3 type] 
Type domain.Question is not enhanced.

[2022-05-12 19:28:13 #4 type.registry] 
New type domain.ErantzunPosiblea

[2022-05-12 19:28:13 #5 type.registry] 
New type java.util.Vector<domain.ErantzunPosiblea>

[2022-05-12 19:28:13 #6 type.registry] 
New type domain.Event

[2022-05-12 19:28:13 #7 type] 
Type domain.ErantzunPosiblea is not enhanced.

[2022-05-12 19:28:13 #8 type.registry] 
New type domain.Apustua

[2022-05-12 19:28:13 #9 type.registry] 
New type java.util.Vector<domain.Apustua>

[2022-05-12 19:28:13 #10 type] 
Type domain.Event is not enhanced.

[2022-05-12 19:28:13 #11 type.registry] 
New type java.util.Vector<domain.Question>

[2022-05-12 19:28:13 #12 type] 
Type domain.Apustua is not enhanced.

[2022-05-12 19:28:13 #13 type.registry] 
New type domain.User

[2022-05-12 19:28:13 #14 type] 
Type domain.User is not enhanced.

[2022-05-12 19:28:13 #15 type.registry] 
New type domain.Elkarrizketa

[2022-05-12 19:28:13 #16 type.registry] 
New type java.util.Vector<domain.Elkarrizketa>

[2022-05-12 19:28:13 #17 type.registry] 
New type domain.Jarraipena

[2022-05-12 19:28:13 #18 type.registry] 
New type java.util.Vector<domain.Jarraipena>

[2022-05-12 19:28:13 #19 type.registry] 
New type domain.Mugimendua

[2022-05-12 19:28:13 #20 type.registry] 
New type java.util.Vector<domain.Mugimendua>

[2022-05-12 19:28:13 #21 type] 
Type domain.Elkarrizketa is not enhanced.

[2022-05-12 19:28:13 #22 type.registry] 
New type domain.Mezua

[2022-05-12 19:28:13 #23 type.registry] 
New type java.util.Vector<domain.Mezua>

[2022-05-12 19:28:13 #24 type] 
Type domain.Jarraipena is not enhanced.

[2022-05-12 19:28:13 #25 type] 
Type domain.Mugimendua is not enhanced.

[2022-05-12 19:28:13 #26 type] 
Type domain.Mezua is not enhanced.

[2022-05-12 19:28:13 #27 type.registry] 
New type domain.Admin

[2022-05-12 19:28:13 #28 type] 
Type domain.Admin is not enhanced.

[2022-05-12 19:28:13 #29 type.registry] 
New type domain.Erabiltzailea

[2022-05-12 19:28:13 #30 type] 
Type domain.Erabiltzailea is not enhanced.

[2022-05-12 19:28:13 #31 type.registry] 
New type java.util.Vector<java.lang.Object>

------------------------------------------------------------------------------------------------------------------------

[2022-05-12 19:31:46 #1 store] 
Database 'C:\Users\ibaih\OneDrive\Documents\GitHub\Bets21\src\main\resources\bets.temp' is opened by 4172@DESKTOP-1QBPJUI

[2022-05-12 19:31:46 #2 type.registry] 
New type domain.Question

[2022-05-12 19:31:46 #3 type] 
Type domain.Question is not enhanced.

[2022-05-12 19:31:46 #4 type.registry] 
New type domain.ErantzunPosiblea

[2022-05-12 19:31:46 #5 type.registry] 
New type java.util.Vector<domain.ErantzunPosiblea>

[2022-05-12 19:31:46 #6 type.registry] 
New type domain.Event

[2022-05-12 19:31:46 #7 type] 
Type domain.ErantzunPosiblea is not enhanced.

[2022-05-12 19:31:46 #8 type.registry] 
New type domain.Apustua

[2022-05-12 19:31:46 #9 type.registry] 
New type java.util.Vector<domain.Apustua>

[2022-05-12 19:31:46 #10 type] 
Type domain.Event is not enhanced.

[2022-05-12 19:31:46 #11 type.registry] 
New type java.util.Vector<domain.Question>

[2022-05-12 19:31:46 #12 type] 
Type domain.Apustua is not enhanced.

[2022-05-12 19:31:46 #13 type.registry] 
New type domain.User

[2022-05-12 19:31:46 #14 type] 
Type domain.User is not enhanced.

[2022-05-12 19:31:46 #15 type.registry] 
New type domain.Elkarrizketa

[2022-05-12 19:31:46 #16 type.registry] 
New type java.util.Vector<domain.Elkarrizketa>

[2022-05-12 19:31:46 #17 type.registry] 
New type domain.Jarraipena

[2022-05-12 19:31:46 #18 type.registry] 
New type java.util.Vector<domain.Jarraipena>

[2022-05-12 19:31:46 #19 type.registry] 
New type domain.Mugimendua

[2022-05-12 19:31:46 #20 type.registry] 
New type java.util.Vector<domain.Mugimendua>

[2022-05-12 19:31:46 #21 type] 
Type domain.Elkarrizketa is not enhanced.

[2022-05-12 19:31:46 #22 type.registry] 
New type domain.Mezua

[2022-05-12 19:31:46 #23 type.registry] 
New type java.util.Vector<domain.Mezua>

[2022-05-12 19:31:46 #24 type] 
Type domain.Jarraipena is not enhanced.

[2022-05-12 19:31:46 #25 type] 
Type domain.Mugimendua is not enhanced.

[2022-05-12 19:31:46 #26 type] 
Type domain.Mezua is not enhanced.

[2022-05-12 19:31:46 #27 type.registry] 
New type domain.Admin

[2022-05-12 19:31:46 #28 type] 
Type domain.Admin is not enhanced.

[2022-05-12 19:31:46 #29 type.registry] 
New type domain.Erabiltzailea

[2022-05-12 19:31:46 #30 type] 
Type domain.Erabiltzailea is not enhanced.

[2022-05-12 19:31:46 #31 type.registry] 
New type java.util.Vector<java.lang.Object>

------------------------------------------------------------------------------------------------------------------------

[2022-05-12 19:34:40 #1 store] 
Database 'C:\Users\ibaih\OneDrive\Documents\GitHub\Bets21\src\main\resources\bets.temp' is opened by 3368@DESKTOP-1QBPJUI

[2022-05-12 19:34:40 #2 type.registry] 
New type domain.Question

[2022-05-12 19:34:40 #3 type] 
Type domain.Question is not enhanced.

[2022-05-12 19:34:40 #4 type.registry] 
New type domain.ErantzunPosiblea

[2022-05-12 19:34:40 #5 type.registry] 
New type java.util.Vector<domain.ErantzunPosiblea>

[2022-05-12 19:34:40 #6 type.registry] 
New type domain.Event

[2022-05-12 19:34:40 #7 type] 
Type domain.ErantzunPosiblea is not enhanced.

[2022-05-12 19:34:40 #8 type.registry] 
New type domain.Apustua

[2022-05-12 19:34:40 #9 type.registry] 
New type java.util.Vector<domain.Apustua>

[2022-05-12 19:34:40 #10 type] 
Type domain.Event is not enhanced.

[2022-05-12 19:34:40 #11 type.registry] 
New type java.util.Vector<domain.Question>

[2022-05-12 19:34:40 #12 type] 
Type domain.Apustua is not enhanced.

[2022-05-12 19:34:41 #13 type.registry] 
New type domain.User

[2022-05-12 19:34:41 #14 type] 
Type domain.User is not enhanced.

[2022-05-12 19:34:41 #15 type.registry] 
New type domain.Elkarrizketa

[2022-05-12 19:34:41 #16 type.registry] 
New type java.util.Vector<domain.Elkarrizketa>

[2022-05-12 19:34:41 #17 type.registry] 
New type domain.Jarraipena

[2022-05-12 19:34:41 #18 type.registry] 
New type java.util.Vector<domain.Jarraipena>

[2022-05-12 19:34:41 #19 type.registry] 
New type domain.Mugimendua

[2022-05-12 19:34:41 #20 type.registry] 
New type java.util.Vector<domain.Mugimendua>

[2022-05-12 19:34:41 #21 type] 
Type domain.Elkarrizketa is not enhanced.

[2022-05-12 19:34:41 #22 type.registry] 
New type domain.Mezua

[2022-05-12 19:34:41 #23 type.registry] 
New type java.util.Vector<domain.Mezua>

[2022-05-12 19:34:41 #24 type] 
Type domain.Jarraipena is not enhanced.

[2022-05-12 19:34:41 #25 type] 
Type domain.Mugimendua is not enhanced.

[2022-05-12 19:34:41 #26 type] 
Type domain.Mezua is not enhanced.

[2022-05-12 19:34:41 #27 type.registry] 
New type domain.Admin

[2022-05-12 19:34:41 #28 type] 
Type domain.Admin is not enhanced.

[2022-05-12 19:34:41 #29 type.registry] 
New type domain.Erabiltzailea

[2022-05-12 19:34:41 #30 type] 
Type domain.Erabiltzailea is not enhanced.

[2022-05-12 19:34:41 #31 type.registry] 
New type java.util.Vector<java.lang.Object>

------------------------------------------------------------------------------------------------------------------------

[2022-05-12 19:36:09 #1 store] 
Database 'C:\Users\ibaih\OneDrive\Documents\GitHub\Bets21\src\main\resources\bets.temp' is opened by 20248@DESKTOP-1QBPJUI

[2022-05-12 19:36:09 #2 type.registry] 
New type domain.Question

[2022-05-12 19:36:09 #3 type] 
Type domain.Question is not enhanced.

[2022-05-12 19:36:09 #4 type.registry] 
New type domain.ErantzunPosiblea

[2022-05-12 19:36:09 #5 type.registry] 
New type java.util.Vector<domain.ErantzunPosiblea>

[2022-05-12 19:36:09 #6 type.registry] 
New type domain.Event

[2022-05-12 19:36:09 #7 type] 
Type domain.ErantzunPosiblea is not enhanced.

[2022-05-12 19:36:09 #8 type.registry] 
New type domain.Apustua

[2022-05-12 19:36:09 #9 type.registry] 
New type java.util.Vector<domain.Apustua>

[2022-05-12 19:36:09 #10 type] 
Type domain.Event is not enhanced.

[2022-05-12 19:36:09 #11 type.registry] 
New type java.util.Vector<domain.Question>

[2022-05-12 19:36:09 #12 type] 
Type domain.Apustua is not enhanced.

[2022-05-12 19:36:09 #13 type.registry] 
New type domain.User

[2022-05-12 19:36:09 #14 type] 
Type domain.User is not enhanced.

[2022-05-12 19:36:09 #15 type.registry] 
New type domain.Elkarrizketa

[2022-05-12 19:36:09 #16 type.registry] 
New type java.util.Vector<domain.Elkarrizketa>

[2022-05-12 19:36:09 #17 type.registry] 
New type domain.Jarraipena

[2022-05-12 19:36:09 #18 type.registry] 
New type java.util.Vector<domain.Jarraipena>

[2022-05-12 19:36:09 #19 type.registry] 
New type domain.Mugimendua

[2022-05-12 19:36:09 #20 type.registry] 
New type java.util.Vector<domain.Mugimendua>

[2022-05-12 19:36:09 #21 type] 
Type domain.Elkarrizketa is not enhanced.

[2022-05-12 19:36:09 #22 type.registry] 
New type domain.Mezua

[2022-05-12 19:36:09 #23 type.registry] 
New type java.util.Vector<domain.Mezua>

[2022-05-12 19:36:09 #24 type] 
Type domain.Jarraipena is not enhanced.

[2022-05-12 19:36:09 #25 type] 
Type domain.Mugimendua is not enhanced.

[2022-05-12 19:36:09 #26 type] 
Type domain.Mezua is not enhanced.

[2022-05-12 19:36:09 #27 type.registry] 
New type domain.Admin

[2022-05-12 19:36:09 #28 type] 
Type domain.Admin is not enhanced.

[2022-05-12 19:36:09 #29 type.registry] 
New type domain.Erabiltzailea

[2022-05-12 19:36:09 #30 type] 
Type domain.Erabiltzailea is not enhanced.

[2022-05-12 19:36:09 #31 type.registry] 
New type java.util.Vector<java.lang.Object>

------------------------------------------------------------------------------------------------------------------------

[2022-05-12 19:40:52 #1 store] 
Database 'C:\Users\ibaih\OneDrive\Documents\GitHub\Bets21\src\main\resources\bets.temp' is opened by 7092@DESKTOP-1QBPJUI

[2022-05-12 19:40:52 #2 type.registry] 
New type domain.Question

[2022-05-12 19:40:52 #3 type] 
Type domain.Question is not enhanced.

[2022-05-12 19:40:52 #4 type.registry] 
New type domain.ErantzunPosiblea

[2022-05-12 19:40:52 #5 type.registry] 
New type java.util.Vector<domain.ErantzunPosiblea>

[2022-05-12 19:40:52 #6 type.registry] 
New type domain.Event

[2022-05-12 19:40:52 #7 type] 
Type domain.ErantzunPosiblea is not enhanced.

[2022-05-12 19:40:52 #8 type.registry] 
New type domain.Apustua

[2022-05-12 19:40:52 #9 type.registry] 
New type java.util.Vector<domain.Apustua>

[2022-05-12 19:40:52 #10 type] 
Type domain.Event is not enhanced.

[2022-05-12 19:40:52 #11 type.registry] 
New type java.util.Vector<domain.Question>

[2022-05-12 19:40:52 #12 type] 
Type domain.Apustua is not enhanced.

[2022-05-12 19:40:52 #13 type.registry] 
New type domain.User

[2022-05-12 19:40:52 #14 type] 
Type domain.User is not enhanced.

[2022-05-12 19:40:52 #15 type.registry] 
New type domain.Elkarrizketa

[2022-05-12 19:40:52 #16 type.registry] 
New type java.util.Vector<domain.Elkarrizketa>

[2022-05-12 19:40:52 #17 type.registry] 
New type domain.Jarraipena

[2022-05-12 19:40:52 #18 type.registry] 
New type java.util.Vector<domain.Jarraipena>

[2022-05-12 19:40:52 #19 type.registry] 
New type domain.Mugimendua

[2022-05-12 19:40:52 #20 type.registry] 
New type java.util.Vector<domain.Mugimendua>

[2022-05-12 19:40:52 #21 type] 
Type domain.Elkarrizketa is not enhanced.

[2022-05-12 19:40:52 #22 type.registry] 
New type domain.Mezua

[2022-05-12 19:40:52 #23 type.registry] 
New type java.util.Vector<domain.Mezua>

[2022-05-12 19:40:52 #24 type] 
Type domain.Jarraipena is not enhanced.

[2022-05-12 19:40:52 #25 type] 
Type domain.Mugimendua is not enhanced.

[2022-05-12 19:40:52 #26 type] 
Type domain.Mezua is not enhanced.

[2022-05-12 19:40:52 #27 type.registry] 
New type domain.Admin

[2022-05-12 19:40:52 #28 type] 
Type domain.Admin is not enhanced.

[2022-05-12 19:40:52 #29 type.registry] 
New type domain.Erabiltzailea

[2022-05-12 19:40:52 #30 type] 
Type domain.Erabiltzailea is not enhanced.

[2022-05-12 19:40:52 #31 type.registry] 
New type java.util.Vector<java.lang.Object>

------------------------------------------------------------------------------------------------------------------------

[2022-05-12 19:42:05 #1 store] 
Database 'C:\Users\ibaih\OneDrive\Documents\GitHub\Bets21\src\main\resources\bets.temp' is opened by 1296@DESKTOP-1QBPJUI

[2022-05-12 19:42:05 #2 type.registry] 
New type domain.Question

[2022-05-12 19:42:05 #3 type] 
Type domain.Question is not enhanced.

[2022-05-12 19:42:05 #4 type.registry] 
New type domain.ErantzunPosiblea

[2022-05-12 19:42:05 #5 type.registry] 
New type java.util.Vector<domain.ErantzunPosiblea>

[2022-05-12 19:42:05 #6 type.registry] 
New type domain.Event

[2022-05-12 19:42:05 #7 type] 
Type domain.ErantzunPosiblea is not enhanced.

[2022-05-12 19:42:05 #8 type.registry] 
New type domain.Apustua

[2022-05-12 19:42:05 #9 type.registry] 
New type java.util.Vector<domain.Apustua>

[2022-05-12 19:42:05 #10 type] 
Type domain.Event is not enhanced.

[2022-05-12 19:42:05 #11 type.registry] 
New type java.util.Vector<domain.Question>

[2022-05-12 19:42:05 #12 type] 
Type domain.Apustua is not enhanced.

[2022-05-12 19:42:05 #13 type.registry] 
New type domain.User

[2022-05-12 19:42:05 #14 type] 
Type domain.User is not enhanced.

[2022-05-12 19:42:05 #15 type.registry] 
New type domain.Elkarrizketa

[2022-05-12 19:42:05 #16 type.registry] 
New type java.util.Vector<domain.Elkarrizketa>

[2022-05-12 19:42:05 #17 type.registry] 
New type domain.Jarraipena

[2022-05-12 19:42:05 #18 type.registry] 
New type java.util.Vector<domain.Jarraipena>

[2022-05-12 19:42:05 #19 type.registry] 
New type domain.Mugimendua

[2022-05-12 19:42:05 #20 type.registry] 
New type java.util.Vector<domain.Mugimendua>

[2022-05-12 19:42:05 #21 type] 
Type domain.Elkarrizketa is not enhanced.

[2022-05-12 19:42:05 #22 type.registry] 
New type domain.Mezua

[2022-05-12 19:42:05 #23 type.registry] 
New type java.util.Vector<domain.Mezua>

[2022-05-12 19:42:05 #24 type] 
Type domain.Jarraipena is not enhanced.

[2022-05-12 19:42:05 #25 type] 
Type domain.Mugimendua is not enhanced.

[2022-05-12 19:42:05 #26 type] 
Type domain.Mezua is not enhanced.

[2022-05-12 19:42:05 #27 type.registry] 
New type domain.Admin

[2022-05-12 19:42:05 #28 type] 
Type domain.Admin is not enhanced.

[2022-05-12 19:42:05 #29 type.registry] 
New type domain.Erabiltzailea

[2022-05-12 19:42:05 #30 type] 
Type domain.Erabiltzailea is not enhanced.

[2022-05-12 19:42:05 #31 type.registry] 
New type java.util.Vector<java.lang.Object>

------------------------------------------------------------------------------------------------------------------------

[2022-05-12 19:43:17 #1 store] 
Database 'C:\Users\ibaih\OneDrive\Documents\GitHub\Bets21\src\main\resources\bets.temp' is opened by 5752@DESKTOP-1QBPJUI

[2022-05-12 19:43:17 #2 type.registry] 
New type domain.Question

[2022-05-12 19:43:17 #3 type] 
Type domain.Question is not enhanced.

[2022-05-12 19:43:17 #4 type.registry] 
New type domain.ErantzunPosiblea

[2022-05-12 19:43:17 #5 type.registry] 
New type java.util.Vector<domain.ErantzunPosiblea>

[2022-05-12 19:43:17 #6 type.registry] 
New type domain.Event

[2022-05-12 19:43:17 #7 type] 
Type domain.ErantzunPosiblea is not enhanced.

[2022-05-12 19:43:17 #8 type.registry] 
New type domain.Apustua

[2022-05-12 19:43:17 #9 type.registry] 
New type java.util.Vector<domain.Apustua>

[2022-05-12 19:43:17 #10 type] 
Type domain.Event is not enhanced.

[2022-05-12 19:43:17 #11 type.registry] 
New type java.util.Vector<domain.Question>

[2022-05-12 19:43:17 #12 type] 
Type domain.Apustua is not enhanced.

[2022-05-12 19:43:17 #13 type.registry] 
New type domain.User

[2022-05-12 19:43:17 #14 type] 
Type domain.User is not enhanced.

[2022-05-12 19:43:17 #15 type.registry] 
New type domain.Elkarrizketa

[2022-05-12 19:43:17 #16 type.registry] 
New type java.util.Vector<domain.Elkarrizketa>

[2022-05-12 19:43:17 #17 type.registry] 
New type domain.Jarraipena

[2022-05-12 19:43:17 #18 type.registry] 
New type java.util.Vector<domain.Jarraipena>

[2022-05-12 19:43:17 #19 type.registry] 
New type domain.Mugimendua

[2022-05-12 19:43:17 #20 type.registry] 
New type java.util.Vector<domain.Mugimendua>

[2022-05-12 19:43:17 #21 type] 
Type domain.Elkarrizketa is not enhanced.

[2022-05-12 19:43:17 #22 type.registry] 
New type domain.Mezua

[2022-05-12 19:43:17 #23 type.registry] 
New type java.util.Vector<domain.Mezua>

[2022-05-12 19:43:17 #24 type] 
Type domain.Jarraipena is not enhanced.

[2022-05-12 19:43:17 #25 type] 
Type domain.Mugimendua is not enhanced.

[2022-05-12 19:43:17 #26 type] 
Type domain.Mezua is not enhanced.

[2022-05-12 19:43:17 #27 type.registry] 
New type domain.Admin

[2022-05-12 19:43:17 #28 type] 
Type domain.Admin is not enhanced.

[2022-05-12 19:43:17 #29 type.registry] 
New type domain.Erabiltzailea

[2022-05-12 19:43:17 #30 type] 
Type domain.Erabiltzailea is not enhanced.

[2022-05-12 19:43:17 #31 type.registry] 
New type java.util.Vector<java.lang.Object>

------------------------------------------------------------------------------------------------------------------------

[2022-05-12 19:44:21 #1 store] 
Database 'C:\Users\ibaih\OneDrive\Documents\GitHub\Bets21\src\main\resources\bets.temp' is opened by 8808@DESKTOP-1QBPJUI

[2022-05-12 19:44:22 #2 type.registry] 
New type domain.Question

[2022-05-12 19:44:22 #3 type] 
Type domain.Question is not enhanced.

[2022-05-12 19:44:22 #4 type.registry] 
New type domain.ErantzunPosiblea

[2022-05-12 19:44:22 #5 type.registry] 
New type java.util.Vector<domain.ErantzunPosiblea>

[2022-05-12 19:44:22 #6 type.registry] 
New type domain.Event

[2022-05-12 19:44:22 #7 type] 
Type domain.ErantzunPosiblea is not enhanced.

[2022-05-12 19:44:22 #8 type.registry] 
New type domain.Apustua

[2022-05-12 19:44:22 #9 type.registry] 
New type java.util.Vector<domain.Apustua>

[2022-05-12 19:44:22 #10 type] 
Type domain.Event is not enhanced.

[2022-05-12 19:44:22 #11 type.registry] 
New type java.util.Vector<domain.Question>

[2022-05-12 19:44:22 #12 type] 
Type domain.Apustua is not enhanced.

[2022-05-12 19:44:22 #13 type.registry] 
New type domain.User

[2022-05-12 19:44:22 #14 type] 
Type domain.User is not enhanced.

[2022-05-12 19:44:22 #15 type.registry] 
New type domain.Elkarrizketa

[2022-05-12 19:44:22 #16 type.registry] 
New type java.util.Vector<domain.Elkarrizketa>

[2022-05-12 19:44:22 #17 type.registry] 
New type domain.Jarraipena

[2022-05-12 19:44:22 #18 type.registry] 
New type java.util.Vector<domain.Jarraipena>

[2022-05-12 19:44:22 #19 type.registry] 
New type domain.Mugimendua

[2022-05-12 19:44:22 #20 type.registry] 
New type java.util.Vector<domain.Mugimendua>

[2022-05-12 19:44:22 #21 type] 
Type domain.Elkarrizketa is not enhanced.

[2022-05-12 19:44:22 #22 type.registry] 
New type domain.Mezua

[2022-05-12 19:44:22 #23 type.registry] 
New type java.util.Vector<domain.Mezua>

[2022-05-12 19:44:22 #24 type] 
Type domain.Jarraipena is not enhanced.

[2022-05-12 19:44:22 #25 type] 
Type domain.Mugimendua is not enhanced.

[2022-05-12 19:44:22 #26 type] 
Type domain.Mezua is not enhanced.

[2022-05-12 19:44:22 #27 type.registry] 
New type domain.Admin

[2022-05-12 19:44:22 #28 type] 
Type domain.Admin is not enhanced.

[2022-05-12 19:44:22 #29 type.registry] 
New type domain.Erabiltzailea

[2022-05-12 19:44:22 #30 type] 
Type domain.Erabiltzailea is not enhanced.

[2022-05-12 19:44:22 #31 type.registry] 
New type java.util.Vector<java.lang.Object>

------------------------------------------------------------------------------------------------------------------------

[2022-05-12 19:47:00 #1 store] 
Database 'C:\Users\ibaih\OneDrive\Documents\GitHub\Bets21\src\main\resources\bets.temp' is opened by 14720@DESKTOP-1QBPJUI

[2022-05-12 19:47:00 #2 type.registry] 
New type domain.Question

[2022-05-12 19:47:00 #3 type] 
Type domain.Question is not enhanced.

[2022-05-12 19:47:00 #4 type.registry] 
New type domain.ErantzunPosiblea

[2022-05-12 19:47:00 #5 type.registry] 
New type java.util.Vector<domain.ErantzunPosiblea>

[2022-05-12 19:47:00 #6 type.registry] 
New type domain.Event

[2022-05-12 19:47:00 #7 type] 
Type domain.ErantzunPosiblea is not enhanced.

[2022-05-12 19:47:00 #8 type.registry] 
New type domain.Apustua

[2022-05-12 19:47:00 #9 type.registry] 
New type java.util.Vector<domain.Apustua>

[2022-05-12 19:47:00 #10 type] 
Type domain.Event is not enhanced.

[2022-05-12 19:47:00 #11 type.registry] 
New type java.util.Vector<domain.Question>

[2022-05-12 19:47:00 #12 type] 
Type domain.Apustua is not enhanced.

[2022-05-12 19:47:00 #13 type.registry] 
New type domain.User

[2022-05-12 19:47:00 #14 type] 
Type domain.User is not enhanced.

[2022-05-12 19:47:00 #15 type.registry] 
New type domain.Elkarrizketa

[2022-05-12 19:47:00 #16 type.registry] 
New type java.util.Vector<domain.Elkarrizketa>

[2022-05-12 19:47:00 #17 type.registry] 
New type domain.Jarraipena

[2022-05-12 19:47:00 #18 type.registry] 
New type java.util.Vector<domain.Jarraipena>

[2022-05-12 19:47:00 #19 type.registry] 
New type domain.Mugimendua

[2022-05-12 19:47:00 #20 type.registry] 
New type java.util.Vector<domain.Mugimendua>

[2022-05-12 19:47:00 #21 type] 
Type domain.Elkarrizketa is not enhanced.

[2022-05-12 19:47:00 #22 type.registry] 
New type domain.Mezua

[2022-05-12 19:47:00 #23 type.registry] 
New type java.util.Vector<domain.Mezua>

[2022-05-12 19:47:00 #24 type] 
Type domain.Jarraipena is not enhanced.

[2022-05-12 19:47:00 #25 type] 
Type domain.Mugimendua is not enhanced.

[2022-05-12 19:47:00 #26 type] 
Type domain.Mezua is not enhanced.

[2022-05-12 19:47:00 #27 type.registry] 
New type domain.Admin

[2022-05-12 19:47:00 #28 type] 
Type domain.Admin is not enhanced.

[2022-05-12 19:47:00 #29 type.registry] 
New type domain.Erabiltzailea

[2022-05-12 19:47:00 #30 type] 
Type domain.Erabiltzailea is not enhanced.

[2022-05-12 19:47:00 #31 type.registry] 
New type java.util.Vector<java.lang.Object>

------------------------------------------------------------------------------------------------------------------------

[2022-05-12 19:47:30 #1 store] 
Database 'C:\Users\ibaih\OneDrive\Documents\GitHub\Bets21\src\main\resources\bets.temp' is opened by 9972@DESKTOP-1QBPJUI

[2022-05-12 19:47:30 #2 type.registry] 
New type domain.Question

[2022-05-12 19:47:30 #3 type] 
Type domain.Question is not enhanced.

[2022-05-12 19:47:30 #4 type.registry] 
New type domain.ErantzunPosiblea

[2022-05-12 19:47:30 #5 type.registry] 
New type java.util.Vector<domain.ErantzunPosiblea>

[2022-05-12 19:47:30 #6 type.registry] 
New type domain.Event

[2022-05-12 19:47:30 #7 type] 
Type domain.ErantzunPosiblea is not enhanced.

[2022-05-12 19:47:30 #8 type.registry] 
New type domain.Apustua

[2022-05-12 19:47:30 #9 type.registry] 
New type java.util.Vector<domain.Apustua>

[2022-05-12 19:47:30 #10 type] 
Type domain.Event is not enhanced.

[2022-05-12 19:47:30 #11 type.registry] 
New type java.util.Vector<domain.Question>

[2022-05-12 19:47:30 #12 type] 
Type domain.Apustua is not enhanced.

[2022-05-12 19:47:30 #13 type.registry] 
New type domain.User

[2022-05-12 19:47:30 #14 type] 
Type domain.User is not enhanced.

[2022-05-12 19:47:30 #15 type.registry] 
New type domain.Elkarrizketa

[2022-05-12 19:47:30 #16 type.registry] 
New type java.util.Vector<domain.Elkarrizketa>

[2022-05-12 19:47:30 #17 type.registry] 
New type domain.Jarraipena

[2022-05-12 19:47:30 #18 type.registry] 
New type java.util.Vector<domain.Jarraipena>

[2022-05-12 19:47:30 #19 type.registry] 
New type domain.Mugimendua

[2022-05-12 19:47:30 #20 type.registry] 
New type java.util.Vector<domain.Mugimendua>

[2022-05-12 19:47:30 #21 type] 
Type domain.Elkarrizketa is not enhanced.

[2022-05-12 19:47:30 #22 type.registry] 
New type domain.Mezua

[2022-05-12 19:47:30 #23 type.registry] 
New type java.util.Vector<domain.Mezua>

[2022-05-12 19:47:30 #24 type] 
Type domain.Jarraipena is not enhanced.

[2022-05-12 19:47:30 #25 type] 
Type domain.Mugimendua is not enhanced.

[2022-05-12 19:47:30 #26 type] 
Type domain.Mezua is not enhanced.

[2022-05-12 19:47:30 #27 type.registry] 
New type domain.Admin

[2022-05-12 19:47:30 #28 type] 
Type domain.Admin is not enhanced.

[2022-05-12 19:47:30 #29 type.registry] 
New type domain.Erabiltzailea

[2022-05-12 19:47:30 #30 type] 
Type domain.Erabiltzailea is not enhanced.

[2022-05-12 19:47:30 #31 type.registry] 
New type java.util.Vector<java.lang.Object>

------------------------------------------------------------------------------------------------------------------------

[2022-05-12 19:51:59 #1 store] 
Database 'C:\Users\ibaih\OneDrive\Documents\GitHub\Bets21\src\main\resources\bets.temp' is opened by 17596@DESKTOP-1QBPJUI

[2022-05-12 19:51:59 #2 type.registry] 
New type domain.Question

[2022-05-12 19:51:59 #3 type] 
Type domain.Question is not enhanced.

[2022-05-12 19:51:59 #4 type.registry] 
New type domain.ErantzunPosiblea

[2022-05-12 19:51:59 #5 type.registry] 
New type java.util.Vector<domain.ErantzunPosiblea>

[2022-05-12 19:51:59 #6 type.registry] 
New type domain.Event

[2022-05-12 19:51:59 #7 type] 
Type domain.ErantzunPosiblea is not enhanced.

[2022-05-12 19:51:59 #8 type.registry] 
New type domain.Apustua

[2022-05-12 19:51:59 #9 type.registry] 
New type java.util.Vector<domain.Apustua>

[2022-05-12 19:51:59 #10 type] 
Type domain.Event is not enhanced.

[2022-05-12 19:51:59 #11 type.registry] 
New type java.util.Vector<domain.Question>

[2022-05-12 19:51:59 #12 type] 
Type domain.Apustua is not enhanced.

[2022-05-12 19:51:59 #13 type.registry] 
New type domain.User

[2022-05-12 19:51:59 #14 type] 
Type domain.User is not enhanced.

[2022-05-12 19:51:59 #15 type.registry] 
New type domain.Elkarrizketa

[2022-05-12 19:51:59 #16 type.registry] 
New type java.util.Vector<domain.Elkarrizketa>

[2022-05-12 19:51:59 #17 type.registry] 
New type domain.Jarraipena

[2022-05-12 19:51:59 #18 type.registry] 
New type java.util.Vector<domain.Jarraipena>

[2022-05-12 19:51:59 #19 type.registry] 
New type domain.Mugimendua

[2022-05-12 19:51:59 #20 type.registry] 
New type java.util.Vector<domain.Mugimendua>

[2022-05-12 19:51:59 #21 type] 
Type domain.Elkarrizketa is not enhanced.

[2022-05-12 19:51:59 #22 type.registry] 
New type domain.Mezua

[2022-05-12 19:51:59 #23 type.registry] 
New type java.util.Vector<domain.Mezua>

[2022-05-12 19:51:59 #24 type] 
Type domain.Jarraipena is not enhanced.

[2022-05-12 19:51:59 #25 type] 
Type domain.Mugimendua is not enhanced.

[2022-05-12 19:51:59 #26 type] 
Type domain.Mezua is not enhanced.

[2022-05-12 19:51:59 #27 type.registry] 
New type domain.Admin

[2022-05-12 19:51:59 #28 type] 
Type domain.Admin is not enhanced.

[2022-05-12 19:51:59 #29 type.registry] 
New type domain.Erabiltzailea

[2022-05-12 19:51:59 #30 type] 
Type domain.Erabiltzailea is not enhanced.

[2022-05-12 19:51:59 #31 type.registry] 
New type java.util.Vector<java.lang.Object>

------------------------------------------------------------------------------------------------------------------------

[2022-05-12 19:53:53 #1 store] 
Database 'C:\Users\ibaih\OneDrive\Documents\GitHub\Bets21\src\main\resources\bets.temp' is opened by 20060@DESKTOP-1QBPJUI

[2022-05-12 19:53:53 #2 type.registry] 
New type domain.Question

[2022-05-12 19:53:53 #3 type] 
Type domain.Question is not enhanced.

[2022-05-12 19:53:53 #4 type.registry] 
New type domain.ErantzunPosiblea

[2022-05-12 19:53:53 #5 type.registry] 
New type java.util.Vector<domain.ErantzunPosiblea>

[2022-05-12 19:53:53 #6 type.registry] 
New type domain.Event

[2022-05-12 19:53:53 #7 type] 
Type domain.ErantzunPosiblea is not enhanced.

[2022-05-12 19:53:53 #8 type.registry] 
New type domain.Apustua

[2022-05-12 19:53:53 #9 type.registry] 
New type java.util.Vector<domain.Apustua>

[2022-05-12 19:53:53 #10 type] 
Type domain.Event is not enhanced.

[2022-05-12 19:53:53 #11 type.registry] 
New type java.util.Vector<domain.Question>

[2022-05-12 19:53:53 #12 type] 
Type domain.Apustua is not enhanced.

[2022-05-12 19:53:53 #13 type.registry] 
New type domain.User

[2022-05-12 19:53:53 #14 type] 
Type domain.User is not enhanced.

[2022-05-12 19:53:53 #15 type.registry] 
New type domain.Elkarrizketa

[2022-05-12 19:53:53 #16 type.registry] 
New type java.util.Vector<domain.Elkarrizketa>

[2022-05-12 19:53:53 #17 type.registry] 
New type domain.Jarraipena

[2022-05-12 19:53:53 #18 type.registry] 
New type java.util.Vector<domain.Jarraipena>

[2022-05-12 19:53:53 #19 type.registry] 
New type domain.Mugimendua

[2022-05-12 19:53:53 #20 type.registry] 
New type java.util.Vector<domain.Mugimendua>

[2022-05-12 19:53:53 #21 type] 
Type domain.Elkarrizketa is not enhanced.

[2022-05-12 19:53:53 #22 type.registry] 
New type domain.Mezua

[2022-05-12 19:53:53 #23 type.registry] 
New type java.util.Vector<domain.Mezua>

[2022-05-12 19:53:53 #24 type] 
Type domain.Jarraipena is not enhanced.

[2022-05-12 19:53:53 #25 type] 
Type domain.Mugimendua is not enhanced.

[2022-05-12 19:53:53 #26 type] 
Type domain.Mezua is not enhanced.

[2022-05-12 19:53:53 #27 type.registry] 
New type domain.Admin

[2022-05-12 19:53:53 #28 type] 
Type domain.Admin is not enhanced.

[2022-05-12 19:53:53 #29 type.registry] 
New type domain.Erabiltzailea

[2022-05-12 19:53:53 #30 type] 
Type domain.Erabiltzailea is not enhanced.

[2022-05-12 19:53:53 #31 type.registry] 
New type java.util.Vector<java.lang.Object>

------------------------------------------------------------------------------------------------------------------------

[2022-05-12 19:55:37 #1 store] 
Database 'C:\Users\ibaih\OneDrive\Documents\GitHub\Bets21\src\main\resources\bets.temp' is opened by 17720@DESKTOP-1QBPJUI

[2022-05-12 19:55:37 #2 type.registry] 
New type domain.Question

[2022-05-12 19:55:37 #3 type] 
Type domain.Question is not enhanced.

[2022-05-12 19:55:37 #4 type.registry] 
New type domain.ErantzunPosiblea

[2022-05-12 19:55:37 #5 type.registry] 
New type java.util.Vector<domain.ErantzunPosiblea>

[2022-05-12 19:55:37 #6 type.registry] 
New type domain.Event

[2022-05-12 19:55:37 #7 type] 
Type domain.ErantzunPosiblea is not enhanced.

[2022-05-12 19:55:37 #8 type.registry] 
New type domain.Apustua

[2022-05-12 19:55:37 #9 type.registry] 
New type java.util.Vector<domain.Apustua>

[2022-05-12 19:55:37 #10 type] 
Type domain.Event is not enhanced.

[2022-05-12 19:55:37 #11 type.registry] 
New type java.util.Vector<domain.Question>

[2022-05-12 19:55:37 #12 type] 
Type domain.Apustua is not enhanced.

[2022-05-12 19:55:37 #13 type.registry] 
New type domain.User

[2022-05-12 19:55:37 #14 type] 
Type domain.User is not enhanced.

[2022-05-12 19:55:37 #15 type.registry] 
New type domain.Elkarrizketa

[2022-05-12 19:55:37 #16 type.registry] 
New type java.util.Vector<domain.Elkarrizketa>

[2022-05-12 19:55:37 #17 type.registry] 
New type domain.Jarraipena

[2022-05-12 19:55:37 #18 type.registry] 
New type java.util.Vector<domain.Jarraipena>

[2022-05-12 19:55:37 #19 type.registry] 
New type domain.Mugimendua

[2022-05-12 19:55:37 #20 type.registry] 
New type java.util.Vector<domain.Mugimendua>

[2022-05-12 19:55:37 #21 type] 
Type domain.Elkarrizketa is not enhanced.

[2022-05-12 19:55:37 #22 type.registry] 
New type domain.Mezua

[2022-05-12 19:55:37 #23 type.registry] 
New type java.util.Vector<domain.Mezua>

[2022-05-12 19:55:37 #24 type] 
Type domain.Jarraipena is not enhanced.

[2022-05-12 19:55:37 #25 type] 
Type domain.Mugimendua is not enhanced.

[2022-05-12 19:55:37 #26 type] 
Type domain.Mezua is not enhanced.

[2022-05-12 19:55:37 #27 type.registry] 
New type domain.Admin

[2022-05-12 19:55:37 #28 type] 
Type domain.Admin is not enhanced.

[2022-05-12 19:55:37 #29 type.registry] 
New type domain.Erabiltzailea

[2022-05-12 19:55:37 #30 type] 
Type domain.Erabiltzailea is not enhanced.

[2022-05-12 19:55:37 #31 type.registry] 
New type java.util.Vector<java.lang.Object>

------------------------------------------------------------------------------------------------------------------------

[2022-05-12 20:00:48 #1 store] 
Database 'C:\Users\ibaih\OneDrive\Documents\GitHub\Bets21\src\main\resources\bets.temp' is opened by 18892@DESKTOP-1QBPJUI

[2022-05-12 20:00:48 #2 type.registry] 
New type domain.Question

[2022-05-12 20:00:48 #3 type] 
Type domain.Question is not enhanced.

[2022-05-12 20:00:48 #4 type.registry] 
New type domain.ErantzunPosiblea

[2022-05-12 20:00:48 #5 type.registry] 
New type java.util.Vector<domain.ErantzunPosiblea>

[2022-05-12 20:00:48 #6 type.registry] 
New type domain.Event

[2022-05-12 20:00:48 #7 type] 
Type domain.ErantzunPosiblea is not enhanced.

[2022-05-12 20:00:48 #8 type.registry] 
New type domain.Apustua

[2022-05-12 20:00:48 #9 type.registry] 
New type java.util.Vector<domain.Apustua>

[2022-05-12 20:00:48 #10 type] 
Type domain.Event is not enhanced.

[2022-05-12 20:00:48 #11 type.registry] 
New type java.util.Vector<domain.Question>

[2022-05-12 20:00:48 #12 type] 
Type domain.Apustua is not enhanced.

[2022-05-12 20:00:48 #13 type.registry] 
New type domain.User

[2022-05-12 20:00:48 #14 type] 
Type domain.User is not enhanced.

[2022-05-12 20:00:48 #15 type.registry] 
New type domain.Elkarrizketa

[2022-05-12 20:00:48 #16 type.registry] 
New type java.util.Vector<domain.Elkarrizketa>

[2022-05-12 20:00:48 #17 type.registry] 
New type domain.Jarraipena

[2022-05-12 20:00:48 #18 type.registry] 
New type java.util.Vector<domain.Jarraipena>

[2022-05-12 20:00:48 #19 type.registry] 
New type domain.Mugimendua

[2022-05-12 20:00:48 #20 type.registry] 
New type java.util.Vector<domain.Mugimendua>

[2022-05-12 20:00:48 #21 type] 
Type domain.Elkarrizketa is not enhanced.

[2022-05-12 20:00:48 #22 type.registry] 
New type domain.Mezua

[2022-05-12 20:00:48 #23 type.registry] 
New type java.util.Vector<domain.Mezua>

[2022-05-12 20:00:48 #24 type] 
Type domain.Jarraipena is not enhanced.

[2022-05-12 20:00:48 #25 type] 
Type domain.Mugimendua is not enhanced.

[2022-05-12 20:00:48 #26 type] 
Type domain.Mezua is not enhanced.

[2022-05-12 20:00:48 #27 type.registry] 
New type domain.Admin

[2022-05-12 20:00:48 #28 type] 
Type domain.Admin is not enhanced.

[2022-05-12 20:00:48 #29 type.registry] 
New type domain.Erabiltzailea

[2022-05-12 20:00:48 #30 type] 
Type domain.Erabiltzailea is not enhanced.

[2022-05-12 20:00:48 #31 type.registry] 
New type java.util.Vector<java.lang.Object>

------------------------------------------------------------------------------------------------------------------------

[2022-05-12 20:02:19 #1 store] 
Database 'C:\Users\ibaih\OneDrive\Documents\GitHub\Bets21\src\main\resources\bets.temp' is opened by 3032@DESKTOP-1QBPJUI

[2022-05-12 20:02:19 #2 type.registry] 
New type domain.Question

[2022-05-12 20:02:19 #3 type] 
Type domain.Question is not enhanced.

[2022-05-12 20:02:19 #4 type.registry] 
New type domain.ErantzunPosiblea

[2022-05-12 20:02:19 #5 type.registry] 
New type java.util.Vector<domain.ErantzunPosiblea>

[2022-05-12 20:02:19 #6 type.registry] 
New type domain.Event

[2022-05-12 20:02:19 #7 type] 
Type domain.ErantzunPosiblea is not enhanced.

[2022-05-12 20:02:19 #8 type.registry] 
New type domain.Apustua

[2022-05-12 20:02:19 #9 type.registry] 
New type java.util.Vector<domain.Apustua>

[2022-05-12 20:02:19 #10 type] 
Type domain.Event is not enhanced.

[2022-05-12 20:02:19 #11 type.registry] 
New type java.util.Vector<domain.Question>

[2022-05-12 20:02:19 #12 type] 
Type domain.Apustua is not enhanced.

[2022-05-12 20:02:19 #13 type.registry] 
New type domain.User

[2022-05-12 20:02:19 #14 type] 
Type domain.User is not enhanced.

[2022-05-12 20:02:19 #15 type.registry] 
New type domain.Elkarrizketa

[2022-05-12 20:02:19 #16 type.registry] 
New type java.util.Vector<domain.Elkarrizketa>

[2022-05-12 20:02:19 #17 type.registry] 
New type domain.Jarraipena

[2022-05-12 20:02:19 #18 type.registry] 
New type java.util.Vector<domain.Jarraipena>

[2022-05-12 20:02:19 #19 type.registry] 
New type domain.Mugimendua

[2022-05-12 20:02:19 #20 type.registry] 
New type java.util.Vector<domain.Mugimendua>

[2022-05-12 20:02:19 #21 type] 
Type domain.Elkarrizketa is not enhanced.

[2022-05-12 20:02:19 #22 type.registry] 
New type domain.Mezua

[2022-05-12 20:02:19 #23 type.registry] 
New type java.util.Vector<domain.Mezua>

[2022-05-12 20:02:19 #24 type] 
Type domain.Jarraipena is not enhanced.

[2022-05-12 20:02:19 #25 type] 
Type domain.Mugimendua is not enhanced.

[2022-05-12 20:02:19 #26 type] 
Type domain.Mezua is not enhanced.

[2022-05-12 20:02:19 #27 type.registry] 
New type domain.Admin

[2022-05-12 20:02:19 #28 type] 
Type domain.Admin is not enhanced.

[2022-05-12 20:02:19 #29 type.registry] 
New type domain.Erabiltzailea

[2022-05-12 20:02:19 #30 type] 
Type domain.Erabiltzailea is not enhanced.

[2022-05-12 20:02:19 #31 type.registry] 
New type java.util.Vector<java.lang.Object>

------------------------------------------------------------------------------------------------------------------------

[2022-05-12 20:06:47 #1 store] 
Database 'C:\Users\ibaih\OneDrive\Documents\GitHub\Bets21\src\main\resources\bets.temp' is opened by 6424@DESKTOP-1QBPJUI

[2022-05-12 20:06:47 #2 type.registry] 
New type domain.Question

[2022-05-12 20:06:47 #3 type] 
Type domain.Question is not enhanced.

[2022-05-12 20:06:47 #4 type.registry] 
New type domain.ErantzunPosiblea

[2022-05-12 20:06:47 #5 type.registry] 
New type java.util.Vector<domain.ErantzunPosiblea>

[2022-05-12 20:06:47 #6 type.registry] 
New type domain.Event

[2022-05-12 20:06:47 #7 type] 
Type domain.ErantzunPosiblea is not enhanced.

[2022-05-12 20:06:47 #8 type.registry] 
New type domain.Apustua

[2022-05-12 20:06:47 #9 type.registry] 
New type java.util.Vector<domain.Apustua>

[2022-05-12 20:06:47 #10 type] 
Type domain.Event is not enhanced.

[2022-05-12 20:06:47 #11 type.registry] 
New type java.util.Vector<domain.Question>

[2022-05-12 20:06:47 #12 type] 
Type domain.Apustua is not enhanced.

[2022-05-12 20:06:47 #13 type.registry] 
New type domain.User

[2022-05-12 20:06:47 #14 type] 
Type domain.User is not enhanced.

[2022-05-12 20:06:47 #15 type.registry] 
New type domain.Elkarrizketa

[2022-05-12 20:06:47 #16 type.registry] 
New type java.util.Vector<domain.Elkarrizketa>

[2022-05-12 20:06:47 #17 type.registry] 
New type domain.Jarraipena

[2022-05-12 20:06:47 #18 type.registry] 
New type java.util.Vector<domain.Jarraipena>

[2022-05-12 20:06:47 #19 type.registry] 
New type domain.Mugimendua

[2022-05-12 20:06:47 #20 type.registry] 
New type java.util.Vector<domain.Mugimendua>

[2022-05-12 20:06:47 #21 type] 
Type domain.Elkarrizketa is not enhanced.

[2022-05-12 20:06:47 #22 type.registry] 
New type domain.Mezua

[2022-05-12 20:06:47 #23 type.registry] 
New type java.util.Vector<domain.Mezua>

[2022-05-12 20:06:47 #24 type] 
Type domain.Jarraipena is not enhanced.

[2022-05-12 20:06:47 #25 type] 
Type domain.Mugimendua is not enhanced.

[2022-05-12 20:06:47 #26 type] 
Type domain.Mezua is not enhanced.

[2022-05-12 20:06:47 #27 type.registry] 
New type domain.Admin

[2022-05-12 20:06:47 #28 type] 
Type domain.Admin is not enhanced.

[2022-05-12 20:06:47 #29 type.registry] 
New type domain.Erabiltzailea

[2022-05-12 20:06:47 #30 type] 
Type domain.Erabiltzailea is not enhanced.

[2022-05-12 20:06:48 #31 type.registry] 
New type java.util.Vector<java.lang.Object>

------------------------------------------------------------------------------------------------------------------------

[2022-05-12 20:11:45 #1 store] 
Database 'C:\Users\ibaih\OneDrive\Documents\GitHub\Bets21\src\main\resources\bets.temp' is opened by 16536@DESKTOP-1QBPJUI

[2022-05-12 20:11:46 #2 type.registry] 
New type domain.Question

[2022-05-12 20:11:46 #3 type] 
Type domain.Question is not enhanced.

[2022-05-12 20:11:46 #4 type.registry] 
New type domain.ErantzunPosiblea

[2022-05-12 20:11:46 #5 type.registry] 
New type java.util.Vector<domain.ErantzunPosiblea>

[2022-05-12 20:11:46 #6 type.registry] 
New type domain.Event

[2022-05-12 20:11:46 #7 type] 
Type domain.ErantzunPosiblea is not enhanced.

[2022-05-12 20:11:46 #8 type.registry] 
New type domain.Apustua

[2022-05-12 20:11:46 #9 type.registry] 
New type java.util.Vector<domain.Apustua>

[2022-05-12 20:11:46 #10 type] 
Type domain.Event is not enhanced.

[2022-05-12 20:11:46 #11 type.registry] 
New type java.util.Vector<domain.Question>

[2022-05-12 20:11:46 #12 type] 
Type domain.Apustua is not enhanced.

[2022-05-12 20:11:46 #13 type.registry] 
New type domain.User

[2022-05-12 20:11:46 #14 type] 
Type domain.User is not enhanced.

[2022-05-12 20:11:46 #15 type.registry] 
New type domain.Elkarrizketa

[2022-05-12 20:11:46 #16 type.registry] 
New type java.util.Vector<domain.Elkarrizketa>

[2022-05-12 20:11:46 #17 type.registry] 
New type domain.Jarraipena

[2022-05-12 20:11:46 #18 type.registry] 
New type java.util.Vector<domain.Jarraipena>

[2022-05-12 20:11:46 #19 type.registry] 
New type domain.Mugimendua

[2022-05-12 20:11:46 #20 type.registry] 
New type java.util.Vector<domain.Mugimendua>

[2022-05-12 20:11:46 #21 type] 
Type domain.Elkarrizketa is not enhanced.

[2022-05-12 20:11:46 #22 type.registry] 
New type domain.Mezua

[2022-05-12 20:11:46 #23 type.registry] 
New type java.util.Vector<domain.Mezua>

[2022-05-12 20:11:46 #24 type] 
Type domain.Jarraipena is not enhanced.

[2022-05-12 20:11:46 #25 type] 
Type domain.Mugimendua is not enhanced.

[2022-05-12 20:11:46 #26 type] 
Type domain.Mezua is not enhanced.

[2022-05-12 20:11:46 #27 type.registry] 
New type domain.Admin

[2022-05-12 20:11:46 #28 type] 
Type domain.Admin is not enhanced.

[2022-05-12 20:11:46 #29 type.registry] 
New type domain.Erabiltzailea

[2022-05-12 20:11:46 #30 type] 
Type domain.Erabiltzailea is not enhanced.

[2022-05-12 20:11:46 #31 type.registry] 
New type java.util.Vector<java.lang.Object>

------------------------------------------------------------------------------------------------------------------------

[2022-05-12 20:16:34 #1 store] 
Database 'C:\Users\ibaih\OneDrive\Documents\GitHub\Bets21\src\main\resources\bets.temp' is opened by 20320@DESKTOP-1QBPJUI

[2022-05-12 20:16:35 #2 type.registry] 
New type domain.Question

[2022-05-12 20:16:35 #3 type] 
Type domain.Question is not enhanced.

[2022-05-12 20:16:35 #4 type.registry] 
New type domain.ErantzunPosiblea

[2022-05-12 20:16:35 #5 type.registry] 
New type java.util.Vector<domain.ErantzunPosiblea>

[2022-05-12 20:16:35 #6 type.registry] 
New type domain.Event

[2022-05-12 20:16:35 #7 type] 
Type domain.ErantzunPosiblea is not enhanced.

[2022-05-12 20:16:35 #8 type.registry] 
New type domain.Apustua

[2022-05-12 20:16:35 #9 type.registry] 
New type java.util.Vector<domain.Apustua>

[2022-05-12 20:16:35 #10 type] 
Type domain.Event is not enhanced.

[2022-05-12 20:16:35 #11 type.registry] 
New type java.util.Vector<domain.Question>

[2022-05-12 20:16:35 #12 type] 
Type domain.Apustua is not enhanced.

[2022-05-12 20:16:35 #13 type.registry] 
New type domain.User

[2022-05-12 20:16:35 #14 type] 
Type domain.User is not enhanced.

[2022-05-12 20:16:35 #15 type.registry] 
New type domain.Elkarrizketa

[2022-05-12 20:16:35 #16 type.registry] 
New type java.util.Vector<domain.Elkarrizketa>

[2022-05-12 20:16:35 #17 type.registry] 
New type domain.Jarraipena

[2022-05-12 20:16:35 #18 type.registry] 
New type java.util.Vector<domain.Jarraipena>

[2022-05-12 20:16:35 #19 type.registry] 
New type domain.Mugimendua

[2022-05-12 20:16:35 #20 type.registry] 
New type java.util.Vector<domain.Mugimendua>

[2022-05-12 20:16:35 #21 type] 
Type domain.Elkarrizketa is not enhanced.

[2022-05-12 20:16:35 #22 type.registry] 
New type domain.Mezua

[2022-05-12 20:16:35 #23 type.registry] 
New type java.util.Vector<domain.Mezua>

[2022-05-12 20:16:35 #24 type] 
Type domain.Jarraipena is not enhanced.

[2022-05-12 20:16:35 #25 type] 
Type domain.Mugimendua is not enhanced.

[2022-05-12 20:16:35 #26 type] 
Type domain.Mezua is not enhanced.

[2022-05-12 20:16:35 #27 type.registry] 
New type domain.Admin

[2022-05-12 20:16:35 #28 type] 
Type domain.Admin is not enhanced.

[2022-05-12 20:16:35 #29 type.registry] 
New type domain.Erabiltzailea

[2022-05-12 20:16:35 #30 type] 
Type domain.Erabiltzailea is not enhanced.

[2022-05-12 20:16:35 #31 type.registry] 
New type java.util.Vector<java.lang.Object>

------------------------------------------------------------------------------------------------------------------------

[2022-05-12 20:18:52 #1 store] 
Database 'C:\Users\ibaih\OneDrive\Documents\GitHub\Bets21\src\main\resources\bets.temp' is opened by 4280@DESKTOP-1QBPJUI

[2022-05-12 20:18:52 #2 type.registry] 
New type domain.Question

[2022-05-12 20:18:52 #3 type] 
Type domain.Question is not enhanced.

[2022-05-12 20:18:52 #4 type.registry] 
New type domain.ErantzunPosiblea

[2022-05-12 20:18:52 #5 type.registry] 
New type java.util.Vector<domain.ErantzunPosiblea>

[2022-05-12 20:18:52 #6 type.registry] 
New type domain.Event

[2022-05-12 20:18:52 #7 type] 
Type domain.ErantzunPosiblea is not enhanced.

[2022-05-12 20:18:52 #8 type.registry] 
New type domain.Apustua

[2022-05-12 20:18:52 #9 type.registry] 
New type java.util.Vector<domain.Apustua>

[2022-05-12 20:18:52 #10 type] 
Type domain.Event is not enhanced.

[2022-05-12 20:18:52 #11 type.registry] 
New type java.util.Vector<domain.Question>

[2022-05-12 20:18:52 #12 type] 
Type domain.Apustua is not enhanced.

[2022-05-12 20:18:52 #13 type.registry] 
New type domain.User

[2022-05-12 20:18:52 #14 type] 
Type domain.User is not enhanced.

[2022-05-12 20:18:52 #15 type.registry] 
New type domain.Elkarrizketa

[2022-05-12 20:18:52 #16 type.registry] 
New type java.util.Vector<domain.Elkarrizketa>

[2022-05-12 20:18:52 #17 type.registry] 
New type domain.Jarraipena

[2022-05-12 20:18:52 #18 type.registry] 
New type java.util.Vector<domain.Jarraipena>

[2022-05-12 20:18:52 #19 type.registry] 
New type domain.Mugimendua

[2022-05-12 20:18:52 #20 type.registry] 
New type java.util.Vector<domain.Mugimendua>

[2022-05-12 20:18:52 #21 type] 
Type domain.Elkarrizketa is not enhanced.

[2022-05-12 20:18:52 #22 type.registry] 
New type domain.Mezua

[2022-05-12 20:18:52 #23 type.registry] 
New type java.util.Vector<domain.Mezua>

[2022-05-12 20:18:52 #24 type] 
Type domain.Jarraipena is not enhanced.

[2022-05-12 20:18:52 #25 type] 
Type domain.Mugimendua is not enhanced.

[2022-05-12 20:18:52 #26 type] 
Type domain.Mezua is not enhanced.

[2022-05-12 20:18:52 #27 type.registry] 
New type domain.Admin

[2022-05-12 20:18:52 #28 type] 
Type domain.Admin is not enhanced.

[2022-05-12 20:18:52 #29 type.registry] 
New type domain.Erabiltzailea

[2022-05-12 20:18:52 #30 type] 
Type domain.Erabiltzailea is not enhanced.

[2022-05-12 20:18:52 #31 type.registry] 
New type java.util.Vector<java.lang.Object>

------------------------------------------------------------------------------------------------------------------------

[2022-05-12 20:33:58 #1 store] 
Database 'C:\Users\ibaih\OneDrive\Documents\GitHub\Bets21\src\main\resources\bets.temp' is opened by 16492@DESKTOP-1QBPJUI

[2022-05-12 20:33:59 #2 type.registry] 
New type domain.Question

[2022-05-12 20:33:59 #3 type] 
Type domain.Question is not enhanced.

[2022-05-12 20:33:59 #4 type.registry] 
New type domain.ErantzunPosiblea

[2022-05-12 20:33:59 #5 type.registry] 
New type java.util.Vector<domain.ErantzunPosiblea>

[2022-05-12 20:33:59 #6 type.registry] 
New type domain.Event

[2022-05-12 20:33:59 #7 type] 
Type domain.ErantzunPosiblea is not enhanced.

[2022-05-12 20:33:59 #8 type.registry] 
New type domain.Apustua

[2022-05-12 20:33:59 #9 type.registry] 
New type java.util.Vector<domain.Apustua>

[2022-05-12 20:33:59 #10 type] 
Type domain.Event is not enhanced.

[2022-05-12 20:33:59 #11 type.registry] 
New type java.util.Vector<domain.Question>

[2022-05-12 20:33:59 #12 type] 
Type domain.Apustua is not enhanced.

[2022-05-12 20:33:59 #13 type.registry] 
New type domain.User

[2022-05-12 20:33:59 #14 type] 
Type domain.User is not enhanced.

[2022-05-12 20:33:59 #15 type.registry] 
New type domain.Elkarrizketa

[2022-05-12 20:33:59 #16 type.registry] 
New type java.util.Vector<domain.Elkarrizketa>

[2022-05-12 20:33:59 #17 type.registry] 
New type domain.Jarraipena

[2022-05-12 20:33:59 #18 type.registry] 
New type java.util.Vector<domain.Jarraipena>

[2022-05-12 20:33:59 #19 type.registry] 
New type domain.Mugimendua

[2022-05-12 20:33:59 #20 type.registry] 
New type java.util.Vector<domain.Mugimendua>

[2022-05-12 20:33:59 #21 type] 
Type domain.Elkarrizketa is not enhanced.

[2022-05-12 20:33:59 #22 type.registry] 
New type domain.Mezua

[2022-05-12 20:33:59 #23 type.registry] 
New type java.util.Vector<domain.Mezua>

[2022-05-12 20:33:59 #24 type] 
Type domain.Jarraipena is not enhanced.

[2022-05-12 20:33:59 #25 type] 
Type domain.Mugimendua is not enhanced.

[2022-05-12 20:33:59 #26 type] 
Type domain.Mezua is not enhanced.

[2022-05-12 20:33:59 #27 type.registry] 
New type domain.Admin

[2022-05-12 20:33:59 #28 type] 
Type domain.Admin is not enhanced.

[2022-05-12 20:33:59 #29 type.registry] 
New type domain.Erabiltzailea

[2022-05-12 20:33:59 #30 type] 
Type domain.Erabiltzailea is not enhanced.

[2022-05-12 20:33:59 #31 type.registry] 
New type java.util.Vector<java.lang.Object>

