------------------------------------------------------------------------------------------------------------------------

[2022-03-06 17:57:22 #1 store] 
Database 'C:\Users\emman\OneDrive\Documents\GitHub\Bets21\src\main\resources\bets.temp' is opened by 16208@LAPTOP-TF23AETS

[2022-03-06 17:57:22 #2 type.registry] 
New type domain.Question

[2022-03-06 17:57:22 #3 type] 
Type domain.Question is not enhanced.

[2022-03-06 17:57:22 #4 type.registry] 
New type domain.Event

[2022-03-06 17:57:22 #5 type] 
Type domain.Event is not enhanced.

[2022-03-06 17:57:22 #6 type.registry] 
New type java.util.Vector<domain.Question>

[2022-03-06 17:57:22 #7 type.registry] 
New type domain.User

[2022-03-06 17:57:22 #8 type.registry] 
New type domain.Erabiltzailea

[2022-03-06 17:57:22 #9 type] 
Type domain.User is not enhanced.

[2022-03-06 17:57:22 #10 type] 
Type domain.Erabiltzailea is not enhanced.

[2022-03-06 17:57:22 #11 type.registry] 
New type java.util.Vector<java.lang.Object>

------------------------------------------------------------------------------------------------------------------------

[2022-03-06 18:21:53 #1 store] 
Database 'C:\Users\emman\OneDrive\Documents\GitHub\Bets21\src\main\resources\bets.temp' is opened by 27960@LAPTOP-TF23AETS

[2022-03-06 18:21:53 #2 type.registry] 
New type domain.Question

[2022-03-06 18:21:53 #3 type] 
Type domain.Question is not enhanced.

[2022-03-06 18:21:53 #4 type.registry] 
New type domain.Event

[2022-03-06 18:21:53 #5 type] 
Type domain.Event is not enhanced.

[2022-03-06 18:21:53 #6 type.registry] 
New type java.util.Vector<domain.Question>

[2022-03-06 18:21:53 #7 type.registry] 
New type domain.User

[2022-03-06 18:21:53 #8 type.registry] 
New type domain.Admin

[2022-03-06 18:21:53 #9 type] 
Type domain.User is not enhanced.

[2022-03-06 18:21:53 #10 type] 
Type domain.Admin is not enhanced.

[2022-03-06 18:21:53 #11 type.registry] 
New type domain.Erabiltzailea

[2022-03-06 18:21:53 #12 type] 
Type domain.Erabiltzailea is not enhanced.

[2022-03-06 18:21:53 #13 type.registry] 
New type java.util.Vector<java.lang.Object>

------------------------------------------------------------------------------------------------------------------------

[2022-03-06 18:35:19 #1 store] 
Database 'C:\Users\emman\OneDrive\Documents\GitHub\Bets21\src\main\resources\bets.temp' is opened by 29048@LAPTOP-TF23AETS

[2022-03-06 18:35:19 #2 type.registry] 
New type domain.Question

[2022-03-06 18:35:19 #3 type] 
Type domain.Question is not enhanced.

[2022-03-06 18:35:19 #4 type.registry] 
New type domain.Event

[2022-03-06 18:35:19 #5 type] 
Type domain.Event is not enhanced.

[2022-03-06 18:35:19 #6 type.registry] 
New type java.util.Vector<domain.Question>

[2022-03-06 18:35:19 #7 type.registry] 
New type domain.User

[2022-03-06 18:35:19 #8 type.registry] 
New type domain.Admin

[2022-03-06 18:35:19 #9 type] 
Type domain.User is not enhanced.

[2022-03-06 18:35:19 #10 type] 
Type domain.Admin is not enhanced.

[2022-03-06 18:35:19 #11 type.registry] 
New type domain.Erabiltzailea

[2022-03-06 18:35:19 #12 type] 
Type domain.Erabiltzailea is not enhanced.

[2022-03-06 18:35:19 #13 type.registry] 
New type java.util.Vector<java.lang.Object>

------------------------------------------------------------------------------------------------------------------------

[2022-03-06 18:51:18 #1 store] 
Database 'C:\Users\emman\OneDrive\Documents\GitHub\Bets21\src\main\resources\bets.temp' is opened by 28816@LAPTOP-TF23AETS

[2022-03-06 18:51:18 #2 type.registry] 
New type domain.Question

[2022-03-06 18:51:18 #3 type] 
Type domain.Question is not enhanced.

[2022-03-06 18:51:18 #4 type.registry] 
New type domain.Event

[2022-03-06 18:51:18 #5 type] 
Type domain.Event is not enhanced.

[2022-03-06 18:51:18 #6 type.registry] 
New type java.util.Vector<domain.Question>

[2022-03-06 18:51:18 #7 type.registry] 
New type domain.User

[2022-03-06 18:51:18 #8 type.registry] 
New type domain.Admin

[2022-03-06 18:51:18 #9 type] 
Type domain.User is not enhanced.

[2022-03-06 18:51:18 #10 type] 
Type domain.Admin is not enhanced.

[2022-03-06 18:51:18 #11 type.registry] 
New type domain.Erabiltzailea

[2022-03-06 18:51:18 #12 type] 
Type domain.Erabiltzailea is not enhanced.

[2022-03-06 18:51:18 #13 type.registry] 
New type java.util.Vector<java.lang.Object>

------------------------------------------------------------------------------------------------------------------------

[2022-03-06 19:02:06 #1 store] 
Database 'C:\Users\emman\OneDrive\Documents\GitHub\Bets21\src\main\resources\bets.temp' is opened by 25616@LAPTOP-TF23AETS

[2022-03-06 19:02:07 #2 type.registry] 
New type domain.Question

[2022-03-06 19:02:07 #3 type] 
Type domain.Question is not enhanced.

[2022-03-06 19:02:07 #4 type.registry] 
New type domain.Event

[2022-03-06 19:02:07 #5 type] 
Type domain.Event is not enhanced.

[2022-03-06 19:02:07 #6 type.registry] 
New type java.util.Vector<domain.Question>

[2022-03-06 19:02:07 #7 type.registry] 
New type domain.User

[2022-03-06 19:02:07 #8 type.registry] 
New type domain.Admin

[2022-03-06 19:02:07 #9 type] 
Type domain.User is not enhanced.

[2022-03-06 19:02:07 #10 type] 
Type domain.Admin is not enhanced.

[2022-03-06 19:02:07 #11 type.registry] 
New type domain.Erabiltzailea

[2022-03-06 19:02:07 #12 type] 
Type domain.Erabiltzailea is not enhanced.

[2022-03-06 19:02:07 #13 type.registry] 
New type java.util.Vector<java.lang.Object>

------------------------------------------------------------------------------------------------------------------------

[2022-03-06 19:10:29 #1 store] 
Database 'C:\Users\emman\OneDrive\Documents\GitHub\Bets21\src\main\resources\bets.temp' is opened by 25008@LAPTOP-TF23AETS

[2022-03-06 19:10:29 #2 type.registry] 
New type domain.Question

[2022-03-06 19:10:29 #3 type] 
Type domain.Question is not enhanced.

[2022-03-06 19:10:29 #4 type.registry] 
New type domain.Event

[2022-03-06 19:10:29 #5 type] 
Type domain.Event is not enhanced.

[2022-03-06 19:10:29 #6 type.registry] 
New type java.util.Vector<domain.Question>

[2022-03-06 19:10:29 #7 type.registry] 
New type domain.User

[2022-03-06 19:10:29 #8 type.registry] 
New type domain.Admin

[2022-03-06 19:10:29 #9 type] 
Type domain.User is not enhanced.

[2022-03-06 19:10:29 #10 type] 
Type domain.Admin is not enhanced.

[2022-03-06 19:10:29 #11 type.registry] 
New type domain.Erabiltzailea

[2022-03-06 19:10:29 #12 type] 
Type domain.Erabiltzailea is not enhanced.

[2022-03-06 19:10:29 #13 type.registry] 
New type java.util.Vector<java.lang.Object>

------------------------------------------------------------------------------------------------------------------------

[2022-03-06 19:19:39 #1 store] 
Database 'C:\Users\emman\OneDrive\Documents\GitHub\Bets21\src\main\resources\bets.temp' is opened by 25948@LAPTOP-TF23AETS

[2022-03-06 19:19:39 #2 type.registry] 
New type domain.Question

[2022-03-06 19:19:39 #3 type] 
Type domain.Question is not enhanced.

[2022-03-06 19:19:39 #4 type.registry] 
New type domain.Event

[2022-03-06 19:19:39 #5 type] 
Type domain.Event is not enhanced.

[2022-03-06 19:19:39 #6 type.registry] 
New type java.util.Vector<domain.Question>

[2022-03-06 19:19:39 #7 type.registry] 
New type domain.User

[2022-03-06 19:19:39 #8 type.registry] 
New type domain.Admin

[2022-03-06 19:19:39 #9 type] 
Type domain.User is not enhanced.

[2022-03-06 19:19:39 #10 type] 
Type domain.Admin is not enhanced.

[2022-03-06 19:19:39 #11 type.registry] 
New type domain.Erabiltzailea

[2022-03-06 19:19:39 #12 type] 
Type domain.Erabiltzailea is not enhanced.

[2022-03-06 19:19:39 #13 type.registry] 
New type java.util.Vector<java.lang.Object>

------------------------------------------------------------------------------------------------------------------------

[2022-03-06 19:21:31 #1 store] 
Database 'C:\Users\emman\OneDrive\Documents\GitHub\Bets21\src\main\resources\bets.temp' is opened by 19720@LAPTOP-TF23AETS

[2022-03-06 19:21:31 #2 type.registry] 
New type domain.Question

[2022-03-06 19:21:31 #3 type] 
Type domain.Question is not enhanced.

[2022-03-06 19:21:31 #4 type.registry] 
New type domain.Event

[2022-03-06 19:21:31 #5 type] 
Type domain.Event is not enhanced.

[2022-03-06 19:21:31 #6 type.registry] 
New type java.util.Vector<domain.Question>

[2022-03-06 19:21:31 #7 type.registry] 
New type domain.User

[2022-03-06 19:21:31 #8 type.registry] 
New type domain.Admin

[2022-03-06 19:21:31 #9 type] 
Type domain.User is not enhanced.

[2022-03-06 19:21:31 #10 type] 
Type domain.Admin is not enhanced.

[2022-03-06 19:21:31 #11 type.registry] 
New type domain.Erabiltzailea

[2022-03-06 19:21:31 #12 type] 
Type domain.Erabiltzailea is not enhanced.

[2022-03-06 19:21:31 #13 type.registry] 
New type java.util.Vector<java.lang.Object>

------------------------------------------------------------------------------------------------------------------------

[2022-03-06 19:21:59 #1 store] 
Database 'C:\Users\emman\OneDrive\Documents\GitHub\Bets21\src\main\resources\bets.temp' is opened by 3552@LAPTOP-TF23AETS

[2022-03-06 19:22:00 #2 type.registry] 
New type domain.Question

[2022-03-06 19:22:00 #3 type] 
Type domain.Question is not enhanced.

[2022-03-06 19:22:00 #4 type.registry] 
New type domain.Event

[2022-03-06 19:22:00 #5 type] 
Type domain.Event is not enhanced.

[2022-03-06 19:22:00 #6 type.registry] 
New type java.util.Vector<domain.Question>

[2022-03-06 19:22:00 #7 type.registry] 
New type domain.User

[2022-03-06 19:22:00 #8 type.registry] 
New type domain.Admin

[2022-03-06 19:22:00 #9 type] 
Type domain.User is not enhanced.

[2022-03-06 19:22:00 #10 type] 
Type domain.Admin is not enhanced.

[2022-03-06 19:22:00 #11 type.registry] 
New type domain.Erabiltzailea

[2022-03-06 19:22:00 #12 type] 
Type domain.Erabiltzailea is not enhanced.

[2022-03-06 19:22:00 #13 type.registry] 
New type java.util.Vector<java.lang.Object>

------------------------------------------------------------------------------------------------------------------------

[2022-03-06 19:26:33 #1 store] 
Database 'C:\Users\emman\OneDrive\Documents\GitHub\Bets21\src\main\resources\bets.temp' is opened by 25200@LAPTOP-TF23AETS

[2022-03-06 19:26:33 #2 type.registry] 
New type domain.Question

[2022-03-06 19:26:33 #3 type] 
Type domain.Question is not enhanced.

[2022-03-06 19:26:33 #4 type.registry] 
New type domain.Event

[2022-03-06 19:26:33 #5 type] 
Type domain.Event is not enhanced.

[2022-03-06 19:26:33 #6 type.registry] 
New type java.util.Vector<domain.Question>

[2022-03-06 19:26:33 #7 type.registry] 
New type domain.User

[2022-03-06 19:26:33 #8 type.registry] 
New type domain.Admin

[2022-03-06 19:26:33 #9 type] 
Type domain.User is not enhanced.

[2022-03-06 19:26:33 #10 type] 
Type domain.Admin is not enhanced.

[2022-03-06 19:26:33 #11 type.registry] 
New type domain.Erabiltzailea

[2022-03-06 19:26:33 #12 type] 
Type domain.Erabiltzailea is not enhanced.

[2022-03-06 19:26:33 #13 type.registry] 
New type java.util.Vector<java.lang.Object>

------------------------------------------------------------------------------------------------------------------------

[2022-03-06 19:57:58 #1 store] 
Database 'C:\Users\Iker\Desktop\proiektua\src\main\resources\bets.temp' is opened by 8576@DESKTOP-8L6O8HK

[2022-03-06 19:58:00 #2 type.registry] 
New type domain.Question

[2022-03-06 19:58:00 #3 type] 
Type domain.Question is not enhanced.

[2022-03-06 19:58:00 #4 type.registry] 
New type domain.Event

[2022-03-06 19:58:00 #5 type] 
Type domain.Event is not enhanced.

[2022-03-06 19:58:00 #6 type.registry] 
New type java.util.Vector<domain.Question>

[2022-03-06 19:58:00 #7 type.registry] 
New type domain.User

[2022-03-06 19:58:00 #8 type.registry] 
New type domain.Admin

[2022-03-06 19:58:00 #9 type] 
Type domain.User is not enhanced.

[2022-03-06 19:58:00 #10 type] 
Type domain.Admin is not enhanced.

[2022-03-06 19:58:00 #11 type.registry] 
New type domain.Erabiltzailea

[2022-03-06 19:58:00 #12 type] 
Type domain.Erabiltzailea is not enhanced.

[2022-03-06 19:58:00 #13 type.registry] 
New type java.util.Vector<java.lang.Object>

------------------------------------------------------------------------------------------------------------------------

[2022-03-06 19:59:00 #1 store] 
Database 'C:\Users\Iker\Desktop\proiektua\src\main\resources\bets.temp' is opened by 2152@DESKTOP-8L6O8HK

[2022-03-06 19:59:01 #2 type.registry] 
New type domain.Question

[2022-03-06 19:59:01 #3 type] 
Type domain.Question is not enhanced.

[2022-03-06 19:59:01 #4 type.registry] 
New type domain.Event

[2022-03-06 19:59:01 #5 type] 
Type domain.Event is not enhanced.

[2022-03-06 19:59:01 #6 type.registry] 
New type java.util.Vector<domain.Question>

[2022-03-06 19:59:01 #7 type.registry] 
New type domain.User

[2022-03-06 19:59:01 #8 type.registry] 
New type domain.Admin

[2022-03-06 19:59:01 #9 type] 
Type domain.User is not enhanced.

[2022-03-06 19:59:01 #10 type] 
Type domain.Admin is not enhanced.

[2022-03-06 19:59:01 #11 type.registry] 
New type domain.Erabiltzailea

[2022-03-06 19:59:01 #12 type] 
Type domain.Erabiltzailea is not enhanced.

[2022-03-06 19:59:01 #13 type.registry] 
New type java.util.Vector<java.lang.Object>

------------------------------------------------------------------------------------------------------------------------

[2022-03-06 20:03:46 #1 store] 
Database 'C:\Users\Iker\Desktop\proiektua\src\main\resources\bets.temp' is opened by 2728@DESKTOP-8L6O8HK

[2022-03-06 20:03:47 #2 type.registry] 
New type domain.Question

[2022-03-06 20:03:47 #3 type] 
Type domain.Question is not enhanced.

[2022-03-06 20:03:47 #4 type.registry] 
New type domain.Event

[2022-03-06 20:03:47 #5 type] 
Type domain.Event is not enhanced.

[2022-03-06 20:03:47 #6 type.registry] 
New type java.util.Vector<domain.Question>

[2022-03-06 20:03:47 #7 type.registry] 
New type domain.User

[2022-03-06 20:03:47 #8 type.registry] 
New type domain.Admin

[2022-03-06 20:03:47 #9 type] 
Type domain.User is not enhanced.

[2022-03-06 20:03:47 #10 type] 
Type domain.Admin is not enhanced.

[2022-03-06 20:03:47 #11 type.registry] 
New type domain.Erabiltzailea

[2022-03-06 20:03:47 #12 type] 
Type domain.Erabiltzailea is not enhanced.

[2022-03-06 20:03:47 #13 type.registry] 
New type java.util.Vector<java.lang.Object>

------------------------------------------------------------------------------------------------------------------------

[2022-03-06 20:14:33 #1 store] 
Database 'C:\Users\Iker\Desktop\proiektua\src\main\resources\bets.temp' is opened by 6304@DESKTOP-8L6O8HK

[2022-03-06 20:14:34 #2 type.registry] 
New type domain.Question

[2022-03-06 20:14:34 #3 type] 
Type domain.Question is not enhanced.

[2022-03-06 20:14:34 #4 type.registry] 
New type domain.Event

[2022-03-06 20:14:34 #5 type] 
Type domain.Event is not enhanced.

[2022-03-06 20:14:34 #6 type.registry] 
New type java.util.Vector<domain.Question>

[2022-03-06 20:14:34 #7 type.registry] 
New type domain.User

[2022-03-06 20:14:34 #8 type.registry] 
New type domain.Admin

[2022-03-06 20:14:34 #9 type] 
Type domain.User is not enhanced.

[2022-03-06 20:14:34 #10 type] 
Type domain.Admin is not enhanced.

[2022-03-06 20:14:34 #11 type.registry] 
New type domain.Erabiltzailea

[2022-03-06 20:14:34 #12 type] 
Type domain.Erabiltzailea is not enhanced.

[2022-03-06 20:14:34 #13 type.registry] 
New type java.util.Vector<java.lang.Object>

------------------------------------------------------------------------------------------------------------------------

[2022-03-06 20:26:58 #1 store] 
Database 'C:\Users\Iker\Desktop\proiektua\src\main\resources\bets.temp' is opened by 5832@DESKTOP-8L6O8HK

[2022-03-06 20:26:58 #2 type.registry] 
New type domain.Question

[2022-03-06 20:26:58 #3 type] 
Type domain.Question is not enhanced.

[2022-03-06 20:26:58 #4 type.registry] 
New type domain.Event

[2022-03-06 20:26:58 #5 type] 
Type domain.Event is not enhanced.

[2022-03-06 20:26:58 #6 type.registry] 
New type java.util.Vector<domain.Question>

[2022-03-06 20:26:58 #7 type.registry] 
New type domain.User

[2022-03-06 20:26:58 #8 type.registry] 
New type domain.Admin

[2022-03-06 20:26:58 #9 type] 
Type domain.User is not enhanced.

[2022-03-06 20:26:58 #10 type] 
Type domain.Admin is not enhanced.

[2022-03-06 20:26:58 #11 type.registry] 
New type domain.Erabiltzailea

[2022-03-06 20:26:58 #12 type] 
Type domain.Erabiltzailea is not enhanced.

[2022-03-06 20:26:58 #13 type.registry] 
New type java.util.Vector<java.lang.Object>

------------------------------------------------------------------------------------------------------------------------

[2022-03-06 20:37:19 #1 store] 
Database 'C:\Users\Iker\Desktop\proiektua\src\main\resources\bets.temp' is opened by 5348@DESKTOP-8L6O8HK

[2022-03-06 20:37:20 #2 type.registry] 
New type domain.Question

[2022-03-06 20:37:20 #3 type] 
Type domain.Question is not enhanced.

[2022-03-06 20:37:20 #4 type.registry] 
New type domain.Event

[2022-03-06 20:37:20 #5 type] 
Type domain.Event is not enhanced.

[2022-03-06 20:37:20 #6 type.registry] 
New type java.util.Vector<domain.Question>

[2022-03-06 20:37:20 #7 type.registry] 
New type domain.User

[2022-03-06 20:37:20 #8 type.registry] 
New type domain.Admin

[2022-03-06 20:37:20 #9 type] 
Type domain.User is not enhanced.

[2022-03-06 20:37:20 #10 type] 
Type domain.Admin is not enhanced.

[2022-03-06 20:37:20 #11 type.registry] 
New type domain.Erabiltzailea

[2022-03-06 20:37:20 #12 type] 
Type domain.Erabiltzailea is not enhanced.

[2022-03-06 20:37:20 #13 type.registry] 
New type java.util.Vector<java.lang.Object>

