------------------------------------------------------------------------------------------------------------------------

[2022-05-11 09:18:36 #1 store] 
Database 'C:\Users\Iker\Desktop\proiektua\src\main\resources\bets.temp' is opened by 8876@DESKTOP-8L6O8HK

[2022-05-11 09:18:37 #2 type.registry] 
New type domain.Question

[2022-05-11 09:18:37 #3 type] 
Type domain.Question is not enhanced.

[2022-05-11 09:18:37 #4 type.registry] 
New type domain.ErantzunPosiblea

[2022-05-11 09:18:37 #5 type.registry] 
New type java.util.Vector<domain.ErantzunPosiblea>

[2022-05-11 09:18:37 #6 type.registry] 
New type domain.Event

[2022-05-11 09:18:37 #7 type] 
Type domain.ErantzunPosiblea is not enhanced.

[2022-05-11 09:18:37 #8 type.registry] 
New type domain.Apustua

[2022-05-11 09:18:37 #9 type.registry] 
New type java.util.Vector<domain.Apustua>

[2022-05-11 09:18:37 #10 type] 
Type domain.Event is not enhanced.

[2022-05-11 09:18:37 #11 type.registry] 
New type java.util.Vector<domain.Question>

[2022-05-11 09:18:37 #12 type] 
Type domain.Apustua is not enhanced.

[2022-05-11 09:18:37 #13 type.registry] 
New type domain.User

[2022-05-11 09:18:37 #14 type] 
Type domain.User is not enhanced.

[2022-05-11 09:18:37 #15 type.registry] 
New type domain.Elkarrizketa

[2022-05-11 09:18:37 #16 type.registry] 
New type java.util.Vector<domain.Elkarrizketa>

[2022-05-11 09:18:37 #17 type.registry] 
New type domain.Jarraipena

[2022-05-11 09:18:37 #18 type.registry] 
New type java.util.Vector<domain.Jarraipena>

[2022-05-11 09:18:37 #19 type.registry] 
New type domain.Mugimendua

[2022-05-11 09:18:37 #20 type.registry] 
New type java.util.Vector<domain.Mugimendua>

[2022-05-11 09:18:37 #21 type] 
Type domain.Elkarrizketa is not enhanced.

[2022-05-11 09:18:37 #22 type.registry] 
New type domain.Mezua

[2022-05-11 09:18:37 #23 type.registry] 
New type java.util.Vector<domain.Mezua>

[2022-05-11 09:18:37 #24 type] 
Type domain.Jarraipena is not enhanced.

[2022-05-11 09:18:37 #25 type] 
Type domain.Mugimendua is not enhanced.

[2022-05-11 09:18:37 #26 type] 
Type domain.Mezua is not enhanced.

[2022-05-11 09:18:37 #27 type.registry] 
New type domain.Admin

[2022-05-11 09:18:37 #28 type] 
Type domain.Admin is not enhanced.

[2022-05-11 09:18:37 #29 type.registry] 
New type domain.Erabiltzailea

[2022-05-11 09:18:37 #30 type] 
Type domain.Erabiltzailea is not enhanced.

[2022-05-11 09:18:37 #31 type.registry] 
New type java.util.Vector<java.lang.Object>

------------------------------------------------------------------------------------------------------------------------

[2022-05-11 09:19:54 #1 store] 
Database 'C:\Users\Iker\Desktop\proiektua\src\main\resources\bets.temp' is opened by 9032@DESKTOP-8L6O8HK

[2022-05-11 09:19:54 #2 type.registry] 
New type domain.Question

[2022-05-11 09:19:54 #3 type] 
Type domain.Question is not enhanced.

[2022-05-11 09:19:54 #4 type.registry] 
New type domain.ErantzunPosiblea

[2022-05-11 09:19:54 #5 type.registry] 
New type java.util.Vector<domain.ErantzunPosiblea>

[2022-05-11 09:19:54 #6 type.registry] 
New type domain.Event

[2022-05-11 09:19:54 #7 type] 
Type domain.ErantzunPosiblea is not enhanced.

[2022-05-11 09:19:54 #8 type.registry] 
New type domain.Apustua

[2022-05-11 09:19:54 #9 type.registry] 
New type java.util.Vector<domain.Apustua>

[2022-05-11 09:19:54 #10 type] 
Type domain.Event is not enhanced.

[2022-05-11 09:19:54 #11 type.registry] 
New type java.util.Vector<domain.Question>

[2022-05-11 09:19:54 #12 type] 
Type domain.Apustua is not enhanced.

[2022-05-11 09:19:55 #13 type.registry] 
New type domain.User

[2022-05-11 09:19:55 #14 type] 
Type domain.User is not enhanced.

[2022-05-11 09:19:55 #15 type.registry] 
New type domain.Elkarrizketa

[2022-05-11 09:19:55 #16 type.registry] 
New type java.util.Vector<domain.Elkarrizketa>

[2022-05-11 09:19:55 #17 type.registry] 
New type domain.Jarraipena

[2022-05-11 09:19:55 #18 type.registry] 
New type java.util.Vector<domain.Jarraipena>

[2022-05-11 09:19:55 #19 type.registry] 
New type domain.Mugimendua

[2022-05-11 09:19:55 #20 type.registry] 
New type java.util.Vector<domain.Mugimendua>

[2022-05-11 09:19:55 #21 type] 
Type domain.Elkarrizketa is not enhanced.

[2022-05-11 09:19:55 #22 type.registry] 
New type domain.Mezua

[2022-05-11 09:19:55 #23 type.registry] 
New type java.util.Vector<domain.Mezua>

[2022-05-11 09:19:55 #24 type] 
Type domain.Jarraipena is not enhanced.

[2022-05-11 09:19:55 #25 type] 
Type domain.Mugimendua is not enhanced.

[2022-05-11 09:19:55 #26 type] 
Type domain.Mezua is not enhanced.

[2022-05-11 09:19:55 #27 type.registry] 
New type domain.Admin

[2022-05-11 09:19:55 #28 type] 
Type domain.Admin is not enhanced.

[2022-05-11 09:19:55 #29 type.registry] 
New type domain.Erabiltzailea

[2022-05-11 09:19:55 #30 type] 
Type domain.Erabiltzailea is not enhanced.

[2022-05-11 09:19:55 #31 type.registry] 
New type java.util.Vector<java.lang.Object>

