------------------------------------------------------------------------------------------------------------------------

[2022-03-30 21:52:20 #1 store] 
Database 'C:\Users\Iker\Desktop\proiektua\src\main\resources\bets.temp' is opened by 6128@DESKTOP-8L6O8HK

[2022-03-30 21:52:20 #2 type.registry] 
New type domain.Question

[2022-03-30 21:52:20 #3 type] 
Type domain.Question is not enhanced.

[2022-03-30 21:52:20 #4 type.registry] 
New type domain.ErantzunPosiblea

[2022-03-30 21:52:20 #5 type.registry] 
New type java.util.Vector<domain.ErantzunPosiblea>

[2022-03-30 21:52:20 #6 type.registry] 
New type domain.Event

[2022-03-30 21:52:20 #7 type] 
Type domain.ErantzunPosiblea is not enhanced.

[2022-03-30 21:52:20 #8 type.registry] 
New type domain.Apustua

[2022-03-30 21:52:20 #9 type.registry] 
New type java.util.Vector<domain.Apustua>

[2022-03-30 21:52:20 #10 type] 
Type domain.Event is not enhanced.

[2022-03-30 21:52:20 #11 type.registry] 
New type java.util.Vector<domain.Question>

[2022-03-30 21:52:20 #12 type] 
Type domain.Apustua is not enhanced.

[2022-03-30 21:52:20 #13 type.registry] 
New type domain.User

[2022-03-30 21:52:20 #14 type] 
Type domain.User is not enhanced.

[2022-03-30 21:52:20 #15 type.registry] 
New type domain.Mugimendua

[2022-03-30 21:52:20 #16 type.registry] 
New type java.util.Vector<domain.Mugimendua>

[2022-03-30 21:52:20 #17 type] 
Type domain.Mugimendua is not enhanced.

[2022-03-30 21:52:20 #18 type.registry] 
New type domain.Admin

[2022-03-30 21:52:20 #19 type] 
Type domain.Admin is not enhanced.

[2022-03-30 21:52:20 #20 type.registry] 
New type domain.Erabiltzailea

[2022-03-30 21:52:20 #21 type] 
Type domain.Erabiltzailea is not enhanced.

[2022-03-30 21:52:20 #22 type.registry] 
New type java.util.Vector<java.lang.Object>

------------------------------------------------------------------------------------------------------------------------

[2022-03-30 21:52:52 #1 store] 
Database 'C:\Users\Iker\Desktop\proiektua\src\main\resources\bets.temp' is opened by 1004@DESKTOP-8L6O8HK

[2022-03-30 21:52:53 #2 type.registry] 
New type domain.Question

[2022-03-30 21:52:53 #3 type] 
Type domain.Question is not enhanced.

[2022-03-30 21:52:53 #4 type.registry] 
New type domain.ErantzunPosiblea

[2022-03-30 21:52:53 #5 type.registry] 
New type java.util.Vector<domain.ErantzunPosiblea>

[2022-03-30 21:52:53 #6 type.registry] 
New type domain.Event

[2022-03-30 21:52:53 #7 type] 
Type domain.ErantzunPosiblea is not enhanced.

[2022-03-30 21:52:53 #8 type.registry] 
New type domain.Apustua

[2022-03-30 21:52:53 #9 type.registry] 
New type java.util.Vector<domain.Apustua>

[2022-03-30 21:52:53 #10 type] 
Type domain.Event is not enhanced.

[2022-03-30 21:52:53 #11 type.registry] 
New type java.util.Vector<domain.Question>

[2022-03-30 21:52:53 #12 type] 
Type domain.Apustua is not enhanced.

[2022-03-30 21:52:53 #13 type.registry] 
New type domain.User

[2022-03-30 21:52:53 #14 type] 
Type domain.User is not enhanced.

[2022-03-30 21:52:53 #15 type.registry] 
New type domain.Mugimendua

[2022-03-30 21:52:53 #16 type.registry] 
New type java.util.Vector<domain.Mugimendua>

[2022-03-30 21:52:53 #17 type] 
Type domain.Mugimendua is not enhanced.

[2022-03-30 21:52:53 #18 type.registry] 
New type domain.Admin

[2022-03-30 21:52:53 #19 type] 
Type domain.Admin is not enhanced.

[2022-03-30 21:52:53 #20 type.registry] 
New type domain.Erabiltzailea

[2022-03-30 21:52:53 #21 type] 
Type domain.Erabiltzailea is not enhanced.

[2022-03-30 21:52:53 #22 type.registry] 
New type java.util.Vector<java.lang.Object>

------------------------------------------------------------------------------------------------------------------------

[2022-03-30 21:54:28 #1 store] 
Database 'C:\Users\Iker\Desktop\proiektua\src\main\resources\bets.temp' is opened by 8176@DESKTOP-8L6O8HK

[2022-03-30 21:54:28 #2 type.registry] 
New type domain.Question

[2022-03-30 21:54:28 #3 type] 
Type domain.Question is not enhanced.

[2022-03-30 21:54:28 #4 type.registry] 
New type domain.ErantzunPosiblea

[2022-03-30 21:54:28 #5 type.registry] 
New type java.util.Vector<domain.ErantzunPosiblea>

[2022-03-30 21:54:28 #6 type.registry] 
New type domain.Event

[2022-03-30 21:54:28 #7 type] 
Type domain.ErantzunPosiblea is not enhanced.

[2022-03-30 21:54:28 #8 type.registry] 
New type domain.Apustua

[2022-03-30 21:54:28 #9 type.registry] 
New type java.util.Vector<domain.Apustua>

[2022-03-30 21:54:28 #10 type] 
Type domain.Event is not enhanced.

[2022-03-30 21:54:28 #11 type.registry] 
New type java.util.Vector<domain.Question>

[2022-03-30 21:54:28 #12 type] 
Type domain.Apustua is not enhanced.

[2022-03-30 21:54:28 #13 type.registry] 
New type domain.User

[2022-03-30 21:54:28 #14 type] 
Type domain.User is not enhanced.

[2022-03-30 21:54:28 #15 type.registry] 
New type domain.Mugimendua

[2022-03-30 21:54:28 #16 type.registry] 
New type java.util.Vector<domain.Mugimendua>

[2022-03-30 21:54:28 #17 type] 
Type domain.Mugimendua is not enhanced.

[2022-03-30 21:54:28 #18 type.registry] 
New type domain.Admin

[2022-03-30 21:54:28 #19 type] 
Type domain.Admin is not enhanced.

[2022-03-30 21:54:28 #20 type.registry] 
New type domain.Erabiltzailea

[2022-03-30 21:54:28 #21 type] 
Type domain.Erabiltzailea is not enhanced.

[2022-03-30 21:54:28 #22 type.registry] 
New type java.util.Vector<java.lang.Object>

------------------------------------------------------------------------------------------------------------------------

[2022-03-30 21:55:53 #1 store] 
Database 'C:\Users\Iker\Desktop\proiektua\src\main\resources\bets.temp' is opened by 11864@DESKTOP-8L6O8HK

[2022-03-30 21:55:54 #2 type.registry] 
New type domain.Question

[2022-03-30 21:55:54 #3 type] 
Type domain.Question is not enhanced.

[2022-03-30 21:55:54 #4 type.registry] 
New type domain.ErantzunPosiblea

[2022-03-30 21:55:54 #5 type.registry] 
New type java.util.Vector<domain.ErantzunPosiblea>

[2022-03-30 21:55:54 #6 type.registry] 
New type domain.Event

[2022-03-30 21:55:54 #7 type] 
Type domain.ErantzunPosiblea is not enhanced.

[2022-03-30 21:55:54 #8 type.registry] 
New type domain.Apustua

[2022-03-30 21:55:54 #9 type.registry] 
New type java.util.Vector<domain.Apustua>

[2022-03-30 21:55:54 #10 type] 
Type domain.Event is not enhanced.

[2022-03-30 21:55:54 #11 type.registry] 
New type java.util.Vector<domain.Question>

[2022-03-30 21:55:54 #12 type] 
Type domain.Apustua is not enhanced.

[2022-03-30 21:55:54 #13 type.registry] 
New type domain.User

[2022-03-30 21:55:54 #14 type] 
Type domain.User is not enhanced.

[2022-03-30 21:55:54 #15 type.registry] 
New type domain.Mugimendua

[2022-03-30 21:55:54 #16 type.registry] 
New type java.util.Vector<domain.Mugimendua>

[2022-03-30 21:55:54 #17 type] 
Type domain.Mugimendua is not enhanced.

[2022-03-30 21:55:54 #18 type.registry] 
New type domain.Admin

[2022-03-30 21:55:54 #19 type] 
Type domain.Admin is not enhanced.

[2022-03-30 21:55:54 #20 type.registry] 
New type domain.Erabiltzailea

[2022-03-30 21:55:54 #21 type] 
Type domain.Erabiltzailea is not enhanced.

[2022-03-30 21:55:54 #22 type.registry] 
New type java.util.Vector<java.lang.Object>

------------------------------------------------------------------------------------------------------------------------

[2022-03-30 22:34:12 #1 store] 
Database 'C:\Users\Iker\Desktop\proiektua\src\main\resources\bets.temp' is opened by 11688@DESKTOP-8L6O8HK

[2022-03-30 22:34:13 #2 type.registry] 
New type domain.Question

[2022-03-30 22:34:13 #3 type] 
Type domain.Question is not enhanced.

[2022-03-30 22:34:13 #4 type.registry] 
New type domain.ErantzunPosiblea

[2022-03-30 22:34:13 #5 type.registry] 
New type java.util.Vector<domain.ErantzunPosiblea>

[2022-03-30 22:34:13 #6 type.registry] 
New type domain.Event

[2022-03-30 22:34:13 #7 type] 
Type domain.ErantzunPosiblea is not enhanced.

[2022-03-30 22:34:13 #8 type.registry] 
New type domain.Apustua

[2022-03-30 22:34:13 #9 type.registry] 
New type java.util.Vector<domain.Apustua>

[2022-03-30 22:34:13 #10 type] 
Type domain.Event is not enhanced.

[2022-03-30 22:34:13 #11 type.registry] 
New type java.util.Vector<domain.Question>

[2022-03-30 22:34:13 #12 type] 
Type domain.Apustua is not enhanced.

[2022-03-30 22:34:13 #13 type.registry] 
New type domain.User

[2022-03-30 22:34:13 #14 type] 
Type domain.User is not enhanced.

[2022-03-30 22:34:13 #15 type.registry] 
New type domain.Mugimendua

[2022-03-30 22:34:13 #16 type.registry] 
New type java.util.Vector<domain.Mugimendua>

[2022-03-30 22:34:13 #17 type] 
Type domain.Mugimendua is not enhanced.

[2022-03-30 22:34:13 #18 type.registry] 
New type domain.Admin

[2022-03-30 22:34:13 #19 type] 
Type domain.Admin is not enhanced.

[2022-03-30 22:34:13 #20 type.registry] 
New type domain.Erabiltzailea

[2022-03-30 22:34:13 #21 type] 
Type domain.Erabiltzailea is not enhanced.

[2022-03-30 22:34:13 #22 type.registry] 
New type java.util.Vector<java.lang.Object>

------------------------------------------------------------------------------------------------------------------------

[2022-03-30 22:40:19 #1 store] 
Database 'C:\Users\Iker\Desktop\proiektua\src\main\resources\bets.temp' is opened by 11852@DESKTOP-8L6O8HK

[2022-03-30 22:40:20 #2 type.registry] 
New type domain.Question

[2022-03-30 22:40:20 #3 type] 
Type domain.Question is not enhanced.

[2022-03-30 22:40:20 #4 type.registry] 
New type domain.ErantzunPosiblea

[2022-03-30 22:40:20 #5 type.registry] 
New type java.util.Vector<domain.ErantzunPosiblea>

[2022-03-30 22:40:20 #6 type.registry] 
New type domain.Event

[2022-03-30 22:40:20 #7 type] 
Type domain.ErantzunPosiblea is not enhanced.

[2022-03-30 22:40:20 #8 type.registry] 
New type domain.Apustua

[2022-03-30 22:40:20 #9 type.registry] 
New type java.util.Vector<domain.Apustua>

[2022-03-30 22:40:20 #10 type] 
Type domain.Event is not enhanced.

[2022-03-30 22:40:20 #11 type.registry] 
New type java.util.Vector<domain.Question>

[2022-03-30 22:40:20 #12 type] 
Type domain.Apustua is not enhanced.

[2022-03-30 22:40:20 #13 type.registry] 
New type domain.User

[2022-03-30 22:40:20 #14 type] 
Type domain.User is not enhanced.

[2022-03-30 22:40:20 #15 type.registry] 
New type domain.Mugimendua

[2022-03-30 22:40:20 #16 type.registry] 
New type java.util.Vector<domain.Mugimendua>

[2022-03-30 22:40:20 #17 type] 
Type domain.Mugimendua is not enhanced.

[2022-03-30 22:40:20 #18 type.registry] 
New type domain.Admin

[2022-03-30 22:40:20 #19 type] 
Type domain.Admin is not enhanced.

[2022-03-30 22:40:20 #20 type.registry] 
New type domain.Erabiltzailea

[2022-03-30 22:40:20 #21 type] 
Type domain.Erabiltzailea is not enhanced.

[2022-03-30 22:40:20 #22 type.registry] 
New type java.util.Vector<java.lang.Object>

------------------------------------------------------------------------------------------------------------------------

[2022-03-30 22:41:22 #1 store] 
Database 'C:\Users\Iker\Desktop\proiektua\src\main\resources\bets.temp' is opened by 10976@DESKTOP-8L6O8HK

[2022-03-30 22:41:22 #2 type.registry] 
New type domain.Question

[2022-03-30 22:41:22 #3 type] 
Type domain.Question is not enhanced.

[2022-03-30 22:41:22 #4 type.registry] 
New type domain.ErantzunPosiblea

[2022-03-30 22:41:23 #5 type.registry] 
New type java.util.Vector<domain.ErantzunPosiblea>

[2022-03-30 22:41:23 #6 type.registry] 
New type domain.Event

[2022-03-30 22:41:23 #7 type] 
Type domain.ErantzunPosiblea is not enhanced.

[2022-03-30 22:41:23 #8 type.registry] 
New type domain.Apustua

[2022-03-30 22:41:23 #9 type.registry] 
New type java.util.Vector<domain.Apustua>

[2022-03-30 22:41:23 #10 type] 
Type domain.Event is not enhanced.

[2022-03-30 22:41:23 #11 type.registry] 
New type java.util.Vector<domain.Question>

[2022-03-30 22:41:23 #12 type] 
Type domain.Apustua is not enhanced.

[2022-03-30 22:41:23 #13 type.registry] 
New type domain.User

[2022-03-30 22:41:23 #14 type] 
Type domain.User is not enhanced.

[2022-03-30 22:41:23 #15 type.registry] 
New type domain.Mugimendua

[2022-03-30 22:41:23 #16 type.registry] 
New type java.util.Vector<domain.Mugimendua>

[2022-03-30 22:41:23 #17 type] 
Type domain.Mugimendua is not enhanced.

[2022-03-30 22:41:23 #18 type.registry] 
New type domain.Admin

[2022-03-30 22:41:23 #19 type] 
Type domain.Admin is not enhanced.

[2022-03-30 22:41:23 #20 type.registry] 
New type domain.Erabiltzailea

[2022-03-30 22:41:23 #21 type] 
Type domain.Erabiltzailea is not enhanced.

[2022-03-30 22:41:23 #22 type.registry] 
New type java.util.Vector<java.lang.Object>

------------------------------------------------------------------------------------------------------------------------

[2022-03-30 22:47:51 #1 store] 
Database 'C:\Users\Iker\Desktop\proiektua\src\main\resources\bets.temp' is opened by 6436@DESKTOP-8L6O8HK

[2022-03-30 22:47:51 #2 type.registry] 
New type domain.Question

[2022-03-30 22:47:51 #3 type] 
Type domain.Question is not enhanced.

[2022-03-30 22:47:51 #4 type.registry] 
New type domain.ErantzunPosiblea

[2022-03-30 22:47:51 #5 type.registry] 
New type java.util.Vector<domain.ErantzunPosiblea>

[2022-03-30 22:47:51 #6 type.registry] 
New type domain.Event

[2022-03-30 22:47:51 #7 type] 
Type domain.ErantzunPosiblea is not enhanced.

[2022-03-30 22:47:51 #8 type.registry] 
New type domain.Apustua

[2022-03-30 22:47:51 #9 type.registry] 
New type java.util.Vector<domain.Apustua>

[2022-03-30 22:47:51 #10 type] 
Type domain.Event is not enhanced.

[2022-03-30 22:47:51 #11 type.registry] 
New type java.util.Vector<domain.Question>

[2022-03-30 22:47:52 #12 type] 
Type domain.Apustua is not enhanced.

[2022-03-30 22:47:52 #13 type.registry] 
New type domain.User

[2022-03-30 22:47:52 #14 type] 
Type domain.User is not enhanced.

[2022-03-30 22:47:52 #15 type.registry] 
New type domain.Mugimendua

[2022-03-30 22:47:52 #16 type.registry] 
New type java.util.Vector<domain.Mugimendua>

[2022-03-30 22:47:52 #17 type] 
Type domain.Mugimendua is not enhanced.

[2022-03-30 22:47:52 #18 type.registry] 
New type domain.Admin

[2022-03-30 22:47:52 #19 type] 
Type domain.Admin is not enhanced.

[2022-03-30 22:47:52 #20 type.registry] 
New type domain.Erabiltzailea

[2022-03-30 22:47:52 #21 type] 
Type domain.Erabiltzailea is not enhanced.

[2022-03-30 22:47:52 #22 type.registry] 
New type java.util.Vector<java.lang.Object>

------------------------------------------------------------------------------------------------------------------------

[2022-03-30 22:49:40 #1 store] 
Database 'C:\Users\Iker\Desktop\proiektua\src\main\resources\bets.temp' is opened by 10852@DESKTOP-8L6O8HK

[2022-03-30 22:49:40 #2 type.registry] 
New type domain.Question

[2022-03-30 22:49:40 #3 type] 
Type domain.Question is not enhanced.

[2022-03-30 22:49:41 #4 type.registry] 
New type domain.ErantzunPosiblea

[2022-03-30 22:49:41 #5 type.registry] 
New type java.util.Vector<domain.ErantzunPosiblea>

[2022-03-30 22:49:41 #6 type.registry] 
New type domain.Event

[2022-03-30 22:49:41 #7 type] 
Type domain.ErantzunPosiblea is not enhanced.

[2022-03-30 22:49:41 #8 type.registry] 
New type domain.Apustua

[2022-03-30 22:49:41 #9 type.registry] 
New type java.util.Vector<domain.Apustua>

[2022-03-30 22:49:41 #10 type] 
Type domain.Event is not enhanced.

[2022-03-30 22:49:41 #11 type.registry] 
New type java.util.Vector<domain.Question>

[2022-03-30 22:49:41 #12 type] 
Type domain.Apustua is not enhanced.

[2022-03-30 22:49:41 #13 type.registry] 
New type domain.User

[2022-03-30 22:49:41 #14 type] 
Type domain.User is not enhanced.

[2022-03-30 22:49:41 #15 type.registry] 
New type domain.Mugimendua

[2022-03-30 22:49:41 #16 type.registry] 
New type java.util.Vector<domain.Mugimendua>

[2022-03-30 22:49:41 #17 type] 
Type domain.Mugimendua is not enhanced.

[2022-03-30 22:49:41 #18 type.registry] 
New type domain.Admin

[2022-03-30 22:49:41 #19 type] 
Type domain.Admin is not enhanced.

[2022-03-30 22:49:41 #20 type.registry] 
New type domain.Erabiltzailea

[2022-03-30 22:49:41 #21 type] 
Type domain.Erabiltzailea is not enhanced.

[2022-03-30 22:49:41 #22 type.registry] 
New type java.util.Vector<java.lang.Object>

------------------------------------------------------------------------------------------------------------------------

[2022-03-30 22:53:12 #1 store] 
Database 'C:\Users\Iker\Desktop\proiektua\src\main\resources\bets.temp' is opened by 8804@DESKTOP-8L6O8HK

[2022-03-30 22:53:13 #2 type.registry] 
New type domain.Question

[2022-03-30 22:53:13 #3 type] 
Type domain.Question is not enhanced.

[2022-03-30 22:53:13 #4 type.registry] 
New type domain.ErantzunPosiblea

[2022-03-30 22:53:13 #5 type.registry] 
New type java.util.Vector<domain.ErantzunPosiblea>

[2022-03-30 22:53:13 #6 type.registry] 
New type domain.Event

[2022-03-30 22:53:13 #7 type] 
Type domain.ErantzunPosiblea is not enhanced.

[2022-03-30 22:53:13 #8 type.registry] 
New type domain.Apustua

[2022-03-30 22:53:13 #9 type.registry] 
New type java.util.Vector<domain.Apustua>

[2022-03-30 22:53:13 #10 type] 
Type domain.Event is not enhanced.

[2022-03-30 22:53:13 #11 type.registry] 
New type java.util.Vector<domain.Question>

[2022-03-30 22:53:13 #12 type] 
Type domain.Apustua is not enhanced.

[2022-03-30 22:53:13 #13 type.registry] 
New type domain.User

[2022-03-30 22:53:13 #14 type] 
Type domain.User is not enhanced.

[2022-03-30 22:53:13 #15 type.registry] 
New type domain.Mugimendua

[2022-03-30 22:53:13 #16 type.registry] 
New type java.util.Vector<domain.Mugimendua>

[2022-03-30 22:53:13 #17 type] 
Type domain.Mugimendua is not enhanced.

[2022-03-30 22:53:13 #18 type.registry] 
New type domain.Admin

[2022-03-30 22:53:13 #19 type] 
Type domain.Admin is not enhanced.

[2022-03-30 22:53:13 #20 type.registry] 
New type domain.Erabiltzailea

[2022-03-30 22:53:13 #21 type] 
Type domain.Erabiltzailea is not enhanced.

[2022-03-30 22:53:13 #22 type.registry] 
New type java.util.Vector<java.lang.Object>

------------------------------------------------------------------------------------------------------------------------

[2022-03-30 22:58:24 #1 store] 
Database 'C:\Users\Iker\Desktop\proiektua\src\main\resources\bets.temp' is opened by 8652@DESKTOP-8L6O8HK

[2022-03-30 22:58:25 #2 type.registry] 
New type domain.Question

[2022-03-30 22:58:25 #3 type] 
Type domain.Question is not enhanced.

[2022-03-30 22:58:25 #4 type.registry] 
New type domain.ErantzunPosiblea

[2022-03-30 22:58:25 #5 type.registry] 
New type java.util.Vector<domain.ErantzunPosiblea>

[2022-03-30 22:58:25 #6 type.registry] 
New type domain.Event

[2022-03-30 22:58:25 #7 type] 
Type domain.ErantzunPosiblea is not enhanced.

[2022-03-30 22:58:25 #8 type.registry] 
New type domain.Apustua

[2022-03-30 22:58:25 #9 type.registry] 
New type java.util.Vector<domain.Apustua>

[2022-03-30 22:58:25 #10 type] 
Type domain.Event is not enhanced.

[2022-03-30 22:58:25 #11 type.registry] 
New type java.util.Vector<domain.Question>

[2022-03-30 22:58:25 #12 type] 
Type domain.Apustua is not enhanced.

[2022-03-30 22:58:25 #13 type.registry] 
New type domain.User

[2022-03-30 22:58:25 #14 type] 
Type domain.User is not enhanced.

[2022-03-30 22:58:25 #15 type.registry] 
New type domain.Mugimendua

[2022-03-30 22:58:25 #16 type.registry] 
New type java.util.Vector<domain.Mugimendua>

[2022-03-30 22:58:25 #17 type] 
Type domain.Mugimendua is not enhanced.

[2022-03-30 22:58:25 #18 type.registry] 
New type domain.Admin

[2022-03-30 22:58:25 #19 type] 
Type domain.Admin is not enhanced.

[2022-03-30 22:58:25 #20 type.registry] 
New type domain.Erabiltzailea

[2022-03-30 22:58:25 #21 type] 
Type domain.Erabiltzailea is not enhanced.

[2022-03-30 22:58:25 #22 type.registry] 
New type java.util.Vector<java.lang.Object>

------------------------------------------------------------------------------------------------------------------------

[2022-03-30 23:01:26 #1 store] 
Database 'C:\Users\Iker\Desktop\proiektua\src\main\resources\bets.temp' is opened by 2648@DESKTOP-8L6O8HK

[2022-03-30 23:01:26 #2 type.registry] 
New type domain.Question

[2022-03-30 23:01:26 #3 type] 
Type domain.Question is not enhanced.

[2022-03-30 23:01:26 #4 type.registry] 
New type domain.ErantzunPosiblea

[2022-03-30 23:01:27 #5 type.registry] 
New type java.util.Vector<domain.ErantzunPosiblea>

[2022-03-30 23:01:27 #6 type.registry] 
New type domain.Event

[2022-03-30 23:01:27 #7 type] 
Type domain.ErantzunPosiblea is not enhanced.

[2022-03-30 23:01:27 #8 type.registry] 
New type domain.Apustua

[2022-03-30 23:01:27 #9 type.registry] 
New type java.util.Vector<domain.Apustua>

[2022-03-30 23:01:27 #10 type] 
Type domain.Event is not enhanced.

[2022-03-30 23:01:27 #11 type.registry] 
New type java.util.Vector<domain.Question>

[2022-03-30 23:01:27 #12 type] 
Type domain.Apustua is not enhanced.

[2022-03-30 23:01:27 #13 type.registry] 
New type domain.User

[2022-03-30 23:01:27 #14 type] 
Type domain.User is not enhanced.

[2022-03-30 23:01:27 #15 type.registry] 
New type domain.Mugimendua

[2022-03-30 23:01:27 #16 type.registry] 
New type java.util.Vector<domain.Mugimendua>

[2022-03-30 23:01:27 #17 type] 
Type domain.Mugimendua is not enhanced.

[2022-03-30 23:01:27 #18 type.registry] 
New type domain.Admin

[2022-03-30 23:01:27 #19 type] 
Type domain.Admin is not enhanced.

[2022-03-30 23:01:27 #20 type.registry] 
New type domain.Erabiltzailea

[2022-03-30 23:01:27 #21 type] 
Type domain.Erabiltzailea is not enhanced.

[2022-03-30 23:01:27 #22 type.registry] 
New type java.util.Vector<java.lang.Object>

------------------------------------------------------------------------------------------------------------------------

[2022-03-30 23:01:56 #1 store] 
Database 'C:\Users\Iker\Desktop\proiektua\src\main\resources\bets.temp' is opened by 7532@DESKTOP-8L6O8HK

[2022-03-30 23:01:57 #2 type.registry] 
New type domain.Question

[2022-03-30 23:01:57 #3 type] 
Type domain.Question is not enhanced.

[2022-03-30 23:01:57 #4 type.registry] 
New type domain.ErantzunPosiblea

[2022-03-30 23:01:57 #5 type.registry] 
New type java.util.Vector<domain.ErantzunPosiblea>

[2022-03-30 23:01:57 #6 type.registry] 
New type domain.Event

[2022-03-30 23:01:57 #7 type] 
Type domain.ErantzunPosiblea is not enhanced.

[2022-03-30 23:01:57 #8 type.registry] 
New type domain.Apustua

[2022-03-30 23:01:57 #9 type.registry] 
New type java.util.Vector<domain.Apustua>

[2022-03-30 23:01:57 #10 type] 
Type domain.Event is not enhanced.

[2022-03-30 23:01:57 #11 type.registry] 
New type java.util.Vector<domain.Question>

[2022-03-30 23:01:57 #12 type] 
Type domain.Apustua is not enhanced.

[2022-03-30 23:01:57 #13 type.registry] 
New type domain.User

[2022-03-30 23:01:57 #14 type] 
Type domain.User is not enhanced.

[2022-03-30 23:01:57 #15 type.registry] 
New type domain.Mugimendua

[2022-03-30 23:01:57 #16 type.registry] 
New type java.util.Vector<domain.Mugimendua>

[2022-03-30 23:01:57 #17 type] 
Type domain.Mugimendua is not enhanced.

[2022-03-30 23:01:57 #18 type.registry] 
New type domain.Admin

[2022-03-30 23:01:57 #19 type] 
Type domain.Admin is not enhanced.

[2022-03-30 23:01:57 #20 type.registry] 
New type domain.Erabiltzailea

[2022-03-30 23:01:57 #21 type] 
Type domain.Erabiltzailea is not enhanced.

[2022-03-30 23:01:57 #22 type.registry] 
New type java.util.Vector<java.lang.Object>

------------------------------------------------------------------------------------------------------------------------

[2022-03-30 23:04:07 #1 store] 
Database 'C:\Users\Iker\Desktop\proiektua\src\main\resources\bets.temp' is opened by 8528@DESKTOP-8L6O8HK

[2022-03-30 23:04:07 #2 type.registry] 
New type domain.Question

[2022-03-30 23:04:07 #3 type] 
Type domain.Question is not enhanced.

[2022-03-30 23:04:07 #4 type.registry] 
New type domain.ErantzunPosiblea

[2022-03-30 23:04:07 #5 type.registry] 
New type java.util.Vector<domain.ErantzunPosiblea>

[2022-03-30 23:04:07 #6 type.registry] 
New type domain.Event

[2022-03-30 23:04:07 #7 type] 
Type domain.ErantzunPosiblea is not enhanced.

[2022-03-30 23:04:07 #8 type.registry] 
New type domain.Apustua

[2022-03-30 23:04:07 #9 type.registry] 
New type java.util.Vector<domain.Apustua>

[2022-03-30 23:04:07 #10 type] 
Type domain.Event is not enhanced.

[2022-03-30 23:04:07 #11 type.registry] 
New type java.util.Vector<domain.Question>

[2022-03-30 23:04:07 #12 type] 
Type domain.Apustua is not enhanced.

[2022-03-30 23:04:07 #13 type.registry] 
New type domain.User

[2022-03-30 23:04:07 #14 type] 
Type domain.User is not enhanced.

[2022-03-30 23:04:07 #15 type.registry] 
New type domain.Mugimendua

[2022-03-30 23:04:07 #16 type.registry] 
New type java.util.Vector<domain.Mugimendua>

[2022-03-30 23:04:07 #17 type] 
Type domain.Mugimendua is not enhanced.

[2022-03-30 23:04:07 #18 type.registry] 
New type domain.Admin

[2022-03-30 23:04:07 #19 type] 
Type domain.Admin is not enhanced.

[2022-03-30 23:04:07 #20 type.registry] 
New type domain.Erabiltzailea

[2022-03-30 23:04:07 #21 type] 
Type domain.Erabiltzailea is not enhanced.

[2022-03-30 23:04:07 #22 type.registry] 
New type java.util.Vector<java.lang.Object>

------------------------------------------------------------------------------------------------------------------------

[2022-03-30 23:06:31 #1 store] 
Database 'C:\Users\Iker\Desktop\proiektua\src\main\resources\bets.temp' is opened by 6324@DESKTOP-8L6O8HK

[2022-03-30 23:06:31 #2 type.registry] 
New type domain.Question

[2022-03-30 23:06:31 #3 type] 
Type domain.Question is not enhanced.

[2022-03-30 23:06:31 #4 type.registry] 
New type domain.ErantzunPosiblea

[2022-03-30 23:06:32 #5 type.registry] 
New type java.util.Vector<domain.ErantzunPosiblea>

[2022-03-30 23:06:32 #6 type.registry] 
New type domain.Event

[2022-03-30 23:06:32 #7 type] 
Type domain.ErantzunPosiblea is not enhanced.

[2022-03-30 23:06:32 #8 type.registry] 
New type domain.Apustua

[2022-03-30 23:06:32 #9 type.registry] 
New type java.util.Vector<domain.Apustua>

[2022-03-30 23:06:32 #10 type] 
Type domain.Event is not enhanced.

[2022-03-30 23:06:32 #11 type.registry] 
New type java.util.Vector<domain.Question>

[2022-03-30 23:06:32 #12 type] 
Type domain.Apustua is not enhanced.

[2022-03-30 23:06:32 #13 type.registry] 
New type domain.User

[2022-03-30 23:06:32 #14 type] 
Type domain.User is not enhanced.

[2022-03-30 23:06:32 #15 type.registry] 
New type domain.Mugimendua

[2022-03-30 23:06:32 #16 type.registry] 
New type java.util.Vector<domain.Mugimendua>

[2022-03-30 23:06:32 #17 type] 
Type domain.Mugimendua is not enhanced.

[2022-03-30 23:06:32 #18 type.registry] 
New type domain.Admin

[2022-03-30 23:06:32 #19 type] 
Type domain.Admin is not enhanced.

[2022-03-30 23:06:32 #20 type.registry] 
New type domain.Erabiltzailea

[2022-03-30 23:06:32 #21 type] 
Type domain.Erabiltzailea is not enhanced.

[2022-03-30 23:06:32 #22 type.registry] 
New type java.util.Vector<java.lang.Object>

------------------------------------------------------------------------------------------------------------------------

[2022-03-30 23:09:04 #1 store] 
Database 'C:\Users\Iker\Desktop\proiektua\src\main\resources\bets.temp' is opened by 10040@DESKTOP-8L6O8HK

[2022-03-30 23:09:05 #2 type.registry] 
New type domain.Question

[2022-03-30 23:09:05 #3 type] 
Type domain.Question is not enhanced.

[2022-03-30 23:09:05 #4 type.registry] 
New type domain.ErantzunPosiblea

[2022-03-30 23:09:05 #5 type.registry] 
New type java.util.Vector<domain.ErantzunPosiblea>

[2022-03-30 23:09:05 #6 type.registry] 
New type domain.Event

[2022-03-30 23:09:05 #7 type] 
Type domain.ErantzunPosiblea is not enhanced.

[2022-03-30 23:09:05 #8 type.registry] 
New type domain.Apustua

[2022-03-30 23:09:05 #9 type.registry] 
New type java.util.Vector<domain.Apustua>

[2022-03-30 23:09:05 #10 type] 
Type domain.Event is not enhanced.

[2022-03-30 23:09:05 #11 type.registry] 
New type java.util.Vector<domain.Question>

[2022-03-30 23:09:05 #12 type] 
Type domain.Apustua is not enhanced.

[2022-03-30 23:09:05 #13 type.registry] 
New type domain.User

[2022-03-30 23:09:05 #14 type] 
Type domain.User is not enhanced.

[2022-03-30 23:09:05 #15 type.registry] 
New type domain.Mugimendua

[2022-03-30 23:09:05 #16 type.registry] 
New type java.util.Vector<domain.Mugimendua>

[2022-03-30 23:09:05 #17 type] 
Type domain.Mugimendua is not enhanced.

[2022-03-30 23:09:05 #18 type.registry] 
New type domain.Admin

[2022-03-30 23:09:05 #19 type] 
Type domain.Admin is not enhanced.

[2022-03-30 23:09:05 #20 type.registry] 
New type domain.Erabiltzailea

[2022-03-30 23:09:05 #21 type] 
Type domain.Erabiltzailea is not enhanced.

[2022-03-30 23:09:05 #22 type.registry] 
New type java.util.Vector<java.lang.Object>

------------------------------------------------------------------------------------------------------------------------

[2022-03-30 23:11:49 #1 store] 
Database 'C:\Users\Iker\Desktop\proiektua\src\main\resources\bets.temp' is opened by 6868@DESKTOP-8L6O8HK

[2022-03-30 23:11:49 #2 type.registry] 
New type domain.Question

[2022-03-30 23:11:49 #3 type] 
Type domain.Question is not enhanced.

[2022-03-30 23:11:49 #4 type.registry] 
New type domain.ErantzunPosiblea

[2022-03-30 23:11:49 #5 type.registry] 
New type java.util.Vector<domain.ErantzunPosiblea>

[2022-03-30 23:11:49 #6 type.registry] 
New type domain.Event

[2022-03-30 23:11:49 #7 type] 
Type domain.ErantzunPosiblea is not enhanced.

[2022-03-30 23:11:49 #8 type.registry] 
New type domain.Apustua

[2022-03-30 23:11:49 #9 type.registry] 
New type java.util.Vector<domain.Apustua>

[2022-03-30 23:11:49 #10 type] 
Type domain.Event is not enhanced.

[2022-03-30 23:11:49 #11 type.registry] 
New type java.util.Vector<domain.Question>

[2022-03-30 23:11:49 #12 type] 
Type domain.Apustua is not enhanced.

[2022-03-30 23:11:49 #13 type.registry] 
New type domain.User

[2022-03-30 23:11:49 #14 type] 
Type domain.User is not enhanced.

[2022-03-30 23:11:49 #15 type.registry] 
New type domain.Mugimendua

[2022-03-30 23:11:49 #16 type.registry] 
New type java.util.Vector<domain.Mugimendua>

[2022-03-30 23:11:49 #17 type] 
Type domain.Mugimendua is not enhanced.

[2022-03-30 23:11:49 #18 type.registry] 
New type domain.Admin

[2022-03-30 23:11:49 #19 type] 
Type domain.Admin is not enhanced.

[2022-03-30 23:11:49 #20 type.registry] 
New type domain.Erabiltzailea

[2022-03-30 23:11:49 #21 type] 
Type domain.Erabiltzailea is not enhanced.

[2022-03-30 23:11:49 #22 type.registry] 
New type java.util.Vector<java.lang.Object>

------------------------------------------------------------------------------------------------------------------------

[2022-03-30 23:14:36 #1 store] 
Database 'C:\Users\Iker\Desktop\proiektua\src\main\resources\bets.temp' is opened by 11704@DESKTOP-8L6O8HK

[2022-03-30 23:14:37 #2 type.registry] 
New type domain.Question

[2022-03-30 23:14:37 #3 type] 
Type domain.Question is not enhanced.

[2022-03-30 23:14:37 #4 type.registry] 
New type domain.ErantzunPosiblea

[2022-03-30 23:14:37 #5 type.registry] 
New type java.util.Vector<domain.ErantzunPosiblea>

[2022-03-30 23:14:37 #6 type.registry] 
New type domain.Event

[2022-03-30 23:14:37 #7 type] 
Type domain.ErantzunPosiblea is not enhanced.

[2022-03-30 23:14:37 #8 type.registry] 
New type domain.Apustua

[2022-03-30 23:14:37 #9 type.registry] 
New type java.util.Vector<domain.Apustua>

[2022-03-30 23:14:37 #10 type] 
Type domain.Event is not enhanced.

[2022-03-30 23:14:37 #11 type.registry] 
New type java.util.Vector<domain.Question>

[2022-03-30 23:14:37 #12 type] 
Type domain.Apustua is not enhanced.

[2022-03-30 23:14:37 #13 type.registry] 
New type domain.User

[2022-03-30 23:14:37 #14 type] 
Type domain.User is not enhanced.

[2022-03-30 23:14:37 #15 type.registry] 
New type domain.Mugimendua

[2022-03-30 23:14:37 #16 type.registry] 
New type java.util.Vector<domain.Mugimendua>

[2022-03-30 23:14:37 #17 type] 
Type domain.Mugimendua is not enhanced.

[2022-03-30 23:14:37 #18 type.registry] 
New type domain.Admin

[2022-03-30 23:14:37 #19 type] 
Type domain.Admin is not enhanced.

[2022-03-30 23:14:37 #20 type.registry] 
New type domain.Erabiltzailea

[2022-03-30 23:14:37 #21 type] 
Type domain.Erabiltzailea is not enhanced.

[2022-03-30 23:14:37 #22 type.registry] 
New type java.util.Vector<java.lang.Object>

------------------------------------------------------------------------------------------------------------------------

[2022-03-30 23:16:03 #1 store] 
Database 'C:\Users\Iker\Desktop\proiektua\src\main\resources\bets.temp' is opened by 7236@DESKTOP-8L6O8HK

[2022-03-30 23:16:04 #2 type.registry] 
New type domain.Question

[2022-03-30 23:16:04 #3 type] 
Type domain.Question is not enhanced.

[2022-03-30 23:16:04 #4 type.registry] 
New type domain.ErantzunPosiblea

[2022-03-30 23:16:04 #5 type.registry] 
New type java.util.Vector<domain.ErantzunPosiblea>

[2022-03-30 23:16:04 #6 type.registry] 
New type domain.Event

[2022-03-30 23:16:04 #7 type] 
Type domain.ErantzunPosiblea is not enhanced.

[2022-03-30 23:16:04 #8 type.registry] 
New type domain.Apustua

[2022-03-30 23:16:04 #9 type.registry] 
New type java.util.Vector<domain.Apustua>

[2022-03-30 23:16:04 #10 type] 
Type domain.Event is not enhanced.

[2022-03-30 23:16:04 #11 type.registry] 
New type java.util.Vector<domain.Question>

[2022-03-30 23:16:04 #12 type] 
Type domain.Apustua is not enhanced.

[2022-03-30 23:16:04 #13 type.registry] 
New type domain.User

[2022-03-30 23:16:04 #14 type] 
Type domain.User is not enhanced.

[2022-03-30 23:16:04 #15 type.registry] 
New type domain.Mugimendua

[2022-03-30 23:16:04 #16 type.registry] 
New type java.util.Vector<domain.Mugimendua>

[2022-03-30 23:16:04 #17 type] 
Type domain.Mugimendua is not enhanced.

[2022-03-30 23:16:04 #18 type.registry] 
New type domain.Admin

[2022-03-30 23:16:04 #19 type] 
Type domain.Admin is not enhanced.

[2022-03-30 23:16:04 #20 type.registry] 
New type domain.Erabiltzailea

[2022-03-30 23:16:04 #21 type] 
Type domain.Erabiltzailea is not enhanced.

[2022-03-30 23:16:04 #22 type.registry] 
New type java.util.Vector<java.lang.Object>

------------------------------------------------------------------------------------------------------------------------

[2022-03-30 23:34:28 #1 store] 
Database 'C:\Users\Iker\Desktop\proiektua\src\main\resources\bets.temp' is opened by 9032@DESKTOP-8L6O8HK

[2022-03-30 23:34:28 #2 type.registry] 
New type domain.Question

[2022-03-30 23:34:28 #3 type] 
Type domain.Question is not enhanced.

[2022-03-30 23:34:28 #4 type.registry] 
New type domain.ErantzunPosiblea

[2022-03-30 23:34:28 #5 type.registry] 
New type java.util.Vector<domain.ErantzunPosiblea>

[2022-03-30 23:34:28 #6 type.registry] 
New type domain.Event

[2022-03-30 23:34:28 #7 type] 
Type domain.ErantzunPosiblea is not enhanced.

[2022-03-30 23:34:28 #8 type.registry] 
New type domain.Apustua

[2022-03-30 23:34:28 #9 type.registry] 
New type java.util.Vector<domain.Apustua>

[2022-03-30 23:34:28 #10 type] 
Type domain.Event is not enhanced.

[2022-03-30 23:34:28 #11 type.registry] 
New type java.util.Vector<domain.Question>

[2022-03-30 23:34:28 #12 type] 
Type domain.Apustua is not enhanced.

[2022-03-30 23:34:28 #13 type.registry] 
New type domain.User

[2022-03-30 23:34:28 #14 type] 
Type domain.User is not enhanced.

[2022-03-30 23:34:28 #15 type.registry] 
New type domain.Mugimendua

[2022-03-30 23:34:28 #16 type.registry] 
New type java.util.Vector<domain.Mugimendua>

[2022-03-30 23:34:28 #17 type] 
Type domain.Mugimendua is not enhanced.

[2022-03-30 23:34:28 #18 type.registry] 
New type domain.Admin

[2022-03-30 23:34:28 #19 type] 
Type domain.Admin is not enhanced.

[2022-03-30 23:34:28 #20 type.registry] 
New type domain.Erabiltzailea

[2022-03-30 23:34:28 #21 type] 
Type domain.Erabiltzailea is not enhanced.

[2022-03-30 23:34:28 #22 type.registry] 
New type java.util.Vector<java.lang.Object>

------------------------------------------------------------------------------------------------------------------------

[2022-03-30 23:38:49 #1 store] 
Database 'C:\Users\Iker\Desktop\proiektua\src\main\resources\bets.temp' is opened by 10112@DESKTOP-8L6O8HK

[2022-03-30 23:38:49 #2 type.registry] 
New type domain.Question

[2022-03-30 23:38:49 #3 type] 
Type domain.Question is not enhanced.

[2022-03-30 23:38:49 #4 type.registry] 
New type domain.ErantzunPosiblea

[2022-03-30 23:38:50 #5 type.registry] 
New type java.util.Vector<domain.ErantzunPosiblea>

[2022-03-30 23:38:50 #6 type.registry] 
New type domain.Event

[2022-03-30 23:38:50 #7 type] 
Type domain.ErantzunPosiblea is not enhanced.

[2022-03-30 23:38:50 #8 type.registry] 
New type domain.Apustua

[2022-03-30 23:38:50 #9 type.registry] 
New type java.util.Vector<domain.Apustua>

[2022-03-30 23:38:50 #10 type] 
Type domain.Event is not enhanced.

[2022-03-30 23:38:50 #11 type.registry] 
New type java.util.Vector<domain.Question>

[2022-03-30 23:38:50 #12 type] 
Type domain.Apustua is not enhanced.

[2022-03-30 23:38:50 #13 type.registry] 
New type domain.User

[2022-03-30 23:38:50 #14 type] 
Type domain.User is not enhanced.

[2022-03-30 23:38:50 #15 type.registry] 
New type domain.Mugimendua

[2022-03-30 23:38:50 #16 type.registry] 
New type java.util.Vector<domain.Mugimendua>

[2022-03-30 23:38:50 #17 type] 
Type domain.Mugimendua is not enhanced.

[2022-03-30 23:38:50 #18 type.registry] 
New type domain.Admin

[2022-03-30 23:38:50 #19 type] 
Type domain.Admin is not enhanced.

[2022-03-30 23:38:50 #20 type.registry] 
New type domain.Erabiltzailea

[2022-03-30 23:38:50 #21 type] 
Type domain.Erabiltzailea is not enhanced.

[2022-03-30 23:38:50 #22 type.registry] 
New type java.util.Vector<java.lang.Object>

------------------------------------------------------------------------------------------------------------------------

[2022-03-30 23:42:10 #1 store] 
Database 'C:\Users\Iker\Desktop\proiektua\src\main\resources\bets.temp' is opened by 8000@DESKTOP-8L6O8HK

[2022-03-30 23:42:10 #2 type.registry] 
New type domain.Question

[2022-03-30 23:42:10 #3 type] 
Type domain.Question is not enhanced.

[2022-03-30 23:42:10 #4 type.registry] 
New type domain.ErantzunPosiblea

[2022-03-30 23:42:10 #5 type.registry] 
New type java.util.Vector<domain.ErantzunPosiblea>

[2022-03-30 23:42:10 #6 type.registry] 
New type domain.Event

[2022-03-30 23:42:10 #7 type] 
Type domain.ErantzunPosiblea is not enhanced.

[2022-03-30 23:42:10 #8 type.registry] 
New type domain.Apustua

[2022-03-30 23:42:10 #9 type.registry] 
New type java.util.Vector<domain.Apustua>

[2022-03-30 23:42:10 #10 type] 
Type domain.Event is not enhanced.

[2022-03-30 23:42:10 #11 type.registry] 
New type java.util.Vector<domain.Question>

[2022-03-30 23:42:10 #12 type] 
Type domain.Apustua is not enhanced.

[2022-03-30 23:42:10 #13 type.registry] 
New type domain.User

[2022-03-30 23:42:10 #14 type] 
Type domain.User is not enhanced.

[2022-03-30 23:42:10 #15 type.registry] 
New type domain.Mugimendua

[2022-03-30 23:42:10 #16 type.registry] 
New type java.util.Vector<domain.Mugimendua>

[2022-03-30 23:42:10 #17 type] 
Type domain.Mugimendua is not enhanced.

[2022-03-30 23:42:10 #18 type.registry] 
New type domain.Admin

[2022-03-30 23:42:10 #19 type] 
Type domain.Admin is not enhanced.

[2022-03-30 23:42:10 #20 type.registry] 
New type domain.Erabiltzailea

[2022-03-30 23:42:10 #21 type] 
Type domain.Erabiltzailea is not enhanced.

[2022-03-30 23:42:10 #22 type.registry] 
New type java.util.Vector<java.lang.Object>

------------------------------------------------------------------------------------------------------------------------

[2022-03-30 23:44:41 #1 store] 
Database 'C:\Users\Iker\Desktop\proiektua\src\main\resources\bets.temp' is opened by 11032@DESKTOP-8L6O8HK

[2022-03-30 23:44:42 #2 type.registry] 
New type domain.Question

[2022-03-30 23:44:42 #3 type] 
Type domain.Question is not enhanced.

[2022-03-30 23:44:42 #4 type.registry] 
New type domain.ErantzunPosiblea

[2022-03-30 23:44:42 #5 type.registry] 
New type java.util.Vector<domain.ErantzunPosiblea>

[2022-03-30 23:44:42 #6 type.registry] 
New type domain.Event

[2022-03-30 23:44:42 #7 type] 
Type domain.ErantzunPosiblea is not enhanced.

[2022-03-30 23:44:42 #8 type.registry] 
New type domain.Apustua

[2022-03-30 23:44:42 #9 type.registry] 
New type java.util.Vector<domain.Apustua>

[2022-03-30 23:44:42 #10 type] 
Type domain.Event is not enhanced.

[2022-03-30 23:44:42 #11 type.registry] 
New type java.util.Vector<domain.Question>

[2022-03-30 23:44:42 #12 type] 
Type domain.Apustua is not enhanced.

[2022-03-30 23:44:42 #13 type.registry] 
New type domain.User

[2022-03-30 23:44:42 #14 type] 
Type domain.User is not enhanced.

[2022-03-30 23:44:42 #15 type.registry] 
New type domain.Mugimendua

[2022-03-30 23:44:42 #16 type.registry] 
New type java.util.Vector<domain.Mugimendua>

[2022-03-30 23:44:42 #17 type] 
Type domain.Mugimendua is not enhanced.

[2022-03-30 23:44:42 #18 type.registry] 
New type domain.Admin

[2022-03-30 23:44:42 #19 type] 
Type domain.Admin is not enhanced.

[2022-03-30 23:44:42 #20 type.registry] 
New type domain.Erabiltzailea

[2022-03-30 23:44:42 #21 type] 
Type domain.Erabiltzailea is not enhanced.

[2022-03-30 23:44:42 #22 type.registry] 
New type java.util.Vector<java.lang.Object>

------------------------------------------------------------------------------------------------------------------------

[2022-03-30 23:47:29 #1 store] 
Database 'C:\Users\Iker\Desktop\proiektua\src\main\resources\bets.temp' is opened by 2228@DESKTOP-8L6O8HK

[2022-03-30 23:47:30 #2 type.registry] 
New type domain.Question

[2022-03-30 23:47:30 #3 type] 
Type domain.Question is not enhanced.

[2022-03-30 23:47:30 #4 type.registry] 
New type domain.ErantzunPosiblea

[2022-03-30 23:47:30 #5 type.registry] 
New type java.util.Vector<domain.ErantzunPosiblea>

[2022-03-30 23:47:30 #6 type.registry] 
New type domain.Event

[2022-03-30 23:47:30 #7 type] 
Type domain.ErantzunPosiblea is not enhanced.

[2022-03-30 23:47:30 #8 type.registry] 
New type domain.Apustua

[2022-03-30 23:47:30 #9 type.registry] 
New type java.util.Vector<domain.Apustua>

[2022-03-30 23:47:30 #10 type] 
Type domain.Event is not enhanced.

[2022-03-30 23:47:30 #11 type.registry] 
New type java.util.Vector<domain.Question>

[2022-03-30 23:47:30 #12 type] 
Type domain.Apustua is not enhanced.

[2022-03-30 23:47:30 #13 type.registry] 
New type domain.User

[2022-03-30 23:47:30 #14 type] 
Type domain.User is not enhanced.

[2022-03-30 23:47:30 #15 type.registry] 
New type domain.Mugimendua

[2022-03-30 23:47:30 #16 type.registry] 
New type java.util.Vector<domain.Mugimendua>

[2022-03-30 23:47:30 #17 type] 
Type domain.Mugimendua is not enhanced.

[2022-03-30 23:47:30 #18 type.registry] 
New type domain.Admin

[2022-03-30 23:47:30 #19 type] 
Type domain.Admin is not enhanced.

[2022-03-30 23:47:30 #20 type.registry] 
New type domain.Erabiltzailea

[2022-03-30 23:47:30 #21 type] 
Type domain.Erabiltzailea is not enhanced.

[2022-03-30 23:47:30 #22 type.registry] 
New type java.util.Vector<java.lang.Object>

------------------------------------------------------------------------------------------------------------------------

[2022-03-30 23:50:28 #1 store] 
Database 'C:\Users\Iker\Desktop\proiektua\src\main\resources\bets.temp' is opened by 2456@DESKTOP-8L6O8HK

[2022-03-30 23:50:28 #2 type.registry] 
New type domain.Question

[2022-03-30 23:50:28 #3 type] 
Type domain.Question is not enhanced.

[2022-03-30 23:50:28 #4 type.registry] 
New type domain.ErantzunPosiblea

[2022-03-30 23:50:28 #5 type.registry] 
New type java.util.Vector<domain.ErantzunPosiblea>

[2022-03-30 23:50:28 #6 type.registry] 
New type domain.Event

[2022-03-30 23:50:28 #7 type] 
Type domain.ErantzunPosiblea is not enhanced.

[2022-03-30 23:50:28 #8 type.registry] 
New type domain.Apustua

[2022-03-30 23:50:28 #9 type.registry] 
New type java.util.Vector<domain.Apustua>

[2022-03-30 23:50:28 #10 type] 
Type domain.Event is not enhanced.

[2022-03-30 23:50:28 #11 type.registry] 
New type java.util.Vector<domain.Question>

[2022-03-30 23:50:28 #12 type] 
Type domain.Apustua is not enhanced.

[2022-03-30 23:50:28 #13 type.registry] 
New type domain.User

[2022-03-30 23:50:28 #14 type] 
Type domain.User is not enhanced.

[2022-03-30 23:50:28 #15 type.registry] 
New type domain.Mugimendua

[2022-03-30 23:50:28 #16 type.registry] 
New type java.util.Vector<domain.Mugimendua>

[2022-03-30 23:50:28 #17 type] 
Type domain.Mugimendua is not enhanced.

[2022-03-30 23:50:28 #18 type.registry] 
New type domain.Admin

[2022-03-30 23:50:28 #19 type] 
Type domain.Admin is not enhanced.

[2022-03-30 23:50:28 #20 type.registry] 
New type domain.Erabiltzailea

[2022-03-30 23:50:28 #21 type] 
Type domain.Erabiltzailea is not enhanced.

[2022-03-30 23:50:29 #22 type.registry] 
New type java.util.Vector<java.lang.Object>

------------------------------------------------------------------------------------------------------------------------

[2022-03-30 23:52:06 #1 store] 
Database 'C:\Users\Iker\Desktop\proiektua\src\main\resources\bets.temp' is opened by 10452@DESKTOP-8L6O8HK

[2022-03-30 23:52:07 #2 type.registry] 
New type domain.Question

[2022-03-30 23:52:07 #3 type] 
Type domain.Question is not enhanced.

[2022-03-30 23:52:07 #4 type.registry] 
New type domain.ErantzunPosiblea

[2022-03-30 23:52:07 #5 type.registry] 
New type java.util.Vector<domain.ErantzunPosiblea>

[2022-03-30 23:52:07 #6 type.registry] 
New type domain.Event

[2022-03-30 23:52:07 #7 type] 
Type domain.ErantzunPosiblea is not enhanced.

[2022-03-30 23:52:07 #8 type.registry] 
New type domain.Apustua

[2022-03-30 23:52:07 #9 type.registry] 
New type java.util.Vector<domain.Apustua>

[2022-03-30 23:52:07 #10 type] 
Type domain.Event is not enhanced.

[2022-03-30 23:52:07 #11 type.registry] 
New type java.util.Vector<domain.Question>

[2022-03-30 23:52:07 #12 type] 
Type domain.Apustua is not enhanced.

[2022-03-30 23:52:07 #13 type.registry] 
New type domain.User

[2022-03-30 23:52:07 #14 type] 
Type domain.User is not enhanced.

[2022-03-30 23:52:07 #15 type.registry] 
New type domain.Mugimendua

[2022-03-30 23:52:07 #16 type.registry] 
New type java.util.Vector<domain.Mugimendua>

[2022-03-30 23:52:07 #17 type] 
Type domain.Mugimendua is not enhanced.

[2022-03-30 23:52:07 #18 type.registry] 
New type domain.Admin

[2022-03-30 23:52:07 #19 type] 
Type domain.Admin is not enhanced.

[2022-03-30 23:52:07 #20 type.registry] 
New type domain.Erabiltzailea

[2022-03-30 23:52:07 #21 type] 
Type domain.Erabiltzailea is not enhanced.

[2022-03-30 23:52:07 #22 type.registry] 
New type java.util.Vector<java.lang.Object>

------------------------------------------------------------------------------------------------------------------------

[2022-03-30 23:53:23 #1 store] 
Database 'C:\Users\Iker\Desktop\proiektua\src\main\resources\bets.temp' is opened by 9520@DESKTOP-8L6O8HK

[2022-03-30 23:53:24 #2 type.registry] 
New type domain.Question

[2022-03-30 23:53:24 #3 type] 
Type domain.Question is not enhanced.

[2022-03-30 23:53:24 #4 type.registry] 
New type domain.ErantzunPosiblea

[2022-03-30 23:53:24 #5 type.registry] 
New type java.util.Vector<domain.ErantzunPosiblea>

[2022-03-30 23:53:24 #6 type.registry] 
New type domain.Event

[2022-03-30 23:53:24 #7 type] 
Type domain.ErantzunPosiblea is not enhanced.

[2022-03-30 23:53:24 #8 type.registry] 
New type domain.Apustua

[2022-03-30 23:53:24 #9 type.registry] 
New type java.util.Vector<domain.Apustua>

[2022-03-30 23:53:24 #10 type] 
Type domain.Event is not enhanced.

[2022-03-30 23:53:24 #11 type.registry] 
New type java.util.Vector<domain.Question>

[2022-03-30 23:53:24 #12 type] 
Type domain.Apustua is not enhanced.

[2022-03-30 23:53:24 #13 type.registry] 
New type domain.User

[2022-03-30 23:53:24 #14 type] 
Type domain.User is not enhanced.

[2022-03-30 23:53:24 #15 type.registry] 
New type domain.Mugimendua

[2022-03-30 23:53:24 #16 type.registry] 
New type java.util.Vector<domain.Mugimendua>

[2022-03-30 23:53:24 #17 type] 
Type domain.Mugimendua is not enhanced.

[2022-03-30 23:53:24 #18 type.registry] 
New type domain.Admin

[2022-03-30 23:53:24 #19 type] 
Type domain.Admin is not enhanced.

[2022-03-30 23:53:24 #20 type.registry] 
New type domain.Erabiltzailea

[2022-03-30 23:53:24 #21 type] 
Type domain.Erabiltzailea is not enhanced.

[2022-03-30 23:53:24 #22 type.registry] 
New type java.util.Vector<java.lang.Object>

------------------------------------------------------------------------------------------------------------------------

[2022-03-30 23:57:01 #1 store] 
Database 'C:\Users\Iker\Desktop\proiektua\src\main\resources\bets.temp' is opened by 4032@DESKTOP-8L6O8HK

[2022-03-30 23:57:01 #2 type.registry] 
New type domain.Question

[2022-03-30 23:57:01 #3 type] 
Type domain.Question is not enhanced.

[2022-03-30 23:57:01 #4 type.registry] 
New type domain.ErantzunPosiblea

[2022-03-30 23:57:01 #5 type.registry] 
New type java.util.Vector<domain.ErantzunPosiblea>

[2022-03-30 23:57:01 #6 type.registry] 
New type domain.Event

[2022-03-30 23:57:01 #7 type] 
Type domain.ErantzunPosiblea is not enhanced.

[2022-03-30 23:57:01 #8 type.registry] 
New type domain.Apustua

[2022-03-30 23:57:01 #9 type.registry] 
New type java.util.Vector<domain.Apustua>

[2022-03-30 23:57:01 #10 type] 
Type domain.Event is not enhanced.

[2022-03-30 23:57:01 #11 type.registry] 
New type java.util.Vector<domain.Question>

[2022-03-30 23:57:01 #12 type] 
Type domain.Apustua is not enhanced.

[2022-03-30 23:57:01 #13 type.registry] 
New type domain.User

[2022-03-30 23:57:01 #14 type] 
Type domain.User is not enhanced.

[2022-03-30 23:57:01 #15 type.registry] 
New type domain.Mugimendua

[2022-03-30 23:57:01 #16 type.registry] 
New type java.util.Vector<domain.Mugimendua>

[2022-03-30 23:57:01 #17 type] 
Type domain.Mugimendua is not enhanced.

[2022-03-30 23:57:01 #18 type.registry] 
New type domain.Admin

[2022-03-30 23:57:01 #19 type] 
Type domain.Admin is not enhanced.

[2022-03-30 23:57:01 #20 type.registry] 
New type domain.Erabiltzailea

[2022-03-30 23:57:01 #21 type] 
Type domain.Erabiltzailea is not enhanced.

[2022-03-30 23:57:01 #22 type.registry] 
New type java.util.Vector<java.lang.Object>

------------------------------------------------------------------------------------------------------------------------

[2022-03-30 23:58:08 #1 store] 
Database 'C:\Users\Iker\Desktop\proiektua\src\main\resources\bets.temp' is opened by 6128@DESKTOP-8L6O8HK

[2022-03-30 23:58:09 #2 type.registry] 
New type domain.Question

[2022-03-30 23:58:09 #3 type] 
Type domain.Question is not enhanced.

[2022-03-30 23:58:09 #4 type.registry] 
New type domain.ErantzunPosiblea

[2022-03-30 23:58:09 #5 type.registry] 
New type java.util.Vector<domain.ErantzunPosiblea>

[2022-03-30 23:58:09 #6 type.registry] 
New type domain.Event

[2022-03-30 23:58:09 #7 type] 
Type domain.ErantzunPosiblea is not enhanced.

[2022-03-30 23:58:09 #8 type.registry] 
New type domain.Apustua

[2022-03-30 23:58:09 #9 type.registry] 
New type java.util.Vector<domain.Apustua>

[2022-03-30 23:58:09 #10 type] 
Type domain.Event is not enhanced.

[2022-03-30 23:58:09 #11 type.registry] 
New type java.util.Vector<domain.Question>

[2022-03-30 23:58:09 #12 type] 
Type domain.Apustua is not enhanced.

[2022-03-30 23:58:09 #13 type.registry] 
New type domain.User

[2022-03-30 23:58:09 #14 type] 
Type domain.User is not enhanced.

[2022-03-30 23:58:09 #15 type.registry] 
New type domain.Mugimendua

[2022-03-30 23:58:09 #16 type.registry] 
New type java.util.Vector<domain.Mugimendua>

[2022-03-30 23:58:09 #17 type] 
Type domain.Mugimendua is not enhanced.

[2022-03-30 23:58:09 #18 type.registry] 
New type domain.Admin

[2022-03-30 23:58:09 #19 type] 
Type domain.Admin is not enhanced.

[2022-03-30 23:58:09 #20 type.registry] 
New type domain.Erabiltzailea

[2022-03-30 23:58:09 #21 type] 
Type domain.Erabiltzailea is not enhanced.

[2022-03-30 23:58:09 #22 type.registry] 
New type java.util.Vector<java.lang.Object>

------------------------------------------------------------------------------------------------------------------------

[2022-03-30 23:59:13 #1 store] 
Database 'C:\Users\Iker\Desktop\proiektua\src\main\resources\bets.temp' is opened by 9044@DESKTOP-8L6O8HK

[2022-03-30 23:59:14 #2 type.registry] 
New type domain.Question

[2022-03-30 23:59:14 #3 type] 
Type domain.Question is not enhanced.

[2022-03-30 23:59:14 #4 type.registry] 
New type domain.ErantzunPosiblea

[2022-03-30 23:59:14 #5 type.registry] 
New type java.util.Vector<domain.ErantzunPosiblea>

[2022-03-30 23:59:14 #6 type.registry] 
New type domain.Event

[2022-03-30 23:59:14 #7 type] 
Type domain.ErantzunPosiblea is not enhanced.

[2022-03-30 23:59:14 #8 type.registry] 
New type domain.Apustua

[2022-03-30 23:59:14 #9 type.registry] 
New type java.util.Vector<domain.Apustua>

[2022-03-30 23:59:14 #10 type] 
Type domain.Event is not enhanced.

[2022-03-30 23:59:14 #11 type.registry] 
New type java.util.Vector<domain.Question>

[2022-03-30 23:59:14 #12 type] 
Type domain.Apustua is not enhanced.

[2022-03-30 23:59:14 #13 type.registry] 
New type domain.User

[2022-03-30 23:59:14 #14 type] 
Type domain.User is not enhanced.

[2022-03-30 23:59:14 #15 type.registry] 
New type domain.Mugimendua

[2022-03-30 23:59:14 #16 type.registry] 
New type java.util.Vector<domain.Mugimendua>

[2022-03-30 23:59:14 #17 type] 
Type domain.Mugimendua is not enhanced.

[2022-03-30 23:59:14 #18 type.registry] 
New type domain.Admin

[2022-03-30 23:59:14 #19 type] 
Type domain.Admin is not enhanced.

[2022-03-30 23:59:14 #20 type.registry] 
New type domain.Erabiltzailea

[2022-03-30 23:59:14 #21 type] 
Type domain.Erabiltzailea is not enhanced.

[2022-03-30 23:59:14 #22 type.registry] 
New type java.util.Vector<java.lang.Object>

