------------------------------------------------------------------------------------------------------------------------

[2022-04-03 11:55:10 #1 store] 
Database 'C:\Users\ibaih\OneDrive\Documents\GitHub\Bets21\src\main\resources\bets.temp' is opened by 100280@DESKTOP-1QBPJUI

[2022-04-03 11:55:10 #2 type.registry] 
New type domain.Question

[2022-04-03 11:55:10 #3 type] 
Type domain.Question is not enhanced.

[2022-04-03 11:55:10 #4 type.registry] 
New type domain.ErantzunPosiblea

[2022-04-03 11:55:10 #5 type.registry] 
New type java.util.Vector<domain.ErantzunPosiblea>

[2022-04-03 11:55:10 #6 type.registry] 
New type domain.Event

[2022-04-03 11:55:10 #7 type] 
Type domain.ErantzunPosiblea is not enhanced.

[2022-04-03 11:55:10 #8 type.registry] 
New type domain.Apustua

[2022-04-03 11:55:10 #9 type.registry] 
New type java.util.Vector<domain.Apustua>

[2022-04-03 11:55:10 #10 type] 
Type domain.Event is not enhanced.

[2022-04-03 11:55:10 #11 type.registry] 
New type java.util.Vector<domain.Question>

[2022-04-03 11:55:10 #12 type] 
Type domain.Apustua is not enhanced.

[2022-04-03 11:55:10 #13 type.registry] 
New type domain.User

[2022-04-03 11:55:10 #14 type] 
Type domain.User is not enhanced.

[2022-04-03 11:55:10 #15 type.registry] 
New type domain.Mugimendua

[2022-04-03 11:55:10 #16 type.registry] 
New type java.util.Vector<domain.Mugimendua>

[2022-04-03 11:55:10 #17 type] 
Type domain.Mugimendua is not enhanced.

[2022-04-03 11:55:10 #18 type.registry] 
New type domain.Admin

[2022-04-03 11:55:10 #19 type] 
Type domain.Admin is not enhanced.

[2022-04-03 11:55:10 #20 type.registry] 
New type domain.Erabiltzailea

[2022-04-03 11:55:10 #21 type] 
Type domain.Erabiltzailea is not enhanced.

[2022-04-03 11:55:10 #22 type.registry] 
New type java.util.Vector<java.lang.Object>

------------------------------------------------------------------------------------------------------------------------

[2022-04-03 12:01:16 #1 store] 
Database 'C:\Users\ibaih\OneDrive\Documents\GitHub\Bets21\src\main\resources\bets.temp' is opened by 89884@DESKTOP-1QBPJUI

[2022-04-03 12:01:17 #2 type.registry] 
New type domain.Question

[2022-04-03 12:01:17 #3 type] 
Type domain.Question is not enhanced.

[2022-04-03 12:01:17 #4 type.registry] 
New type domain.ErantzunPosiblea

[2022-04-03 12:01:17 #5 type.registry] 
New type java.util.Vector<domain.ErantzunPosiblea>

[2022-04-03 12:01:17 #6 type.registry] 
New type domain.Event

[2022-04-03 12:01:17 #7 type] 
Type domain.ErantzunPosiblea is not enhanced.

[2022-04-03 12:01:17 #8 type.registry] 
New type domain.Apustua

[2022-04-03 12:01:17 #9 type.registry] 
New type java.util.Vector<domain.Apustua>

[2022-04-03 12:01:17 #10 type] 
Type domain.Event is not enhanced.

[2022-04-03 12:01:17 #11 type.registry] 
New type java.util.Vector<domain.Question>

[2022-04-03 12:01:17 #12 type] 
Type domain.Apustua is not enhanced.

[2022-04-03 12:01:17 #13 type.registry] 
New type domain.User

[2022-04-03 12:01:17 #14 type] 
Type domain.User is not enhanced.

[2022-04-03 12:01:17 #15 type.registry] 
New type domain.Mugimendua

[2022-04-03 12:01:17 #16 type.registry] 
New type java.util.Vector<domain.Mugimendua>

[2022-04-03 12:01:17 #17 type] 
Type domain.Mugimendua is not enhanced.

[2022-04-03 12:01:17 #18 type.registry] 
New type domain.Admin

[2022-04-03 12:01:17 #19 type] 
Type domain.Admin is not enhanced.

[2022-04-03 12:01:17 #20 type.registry] 
New type domain.Erabiltzailea

[2022-04-03 12:01:17 #21 type] 
Type domain.Erabiltzailea is not enhanced.

[2022-04-03 12:01:17 #22 type.registry] 
New type java.util.Vector<java.lang.Object>

------------------------------------------------------------------------------------------------------------------------

[2022-04-03 12:09:12 #1 store] 
Database 'C:\Users\ibaih\OneDrive\Documents\GitHub\Bets21\src\main\resources\bets.temp' is opened by 111508@DESKTOP-1QBPJUI

[2022-04-03 12:09:12 #2 type.registry] 
New type domain.Question

[2022-04-03 12:09:12 #3 type] 
Type domain.Question is not enhanced.

[2022-04-03 12:09:12 #4 type.registry] 
New type domain.ErantzunPosiblea

[2022-04-03 12:09:12 #5 type.registry] 
New type java.util.Vector<domain.ErantzunPosiblea>

[2022-04-03 12:09:12 #6 type.registry] 
New type domain.Event

[2022-04-03 12:09:12 #7 type] 
Type domain.ErantzunPosiblea is not enhanced.

[2022-04-03 12:09:12 #8 type.registry] 
New type domain.Apustua

[2022-04-03 12:09:12 #9 type.registry] 
New type java.util.Vector<domain.Apustua>

[2022-04-03 12:09:12 #10 type] 
Type domain.Event is not enhanced.

[2022-04-03 12:09:12 #11 type.registry] 
New type java.util.Vector<domain.Question>

[2022-04-03 12:09:12 #12 type] 
Type domain.Apustua is not enhanced.

[2022-04-03 12:09:12 #13 type.registry] 
New type domain.User

[2022-04-03 12:09:12 #14 type] 
Type domain.User is not enhanced.

[2022-04-03 12:09:12 #15 type.registry] 
New type domain.Mugimendua

[2022-04-03 12:09:12 #16 type.registry] 
New type java.util.Vector<domain.Mugimendua>

[2022-04-03 12:09:12 #17 type] 
Type domain.Mugimendua is not enhanced.

[2022-04-03 12:09:12 #18 type.registry] 
New type domain.Admin

[2022-04-03 12:09:12 #19 type] 
Type domain.Admin is not enhanced.

[2022-04-03 12:09:12 #20 type.registry] 
New type domain.Erabiltzailea

[2022-04-03 12:09:12 #21 type] 
Type domain.Erabiltzailea is not enhanced.

[2022-04-03 12:09:12 #22 type.registry] 
New type java.util.Vector<java.lang.Object>

------------------------------------------------------------------------------------------------------------------------

[2022-04-03 12:10:54 #1 store] 
Database 'C:\Users\ibaih\OneDrive\Documents\GitHub\Bets21\src\main\resources\bets.temp' is opened by 103608@DESKTOP-1QBPJUI

[2022-04-03 12:10:54 #2 type.registry] 
New type domain.Question

[2022-04-03 12:10:54 #3 type] 
Type domain.Question is not enhanced.

[2022-04-03 12:10:54 #4 type.registry] 
New type domain.ErantzunPosiblea

[2022-04-03 12:10:54 #5 type.registry] 
New type java.util.Vector<domain.ErantzunPosiblea>

[2022-04-03 12:10:54 #6 type.registry] 
New type domain.Event

[2022-04-03 12:10:54 #7 type] 
Type domain.ErantzunPosiblea is not enhanced.

[2022-04-03 12:10:54 #8 type.registry] 
New type domain.Apustua

[2022-04-03 12:10:54 #9 type.registry] 
New type java.util.Vector<domain.Apustua>

[2022-04-03 12:10:54 #10 type] 
Type domain.Event is not enhanced.

[2022-04-03 12:10:54 #11 type.registry] 
New type java.util.Vector<domain.Question>

[2022-04-03 12:10:54 #12 type] 
Type domain.Apustua is not enhanced.

[2022-04-03 12:10:54 #13 type.registry] 
New type domain.User

[2022-04-03 12:10:54 #14 type] 
Type domain.User is not enhanced.

[2022-04-03 12:10:54 #15 type.registry] 
New type domain.Mugimendua

[2022-04-03 12:10:54 #16 type.registry] 
New type java.util.Vector<domain.Mugimendua>

[2022-04-03 12:10:54 #17 type] 
Type domain.Mugimendua is not enhanced.

[2022-04-03 12:10:54 #18 type.registry] 
New type domain.Admin

[2022-04-03 12:10:54 #19 type] 
Type domain.Admin is not enhanced.

[2022-04-03 12:10:54 #20 type.registry] 
New type domain.Erabiltzailea

[2022-04-03 12:10:54 #21 type] 
Type domain.Erabiltzailea is not enhanced.

[2022-04-03 12:10:54 #22 type.registry] 
New type java.util.Vector<java.lang.Object>

------------------------------------------------------------------------------------------------------------------------

[2022-04-03 12:18:48 #1 store] 
Database 'C:\Users\ibaih\OneDrive\Documents\GitHub\Bets21\src\main\resources\bets.temp' is opened by 102512@DESKTOP-1QBPJUI

[2022-04-03 12:18:48 #2 type.registry] 
New type domain.Question

[2022-04-03 12:18:48 #3 type] 
Type domain.Question is not enhanced.

[2022-04-03 12:18:48 #4 type.registry] 
New type domain.ErantzunPosiblea

[2022-04-03 12:18:48 #5 type.registry] 
New type java.util.Vector<domain.ErantzunPosiblea>

[2022-04-03 12:18:48 #6 type.registry] 
New type domain.Event

[2022-04-03 12:18:48 #7 type] 
Type domain.ErantzunPosiblea is not enhanced.

[2022-04-03 12:18:48 #8 type.registry] 
New type domain.Apustua

[2022-04-03 12:18:48 #9 type.registry] 
New type java.util.Vector<domain.Apustua>

[2022-04-03 12:18:48 #10 type] 
Type domain.Event is not enhanced.

[2022-04-03 12:18:48 #11 type.registry] 
New type java.util.Vector<domain.Question>

[2022-04-03 12:18:48 #12 type] 
Type domain.Apustua is not enhanced.

[2022-04-03 12:18:48 #13 type.registry] 
New type domain.User

[2022-04-03 12:18:48 #14 type] 
Type domain.User is not enhanced.

[2022-04-03 12:18:48 #15 type.registry] 
New type domain.Mugimendua

[2022-04-03 12:18:48 #16 type.registry] 
New type java.util.Vector<domain.Mugimendua>

[2022-04-03 12:18:48 #17 type] 
Type domain.Mugimendua is not enhanced.

[2022-04-03 12:18:48 #18 type.registry] 
New type domain.Admin

[2022-04-03 12:18:48 #19 type] 
Type domain.Admin is not enhanced.

[2022-04-03 12:18:48 #20 type.registry] 
New type domain.Erabiltzailea

[2022-04-03 12:18:48 #21 type] 
Type domain.Erabiltzailea is not enhanced.

[2022-04-03 12:18:48 #22 type.registry] 
New type java.util.Vector<java.lang.Object>

------------------------------------------------------------------------------------------------------------------------

[2022-04-03 12:21:08 #1 store] 
Database 'C:\Users\ibaih\OneDrive\Documents\GitHub\Bets21\src\main\resources\bets.temp' is opened by 103308@DESKTOP-1QBPJUI

[2022-04-03 12:21:08 #2 type.registry] 
New type domain.Question

[2022-04-03 12:21:08 #3 type] 
Type domain.Question is not enhanced.

[2022-04-03 12:21:08 #4 type.registry] 
New type domain.ErantzunPosiblea

[2022-04-03 12:21:08 #5 type.registry] 
New type java.util.Vector<domain.ErantzunPosiblea>

[2022-04-03 12:21:08 #6 type.registry] 
New type domain.Event

[2022-04-03 12:21:08 #7 type] 
Type domain.ErantzunPosiblea is not enhanced.

[2022-04-03 12:21:08 #8 type.registry] 
New type domain.Apustua

[2022-04-03 12:21:08 #9 type.registry] 
New type java.util.Vector<domain.Apustua>

[2022-04-03 12:21:08 #10 type] 
Type domain.Event is not enhanced.

[2022-04-03 12:21:08 #11 type.registry] 
New type java.util.Vector<domain.Question>

[2022-04-03 12:21:08 #12 type] 
Type domain.Apustua is not enhanced.

[2022-04-03 12:21:08 #13 type.registry] 
New type domain.User

[2022-04-03 12:21:08 #14 type] 
Type domain.User is not enhanced.

[2022-04-03 12:21:08 #15 type.registry] 
New type domain.Mugimendua

[2022-04-03 12:21:08 #16 type.registry] 
New type java.util.Vector<domain.Mugimendua>

[2022-04-03 12:21:08 #17 type] 
Type domain.Mugimendua is not enhanced.

[2022-04-03 12:21:08 #18 type.registry] 
New type domain.Admin

[2022-04-03 12:21:08 #19 type] 
Type domain.Admin is not enhanced.

[2022-04-03 12:21:08 #20 type.registry] 
New type domain.Erabiltzailea

[2022-04-03 12:21:08 #21 type] 
Type domain.Erabiltzailea is not enhanced.

[2022-04-03 12:21:08 #22 type.registry] 
New type java.util.Vector<java.lang.Object>

------------------------------------------------------------------------------------------------------------------------

[2022-04-03 12:23:09 #1 store] 
Database 'C:\Users\ibaih\OneDrive\Documents\GitHub\Bets21\src\main\resources\bets.temp' is opened by 116772@DESKTOP-1QBPJUI

[2022-04-03 12:23:09 #2 type.registry] 
New type domain.Question

[2022-04-03 12:23:09 #3 type] 
Type domain.Question is not enhanced.

[2022-04-03 12:23:09 #4 type.registry] 
New type domain.ErantzunPosiblea

[2022-04-03 12:23:09 #5 type.registry] 
New type java.util.Vector<domain.ErantzunPosiblea>

[2022-04-03 12:23:09 #6 type.registry] 
New type domain.Event

[2022-04-03 12:23:09 #7 type] 
Type domain.ErantzunPosiblea is not enhanced.

[2022-04-03 12:23:09 #8 type.registry] 
New type domain.Apustua

[2022-04-03 12:23:09 #9 type.registry] 
New type java.util.Vector<domain.Apustua>

[2022-04-03 12:23:09 #10 type] 
Type domain.Event is not enhanced.

[2022-04-03 12:23:09 #11 type.registry] 
New type java.util.Vector<domain.Question>

[2022-04-03 12:23:09 #12 type] 
Type domain.Apustua is not enhanced.

[2022-04-03 12:23:09 #13 type.registry] 
New type domain.User

[2022-04-03 12:23:09 #14 type] 
Type domain.User is not enhanced.

[2022-04-03 12:23:09 #15 type.registry] 
New type domain.Mugimendua

[2022-04-03 12:23:09 #16 type.registry] 
New type java.util.Vector<domain.Mugimendua>

[2022-04-03 12:23:09 #17 type] 
Type domain.Mugimendua is not enhanced.

[2022-04-03 12:23:09 #18 type.registry] 
New type domain.Admin

[2022-04-03 12:23:09 #19 type] 
Type domain.Admin is not enhanced.

[2022-04-03 12:23:09 #20 type.registry] 
New type domain.Erabiltzailea

[2022-04-03 12:23:09 #21 type] 
Type domain.Erabiltzailea is not enhanced.

[2022-04-03 12:23:09 #22 type.registry] 
New type java.util.Vector<java.lang.Object>

------------------------------------------------------------------------------------------------------------------------

[2022-04-03 12:26:35 #1 store] 
Database 'C:\Users\ibaih\OneDrive\Documents\GitHub\Bets21\src\main\resources\bets.temp' is opened by 104204@DESKTOP-1QBPJUI

[2022-04-03 12:26:35 #2 type.registry] 
New type domain.Question

[2022-04-03 12:26:35 #3 type] 
Type domain.Question is not enhanced.

[2022-04-03 12:26:35 #4 type.registry] 
New type domain.ErantzunPosiblea

[2022-04-03 12:26:35 #5 type.registry] 
New type java.util.Vector<domain.ErantzunPosiblea>

[2022-04-03 12:26:35 #6 type.registry] 
New type domain.Event

[2022-04-03 12:26:35 #7 type] 
Type domain.ErantzunPosiblea is not enhanced.

[2022-04-03 12:26:35 #8 type.registry] 
New type domain.Apustua

[2022-04-03 12:26:35 #9 type.registry] 
New type java.util.Vector<domain.Apustua>

[2022-04-03 12:26:35 #10 type] 
Type domain.Event is not enhanced.

[2022-04-03 12:26:35 #11 type.registry] 
New type java.util.Vector<domain.Question>

[2022-04-03 12:26:35 #12 type] 
Type domain.Apustua is not enhanced.

[2022-04-03 12:26:35 #13 type.registry] 
New type domain.User

[2022-04-03 12:26:35 #14 type] 
Type domain.User is not enhanced.

[2022-04-03 12:26:35 #15 type.registry] 
New type domain.Mugimendua

[2022-04-03 12:26:35 #16 type.registry] 
New type java.util.Vector<domain.Mugimendua>

[2022-04-03 12:26:35 #17 type] 
Type domain.Mugimendua is not enhanced.

[2022-04-03 12:26:35 #18 type.registry] 
New type domain.Admin

[2022-04-03 12:26:35 #19 type] 
Type domain.Admin is not enhanced.

[2022-04-03 12:26:35 #20 type.registry] 
New type domain.Erabiltzailea

[2022-04-03 12:26:35 #21 type] 
Type domain.Erabiltzailea is not enhanced.

[2022-04-03 12:26:35 #22 type.registry] 
New type java.util.Vector<java.lang.Object>

------------------------------------------------------------------------------------------------------------------------

[2022-04-03 13:43:42 #1 store] 
Database 'C:\Users\ibaih\OneDrive\Documents\GitHub\Bets21\src\main\resources\bets.temp' is opened by 110764@DESKTOP-1QBPJUI

[2022-04-03 13:43:42 #2 type.registry] 
New type domain.Question

[2022-04-03 13:43:42 #3 type] 
Type domain.Question is not enhanced.

[2022-04-03 13:43:42 #4 type.registry] 
New type domain.ErantzunPosiblea

[2022-04-03 13:43:42 #5 type.registry] 
New type java.util.Vector<domain.ErantzunPosiblea>

[2022-04-03 13:43:42 #6 type.registry] 
New type domain.Event

[2022-04-03 13:43:42 #7 type] 
Type domain.ErantzunPosiblea is not enhanced.

[2022-04-03 13:43:42 #8 type.registry] 
New type domain.Apustua

[2022-04-03 13:43:42 #9 type.registry] 
New type java.util.Vector<domain.Apustua>

[2022-04-03 13:43:42 #10 type] 
Type domain.Event is not enhanced.

[2022-04-03 13:43:42 #11 type.registry] 
New type java.util.Vector<domain.Question>

[2022-04-03 13:43:42 #12 type] 
Type domain.Apustua is not enhanced.

[2022-04-03 13:43:42 #13 type.registry] 
New type domain.User

[2022-04-03 13:43:42 #14 type] 
Type domain.User is not enhanced.

[2022-04-03 13:43:42 #15 type.registry] 
New type domain.Mugimendua

[2022-04-03 13:43:42 #16 type.registry] 
New type java.util.Vector<domain.Mugimendua>

[2022-04-03 13:43:42 #17 type] 
Type domain.Mugimendua is not enhanced.

[2022-04-03 13:43:42 #18 type.registry] 
New type domain.Admin

[2022-04-03 13:43:42 #19 type] 
Type domain.Admin is not enhanced.

[2022-04-03 13:43:42 #20 type.registry] 
New type domain.Erabiltzailea

[2022-04-03 13:43:42 #21 type] 
Type domain.Erabiltzailea is not enhanced.

[2022-04-03 13:43:42 #22 type.registry] 
New type java.util.Vector<java.lang.Object>

------------------------------------------------------------------------------------------------------------------------

[2022-04-03 14:09:44 #1 store] 
Database 'C:\Users\ibaih\OneDrive\Documents\GitHub\Bets21\src\main\resources\bets.temp' is opened by 117924@DESKTOP-1QBPJUI

[2022-04-03 14:09:44 #2 type.registry] 
New type domain.Question

[2022-04-03 14:09:44 #3 type] 
Type domain.Question is not enhanced.

[2022-04-03 14:09:44 #4 type.registry] 
New type domain.ErantzunPosiblea

[2022-04-03 14:09:44 #5 type.registry] 
New type java.util.Vector<domain.ErantzunPosiblea>

[2022-04-03 14:09:44 #6 type.registry] 
New type domain.Event

[2022-04-03 14:09:44 #7 type] 
Type domain.ErantzunPosiblea is not enhanced.

[2022-04-03 14:09:44 #8 type.registry] 
New type domain.Apustua

[2022-04-03 14:09:44 #9 type.registry] 
New type java.util.Vector<domain.Apustua>

[2022-04-03 14:09:44 #10 type] 
Type domain.Event is not enhanced.

[2022-04-03 14:09:44 #11 type.registry] 
New type java.util.Vector<domain.Question>

[2022-04-03 14:09:44 #12 type] 
Type domain.Apustua is not enhanced.

[2022-04-03 14:09:44 #13 type.registry] 
New type domain.User

[2022-04-03 14:09:44 #14 type] 
Type domain.User is not enhanced.

[2022-04-03 14:09:44 #15 type.registry] 
New type domain.Mugimendua

[2022-04-03 14:09:44 #16 type.registry] 
New type java.util.Vector<domain.Mugimendua>

[2022-04-03 14:09:44 #17 type] 
Type domain.Mugimendua is not enhanced.

[2022-04-03 14:09:44 #18 type.registry] 
New type domain.Admin

[2022-04-03 14:09:44 #19 type] 
Type domain.Admin is not enhanced.

[2022-04-03 14:09:44 #20 type.registry] 
New type domain.Erabiltzailea

[2022-04-03 14:09:44 #21 type] 
Type domain.Erabiltzailea is not enhanced.

[2022-04-03 14:09:44 #22 type.registry] 
New type java.util.Vector<java.lang.Object>

------------------------------------------------------------------------------------------------------------------------

[2022-04-03 14:12:08 #1 store] 
Database 'C:\Users\ibaih\OneDrive\Documents\GitHub\Bets21\src\main\resources\bets.temp' is opened by 118048@DESKTOP-1QBPJUI

[2022-04-03 14:12:08 #2 type.registry] 
New type domain.Question

[2022-04-03 14:12:08 #3 type] 
Type domain.Question is not enhanced.

[2022-04-03 14:12:08 #4 type.registry] 
New type domain.ErantzunPosiblea

[2022-04-03 14:12:08 #5 type.registry] 
New type java.util.Vector<domain.ErantzunPosiblea>

[2022-04-03 14:12:08 #6 type.registry] 
New type domain.Event

[2022-04-03 14:12:08 #7 type] 
Type domain.ErantzunPosiblea is not enhanced.

[2022-04-03 14:12:08 #8 type.registry] 
New type domain.Apustua

[2022-04-03 14:12:08 #9 type.registry] 
New type java.util.Vector<domain.Apustua>

[2022-04-03 14:12:08 #10 type] 
Type domain.Event is not enhanced.

[2022-04-03 14:12:08 #11 type.registry] 
New type java.util.Vector<domain.Question>

[2022-04-03 14:12:08 #12 type] 
Type domain.Apustua is not enhanced.

[2022-04-03 14:12:08 #13 type.registry] 
New type domain.User

[2022-04-03 14:12:08 #14 type] 
Type domain.User is not enhanced.

[2022-04-03 14:12:08 #15 type.registry] 
New type domain.Mugimendua

[2022-04-03 14:12:08 #16 type.registry] 
New type java.util.Vector<domain.Mugimendua>

[2022-04-03 14:12:08 #17 type] 
Type domain.Mugimendua is not enhanced.

[2022-04-03 14:12:08 #18 type.registry] 
New type domain.Admin

[2022-04-03 14:12:08 #19 type] 
Type domain.Admin is not enhanced.

[2022-04-03 14:12:08 #20 type.registry] 
New type domain.Erabiltzailea

[2022-04-03 14:12:08 #21 type] 
Type domain.Erabiltzailea is not enhanced.

[2022-04-03 14:12:08 #22 type.registry] 
New type java.util.Vector<java.lang.Object>

------------------------------------------------------------------------------------------------------------------------

[2022-04-03 17:49:02 #1 store] 
Database 'C:\Users\Iker\Desktop\proiektua\src\main\resources\bets.temp' is opened by 3812@DESKTOP-8L6O8HK

[2022-04-03 17:49:03 #2 type.registry] 
New type domain.Question

[2022-04-03 17:49:03 #3 type] 
Type domain.Question is not enhanced.

[2022-04-03 17:49:03 #4 type.registry] 
New type domain.ErantzunPosiblea

[2022-04-03 17:49:03 #5 type.registry] 
New type java.util.Vector<domain.ErantzunPosiblea>

[2022-04-03 17:49:03 #6 type.registry] 
New type domain.Event

[2022-04-03 17:49:03 #7 type] 
Type domain.ErantzunPosiblea is not enhanced.

[2022-04-03 17:49:03 #8 type.registry] 
New type domain.Apustua

[2022-04-03 17:49:03 #9 type.registry] 
New type java.util.Vector<domain.Apustua>

[2022-04-03 17:49:03 #10 type] 
Type domain.Event is not enhanced.

[2022-04-03 17:49:03 #11 type.registry] 
New type java.util.Vector<domain.Question>

[2022-04-03 17:49:03 #12 type] 
Type domain.Apustua is not enhanced.

[2022-04-03 17:49:03 #13 type.registry] 
New type domain.User

[2022-04-03 17:49:03 #14 type] 
Type domain.User is not enhanced.

[2022-04-03 17:49:03 #15 type.registry] 
New type domain.Mugimendua

[2022-04-03 17:49:03 #16 type.registry] 
New type java.util.Vector<domain.Mugimendua>

[2022-04-03 17:49:03 #17 type] 
Type domain.Mugimendua is not enhanced.

[2022-04-03 17:49:03 #18 type.registry] 
New type domain.Admin

[2022-04-03 17:49:03 #19 type] 
Type domain.Admin is not enhanced.

[2022-04-03 17:49:03 #20 type.registry] 
New type domain.Erabiltzailea

[2022-04-03 17:49:03 #21 type] 
Type domain.Erabiltzailea is not enhanced.

[2022-04-03 17:49:03 #22 type.registry] 
New type java.util.Vector<java.lang.Object>

------------------------------------------------------------------------------------------------------------------------

[2022-04-03 17:56:04 #1 store] 
Database 'C:\Users\Iker\Desktop\proiektua\src\main\resources\bets.temp' is opened by 2824@DESKTOP-8L6O8HK

[2022-04-03 17:56:05 #2 type.registry] 
New type domain.Question

[2022-04-03 17:56:05 #3 type] 
Type domain.Question is not enhanced.

[2022-04-03 17:56:05 #4 type.registry] 
New type domain.ErantzunPosiblea

[2022-04-03 17:56:05 #5 type.registry] 
New type java.util.Vector<domain.ErantzunPosiblea>

[2022-04-03 17:56:05 #6 type.registry] 
New type domain.Event

[2022-04-03 17:56:05 #7 type] 
Type domain.ErantzunPosiblea is not enhanced.

[2022-04-03 17:56:05 #8 type.registry] 
New type domain.Apustua

[2022-04-03 17:56:05 #9 type.registry] 
New type java.util.Vector<domain.Apustua>

[2022-04-03 17:56:05 #10 type] 
Type domain.Event is not enhanced.

[2022-04-03 17:56:05 #11 type.registry] 
New type java.util.Vector<domain.Question>

[2022-04-03 17:56:05 #12 type] 
Type domain.Apustua is not enhanced.

[2022-04-03 17:56:05 #13 type.registry] 
New type domain.User

[2022-04-03 17:56:05 #14 type] 
Type domain.User is not enhanced.

[2022-04-03 17:56:05 #15 type.registry] 
New type domain.Mugimendua

[2022-04-03 17:56:05 #16 type.registry] 
New type java.util.Vector<domain.Mugimendua>

[2022-04-03 17:56:05 #17 type] 
Type domain.Mugimendua is not enhanced.

[2022-04-03 17:56:05 #18 type.registry] 
New type domain.Admin

[2022-04-03 17:56:05 #19 type] 
Type domain.Admin is not enhanced.

[2022-04-03 17:56:05 #20 type.registry] 
New type domain.Erabiltzailea

[2022-04-03 17:56:05 #21 type] 
Type domain.Erabiltzailea is not enhanced.

[2022-04-03 17:56:05 #22 type.registry] 
New type java.util.Vector<java.lang.Object>

------------------------------------------------------------------------------------------------------------------------

[2022-04-03 17:59:07 #1 store] 
Database 'C:\Users\Iker\Desktop\proiektua\src\main\resources\bets.temp' is opened by 12208@DESKTOP-8L6O8HK

[2022-04-03 17:59:08 #2 type.registry] 
New type domain.Question

[2022-04-03 17:59:08 #3 type] 
Type domain.Question is not enhanced.

[2022-04-03 17:59:08 #4 type.registry] 
New type domain.ErantzunPosiblea

[2022-04-03 17:59:08 #5 type.registry] 
New type java.util.Vector<domain.ErantzunPosiblea>

[2022-04-03 17:59:08 #6 type.registry] 
New type domain.Event

[2022-04-03 17:59:08 #7 type] 
Type domain.ErantzunPosiblea is not enhanced.

[2022-04-03 17:59:08 #8 type.registry] 
New type domain.Apustua

[2022-04-03 17:59:08 #9 type.registry] 
New type java.util.Vector<domain.Apustua>

[2022-04-03 17:59:08 #10 type] 
Type domain.Event is not enhanced.

[2022-04-03 17:59:08 #11 type.registry] 
New type java.util.Vector<domain.Question>

[2022-04-03 17:59:08 #12 type] 
Type domain.Apustua is not enhanced.

[2022-04-03 17:59:08 #13 type.registry] 
New type domain.User

[2022-04-03 17:59:08 #14 type] 
Type domain.User is not enhanced.

[2022-04-03 17:59:08 #15 type.registry] 
New type domain.Mugimendua

[2022-04-03 17:59:08 #16 type.registry] 
New type java.util.Vector<domain.Mugimendua>

[2022-04-03 17:59:08 #17 type] 
Type domain.Mugimendua is not enhanced.

[2022-04-03 17:59:08 #18 type.registry] 
New type domain.Admin

[2022-04-03 17:59:08 #19 type] 
Type domain.Admin is not enhanced.

[2022-04-03 17:59:08 #20 type.registry] 
New type domain.Erabiltzailea

[2022-04-03 17:59:08 #21 type] 
Type domain.Erabiltzailea is not enhanced.

[2022-04-03 17:59:08 #22 type.registry] 
New type java.util.Vector<java.lang.Object>

------------------------------------------------------------------------------------------------------------------------

[2022-04-03 18:05:41 #1 store] 
Database 'C:\Users\Iker\Desktop\proiektua\src\main\resources\bets.temp' is opened by 808@DESKTOP-8L6O8HK

[2022-04-03 18:05:43 #2 type.registry] 
New type domain.Question

[2022-04-03 18:05:43 #3 type] 
Type domain.Question is not enhanced.

[2022-04-03 18:05:43 #4 type.registry] 
New type domain.ErantzunPosiblea

[2022-04-03 18:05:43 #5 type.registry] 
New type java.util.Vector<domain.ErantzunPosiblea>

[2022-04-03 18:05:43 #6 type.registry] 
New type domain.Event

[2022-04-03 18:05:43 #7 type] 
Type domain.ErantzunPosiblea is not enhanced.

[2022-04-03 18:05:43 #8 type.registry] 
New type domain.Apustua

[2022-04-03 18:05:43 #9 type.registry] 
New type java.util.Vector<domain.Apustua>

[2022-04-03 18:05:43 #10 type] 
Type domain.Event is not enhanced.

[2022-04-03 18:05:43 #11 type.registry] 
New type java.util.Vector<domain.Question>

[2022-04-03 18:05:43 #12 type] 
Type domain.Apustua is not enhanced.

[2022-04-03 18:05:43 #13 type.registry] 
New type domain.User

[2022-04-03 18:05:43 #14 type] 
Type domain.User is not enhanced.

[2022-04-03 18:05:43 #15 type.registry] 
New type domain.Mugimendua

[2022-04-03 18:05:43 #16 type.registry] 
New type java.util.Vector<domain.Mugimendua>

[2022-04-03 18:05:43 #17 type] 
Type domain.Mugimendua is not enhanced.

[2022-04-03 18:05:43 #18 type.registry] 
New type domain.Admin

[2022-04-03 18:05:43 #19 type] 
Type domain.Admin is not enhanced.

[2022-04-03 18:05:43 #20 type.registry] 
New type domain.Erabiltzailea

[2022-04-03 18:05:43 #21 type] 
Type domain.Erabiltzailea is not enhanced.

[2022-04-03 18:05:43 #22 type.registry] 
New type java.util.Vector<java.lang.Object>

------------------------------------------------------------------------------------------------------------------------

[2022-04-03 18:12:33 #1 store] 
Database 'C:\Users\Iker\Desktop\proiektua\src\main\resources\bets.temp' is opened by 3080@DESKTOP-8L6O8HK

[2022-04-03 18:12:33 #2 type.registry] 
New type domain.Question

[2022-04-03 18:12:33 #3 type] 
Type domain.Question is not enhanced.

[2022-04-03 18:12:33 #4 type.registry] 
New type domain.ErantzunPosiblea

[2022-04-03 18:12:33 #5 type.registry] 
New type java.util.Vector<domain.ErantzunPosiblea>

[2022-04-03 18:12:34 #6 type.registry] 
New type domain.Event

[2022-04-03 18:12:34 #7 type] 
Type domain.ErantzunPosiblea is not enhanced.

[2022-04-03 18:12:34 #8 type.registry] 
New type domain.Apustua

[2022-04-03 18:12:34 #9 type.registry] 
New type java.util.Vector<domain.Apustua>

[2022-04-03 18:12:34 #10 type] 
Type domain.Event is not enhanced.

[2022-04-03 18:12:34 #11 type.registry] 
New type java.util.Vector<domain.Question>

[2022-04-03 18:12:34 #12 type] 
Type domain.Apustua is not enhanced.

[2022-04-03 18:12:34 #13 type.registry] 
New type domain.User

[2022-04-03 18:12:34 #14 type] 
Type domain.User is not enhanced.

[2022-04-03 18:12:34 #15 type.registry] 
New type domain.Mugimendua

[2022-04-03 18:12:34 #16 type.registry] 
New type java.util.Vector<domain.Mugimendua>

[2022-04-03 18:12:34 #17 type] 
Type domain.Mugimendua is not enhanced.

[2022-04-03 18:12:34 #18 type.registry] 
New type domain.Admin

[2022-04-03 18:12:34 #19 type] 
Type domain.Admin is not enhanced.

[2022-04-03 18:12:34 #20 type.registry] 
New type domain.Erabiltzailea

[2022-04-03 18:12:34 #21 type] 
Type domain.Erabiltzailea is not enhanced.

[2022-04-03 18:12:34 #22 type.registry] 
New type java.util.Vector<java.lang.Object>

------------------------------------------------------------------------------------------------------------------------

[2022-04-03 18:36:38 #1 store] 
Database 'C:\Users\Iker\Desktop\proiektua\src\main\resources\bets.temp' is opened by 7024@DESKTOP-8L6O8HK

[2022-04-03 18:36:38 #2 type.registry] 
New type domain.Question

[2022-04-03 18:36:38 #3 type] 
Type domain.Question is not enhanced.

[2022-04-03 18:36:38 #4 type.registry] 
New type domain.ErantzunPosiblea

[2022-04-03 18:36:38 #5 type.registry] 
New type java.util.Vector<domain.ErantzunPosiblea>

[2022-04-03 18:36:38 #6 type.registry] 
New type domain.Event

[2022-04-03 18:36:38 #7 type] 
Type domain.ErantzunPosiblea is not enhanced.

[2022-04-03 18:36:38 #8 type.registry] 
New type domain.Apustua

[2022-04-03 18:36:38 #9 type.registry] 
New type java.util.Vector<domain.Apustua>

[2022-04-03 18:36:38 #10 type] 
Type domain.Event is not enhanced.

[2022-04-03 18:36:38 #11 type.registry] 
New type java.util.Vector<domain.Question>

[2022-04-03 18:36:38 #12 type] 
Type domain.Apustua is not enhanced.

[2022-04-03 18:36:38 #13 type.registry] 
New type domain.User

[2022-04-03 18:36:38 #14 type] 
Type domain.User is not enhanced.

[2022-04-03 18:36:38 #15 type.registry] 
New type domain.Mugimendua

[2022-04-03 18:36:38 #16 type.registry] 
New type java.util.Vector<domain.Mugimendua>

[2022-04-03 18:36:38 #17 type] 
Type domain.Mugimendua is not enhanced.

[2022-04-03 18:36:38 #18 type.registry] 
New type domain.Admin

[2022-04-03 18:36:38 #19 type] 
Type domain.Admin is not enhanced.

[2022-04-03 18:36:38 #20 type.registry] 
New type domain.Erabiltzailea

[2022-04-03 18:36:38 #21 type] 
Type domain.Erabiltzailea is not enhanced.

[2022-04-03 18:36:39 #22 type.registry] 
New type java.util.Vector<java.lang.Object>

------------------------------------------------------------------------------------------------------------------------

[2022-04-03 18:37:24 #1 store] 
Database 'C:\Users\Iker\Desktop\proiektua\src\main\resources\bets.temp' is opened by 4048@DESKTOP-8L6O8HK

[2022-04-03 18:37:25 #2 type.registry] 
New type domain.Question

[2022-04-03 18:37:25 #3 type] 
Type domain.Question is not enhanced.

[2022-04-03 18:37:25 #4 type.registry] 
New type domain.ErantzunPosiblea

[2022-04-03 18:37:25 #5 type.registry] 
New type java.util.Vector<domain.ErantzunPosiblea>

[2022-04-03 18:37:25 #6 type.registry] 
New type domain.Event

[2022-04-03 18:37:25 #7 type] 
Type domain.ErantzunPosiblea is not enhanced.

[2022-04-03 18:37:25 #8 type.registry] 
New type domain.Apustua

[2022-04-03 18:37:25 #9 type.registry] 
New type java.util.Vector<domain.Apustua>

[2022-04-03 18:37:25 #10 type] 
Type domain.Event is not enhanced.

[2022-04-03 18:37:25 #11 type.registry] 
New type java.util.Vector<domain.Question>

[2022-04-03 18:37:25 #12 type] 
Type domain.Apustua is not enhanced.

[2022-04-03 18:37:25 #13 type.registry] 
New type domain.User

[2022-04-03 18:37:25 #14 type] 
Type domain.User is not enhanced.

[2022-04-03 18:37:25 #15 type.registry] 
New type domain.Mugimendua

[2022-04-03 18:37:25 #16 type.registry] 
New type java.util.Vector<domain.Mugimendua>

[2022-04-03 18:37:25 #17 type] 
Type domain.Mugimendua is not enhanced.

[2022-04-03 18:37:25 #18 type.registry] 
New type domain.Admin

[2022-04-03 18:37:25 #19 type] 
Type domain.Admin is not enhanced.

[2022-04-03 18:37:25 #20 type.registry] 
New type domain.Erabiltzailea

[2022-04-03 18:37:25 #21 type] 
Type domain.Erabiltzailea is not enhanced.

[2022-04-03 18:37:25 #22 type.registry] 
New type java.util.Vector<java.lang.Object>

------------------------------------------------------------------------------------------------------------------------

[2022-04-03 18:40:13 #1 store] 
Database 'C:\Users\Iker\Desktop\proiektua\src\main\resources\bets.temp' is opened by 5572@DESKTOP-8L6O8HK

[2022-04-03 18:40:14 #2 type.registry] 
New type domain.Question

[2022-04-03 18:40:14 #3 type] 
Type domain.Question is not enhanced.

[2022-04-03 18:40:14 #4 type.registry] 
New type domain.ErantzunPosiblea

[2022-04-03 18:40:14 #5 type.registry] 
New type java.util.Vector<domain.ErantzunPosiblea>

[2022-04-03 18:40:14 #6 type.registry] 
New type domain.Event

[2022-04-03 18:40:14 #7 type] 
Type domain.ErantzunPosiblea is not enhanced.

[2022-04-03 18:40:14 #8 type.registry] 
New type domain.Apustua

[2022-04-03 18:40:14 #9 type.registry] 
New type java.util.Vector<domain.Apustua>

[2022-04-03 18:40:14 #10 type] 
Type domain.Event is not enhanced.

[2022-04-03 18:40:14 #11 type.registry] 
New type java.util.Vector<domain.Question>

[2022-04-03 18:40:14 #12 type] 
Type domain.Apustua is not enhanced.

[2022-04-03 18:40:14 #13 type.registry] 
New type domain.User

[2022-04-03 18:40:14 #14 type] 
Type domain.User is not enhanced.

[2022-04-03 18:40:14 #15 type.registry] 
New type domain.Mugimendua

[2022-04-03 18:40:14 #16 type.registry] 
New type java.util.Vector<domain.Mugimendua>

[2022-04-03 18:40:14 #17 type] 
Type domain.Mugimendua is not enhanced.

[2022-04-03 18:40:14 #18 type.registry] 
New type domain.Admin

[2022-04-03 18:40:14 #19 type] 
Type domain.Admin is not enhanced.

[2022-04-03 18:40:14 #20 type.registry] 
New type domain.Erabiltzailea

[2022-04-03 18:40:14 #21 type] 
Type domain.Erabiltzailea is not enhanced.

[2022-04-03 18:40:14 #22 type.registry] 
New type java.util.Vector<java.lang.Object>

------------------------------------------------------------------------------------------------------------------------

[2022-04-03 18:45:55 #1 store] 
Database 'C:\Users\Iker\Desktop\proiektua\src\main\resources\bets.temp' is opened by 2536@DESKTOP-8L6O8HK

[2022-04-03 18:45:56 #2 type.registry] 
New type domain.Question

[2022-04-03 18:45:56 #3 type] 
Type domain.Question is not enhanced.

[2022-04-03 18:45:56 #4 type.registry] 
New type domain.ErantzunPosiblea

[2022-04-03 18:45:56 #5 type.registry] 
New type java.util.Vector<domain.ErantzunPosiblea>

[2022-04-03 18:45:56 #6 type.registry] 
New type domain.Event

[2022-04-03 18:45:56 #7 type] 
Type domain.ErantzunPosiblea is not enhanced.

[2022-04-03 18:45:56 #8 type.registry] 
New type domain.Apustua

[2022-04-03 18:45:56 #9 type.registry] 
New type java.util.Vector<domain.Apustua>

[2022-04-03 18:45:56 #10 type] 
Type domain.Event is not enhanced.

[2022-04-03 18:45:56 #11 type.registry] 
New type java.util.Vector<domain.Question>

[2022-04-03 18:45:56 #12 type] 
Type domain.Apustua is not enhanced.

[2022-04-03 18:45:56 #13 type.registry] 
New type domain.User

[2022-04-03 18:45:56 #14 type] 
Type domain.User is not enhanced.

[2022-04-03 18:45:56 #15 type.registry] 
New type domain.Mugimendua

[2022-04-03 18:45:56 #16 type.registry] 
New type java.util.Vector<domain.Mugimendua>

[2022-04-03 18:45:56 #17 type] 
Type domain.Mugimendua is not enhanced.

[2022-04-03 18:45:56 #18 type.registry] 
New type domain.Admin

[2022-04-03 18:45:56 #19 type] 
Type domain.Admin is not enhanced.

[2022-04-03 18:45:56 #20 type.registry] 
New type domain.Erabiltzailea

[2022-04-03 18:45:56 #21 type] 
Type domain.Erabiltzailea is not enhanced.

[2022-04-03 18:45:56 #22 type.registry] 
New type java.util.Vector<java.lang.Object>

------------------------------------------------------------------------------------------------------------------------

[2022-04-03 18:49:45 #1 store] 
Database 'C:\Users\Iker\Desktop\proiektua\src\main\resources\bets.temp' is opened by 8524@DESKTOP-8L6O8HK

[2022-04-03 18:49:45 #2 type.registry] 
New type domain.Question

[2022-04-03 18:49:45 #3 type] 
Type domain.Question is not enhanced.

[2022-04-03 18:49:45 #4 type.registry] 
New type domain.ErantzunPosiblea

[2022-04-03 18:49:45 #5 type.registry] 
New type java.util.Vector<domain.ErantzunPosiblea>

[2022-04-03 18:49:45 #6 type.registry] 
New type domain.Event

[2022-04-03 18:49:45 #7 type] 
Type domain.ErantzunPosiblea is not enhanced.

[2022-04-03 18:49:45 #8 type.registry] 
New type domain.Apustua

[2022-04-03 18:49:45 #9 type.registry] 
New type java.util.Vector<domain.Apustua>

[2022-04-03 18:49:45 #10 type] 
Type domain.Event is not enhanced.

[2022-04-03 18:49:45 #11 type.registry] 
New type java.util.Vector<domain.Question>

[2022-04-03 18:49:45 #12 type] 
Type domain.Apustua is not enhanced.

[2022-04-03 18:49:45 #13 type.registry] 
New type domain.User

[2022-04-03 18:49:45 #14 type] 
Type domain.User is not enhanced.

[2022-04-03 18:49:45 #15 type.registry] 
New type domain.Mugimendua

[2022-04-03 18:49:45 #16 type.registry] 
New type java.util.Vector<domain.Mugimendua>

[2022-04-03 18:49:45 #17 type] 
Type domain.Mugimendua is not enhanced.

[2022-04-03 18:49:45 #18 type.registry] 
New type domain.Admin

[2022-04-03 18:49:45 #19 type] 
Type domain.Admin is not enhanced.

[2022-04-03 18:49:45 #20 type.registry] 
New type domain.Erabiltzailea

[2022-04-03 18:49:45 #21 type] 
Type domain.Erabiltzailea is not enhanced.

[2022-04-03 18:49:45 #22 type.registry] 
New type java.util.Vector<java.lang.Object>

------------------------------------------------------------------------------------------------------------------------

[2022-04-03 18:54:28 #1 store] 
Database 'C:\Users\Iker\Desktop\proiektua\src\main\resources\bets.temp' is opened by 3080@DESKTOP-8L6O8HK

[2022-04-03 18:54:29 #2 type.registry] 
New type domain.Question

[2022-04-03 18:54:29 #3 type] 
Type domain.Question is not enhanced.

[2022-04-03 18:54:29 #4 type.registry] 
New type domain.ErantzunPosiblea

[2022-04-03 18:54:29 #5 type.registry] 
New type java.util.Vector<domain.ErantzunPosiblea>

[2022-04-03 18:54:29 #6 type.registry] 
New type domain.Event

[2022-04-03 18:54:29 #7 type] 
Type domain.ErantzunPosiblea is not enhanced.

[2022-04-03 18:54:29 #8 type.registry] 
New type domain.Apustua

[2022-04-03 18:54:29 #9 type.registry] 
New type java.util.Vector<domain.Apustua>

[2022-04-03 18:54:29 #10 type] 
Type domain.Event is not enhanced.

[2022-04-03 18:54:29 #11 type.registry] 
New type java.util.Vector<domain.Question>

[2022-04-03 18:54:29 #12 type] 
Type domain.Apustua is not enhanced.

[2022-04-03 18:54:29 #13 type.registry] 
New type domain.User

[2022-04-03 18:54:29 #14 type] 
Type domain.User is not enhanced.

[2022-04-03 18:54:29 #15 type.registry] 
New type domain.Mugimendua

[2022-04-03 18:54:29 #16 type.registry] 
New type java.util.Vector<domain.Mugimendua>

[2022-04-03 18:54:29 #17 type] 
Type domain.Mugimendua is not enhanced.

[2022-04-03 18:54:29 #18 type.registry] 
New type domain.Admin

[2022-04-03 18:54:29 #19 type] 
Type domain.Admin is not enhanced.

[2022-04-03 18:54:29 #20 type.registry] 
New type domain.Erabiltzailea

[2022-04-03 18:54:29 #21 type] 
Type domain.Erabiltzailea is not enhanced.

[2022-04-03 18:54:29 #22 type.registry] 
New type java.util.Vector<java.lang.Object>

------------------------------------------------------------------------------------------------------------------------

[2022-04-03 19:10:08 #1 store] 
Database 'C:\Users\Iker\Desktop\proiektua\src\main\resources\bets.temp' is opened by 10128@DESKTOP-8L6O8HK

[2022-04-03 19:10:09 #2 type.registry] 
New type domain.Question

[2022-04-03 19:10:09 #3 type] 
Type domain.Question is not enhanced.

[2022-04-03 19:10:09 #4 type.registry] 
New type domain.ErantzunPosiblea

[2022-04-03 19:10:09 #5 type.registry] 
New type java.util.Vector<domain.ErantzunPosiblea>

[2022-04-03 19:10:09 #6 type.registry] 
New type domain.Event

[2022-04-03 19:10:09 #7 type] 
Type domain.ErantzunPosiblea is not enhanced.

[2022-04-03 19:10:09 #8 type.registry] 
New type domain.Apustua

[2022-04-03 19:10:09 #9 type.registry] 
New type java.util.Vector<domain.Apustua>

[2022-04-03 19:10:09 #10 type] 
Type domain.Event is not enhanced.

[2022-04-03 19:10:09 #11 type.registry] 
New type java.util.Vector<domain.Question>

[2022-04-03 19:10:09 #12 type] 
Type domain.Apustua is not enhanced.

[2022-04-03 19:10:09 #13 type.registry] 
New type domain.User

[2022-04-03 19:10:09 #14 type] 
Type domain.User is not enhanced.

[2022-04-03 19:10:09 #15 type.registry] 
New type domain.Mugimendua

[2022-04-03 19:10:09 #16 type.registry] 
New type java.util.Vector<domain.Mugimendua>

[2022-04-03 19:10:09 #17 type] 
Type domain.Mugimendua is not enhanced.

[2022-04-03 19:10:09 #18 type.registry] 
New type domain.Admin

[2022-04-03 19:10:09 #19 type] 
Type domain.Admin is not enhanced.

[2022-04-03 19:10:09 #20 type.registry] 
New type domain.Erabiltzailea

[2022-04-03 19:10:09 #21 type] 
Type domain.Erabiltzailea is not enhanced.

[2022-04-03 19:10:09 #22 type.registry] 
New type java.util.Vector<java.lang.Object>

------------------------------------------------------------------------------------------------------------------------

[2022-04-03 19:10:57 #1 store] 
Database 'C:\Users\Iker\Desktop\proiektua\src\main\resources\bets.temp' is opened by 6748@DESKTOP-8L6O8HK

[2022-04-03 19:10:58 #2 type.registry] 
New type domain.Question

[2022-04-03 19:10:58 #3 type] 
Type domain.Question is not enhanced.

[2022-04-03 19:10:58 #4 type.registry] 
New type domain.ErantzunPosiblea

[2022-04-03 19:10:58 #5 type.registry] 
New type java.util.Vector<domain.ErantzunPosiblea>

[2022-04-03 19:10:58 #6 type.registry] 
New type domain.Event

[2022-04-03 19:10:58 #7 type] 
Type domain.ErantzunPosiblea is not enhanced.

[2022-04-03 19:10:58 #8 type.registry] 
New type domain.Apustua

[2022-04-03 19:10:58 #9 type.registry] 
New type java.util.Vector<domain.Apustua>

[2022-04-03 19:10:58 #10 type] 
Type domain.Event is not enhanced.

[2022-04-03 19:10:58 #11 type.registry] 
New type java.util.Vector<domain.Question>

[2022-04-03 19:10:58 #12 type] 
Type domain.Apustua is not enhanced.

[2022-04-03 19:10:58 #13 type.registry] 
New type domain.User

[2022-04-03 19:10:58 #14 type] 
Type domain.User is not enhanced.

[2022-04-03 19:10:58 #15 type.registry] 
New type domain.Mugimendua

[2022-04-03 19:10:58 #16 type.registry] 
New type java.util.Vector<domain.Mugimendua>

[2022-04-03 19:10:58 #17 type] 
Type domain.Mugimendua is not enhanced.

[2022-04-03 19:10:58 #18 type.registry] 
New type domain.Admin

[2022-04-03 19:10:58 #19 type] 
Type domain.Admin is not enhanced.

[2022-04-03 19:10:58 #20 type.registry] 
New type domain.Erabiltzailea

[2022-04-03 19:10:58 #21 type] 
Type domain.Erabiltzailea is not enhanced.

[2022-04-03 19:10:58 #22 type.registry] 
New type java.util.Vector<java.lang.Object>

------------------------------------------------------------------------------------------------------------------------

[2022-04-03 19:11:34 #1 store] 
Database 'C:\Users\Iker\Desktop\proiektua\src\main\resources\bets.temp' is opened by 1512@DESKTOP-8L6O8HK

[2022-04-03 19:11:35 #2 type.registry] 
New type domain.Question

[2022-04-03 19:11:35 #3 type] 
Type domain.Question is not enhanced.

[2022-04-03 19:11:35 #4 type.registry] 
New type domain.ErantzunPosiblea

[2022-04-03 19:11:35 #5 type.registry] 
New type java.util.Vector<domain.ErantzunPosiblea>

[2022-04-03 19:11:35 #6 type.registry] 
New type domain.Event

[2022-04-03 19:11:35 #7 type] 
Type domain.ErantzunPosiblea is not enhanced.

[2022-04-03 19:11:35 #8 type.registry] 
New type domain.Apustua

[2022-04-03 19:11:35 #9 type.registry] 
New type java.util.Vector<domain.Apustua>

[2022-04-03 19:11:35 #10 type] 
Type domain.Event is not enhanced.

[2022-04-03 19:11:35 #11 type.registry] 
New type java.util.Vector<domain.Question>

[2022-04-03 19:11:35 #12 type] 
Type domain.Apustua is not enhanced.

[2022-04-03 19:11:35 #13 type.registry] 
New type domain.User

[2022-04-03 19:11:35 #14 type] 
Type domain.User is not enhanced.

[2022-04-03 19:11:35 #15 type.registry] 
New type domain.Mugimendua

[2022-04-03 19:11:35 #16 type.registry] 
New type java.util.Vector<domain.Mugimendua>

[2022-04-03 19:11:35 #17 type] 
Type domain.Mugimendua is not enhanced.

[2022-04-03 19:11:35 #18 type.registry] 
New type domain.Admin

[2022-04-03 19:11:35 #19 type] 
Type domain.Admin is not enhanced.

[2022-04-03 19:11:35 #20 type.registry] 
New type domain.Erabiltzailea

[2022-04-03 19:11:35 #21 type] 
Type domain.Erabiltzailea is not enhanced.

[2022-04-03 19:11:35 #22 type.registry] 
New type java.util.Vector<java.lang.Object>

------------------------------------------------------------------------------------------------------------------------

[2022-04-03 19:27:25 #1 store] 
Database 'C:\Users\Iker\Desktop\proiektua\src\main\resources\bets.temp' is opened by 12204@DESKTOP-8L6O8HK

[2022-04-03 19:27:26 #2 type.registry] 
New type domain.Question

[2022-04-03 19:27:26 #3 type] 
Type domain.Question is not enhanced.

[2022-04-03 19:27:26 #4 type.registry] 
New type domain.ErantzunPosiblea

[2022-04-03 19:27:26 #5 type.registry] 
New type java.util.Vector<domain.ErantzunPosiblea>

[2022-04-03 19:27:26 #6 type.registry] 
New type domain.Event

[2022-04-03 19:27:26 #7 type] 
Type domain.ErantzunPosiblea is not enhanced.

[2022-04-03 19:27:26 #8 type.registry] 
New type domain.Apustua

[2022-04-03 19:27:26 #9 type.registry] 
New type java.util.Vector<domain.Apustua>

[2022-04-03 19:27:26 #10 type] 
Type domain.Event is not enhanced.

[2022-04-03 19:27:26 #11 type.registry] 
New type java.util.Vector<domain.Question>

[2022-04-03 19:27:26 #12 type] 
Type domain.Apustua is not enhanced.

[2022-04-03 19:27:26 #13 type.registry] 
New type domain.User

[2022-04-03 19:27:26 #14 type] 
Type domain.User is not enhanced.

[2022-04-03 19:27:26 #15 type.registry] 
New type domain.Mugimendua

[2022-04-03 19:27:26 #16 type.registry] 
New type java.util.Vector<domain.Mugimendua>

[2022-04-03 19:27:26 #17 type] 
Type domain.Mugimendua is not enhanced.

[2022-04-03 19:27:26 #18 type.registry] 
New type domain.Admin

[2022-04-03 19:27:26 #19 type] 
Type domain.Admin is not enhanced.

[2022-04-03 19:27:26 #20 type.registry] 
New type domain.Erabiltzailea

[2022-04-03 19:27:26 #21 type] 
Type domain.Erabiltzailea is not enhanced.

[2022-04-03 19:27:26 #22 type.registry] 
New type java.util.Vector<java.lang.Object>

------------------------------------------------------------------------------------------------------------------------

[2022-04-03 19:48:47 #1 store] 
Database 'C:\Users\Iker\Desktop\proiektua\src\main\resources\bets.temp' is opened by 8404@DESKTOP-8L6O8HK

[2022-04-03 19:48:47 #2 type.registry] 
New type domain.Question

[2022-04-03 19:48:47 #3 type] 
Type domain.Question is not enhanced.

[2022-04-03 19:48:47 #4 type.registry] 
New type domain.ErantzunPosiblea

[2022-04-03 19:48:47 #5 type.registry] 
New type java.util.Vector<domain.ErantzunPosiblea>

[2022-04-03 19:48:47 #6 type.registry] 
New type domain.Event

[2022-04-03 19:48:47 #7 type] 
Type domain.ErantzunPosiblea is not enhanced.

[2022-04-03 19:48:47 #8 type.registry] 
New type domain.Apustua

[2022-04-03 19:48:47 #9 type.registry] 
New type java.util.Vector<domain.Apustua>

[2022-04-03 19:48:47 #10 type] 
Type domain.Event is not enhanced.

[2022-04-03 19:48:47 #11 type.registry] 
New type java.util.Vector<domain.Question>

[2022-04-03 19:48:47 #12 type] 
Type domain.Apustua is not enhanced.

[2022-04-03 19:48:47 #13 type.registry] 
New type domain.User

[2022-04-03 19:48:47 #14 type] 
Type domain.User is not enhanced.

[2022-04-03 19:48:47 #15 type.registry] 
New type domain.Mugimendua

[2022-04-03 19:48:47 #16 type.registry] 
New type java.util.Vector<domain.Mugimendua>

[2022-04-03 19:48:47 #17 type] 
Type domain.Mugimendua is not enhanced.

[2022-04-03 19:48:47 #18 type.registry] 
New type domain.Admin

[2022-04-03 19:48:47 #19 type] 
Type domain.Admin is not enhanced.

[2022-04-03 19:48:47 #20 type.registry] 
New type domain.Erabiltzailea

[2022-04-03 19:48:47 #21 type] 
Type domain.Erabiltzailea is not enhanced.

[2022-04-03 19:48:47 #22 type.registry] 
New type java.util.Vector<java.lang.Object>

------------------------------------------------------------------------------------------------------------------------

[2022-04-03 19:50:47 #1 store] 
Database 'C:\Users\Iker\Desktop\proiektua\src\main\resources\bets.temp' is opened by 9748@DESKTOP-8L6O8HK

[2022-04-03 19:50:48 #2 type.registry] 
New type domain.Question

[2022-04-03 19:50:48 #3 type] 
Type domain.Question is not enhanced.

[2022-04-03 19:50:48 #4 type.registry] 
New type domain.ErantzunPosiblea

[2022-04-03 19:50:48 #5 type.registry] 
New type java.util.Vector<domain.ErantzunPosiblea>

[2022-04-03 19:50:48 #6 type.registry] 
New type domain.Event

[2022-04-03 19:50:48 #7 type] 
Type domain.ErantzunPosiblea is not enhanced.

[2022-04-03 19:50:48 #8 type.registry] 
New type domain.Apustua

[2022-04-03 19:50:48 #9 type.registry] 
New type java.util.Vector<domain.Apustua>

[2022-04-03 19:50:48 #10 type] 
Type domain.Event is not enhanced.

[2022-04-03 19:50:48 #11 type.registry] 
New type java.util.Vector<domain.Question>

[2022-04-03 19:50:48 #12 type] 
Type domain.Apustua is not enhanced.

[2022-04-03 19:50:48 #13 type.registry] 
New type domain.User

[2022-04-03 19:50:48 #14 type] 
Type domain.User is not enhanced.

[2022-04-03 19:50:48 #15 type.registry] 
New type domain.Mugimendua

[2022-04-03 19:50:48 #16 type.registry] 
New type java.util.Vector<domain.Mugimendua>

[2022-04-03 19:50:48 #17 type] 
Type domain.Mugimendua is not enhanced.

[2022-04-03 19:50:48 #18 type.registry] 
New type domain.Admin

[2022-04-03 19:50:48 #19 type] 
Type domain.Admin is not enhanced.

[2022-04-03 19:50:48 #20 type.registry] 
New type domain.Erabiltzailea

[2022-04-03 19:50:48 #21 type] 
Type domain.Erabiltzailea is not enhanced.

[2022-04-03 19:50:48 #22 type.registry] 
New type java.util.Vector<java.lang.Object>

------------------------------------------------------------------------------------------------------------------------

[2022-04-03 19:52:52 #1 store] 
Database 'C:\Users\Iker\Desktop\proiektua\src\main\resources\bets.temp' is opened by 11596@DESKTOP-8L6O8HK

[2022-04-03 19:52:53 #2 type.registry] 
New type domain.Question

[2022-04-03 19:52:53 #3 type] 
Type domain.Question is not enhanced.

[2022-04-03 19:52:53 #4 type.registry] 
New type domain.ErantzunPosiblea

[2022-04-03 19:52:53 #5 type.registry] 
New type java.util.Vector<domain.ErantzunPosiblea>

[2022-04-03 19:52:53 #6 type.registry] 
New type domain.Event

[2022-04-03 19:52:53 #7 type] 
Type domain.ErantzunPosiblea is not enhanced.

[2022-04-03 19:52:53 #8 type.registry] 
New type domain.Apustua

[2022-04-03 19:52:53 #9 type.registry] 
New type java.util.Vector<domain.Apustua>

[2022-04-03 19:52:53 #10 type] 
Type domain.Event is not enhanced.

[2022-04-03 19:52:53 #11 type.registry] 
New type java.util.Vector<domain.Question>

[2022-04-03 19:52:53 #12 type] 
Type domain.Apustua is not enhanced.

[2022-04-03 19:52:53 #13 type.registry] 
New type domain.User

[2022-04-03 19:52:53 #14 type] 
Type domain.User is not enhanced.

[2022-04-03 19:52:53 #15 type.registry] 
New type domain.Mugimendua

[2022-04-03 19:52:53 #16 type.registry] 
New type java.util.Vector<domain.Mugimendua>

[2022-04-03 19:52:53 #17 type] 
Type domain.Mugimendua is not enhanced.

[2022-04-03 19:52:53 #18 type.registry] 
New type domain.Admin

[2022-04-03 19:52:53 #19 type] 
Type domain.Admin is not enhanced.

[2022-04-03 19:52:53 #20 type.registry] 
New type domain.Erabiltzailea

[2022-04-03 19:52:53 #21 type] 
Type domain.Erabiltzailea is not enhanced.

[2022-04-03 19:52:53 #22 type.registry] 
New type java.util.Vector<java.lang.Object>

------------------------------------------------------------------------------------------------------------------------

[2022-04-03 19:55:25 #1 store] 
Database 'C:\Users\Iker\Desktop\proiektua\src\main\resources\bets.temp' is opened by 11024@DESKTOP-8L6O8HK

[2022-04-03 19:55:26 #2 type.registry] 
New type domain.Question

[2022-04-03 19:55:26 #3 type] 
Type domain.Question is not enhanced.

[2022-04-03 19:55:26 #4 type.registry] 
New type domain.ErantzunPosiblea

[2022-04-03 19:55:26 #5 type.registry] 
New type java.util.Vector<domain.ErantzunPosiblea>

[2022-04-03 19:55:26 #6 type.registry] 
New type domain.Event

[2022-04-03 19:55:26 #7 type] 
Type domain.ErantzunPosiblea is not enhanced.

[2022-04-03 19:55:26 #8 type.registry] 
New type domain.Apustua

[2022-04-03 19:55:26 #9 type.registry] 
New type java.util.Vector<domain.Apustua>

[2022-04-03 19:55:26 #10 type] 
Type domain.Event is not enhanced.

[2022-04-03 19:55:26 #11 type.registry] 
New type java.util.Vector<domain.Question>

[2022-04-03 19:55:26 #12 type] 
Type domain.Apustua is not enhanced.

[2022-04-03 19:55:26 #13 type.registry] 
New type domain.User

[2022-04-03 19:55:26 #14 type] 
Type domain.User is not enhanced.

[2022-04-03 19:55:26 #15 type.registry] 
New type domain.Mugimendua

[2022-04-03 19:55:26 #16 type.registry] 
New type java.util.Vector<domain.Mugimendua>

[2022-04-03 19:55:26 #17 type] 
Type domain.Mugimendua is not enhanced.

[2022-04-03 19:55:26 #18 type.registry] 
New type domain.Admin

[2022-04-03 19:55:26 #19 type] 
Type domain.Admin is not enhanced.

[2022-04-03 19:55:26 #20 type.registry] 
New type domain.Erabiltzailea

[2022-04-03 19:55:26 #21 type] 
Type domain.Erabiltzailea is not enhanced.

[2022-04-03 19:55:26 #22 type.registry] 
New type java.util.Vector<java.lang.Object>

------------------------------------------------------------------------------------------------------------------------

[2022-04-03 19:56:59 #1 store] 
Database 'C:\Users\Iker\Desktop\proiektua\src\main\resources\bets.temp' is opened by 4124@DESKTOP-8L6O8HK

[2022-04-03 19:57:00 #2 type.registry] 
New type domain.Question

[2022-04-03 19:57:00 #3 type] 
Type domain.Question is not enhanced.

[2022-04-03 19:57:00 #4 type.registry] 
New type domain.ErantzunPosiblea

[2022-04-03 19:57:00 #5 type.registry] 
New type java.util.Vector<domain.ErantzunPosiblea>

[2022-04-03 19:57:00 #6 type.registry] 
New type domain.Event

[2022-04-03 19:57:00 #7 type] 
Type domain.ErantzunPosiblea is not enhanced.

[2022-04-03 19:57:00 #8 type.registry] 
New type domain.Apustua

[2022-04-03 19:57:00 #9 type.registry] 
New type java.util.Vector<domain.Apustua>

[2022-04-03 19:57:00 #10 type] 
Type domain.Event is not enhanced.

[2022-04-03 19:57:00 #11 type.registry] 
New type java.util.Vector<domain.Question>

[2022-04-03 19:57:00 #12 type] 
Type domain.Apustua is not enhanced.

[2022-04-03 19:57:00 #13 type.registry] 
New type domain.User

[2022-04-03 19:57:00 #14 type] 
Type domain.User is not enhanced.

[2022-04-03 19:57:00 #15 type.registry] 
New type domain.Mugimendua

[2022-04-03 19:57:00 #16 type.registry] 
New type java.util.Vector<domain.Mugimendua>

[2022-04-03 19:57:00 #17 type] 
Type domain.Mugimendua is not enhanced.

[2022-04-03 19:57:00 #18 type.registry] 
New type domain.Admin

[2022-04-03 19:57:00 #19 type] 
Type domain.Admin is not enhanced.

[2022-04-03 19:57:00 #20 type.registry] 
New type domain.Erabiltzailea

[2022-04-03 19:57:00 #21 type] 
Type domain.Erabiltzailea is not enhanced.

[2022-04-03 19:57:00 #22 type.registry] 
New type java.util.Vector<java.lang.Object>

------------------------------------------------------------------------------------------------------------------------

[2022-04-03 19:59:24 #1 store] 
Database 'C:\Users\Iker\Desktop\proiektua\src\main\resources\bets.temp' is opened by 1568@DESKTOP-8L6O8HK

[2022-04-03 19:59:25 #2 type.registry] 
New type domain.Question

[2022-04-03 19:59:25 #3 type] 
Type domain.Question is not enhanced.

[2022-04-03 19:59:25 #4 type.registry] 
New type domain.ErantzunPosiblea

[2022-04-03 19:59:25 #5 type.registry] 
New type java.util.Vector<domain.ErantzunPosiblea>

[2022-04-03 19:59:25 #6 type.registry] 
New type domain.Event

[2022-04-03 19:59:25 #7 type] 
Type domain.ErantzunPosiblea is not enhanced.

[2022-04-03 19:59:25 #8 type.registry] 
New type domain.Apustua

[2022-04-03 19:59:25 #9 type.registry] 
New type java.util.Vector<domain.Apustua>

[2022-04-03 19:59:25 #10 type] 
Type domain.Event is not enhanced.

[2022-04-03 19:59:25 #11 type.registry] 
New type java.util.Vector<domain.Question>

[2022-04-03 19:59:25 #12 type] 
Type domain.Apustua is not enhanced.

[2022-04-03 19:59:25 #13 type.registry] 
New type domain.User

[2022-04-03 19:59:25 #14 type] 
Type domain.User is not enhanced.

[2022-04-03 19:59:25 #15 type.registry] 
New type domain.Mugimendua

[2022-04-03 19:59:25 #16 type.registry] 
New type java.util.Vector<domain.Mugimendua>

[2022-04-03 19:59:25 #17 type] 
Type domain.Mugimendua is not enhanced.

[2022-04-03 19:59:25 #18 type.registry] 
New type domain.Admin

[2022-04-03 19:59:25 #19 type] 
Type domain.Admin is not enhanced.

[2022-04-03 19:59:25 #20 type.registry] 
New type domain.Erabiltzailea

[2022-04-03 19:59:25 #21 type] 
Type domain.Erabiltzailea is not enhanced.

[2022-04-03 19:59:25 #22 type.registry] 
New type java.util.Vector<java.lang.Object>

------------------------------------------------------------------------------------------------------------------------

[2022-04-03 20:03:20 #1 store] 
Database 'C:\Users\Iker\Desktop\proiektua\src\main\resources\bets.temp' is opened by 8424@DESKTOP-8L6O8HK

[2022-04-03 20:03:21 #2 type.registry] 
New type domain.Question

[2022-04-03 20:03:21 #3 type] 
Type domain.Question is not enhanced.

[2022-04-03 20:03:21 #4 type.registry] 
New type domain.ErantzunPosiblea

[2022-04-03 20:03:21 #5 type.registry] 
New type java.util.Vector<domain.ErantzunPosiblea>

[2022-04-03 20:03:21 #6 type.registry] 
New type domain.Event

[2022-04-03 20:03:21 #7 type] 
Type domain.ErantzunPosiblea is not enhanced.

[2022-04-03 20:03:21 #8 type.registry] 
New type domain.Apustua

[2022-04-03 20:03:21 #9 type.registry] 
New type java.util.Vector<domain.Apustua>

[2022-04-03 20:03:21 #10 type] 
Type domain.Event is not enhanced.

[2022-04-03 20:03:21 #11 type.registry] 
New type java.util.Vector<domain.Question>

[2022-04-03 20:03:21 #12 type] 
Type domain.Apustua is not enhanced.

[2022-04-03 20:03:21 #13 type.registry] 
New type domain.User

[2022-04-03 20:03:21 #14 type] 
Type domain.User is not enhanced.

[2022-04-03 20:03:21 #15 type.registry] 
New type domain.Mugimendua

[2022-04-03 20:03:21 #16 type.registry] 
New type java.util.Vector<domain.Mugimendua>

[2022-04-03 20:03:21 #17 type] 
Type domain.Mugimendua is not enhanced.

[2022-04-03 20:03:21 #18 type.registry] 
New type domain.Admin

[2022-04-03 20:03:21 #19 type] 
Type domain.Admin is not enhanced.

[2022-04-03 20:03:21 #20 type.registry] 
New type domain.Erabiltzailea

[2022-04-03 20:03:21 #21 type] 
Type domain.Erabiltzailea is not enhanced.

[2022-04-03 20:03:21 #22 type.registry] 
New type java.util.Vector<java.lang.Object>

------------------------------------------------------------------------------------------------------------------------

[2022-04-03 20:04:41 #1 store] 
Database 'C:\Users\Iker\Desktop\proiektua\src\main\resources\bets.temp' is opened by 10528@DESKTOP-8L6O8HK

[2022-04-03 20:04:42 #2 type.registry] 
New type domain.Question

[2022-04-03 20:04:42 #3 type] 
Type domain.Question is not enhanced.

[2022-04-03 20:04:42 #4 type.registry] 
New type domain.ErantzunPosiblea

[2022-04-03 20:04:42 #5 type.registry] 
New type java.util.Vector<domain.ErantzunPosiblea>

[2022-04-03 20:04:42 #6 type.registry] 
New type domain.Event

[2022-04-03 20:04:42 #7 type] 
Type domain.ErantzunPosiblea is not enhanced.

[2022-04-03 20:04:42 #8 type.registry] 
New type domain.Apustua

[2022-04-03 20:04:42 #9 type.registry] 
New type java.util.Vector<domain.Apustua>

[2022-04-03 20:04:42 #10 type] 
Type domain.Event is not enhanced.

[2022-04-03 20:04:42 #11 type.registry] 
New type java.util.Vector<domain.Question>

[2022-04-03 20:04:42 #12 type] 
Type domain.Apustua is not enhanced.

[2022-04-03 20:04:42 #13 type.registry] 
New type domain.User

[2022-04-03 20:04:42 #14 type] 
Type domain.User is not enhanced.

[2022-04-03 20:04:42 #15 type.registry] 
New type domain.Mugimendua

[2022-04-03 20:04:42 #16 type.registry] 
New type java.util.Vector<domain.Mugimendua>

[2022-04-03 20:04:42 #17 type] 
Type domain.Mugimendua is not enhanced.

[2022-04-03 20:04:42 #18 type.registry] 
New type domain.Admin

[2022-04-03 20:04:42 #19 type] 
Type domain.Admin is not enhanced.

[2022-04-03 20:04:42 #20 type.registry] 
New type domain.Erabiltzailea

[2022-04-03 20:04:42 #21 type] 
Type domain.Erabiltzailea is not enhanced.

[2022-04-03 20:04:42 #22 type.registry] 
New type java.util.Vector<java.lang.Object>

------------------------------------------------------------------------------------------------------------------------

[2022-04-03 20:07:08 #1 store] 
Database 'C:\Users\Iker\Desktop\proiektua\src\main\resources\bets.temp' is opened by 11700@DESKTOP-8L6O8HK

[2022-04-03 20:07:08 #2 type.registry] 
New type domain.Question

[2022-04-03 20:07:08 #3 type] 
Type domain.Question is not enhanced.

[2022-04-03 20:07:08 #4 type.registry] 
New type domain.ErantzunPosiblea

[2022-04-03 20:07:09 #5 type.registry] 
New type java.util.Vector<domain.ErantzunPosiblea>

[2022-04-03 20:07:09 #6 type.registry] 
New type domain.Event

[2022-04-03 20:07:09 #7 type] 
Type domain.ErantzunPosiblea is not enhanced.

[2022-04-03 20:07:09 #8 type.registry] 
New type domain.Apustua

[2022-04-03 20:07:09 #9 type.registry] 
New type java.util.Vector<domain.Apustua>

[2022-04-03 20:07:09 #10 type] 
Type domain.Event is not enhanced.

[2022-04-03 20:07:09 #11 type.registry] 
New type java.util.Vector<domain.Question>

[2022-04-03 20:07:09 #12 type] 
Type domain.Apustua is not enhanced.

[2022-04-03 20:07:09 #13 type.registry] 
New type domain.User

[2022-04-03 20:07:09 #14 type] 
Type domain.User is not enhanced.

[2022-04-03 20:07:09 #15 type.registry] 
New type domain.Mugimendua

[2022-04-03 20:07:09 #16 type.registry] 
New type java.util.Vector<domain.Mugimendua>

[2022-04-03 20:07:09 #17 type] 
Type domain.Mugimendua is not enhanced.

[2022-04-03 20:07:09 #18 type.registry] 
New type domain.Admin

[2022-04-03 20:07:09 #19 type] 
Type domain.Admin is not enhanced.

[2022-04-03 20:07:09 #20 type.registry] 
New type domain.Erabiltzailea

[2022-04-03 20:07:09 #21 type] 
Type domain.Erabiltzailea is not enhanced.

[2022-04-03 20:07:09 #22 type.registry] 
New type java.util.Vector<java.lang.Object>

------------------------------------------------------------------------------------------------------------------------

[2022-04-03 20:10:36 #1 store] 
Database 'C:\Users\Iker\Desktop\proiektua\src\main\resources\bets.temp' is opened by 5720@DESKTOP-8L6O8HK

[2022-04-03 20:10:37 #2 type.registry] 
New type domain.Question

[2022-04-03 20:10:37 #3 type] 
Type domain.Question is not enhanced.

[2022-04-03 20:10:37 #4 type.registry] 
New type domain.ErantzunPosiblea

[2022-04-03 20:10:37 #5 type.registry] 
New type java.util.Vector<domain.ErantzunPosiblea>

[2022-04-03 20:10:37 #6 type.registry] 
New type domain.Event

[2022-04-03 20:10:37 #7 type] 
Type domain.ErantzunPosiblea is not enhanced.

[2022-04-03 20:10:37 #8 type.registry] 
New type domain.Apustua

[2022-04-03 20:10:37 #9 type.registry] 
New type java.util.Vector<domain.Apustua>

[2022-04-03 20:10:37 #10 type] 
Type domain.Event is not enhanced.

[2022-04-03 20:10:37 #11 type.registry] 
New type java.util.Vector<domain.Question>

[2022-04-03 20:10:37 #12 type] 
Type domain.Apustua is not enhanced.

[2022-04-03 20:10:37 #13 type.registry] 
New type domain.User

[2022-04-03 20:10:37 #14 type] 
Type domain.User is not enhanced.

[2022-04-03 20:10:37 #15 type.registry] 
New type domain.Mugimendua

[2022-04-03 20:10:37 #16 type.registry] 
New type java.util.Vector<domain.Mugimendua>

[2022-04-03 20:10:37 #17 type] 
Type domain.Mugimendua is not enhanced.

[2022-04-03 20:10:37 #18 type.registry] 
New type domain.Admin

[2022-04-03 20:10:37 #19 type] 
Type domain.Admin is not enhanced.

[2022-04-03 20:10:37 #20 type.registry] 
New type domain.Erabiltzailea

[2022-04-03 20:10:37 #21 type] 
Type domain.Erabiltzailea is not enhanced.

[2022-04-03 20:10:37 #22 type.registry] 
New type java.util.Vector<java.lang.Object>

